<?xml version="1.0" encoding="UTF-8"?>
<testsuites name="Search by Health Plan" time="102" tests="6" failures="1" errors="0">
   <testsuite name="Search by Health Plan" tests="6" failures="1" errors="0" time="102" timestamp="2018-04-17 09:49:23" hostname="shawn - DESKTOP-VC1MT75" id="Test Suites/Search by Health Plan">
      <properties>
         <property name="deviceName" value=""/>
         <property name="devicePlatform" value=""/>
         <property name="logFolder" value="C:\\Users\\shawn\\Katalon Studio\\PNDS\\Reports\\Search by Health Plan\\20180417_094922"/>
         <property name="logFiles" value="C:\\Users\\shawn\\Katalon Studio\\PNDS\\Reports\\Search by Health Plan\\20180417_094922\\execution0.log"/>
         <property name="attachments" value="C:\\Users\\shawn\\Katalon Studio\\PNDS\\Reports\\Search by Health Plan\\20180417_094922\\1523973066172.png"/>
         <property name="hostName" value="shawn - DESKTOP-VC1MT75"/>
         <property name="os" value="Windows 10 64bit"/>
         <property name="katalonVersion" value="5.3.1.1"/>
         <property name="browser" value="Firefox 59.0"/>
         <property name="hostAddress" value="192.168.254.184"/>
         <property name="sessionId" value="10a68ffc-fdbc-43b9-87e6-d3b1dcb1daa3"/>
         <property name="seleniumVersion" value="3.7.1"/>
         <property name="proxyInformation" value="ProxyInformation{proxyOption=NO_PROXY, proxyServerType=HTTP, password=, proxyServerAddress=, proxyServerPort=0}"/>
         <property name="platform" value="Windows 10"/>
      </properties>
      <testcase name="Test Cases/Search by Health Plan/HP_Advanced Search - Gender" classname="Test Cases/Search by Health Plan/HP_Advanced Search - Gender" status="PASSED">
         <system-out><![CDATA[2018-04-17 09:49:23 - [TEST_CASE][PASSED] - Test Cases/Search by Health Plan/HP_Advanced Search - Gender: Test Cases/Search by Health Plan/HP_Advanced Search - Gender

2018-04-17 09:49:24 - [TEST_STEP][PASSED] - openBrowser: Browser is opened with url: ''

2018-04-17 09:49:27 - [MESSAGE][PASSED] - Browser is opened with url: ''

2018-04-17 09:49:27 - [TEST_STEP][PASSED] - navigateToUrl: Navigate to 'https://pndslookup.health.ny.gov/' successfully

2018-04-17 09:49:28 - [MESSAGE][PASSED] - Navigate to 'https://pndslookup.health.ny.gov/' successfully

2018-04-17 09:49:28 - [TEST_STEP][PASSED] - click: Object: 'Object Repository/Page_PNDS (5)/a_Search by Health Plan' is clicked on

2018-04-17 09:49:29 - [MESSAGE][PASSED] - Object: 'Object Repository/Page_PNDS (5)/a_Search by Health Plan' is clicked on

2018-04-17 09:49:29 - [TEST_STEP][PASSED] - selectOptionByValue: All options with value '0001' are selected in object 'Object Repository/Page_PNDS (5)/select_--- Choose one ---Aetna'  using regular expression

2018-04-17 09:49:31 - [MESSAGE][PASSED] - All options with value '0001' are selected in object 'Object Repository/Page_PNDS (5)/select_--- Choose one ---Aetna'  using regular expression

2018-04-17 09:49:31 - [TEST_STEP][PASSED] - click: Object: 'Object Repository/Page_PNDS (5)/button_Advanced Search' is clicked on

2018-04-17 09:49:31 - [MESSAGE][PASSED] - Object: 'Object Repository/Page_PNDS (5)/button_Advanced Search' is clicked on

2018-04-17 09:49:31 - [TEST_STEP][PASSED] - click: Object: 'Object Repository/Page_PNDS (5)/span_second-icon fa fa-dot-cir' is clicked on

2018-04-17 09:49:31 - [MESSAGE][PASSED] - Object: 'Object Repository/Page_PNDS (5)/span_second-icon fa fa-dot-cir' is clicked on

2018-04-17 09:49:31 - [TEST_STEP][PASSED] - click: Object: 'Object Repository/Page_PNDS (5)/button_Search' is clicked on

2018-04-17 09:49:32 - [MESSAGE][PASSED] - Object: 'Object Repository/Page_PNDS (5)/button_Search' is clicked on

2018-04-17 09:49:32 - [TEST_STEP][PASSED] - click: Object: 'Object Repository/Page_PNDS (5)/button_Advanced Search' is clicked on

2018-04-17 09:49:32 - [MESSAGE][PASSED] - Object: 'Object Repository/Page_PNDS (5)/button_Advanced Search' is clicked on

2018-04-17 09:49:32 - [TEST_STEP][PASSED] - click: Object: 'Object Repository/Page_PNDS (5)/span_second-icon fa fa-dot-cir' is clicked on

2018-04-17 09:49:32 - [MESSAGE][PASSED] - Object: 'Object Repository/Page_PNDS (5)/span_second-icon fa fa-dot-cir' is clicked on

2018-04-17 09:49:32 - [TEST_STEP][PASSED] - click: Object: 'Object Repository/Page_PNDS (5)/button_Search' is clicked on

2018-04-17 09:49:33 - [MESSAGE][PASSED] - Object: 'Object Repository/Page_PNDS (5)/button_Search' is clicked on

2018-04-17 09:49:33 - [TEST_STEP][PASSED] - closeBrowser: Browser is closed

2018-04-17 09:49:33 - [MESSAGE][PASSED] - Browser is closed]]></system-out>
         <system-err><![CDATA[]]></system-err>
      </testcase>
      <testcase name="Test Cases/Search by Health Plan/HP_Advanced Search - Language" classname="Test Cases/Search by Health Plan/HP_Advanced Search - Language" status="PASSED">
         <system-out><![CDATA[2018-04-17 09:49:33 - [TEST_CASE][PASSED] - Test Cases/Search by Health Plan/HP_Advanced Search - Language: Test Cases/Search by Health Plan/HP_Advanced Search - Language

2018-04-17 09:49:33 - [TEST_STEP][PASSED] - openBrowser: Browser is opened with url: ''

2018-04-17 09:49:36 - [MESSAGE][PASSED] - Browser is opened with url: ''

2018-04-17 09:49:36 - [TEST_STEP][PASSED] - navigateToUrl: Navigate to 'https://pndslookup.health.ny.gov/' successfully

2018-04-17 09:49:37 - [MESSAGE][PASSED] - Navigate to 'https://pndslookup.health.ny.gov/' successfully

2018-04-17 09:49:37 - [TEST_STEP][PASSED] - click: Object: 'Object Repository/Page_PNDS (6)/a_Search by Health Plan' is clicked on

2018-04-17 09:49:37 - [MESSAGE][PASSED] - Object: 'Object Repository/Page_PNDS (6)/a_Search by Health Plan' is clicked on

2018-04-17 09:49:37 - [TEST_STEP][PASSED] - selectOptionByValue: All options with value '0001' are selected in object 'Object Repository/Page_PNDS (6)/select_--- Choose one ---Aetna'  using regular expression

2018-04-17 09:49:39 - [MESSAGE][PASSED] - All options with value '0001' are selected in object 'Object Repository/Page_PNDS (6)/select_--- Choose one ---Aetna'  using regular expression

2018-04-17 09:49:39 - [TEST_STEP][PASSED] - click: Object: 'Object Repository/Page_PNDS (6)/button_Advanced Search' is clicked on

2018-04-17 09:49:39 - [MESSAGE][PASSED] - Object: 'Object Repository/Page_PNDS (6)/button_Advanced Search' is clicked on

2018-04-17 09:49:39 - [TEST_STEP][PASSED] - selectOptionByValue: All options with value 'SPA' are selected in object 'Object Repository/Page_PNDS (6)/select_EnglishArabicBengaliBan'  using regular expression

2018-04-17 09:49:42 - [MESSAGE][PASSED] - All options with value 'SPA' are selected in object 'Object Repository/Page_PNDS (6)/select_EnglishArabicBengaliBan'  using regular expression

2018-04-17 09:49:42 - [TEST_STEP][PASSED] - click: Object: 'Object Repository/Page_PNDS (6)/button_Search' is clicked on

2018-04-17 09:49:43 - [MESSAGE][PASSED] - Object: 'Object Repository/Page_PNDS (6)/button_Search' is clicked on

2018-04-17 09:49:43 - [TEST_STEP][PASSED] - click: Object: 'Object Repository/Page_PNDS (6)/button_Advanced Search' is clicked on

2018-04-17 09:49:43 - [MESSAGE][PASSED] - Object: 'Object Repository/Page_PNDS (6)/button_Advanced Search' is clicked on

2018-04-17 09:49:43 - [TEST_STEP][PASSED] - selectOptionByValue: All options with value 'CHI' are selected in object 'Object Repository/Page_PNDS (6)/select_EnglishArabicBengaliBan'  using regular expression

2018-04-17 09:49:46 - [MESSAGE][PASSED] - All options with value 'CHI' are selected in object 'Object Repository/Page_PNDS (6)/select_EnglishArabicBengaliBan'  using regular expression

2018-04-17 09:49:46 - [TEST_STEP][PASSED] - click: Object: 'Object Repository/Page_PNDS (6)/button_Search' is clicked on

2018-04-17 09:49:46 - [MESSAGE][PASSED] - Object: 'Object Repository/Page_PNDS (6)/button_Search' is clicked on

2018-04-17 09:49:46 - [TEST_STEP][PASSED] - click: Object: 'Object Repository/Page_PNDS (6)/button_Advanced Search' is clicked on

2018-04-17 09:49:47 - [MESSAGE][PASSED] - Object: 'Object Repository/Page_PNDS (6)/button_Advanced Search' is clicked on

2018-04-17 09:49:47 - [TEST_STEP][PASSED] - selectOptionByValue: All options with value 'RUS' are selected in object 'Object Repository/Page_PNDS (6)/select_EnglishArabicBengaliBan'  using regular expression

2018-04-17 09:49:49 - [MESSAGE][PASSED] - All options with value 'RUS' are selected in object 'Object Repository/Page_PNDS (6)/select_EnglishArabicBengaliBan'  using regular expression

2018-04-17 09:49:49 - [TEST_STEP][PASSED] - click: Object: 'Object Repository/Page_PNDS (6)/button_Search' is clicked on

2018-04-17 09:49:50 - [MESSAGE][PASSED] - Object: 'Object Repository/Page_PNDS (6)/button_Search' is clicked on

2018-04-17 09:49:50 - [TEST_STEP][PASSED] - closeBrowser: Browser is closed

2018-04-17 09:49:50 - [MESSAGE][PASSED] - Browser is closed]]></system-out>
         <system-err><![CDATA[]]></system-err>
      </testcase>
      <testcase name="Test Cases/Search by Health Plan/HP_Advanced Search - Wheelchair" classname="Test Cases/Search by Health Plan/HP_Advanced Search - Wheelchair" status="PASSED">
         <system-out><![CDATA[2018-04-17 09:49:50 - [TEST_CASE][PASSED] - Test Cases/Search by Health Plan/HP_Advanced Search - Wheelchair: Test Cases/Search by Health Plan/HP_Advanced Search - Wheelchair

2018-04-17 09:49:50 - [TEST_STEP][PASSED] - openBrowser: Browser is opened with url: ''

2018-04-17 09:49:53 - [MESSAGE][PASSED] - Browser is opened with url: ''

2018-04-17 09:49:53 - [TEST_STEP][PASSED] - navigateToUrl: Navigate to 'https://pndslookup.health.ny.gov/providers/search' successfully

2018-04-17 09:49:54 - [MESSAGE][PASSED] - Navigate to 'https://pndslookup.health.ny.gov/providers/search' successfully

2018-04-17 09:49:54 - [TEST_STEP][PASSED] - click: Object: 'Object Repository/Page_PNDS (4)/a_Search by Health Plan' is clicked on

2018-04-17 09:49:54 - [MESSAGE][PASSED] - Object: 'Object Repository/Page_PNDS (4)/a_Search by Health Plan' is clicked on

2018-04-17 09:49:54 - [TEST_STEP][PASSED] - selectOptionByValue: All options with value '0001' are selected in object 'Object Repository/Page_PNDS (4)/select_--- Choose one ---Aetna'  using regular expression

2018-04-17 09:49:56 - [MESSAGE][PASSED] - All options with value '0001' are selected in object 'Object Repository/Page_PNDS (4)/select_--- Choose one ---Aetna'  using regular expression

2018-04-17 09:49:56 - [TEST_STEP][PASSED] - click: Object: 'Object Repository/Page_PNDS (4)/button_Advanced Search' is clicked on

2018-04-17 09:49:56 - [MESSAGE][PASSED] - Object: 'Object Repository/Page_PNDS (4)/button_Advanced Search' is clicked on

2018-04-17 09:49:56 - [TEST_STEP][PASSED] - click: Object: 'Object Repository/Page_PNDS (4)/span_second-icon fa fa-check-s' is clicked on

2018-04-17 09:49:57 - [MESSAGE][PASSED] - Object: 'Object Repository/Page_PNDS (4)/span_second-icon fa fa-check-s' is clicked on

2018-04-17 09:49:57 - [TEST_STEP][PASSED] - click: Object: 'Object Repository/Page_PNDS (4)/button_Search' is clicked on

2018-04-17 09:49:57 - [MESSAGE][PASSED] - Object: 'Object Repository/Page_PNDS (4)/button_Search' is clicked on

2018-04-17 09:49:57 - [TEST_STEP][PASSED] - closeBrowser: Browser is closed

2018-04-17 09:49:57 - [MESSAGE][PASSED] - Browser is closed]]></system-out>
         <system-err><![CDATA[]]></system-err>
      </testcase>
      <testcase name="Test Cases/Search by Health Plan/HP_Facilities Only" classname="Test Cases/Search by Health Plan/HP_Facilities Only" status="PASSED">
         <system-out><![CDATA[2018-04-17 09:49:57 - [TEST_CASE][PASSED] - Test Cases/Search by Health Plan/HP_Facilities Only: Test Cases/Search by Health Plan/HP_Facilities Only

2018-04-17 09:49:58 - [TEST_STEP][PASSED] - openBrowser: Browser is opened with url: ''

2018-04-17 09:50:00 - [MESSAGE][PASSED] - Browser is opened with url: ''

2018-04-17 09:50:00 - [TEST_STEP][PASSED] - navigateToUrl: Navigate to 'https://pndslookup.health.ny.gov/' successfully

2018-04-17 09:50:01 - [MESSAGE][PASSED] - Navigate to 'https://pndslookup.health.ny.gov/' successfully

2018-04-17 09:50:01 - [TEST_STEP][PASSED] - click: Object: 'Object Repository/Page_PNDS (1)/a_Search by Health Plan' is clicked on

2018-04-17 09:50:02 - [MESSAGE][PASSED] - Object: 'Object Repository/Page_PNDS (1)/a_Search by Health Plan' is clicked on

2018-04-17 09:50:02 - [TEST_STEP][PASSED] - selectOptionByValue: All options with value '0001' are selected in object 'Object Repository/Page_PNDS (1)/select_--- Choose one ---Aetna'  using regular expression

2018-04-17 09:50:03 - [MESSAGE][PASSED] - All options with value '0001' are selected in object 'Object Repository/Page_PNDS (1)/select_--- Choose one ---Aetna'  using regular expression

2018-04-17 09:50:03 - [TEST_STEP][PASSED] - click: Object: 'Object Repository/Page_PNDS (1)/span_second-icon fa fa-check-s' is clicked on

2018-04-17 09:50:04 - [MESSAGE][PASSED] - Object: 'Object Repository/Page_PNDS (1)/span_second-icon fa fa-check-s' is clicked on

2018-04-17 09:50:04 - [TEST_STEP][PASSED] - click: Object: 'Object Repository/Page_PNDS (1)/button_Search' is clicked on

2018-04-17 09:50:04 - [MESSAGE][PASSED] - Object: 'Object Repository/Page_PNDS (1)/button_Search' is clicked on

2018-04-17 09:50:04 - [TEST_STEP][PASSED] - closeBrowser: Browser is closed

2018-04-17 09:50:05 - [MESSAGE][PASSED] - Browser is closed]]></system-out>
         <system-err><![CDATA[]]></system-err>
      </testcase>
      <testcase name="Test Cases/Search by Health Plan/HP_Providers Only" classname="Test Cases/Search by Health Plan/HP_Providers Only" status="PASSED">
         <system-out><![CDATA[2018-04-17 09:50:05 - [TEST_CASE][PASSED] - Test Cases/Search by Health Plan/HP_Providers Only: Test Cases/Search by Health Plan/HP_Providers Only

2018-04-17 09:50:05 - [TEST_STEP][PASSED] - openBrowser: Browser is opened with url: ''

2018-04-17 09:50:07 - [MESSAGE][PASSED] - Browser is opened with url: ''

2018-04-17 09:50:07 - [TEST_STEP][PASSED] - navigateToUrl: Navigate to 'https://pndslookup.health.ny.gov/' successfully

2018-04-17 09:50:08 - [MESSAGE][PASSED] - Navigate to 'https://pndslookup.health.ny.gov/' successfully

2018-04-17 09:50:08 - [TEST_STEP][PASSED] - click: Object: 'Object Repository/Page_PNDS (2)/a_Search by Health Plan' is clicked on

2018-04-17 09:50:09 - [MESSAGE][PASSED] - Object: 'Object Repository/Page_PNDS (2)/a_Search by Health Plan' is clicked on

2018-04-17 09:50:09 - [TEST_STEP][PASSED] - selectOptionByValue: All options with value '0001' are selected in object 'Object Repository/Page_PNDS (2)/select_--- Choose one ---Aetna'  using regular expression

2018-04-17 09:50:11 - [MESSAGE][PASSED] - All options with value '0001' are selected in object 'Object Repository/Page_PNDS (2)/select_--- Choose one ---Aetna'  using regular expression

2018-04-17 09:50:11 - [TEST_STEP][PASSED] - click: Object: 'Object Repository/Page_PNDS (2)/span_second-icon fa fa-check-s' is clicked on

2018-04-17 09:50:11 - [MESSAGE][PASSED] - Object: 'Object Repository/Page_PNDS (2)/span_second-icon fa fa-check-s' is clicked on

2018-04-17 09:50:11 - [TEST_STEP][PASSED] - click: Object: 'Object Repository/Page_PNDS (2)/button_Search' is clicked on

2018-04-17 09:50:11 - [MESSAGE][PASSED] - Object: 'Object Repository/Page_PNDS (2)/button_Search' is clicked on

2018-04-17 09:50:11 - [TEST_STEP][PASSED] - closeBrowser: Browser is closed

2018-04-17 09:50:11 - [MESSAGE][PASSED] - Browser is closed]]></system-out>
         <system-err><![CDATA[]]></system-err>
      </testcase>
      <testcase name="Test Cases/Search by Health Plan/HP_Search by Health Plan name" classname="Test Cases/Search by Health Plan/HP_Search by Health Plan name" status="PASSED">
         <system-out><![CDATA[2018-04-17 09:50:11 - [TEST_CASE][PASSED] - Test Cases/Search by Health Plan/HP_Search by Health Plan name: Test Cases/Search by Health Plan/HP_Search by Health Plan name

2018-04-17 09:50:12 - [TEST_STEP][PASSED] - openBrowser: Browser is opened with url: ''

2018-04-17 09:50:14 - [MESSAGE][PASSED] - Browser is opened with url: ''

2018-04-17 09:50:14 - [TEST_STEP][PASSED] - navigateToUrl: Navigate to 'https://pndslookup.health.ny.gov/' successfully

2018-04-17 09:50:16 - [MESSAGE][PASSED] - Navigate to 'https://pndslookup.health.ny.gov/' successfully

2018-04-17 09:50:16 - [TEST_STEP][PASSED] - click: Object: 'Object Repository/Page_PNDS/a_Search by Health Plan' is clicked on

2018-04-17 09:50:16 - [MESSAGE][PASSED] - Object: 'Object Repository/Page_PNDS/a_Search by Health Plan' is clicked on

2018-04-17 09:50:16 - [TEST_STEP][PASSED] - selectOptionByValue: All options with value '0001' are selected in object 'Object Repository/Page_PNDS/select_--- Choose one ---Aetna'  using regular expression

2018-04-17 09:50:18 - [MESSAGE][PASSED] - All options with value '0001' are selected in object 'Object Repository/Page_PNDS/select_--- Choose one ---Aetna'  using regular expression

2018-04-17 09:50:18 - [TEST_STEP][PASSED] - click: Object: 'Object Repository/Page_PNDS/button_Search' is clicked on

2018-04-17 09:50:18 - [MESSAGE][PASSED] - Object: 'Object Repository/Page_PNDS/button_Search' is clicked on

2018-04-17 09:50:18 - [TEST_STEP][PASSED] - closeBrowser: Browser is closed

2018-04-17 09:50:19 - [MESSAGE][PASSED] - Browser is closed]]></system-out>
         <system-err><![CDATA[]]></system-err>
      </testcase>
      <testcase name="Test Cases/Search by Health Plan/HP_Zip code and Radius" classname="Test Cases/Search by Health Plan/HP_Zip code and Radius" status="FAILED">
         <failure type="FAILED" message="Unable to click on object 'Object Repository/Page_PNDS (7)/div_90212 Providers returned i' (Root cause: com.kms.katalon.core.webui.exception.WebElementNotFoundException: Web element with id: 'Object Repository/Page_PNDS (7)/div_90212 Providers returned i' located by 'By.xpath: //div[@id = 'recordCount' and (text() = '90212 Providers returned in this search. ' or . = '90212 Providers returned in this search. ')]' not found)"/>
         <system-out><![CDATA[2018-04-17 09:50:19 - [TEST_CASE][FAILED] - Test Cases/Search by Health Plan/HP_Zip code and Radius: Test Cases/Search by Health Plan/HP_Zip code and Radius FAILED because (of) Unable to click on object 'Object Repository/Page_PNDS (7)/div_90212 Providers returned i' (Root cause: com.kms.katalon.core.webui.exception.WebElementNotFoundException: Web element with id: 'Object Repository/Page_PNDS (7)/div_90212 Providers returned i' located by 'By.xpath: //div[@id = 'recordCount' and (text() = '90212 Providers returned in this search. ' or . = '90212 Providers returned in this search. ')]' not found)

2018-04-17 09:50:19 - [TEST_STEP][PASSED] - openBrowser: Browser is opened with url: ''

2018-04-17 09:50:21 - [MESSAGE][PASSED] - Browser is opened with url: ''

2018-04-17 09:50:21 - [TEST_STEP][PASSED] - navigateToUrl: Navigate to 'https://pndslookup.health.ny.gov/' successfully

2018-04-17 09:50:23 - [MESSAGE][PASSED] - Navigate to 'https://pndslookup.health.ny.gov/' successfully

2018-04-17 09:50:23 - [TEST_STEP][PASSED] - click: Object: 'Object Repository/Page_PNDS (3)/a_Search by Health Plan' is clicked on

2018-04-17 09:50:24 - [MESSAGE][PASSED] - Object: 'Object Repository/Page_PNDS (3)/a_Search by Health Plan' is clicked on

2018-04-17 09:50:24 - [TEST_STEP][PASSED] - setText: Text '10010' is set on object 'Object Repository/Page_PNDS (3)/input_data0Practicezip_code'

2018-04-17 09:50:24 - [MESSAGE][PASSED] - Text '10010' is set on object 'Object Repository/Page_PNDS (3)/input_data0Practicezip_code'

2018-04-17 09:50:24 - [TEST_STEP][PASSED] - openBrowser: Browser is opened with url: ''

2018-04-17 09:50:24 - [MESSAGE][WARNING] - A browser is already opened. Closing browser and opening a new one

2018-04-17 09:50:26 - [MESSAGE][PASSED] - Browser is opened with url: ''

2018-04-17 09:50:26 - [TEST_STEP][PASSED] - navigateToUrl: Navigate to 'http://dev.providerlookup.ipro.org/' successfully

2018-04-17 09:50:28 - [MESSAGE][PASSED] - Navigate to 'http://dev.providerlookup.ipro.org/' successfully

2018-04-17 09:50:28 - [TEST_STEP][PASSED] - click: Object: 'Object Repository/Page_PNDS (7)/a_Search by Health Plan' is clicked on

2018-04-17 09:50:29 - [MESSAGE][PASSED] - Object: 'Object Repository/Page_PNDS (7)/a_Search by Health Plan' is clicked on

2018-04-17 09:50:29 - [TEST_STEP][PASSED] - selectOptionByValue: All options with value '0001' are selected in object 'Object Repository/Page_PNDS (7)/select_--- Choose one ---Aetna'  using regular expression

2018-04-17 09:50:31 - [MESSAGE][PASSED] - All options with value '0001' are selected in object 'Object Repository/Page_PNDS (7)/select_--- Choose one ---Aetna'  using regular expression

2018-04-17 09:50:31 - [TEST_STEP][PASSED] - click: Object: 'Object Repository/Page_PNDS (7)/button_Search' is clicked on

2018-04-17 09:50:33 - [MESSAGE][PASSED] - Object: 'Object Repository/Page_PNDS (7)/button_Search' is clicked on

2018-04-17 09:50:33 - [TEST_STEP][PASSED] - click: Object: 'Object Repository/Page_PNDS (7)/h4_Results' is clicked on

2018-04-17 09:50:33 - [MESSAGE][PASSED] - Object: 'Object Repository/Page_PNDS (7)/h4_Results' is clicked on

2018-04-17 09:50:33 - [TEST_STEP][FAILED] - click: Unable to click on object 'Object Repository/Page_PNDS (7)/div_90212 Providers returned i' (Root cause: com.kms.katalon.core.webui.exception.WebElementNotFoundException: Web element with id: 'Object Repository/Page_PNDS (7)/div_90212 Providers returned i' located by 'By.xpath: //div[@id = 'recordCount' and (text() = '90212 Providers returned in this search. ' or . = '90212 Providers returned in this search. ')]' not found)

2018-04-17 09:51:06 - [MESSAGE][FAILED] - Unable to click on object 'Object Repository/Page_PNDS (7)/div_90212 Providers returned i' (Root cause: com.kms.katalon.core.webui.exception.WebElementNotFoundException: Web element with id: 'Object Repository/Page_PNDS (7)/div_90212 Providers returned i' located by 'By.xpath: //div[@id = 'recordCount' and (text() = '90212 Providers returned in this search. ' or . = '90212 Providers returned in this search. ')]' not found)
[[ATTACHMENT|C:\\Users\\shawn\\Katalon Studio\\PNDS\\Reports\\Search by Health Plan\\20180417_094922\\1523973066172.png]]]]></system-out>
         <system-err><![CDATA[2018-04-17 09:50:19 - [TEST_CASE][FAILED] - Test Cases/Search by Health Plan/HP_Zip code and Radius: Test Cases/Search by Health Plan/HP_Zip code and Radius FAILED because (of) Unable to click on object 'Object Repository/Page_PNDS (7)/div_90212 Providers returned i' (Root cause: com.kms.katalon.core.webui.exception.WebElementNotFoundException: Web element with id: 'Object Repository/Page_PNDS (7)/div_90212 Providers returned i' located by 'By.xpath: //div[@id = 'recordCount' and (text() = '90212 Providers returned in this search. ' or . = '90212 Providers returned in this search. ')]' not found)]]></system-err>
      </testcase>
      <system-out><![CDATA[2018-04-17 09:49:23 - [TEST_SUITE][FAILED] - Search by Health Plan: Test Cases/Search by Health Plan/HP_Zip code and Radius FAILED because (of) Unable to click on object 'Object Repository/Page_PNDS (7)/div_90212 Providers returned i' (Root cause: com.kms.katalon.core.webui.exception.WebElementNotFoundException: Web element with id: 'Object Repository/Page_PNDS (7)/div_90212 Providers returned i' located by 'By.xpath: //div[@id = 'recordCount' and (text() = '90212 Providers returned in this search. ' or . = '90212 Providers returned in this search. ')]' not found)]]></system-out>
      <system-err><![CDATA[2018-04-17 09:49:23 - [TEST_SUITE][FAILED] - Search by Health Plan: Test Cases/Search by Health Plan/HP_Zip code and Radius FAILED because (of) Unable to click on object 'Object Repository/Page_PNDS (7)/div_90212 Providers returned i' (Root cause: com.kms.katalon.core.webui.exception.WebElementNotFoundException: Web element with id: 'Object Repository/Page_PNDS (7)/div_90212 Providers returned i' located by 'By.xpath: //div[@id = 'recordCount' and (text() = '90212 Providers returned in this search. ' or . = '90212 Providers returned in this search. ')]' not found)]]></system-err>
   </testsuite>
</testsuites>
