<?xml version="1.0" encoding="UTF-8"?>
<testsuites name="Search by Provider or Facility" time="49" tests="7" failures="0" errors="0">
   <testsuite name="Search by Provider or Facility" tests="7" failures="0" errors="0" time="49" timestamp="2018-04-18 13:12:05" hostname="shawn - DESKTOP-VC1MT75" id="Test Suites/Search by Provider or Facility">
      <properties>
         <property name="deviceName" value=""/>
         <property name="devicePlatform" value=""/>
         <property name="logFolder" value="C:\\Users\\shawn\\Katalon Studio\\PNDS\\Reports\\Search by Provider or Facility\\20180418_131204"/>
         <property name="logFiles" value="C:\\Users\\shawn\\Katalon Studio\\PNDS\\Reports\\Search by Provider or Facility\\20180418_131204\\execution0.log"/>
         <property name="attachments" value=""/>
         <property name="hostName" value="shawn - DESKTOP-VC1MT75"/>
         <property name="os" value="Windows 10 64bit"/>
         <property name="katalonVersion" value="5.4.0.1"/>
         <property name="browser" value="Firefox 59.0"/>
         <property name="hostAddress" value="192.168.0.169"/>
         <property name="sessionId" value="fcfad227-8515-4596-94a9-436e40ce5af0"/>
         <property name="seleniumVersion" value="3.7.1"/>
         <property name="proxyInformation" value="ProxyInformation{proxyOption=NO_PROXY, proxyServerType=HTTP, password=, proxyServerAddress=, proxyServerPort=0}"/>
         <property name="platform" value="Windows 10"/>
      </properties>
      <testcase name="Test Cases/Search by Provider or Facility/PF_Advanced - Gender" classname="Test Cases/Search by Provider or Facility/PF_Advanced - Gender" status="PASSED">
         <system-out><![CDATA[2018-04-18 13:12:05 - [TEST_CASE][PASSED] - Test Cases/Search by Provider or Facility/PF_Advanced - Gender: Test Cases/Search by Provider or Facility/PF_Advanced - Gender

2018-04-18 13:12:05 - [TEST_STEP][PASSED] - openBrowser: Browser is opened with url: ''

2018-04-18 13:12:09 - [MESSAGE][PASSED] - Browser is opened with url: ''

2018-04-18 13:12:09 - [TEST_STEP][PASSED] - navigateToUrl: Navigate to 'https://pndslookup-prod.ipro.org/' successfully

2018-04-18 13:12:10 - [MESSAGE][PASSED] - Navigate to 'https://pndslookup-prod.ipro.org/' successfully

2018-04-18 13:12:10 - [TEST_STEP][PASSED] - click: Object: 'Object Repository/Page_PNDS (13)/a_Search by Provider or Facili' is clicked on

2018-04-18 13:12:10 - [MESSAGE][PASSED] - Object: 'Object Repository/Page_PNDS (13)/a_Search by Provider or Facili' is clicked on

2018-04-18 13:12:10 - [TEST_STEP][PASSED] - setText: Text 'smith' is set on object 'Object Repository/Page_PNDS (13)/input_data0Providerlast_name'

2018-04-18 13:12:11 - [MESSAGE][PASSED] - Text 'smith' is set on object 'Object Repository/Page_PNDS (13)/input_data0Providerlast_name'

2018-04-18 13:12:11 - [TEST_STEP][PASSED] - click: Object: 'Object Repository/Page_PNDS (13)/button_Advanced Search' is clicked on

2018-04-18 13:12:11 - [MESSAGE][PASSED] - Object: 'Object Repository/Page_PNDS (13)/button_Advanced Search' is clicked on

2018-04-18 13:12:11 - [TEST_STEP][PASSED] - click: Object: 'Object Repository/Page_PNDS (13)/div_Male' is clicked on

2018-04-18 13:12:11 - [MESSAGE][PASSED] - Object: 'Object Repository/Page_PNDS (13)/div_Male' is clicked on

2018-04-18 13:12:11 - [TEST_STEP][PASSED] - click: Object: 'Object Repository/Page_PNDS (13)/button_Search' is clicked on

2018-04-18 13:12:12 - [MESSAGE][PASSED] - Object: 'Object Repository/Page_PNDS (13)/button_Search' is clicked on

2018-04-18 13:12:12 - [TEST_STEP][PASSED] - click: Object: 'Object Repository/Page_PNDS (13)/button_Advanced Search' is clicked on

2018-04-18 13:12:12 - [MESSAGE][PASSED] - Object: 'Object Repository/Page_PNDS (13)/button_Advanced Search' is clicked on

2018-04-18 13:12:12 - [TEST_STEP][PASSED] - click: Object: 'Object Repository/Page_PNDS (13)/span_second-icon fa fa-dot-cir' is clicked on

2018-04-18 13:12:12 - [MESSAGE][PASSED] - Object: 'Object Repository/Page_PNDS (13)/span_second-icon fa fa-dot-cir' is clicked on

2018-04-18 13:12:12 - [TEST_STEP][PASSED] - click: Object: 'Object Repository/Page_PNDS (13)/button_Search' is clicked on

2018-04-18 13:12:13 - [MESSAGE][PASSED] - Object: 'Object Repository/Page_PNDS (13)/button_Search' is clicked on

2018-04-18 13:12:13 - [TEST_STEP][PASSED] - closeBrowser: Browser is closed

2018-04-18 13:12:13 - [MESSAGE][PASSED] - Browser is closed]]></system-out>
         <system-err><![CDATA[]]></system-err>
      </testcase>
      <testcase name="Test Cases/Search by Provider or Facility/PF_Advanced - Language" classname="Test Cases/Search by Provider or Facility/PF_Advanced - Language" status="PASSED">
         <system-out><![CDATA[2018-04-18 13:12:13 - [TEST_CASE][PASSED] - Test Cases/Search by Provider or Facility/PF_Advanced - Language: Test Cases/Search by Provider or Facility/PF_Advanced - Language

2018-04-18 13:12:13 - [TEST_STEP][PASSED] - openBrowser: Browser is opened with url: ''

2018-04-18 13:12:16 - [MESSAGE][PASSED] - Browser is opened with url: ''

2018-04-18 13:12:16 - [TEST_STEP][PASSED] - navigateToUrl: Navigate to 'https://pndslookup-prod.ipro.org/' successfully

2018-04-18 13:12:17 - [MESSAGE][PASSED] - Navigate to 'https://pndslookup-prod.ipro.org/' successfully

2018-04-18 13:12:17 - [TEST_STEP][PASSED] - click: Object: 'Object Repository/Page_PNDS (12)/a_Search by Provider or Facili' is clicked on

2018-04-18 13:12:17 - [MESSAGE][PASSED] - Object: 'Object Repository/Page_PNDS (12)/a_Search by Provider or Facili' is clicked on

2018-04-18 13:12:17 - [TEST_STEP][PASSED] - setText: Text 'smith' is set on object 'Object Repository/Page_PNDS (12)/input_data0Providerlast_name'

2018-04-18 13:12:17 - [MESSAGE][PASSED] - Text 'smith' is set on object 'Object Repository/Page_PNDS (12)/input_data0Providerlast_name'

2018-04-18 13:12:17 - [TEST_STEP][PASSED] - rightClick: Object: 'Object Repository/Page_PNDS (12)/input_data0Providerlast_name' is right clicked on

2018-04-18 13:12:18 - [MESSAGE][PASSED] - Object: 'Object Repository/Page_PNDS (12)/input_data0Providerlast_name' is right clicked on

2018-04-18 13:12:18 - [TEST_STEP][PASSED] - click: Object: 'Object Repository/Page_PNDS (12)/button_Advanced Search' is clicked on

2018-04-18 13:12:18 - [MESSAGE][PASSED] - Object: 'Object Repository/Page_PNDS (12)/button_Advanced Search' is clicked on

2018-04-18 13:12:18 - [TEST_STEP][PASSED] - selectOptionByValue: All options with value 'SPA' are selected in object 'Object Repository/Page_PNDS (12)/select_EnglishArabicBengaliBan'  using regular expression

2018-04-18 13:12:21 - [MESSAGE][PASSED] - All options with value 'SPA' are selected in object 'Object Repository/Page_PNDS (12)/select_EnglishArabicBengaliBan'  using regular expression

2018-04-18 13:12:21 - [TEST_STEP][PASSED] - click: Object: 'Object Repository/Page_PNDS (12)/button_Search' is clicked on

2018-04-18 13:12:21 - [MESSAGE][PASSED] - Object: 'Object Repository/Page_PNDS (12)/button_Search' is clicked on

2018-04-18 13:12:21 - [TEST_STEP][PASSED] - click: Object: 'Object Repository/Page_PNDS (12)/button_Advanced Search' is clicked on

2018-04-18 13:12:21 - [MESSAGE][PASSED] - Object: 'Object Repository/Page_PNDS (12)/button_Advanced Search' is clicked on

2018-04-18 13:12:21 - [TEST_STEP][PASSED] - selectOptionByValue: All options with value 'RUS' are selected in object 'Object Repository/Page_PNDS (12)/select_EnglishArabicBengaliBan'  using regular expression

2018-04-18 13:12:24 - [MESSAGE][PASSED] - All options with value 'RUS' are selected in object 'Object Repository/Page_PNDS (12)/select_EnglishArabicBengaliBan'  using regular expression

2018-04-18 13:12:24 - [TEST_STEP][NOT_RUN] - click: NOT_RUN: click

2018-04-18 13:12:24 - [MESSAGE][NOT_RUN] - NOT_RUN: click

2018-04-18 13:12:24 - [TEST_STEP][NOT_RUN] - click: NOT_RUN: click

2018-04-18 13:12:24 - [MESSAGE][NOT_RUN] - NOT_RUN: click

2018-04-18 13:12:24 - [TEST_STEP][NOT_RUN] - selectOptionByValue: NOT_RUN: selectOptionByValue

2018-04-18 13:12:24 - [MESSAGE][NOT_RUN] - NOT_RUN: selectOptionByValue

2018-04-18 13:12:24 - [TEST_STEP][NOT_RUN] - click: NOT_RUN: click

2018-04-18 13:12:24 - [MESSAGE][NOT_RUN] - NOT_RUN: click

2018-04-18 13:12:24 - [TEST_STEP][PASSED] - closeBrowser: Browser is closed

2018-04-18 13:12:25 - [MESSAGE][PASSED] - Browser is closed]]></system-out>
         <system-err><![CDATA[]]></system-err>
      </testcase>
      <testcase name="Test Cases/Search by Provider or Facility/PF_Advanced - Participating Heath Plan" classname="Test Cases/Search by Provider or Facility/PF_Advanced - Participating Heath Plan" status="PASSED">
         <system-out><![CDATA[2018-04-18 13:12:25 - [TEST_CASE][PASSED] - Test Cases/Search by Provider or Facility/PF_Advanced - Participating Heath Plan: Test Cases/Search by Provider or Facility/PF_Advanced - Participating Heath Plan

2018-04-18 13:12:25 - [TEST_STEP][PASSED] - openBrowser: Browser is opened with url: ''

2018-04-18 13:12:27 - [MESSAGE][PASSED] - Browser is opened with url: ''

2018-04-18 13:12:27 - [TEST_STEP][PASSED] - navigateToUrl: Navigate to 'https://pndslookup-prod.ipro.org/' successfully

2018-04-18 13:12:28 - [MESSAGE][PASSED] - Navigate to 'https://pndslookup-prod.ipro.org/' successfully

2018-04-18 13:12:28 - [TEST_STEP][PASSED] - click: Object: 'Object Repository/Page_PNDS (14)/a_Search by Provider or Facili' is clicked on

2018-04-18 13:12:28 - [MESSAGE][PASSED] - Object: 'Object Repository/Page_PNDS (14)/a_Search by Provider or Facili' is clicked on

2018-04-18 13:12:28 - [TEST_STEP][PASSED] - setText: Text 'center' is set on object 'Object Repository/Page_PNDS (14)/input_data0PracticeProvidersit'

2018-04-18 13:12:29 - [MESSAGE][PASSED] - Text 'center' is set on object 'Object Repository/Page_PNDS (14)/input_data0PracticeProvidersit'

2018-04-18 13:12:29 - [TEST_STEP][PASSED] - click: Object: 'Object Repository/Page_PNDS (14)/button_Advanced Search' is clicked on

2018-04-18 13:12:29 - [MESSAGE][PASSED] - Object: 'Object Repository/Page_PNDS (14)/button_Advanced Search' is clicked on

2018-04-18 13:12:29 - [TEST_STEP][PASSED] - selectOptionByValue: All options with value '0001' are selected in object 'Object Repository/Page_PNDS (14)/select_--- Choose one ---Aetna'  using regular expression

2018-04-18 13:12:31 - [MESSAGE][PASSED] - All options with value '0001' are selected in object 'Object Repository/Page_PNDS (14)/select_--- Choose one ---Aetna'  using regular expression

2018-04-18 13:12:31 - [TEST_STEP][PASSED] - click: Object: 'Object Repository/Page_PNDS (14)/button_Search' is clicked on

2018-04-18 13:12:31 - [MESSAGE][PASSED] - Object: 'Object Repository/Page_PNDS (14)/button_Search' is clicked on

2018-04-18 13:12:31 - [TEST_STEP][PASSED] - closeBrowser: Browser is closed

2018-04-18 13:12:31 - [MESSAGE][PASSED] - Browser is closed]]></system-out>
         <system-err><![CDATA[]]></system-err>
      </testcase>
      <testcase name="Test Cases/Search by Provider or Facility/PF_Advanced - Wheelchair" classname="Test Cases/Search by Provider or Facility/PF_Advanced - Wheelchair" status="PASSED">
         <system-out><![CDATA[2018-04-18 13:12:31 - [TEST_CASE][PASSED] - Test Cases/Search by Provider or Facility/PF_Advanced - Wheelchair: Test Cases/Search by Provider or Facility/PF_Advanced - Wheelchair

2018-04-18 13:12:31 - [TEST_STEP][PASSED] - openBrowser: Browser is opened with url: ''

2018-04-18 13:12:35 - [MESSAGE][PASSED] - Browser is opened with url: ''

2018-04-18 13:12:35 - [TEST_STEP][PASSED] - navigateToUrl: Navigate to 'https://pndslookup-prod.ipro.org/' successfully

2018-04-18 13:12:35 - [MESSAGE][PASSED] - Navigate to 'https://pndslookup-prod.ipro.org/' successfully

2018-04-18 13:12:35 - [TEST_STEP][PASSED] - click: Object: 'Object Repository/Page_PNDS (11)/a_Search by Provider or Facili' is clicked on

2018-04-18 13:12:36 - [MESSAGE][PASSED] - Object: 'Object Repository/Page_PNDS (11)/a_Search by Provider or Facili' is clicked on

2018-04-18 13:12:36 - [TEST_STEP][PASSED] - setText: Text 'smith' is set on object 'Object Repository/Page_PNDS (11)/input_data0Providerlast_name'

2018-04-18 13:12:36 - [MESSAGE][PASSED] - Text 'smith' is set on object 'Object Repository/Page_PNDS (11)/input_data0Providerlast_name'

2018-04-18 13:12:36 - [TEST_STEP][PASSED] - click: Object: 'Object Repository/Page_PNDS (11)/button_Advanced Search' is clicked on

2018-04-18 13:12:36 - [MESSAGE][PASSED] - Object: 'Object Repository/Page_PNDS (11)/button_Advanced Search' is clicked on

2018-04-18 13:12:36 - [TEST_STEP][PASSED] - click: Object: 'Object Repository/Page_PNDS (11)/span_second-icon fa fa-check-s' is clicked on

2018-04-18 13:12:36 - [MESSAGE][PASSED] - Object: 'Object Repository/Page_PNDS (11)/span_second-icon fa fa-check-s' is clicked on

2018-04-18 13:12:36 - [TEST_STEP][PASSED] - click: Object: 'Object Repository/Page_PNDS (11)/button_Search' is clicked on

2018-04-18 13:12:37 - [MESSAGE][PASSED] - Object: 'Object Repository/Page_PNDS (11)/button_Search' is clicked on

2018-04-18 13:12:37 - [TEST_STEP][PASSED] - closeBrowser: Browser is closed

2018-04-18 13:12:37 - [MESSAGE][PASSED] - Browser is closed]]></system-out>
         <system-err><![CDATA[]]></system-err>
      </testcase>
      <testcase name="Test Cases/Search by Provider or Facility/PF_Last Name" classname="Test Cases/Search by Provider or Facility/PF_Last Name" status="PASSED">
         <system-out><![CDATA[2018-04-18 13:12:37 - [TEST_CASE][PASSED] - Test Cases/Search by Provider or Facility/PF_Last Name: Test Cases/Search by Provider or Facility/PF_Last Name

2018-04-18 13:12:37 - [TEST_STEP][PASSED] - openBrowser: Browser is opened with url: ''

2018-04-18 13:12:40 - [MESSAGE][PASSED] - Browser is opened with url: ''

2018-04-18 13:12:40 - [TEST_STEP][PASSED] - navigateToUrl: Navigate to 'https://pndslookup-prod.ipro.org/' successfully

2018-04-18 13:12:41 - [MESSAGE][PASSED] - Navigate to 'https://pndslookup-prod.ipro.org/' successfully

2018-04-18 13:12:41 - [TEST_STEP][PASSED] - click: Object: 'Object Repository/Page_PNDS (18)/a_Search by Provider or Facili' is clicked on

2018-04-18 13:12:41 - [MESSAGE][PASSED] - Object: 'Object Repository/Page_PNDS (18)/a_Search by Provider or Facili' is clicked on

2018-04-18 13:12:41 - [TEST_STEP][PASSED] - setText: Text 'Smith' is set on object 'Object Repository/Page_PNDS (18)/input_data0Providerlast_name'

2018-04-18 13:12:41 - [MESSAGE][PASSED] - Text 'Smith' is set on object 'Object Repository/Page_PNDS (18)/input_data0Providerlast_name'

2018-04-18 13:12:41 - [TEST_STEP][PASSED] - click: Object: 'Object Repository/Page_PNDS (18)/button_Search' is clicked on

2018-04-18 13:12:42 - [MESSAGE][PASSED] - Object: 'Object Repository/Page_PNDS (18)/button_Search' is clicked on

2018-04-18 13:12:42 - [TEST_STEP][PASSED] - closeBrowser: Browser is closed

2018-04-18 13:12:42 - [MESSAGE][PASSED] - Browser is closed]]></system-out>
         <system-err><![CDATA[]]></system-err>
      </testcase>
      <testcase name="Test Cases/Search by Provider or Facility/PF_Primary Care Providers Only" classname="Test Cases/Search by Provider or Facility/PF_Primary Care Providers Only" status="PASSED">
         <system-out><![CDATA[2018-04-18 13:12:42 - [TEST_CASE][PASSED] - Test Cases/Search by Provider or Facility/PF_Primary Care Providers Only: Test Cases/Search by Provider or Facility/PF_Primary Care Providers Only

2018-04-18 13:12:42 - [TEST_STEP][PASSED] - openBrowser: Browser is opened with url: ''

2018-04-18 13:12:46 - [MESSAGE][PASSED] - Browser is opened with url: ''

2018-04-18 13:12:46 - [TEST_STEP][PASSED] - navigateToUrl: Navigate to 'https://pndslookup-prod.ipro.org/' successfully

2018-04-18 13:12:46 - [MESSAGE][PASSED] - Navigate to 'https://pndslookup-prod.ipro.org/' successfully

2018-04-18 13:12:46 - [TEST_STEP][PASSED] - click: Object: 'Object Repository/Page_PNDS (9)/a_Search by Provider or Facili' is clicked on

2018-04-18 13:12:47 - [MESSAGE][PASSED] - Object: 'Object Repository/Page_PNDS (9)/a_Search by Provider or Facili' is clicked on

2018-04-18 13:12:47 - [TEST_STEP][PASSED] - click: Object: 'Object Repository/Page_PNDS (9)/span_second-icon fa fa-check-s' is clicked on

2018-04-18 13:12:47 - [MESSAGE][PASSED] - Object: 'Object Repository/Page_PNDS (9)/span_second-icon fa fa-check-s' is clicked on

2018-04-18 13:12:47 - [TEST_STEP][PASSED] - setText: Text 'smith' is set on object 'Object Repository/Page_PNDS (9)/input_data0Providerlast_name'

2018-04-18 13:12:48 - [MESSAGE][PASSED] - Text 'smith' is set on object 'Object Repository/Page_PNDS (9)/input_data0Providerlast_name'

2018-04-18 13:12:48 - [TEST_STEP][PASSED] - click: Object: 'Object Repository/Page_PNDS (9)/button_Search' is clicked on

2018-04-18 13:12:48 - [MESSAGE][PASSED] - Object: 'Object Repository/Page_PNDS (9)/button_Search' is clicked on

2018-04-18 13:12:48 - [TEST_STEP][PASSED] - closeBrowser: Browser is closed

2018-04-18 13:12:48 - [MESSAGE][PASSED] - Browser is closed]]></system-out>
         <system-err><![CDATA[]]></system-err>
      </testcase>
      <testcase name="Test Cases/Search by Provider or Facility/PF_Shows Facilities Only" classname="Test Cases/Search by Provider or Facility/PF_Shows Facilities Only" status="PASSED">
         <system-out><![CDATA[2018-04-18 13:12:48 - [TEST_CASE][PASSED] - Test Cases/Search by Provider or Facility/PF_Shows Facilities Only: Test Cases/Search by Provider or Facility/PF_Shows Facilities Only

2018-04-18 13:12:49 - [TEST_STEP][PASSED] - openBrowser: Browser is opened with url: ''

2018-04-18 13:12:51 - [MESSAGE][PASSED] - Browser is opened with url: ''

2018-04-18 13:12:51 - [TEST_STEP][PASSED] - navigateToUrl: Navigate to 'https://pndslookup-prod.ipro.org/' successfully

2018-04-18 13:12:52 - [MESSAGE][PASSED] - Navigate to 'https://pndslookup-prod.ipro.org/' successfully

2018-04-18 13:12:52 - [TEST_STEP][PASSED] - click: Object: 'Object Repository/Page_PNDS (8)/a_Search by Provider or Facili' is clicked on

2018-04-18 13:12:53 - [MESSAGE][PASSED] - Object: 'Object Repository/Page_PNDS (8)/a_Search by Provider or Facili' is clicked on

2018-04-18 13:12:53 - [TEST_STEP][PASSED] - click: Object: 'Object Repository/Page_PNDS (8)/span_second-icon fa fa-check-s_1' is clicked on

2018-04-18 13:12:53 - [MESSAGE][PASSED] - Object: 'Object Repository/Page_PNDS (8)/span_second-icon fa fa-check-s_1' is clicked on

2018-04-18 13:12:53 - [TEST_STEP][PASSED] - setText: Text 'center' is set on object 'Object Repository/Page_PNDS (8)/input_data0PracticeProvidersit'

2018-04-18 13:12:53 - [MESSAGE][PASSED] - Text 'center' is set on object 'Object Repository/Page_PNDS (8)/input_data0PracticeProvidersit'

2018-04-18 13:12:53 - [TEST_STEP][PASSED] - click: Object: 'Object Repository/Page_PNDS (8)/button_Search_1' is clicked on

2018-04-18 13:12:54 - [MESSAGE][PASSED] - Object: 'Object Repository/Page_PNDS (8)/button_Search_1' is clicked on

2018-04-18 13:12:54 - [TEST_STEP][PASSED] - closeBrowser: Browser is closed

2018-04-18 13:12:54 - [MESSAGE][PASSED] - Browser is closed]]></system-out>
         <system-err><![CDATA[]]></system-err>
      </testcase>
      <system-out><![CDATA[2018-04-18 13:12:05 - [TEST_SUITE][PASSED] - Search by Provider or Facility: Test Cases/Search by Provider or Facility/PF_Shows Facilities Only]]></system-out>
      <system-err><![CDATA[]]></system-err>
   </testsuite>
</testsuites>
