<?xml version="1.0" encoding="UTF-8"?>
<testsuites name="Plans and Products" time="871" tests="83" failures="0" errors="1">
   <testsuite name="Plans and Products" tests="83" failures="0" errors="1" time="871" timestamp="2018-04-18 11:03:53" hostname="shawn - DESKTOP-VC1MT75" id="Test Suites/Plans and Products">
      <properties>
         <property name="deviceName" value=""/>
         <property name="devicePlatform" value=""/>
         <property name="logFolder" value="C:\\Users\\shawn\\Katalon Studio\\PNDS\\Reports\\Plans and Products\\20180418_110349"/>
         <property name="logFiles" value="C:\\Users\\shawn\\Katalon Studio\\PNDS\\Reports\\Plans and Products\\20180418_110349\\execution0.log"/>
         <property name="attachments" value=""/>
         <property name="hostName" value="shawn - DESKTOP-VC1MT75"/>
         <property name="os" value="Windows 10 64bit"/>
         <property name="katalonVersion" value="5.4.0.1"/>
         <property name="browser" value="Firefox 59.0"/>
         <property name="hostAddress" value="192.168.0.169"/>
         <property name="sessionId" value="06fc6003-a850-4b9b-997c-7b94641dad77"/>
         <property name="seleniumVersion" value="3.7.1"/>
         <property name="proxyInformation" value="ProxyInformation{proxyOption=NO_PROXY, proxyServerType=HTTP, password=, proxyServerAddress=, proxyServerPort=0}"/>
         <property name="platform" value="Windows 10"/>
      </properties>
      <testcase name="Test Cases/Plans and Products/Aetna" classname="Test Cases/Plans and Products/Aetna" status="PASSED">
         <system-out><![CDATA[2018-04-18 11:03:54 - [TEST_CASE][PASSED] - Test Cases/Plans and Products/Aetna: Test Cases/Plans and Products/Aetna

2018-04-18 11:03:55 - [TEST_STEP][PASSED] - openBrowser: Browser is opened with url: ''

2018-04-18 11:04:03 - [MESSAGE][PASSED] - Browser is opened with url: ''

2018-04-18 11:04:03 - [TEST_STEP][PASSED] - navigateToUrl: Navigate to 'https://pndslookup.health.ny.gov/' successfully

2018-04-18 11:04:05 - [MESSAGE][PASSED] - Navigate to 'https://pndslookup.health.ny.gov/' successfully

2018-04-18 11:04:05 - [TEST_STEP][PASSED] - click: Object: 'Object Repository/Plans and Products/Page_PNDS/a_Search by Health Plan' is clicked on

2018-04-18 11:04:06 - [MESSAGE][PASSED] - Object: 'Object Repository/Plans and Products/Page_PNDS/a_Search by Health Plan' is clicked on

2018-04-18 11:04:06 - [TEST_STEP][PASSED] - selectOptionByValue: All options with value '0001' are selected in object 'Object Repository/Plans and Products/Page_PNDS/select_--- Choose one ---Aetna'  using regular expression

2018-04-18 11:04:09 - [MESSAGE][PASSED] - All options with value '0001' are selected in object 'Object Repository/Plans and Products/Page_PNDS/select_--- Choose one ---Aetna'  using regular expression

2018-04-18 11:04:09 - [TEST_STEP][PASSED] - selectOptionByValue: All options with value 'fida' are selected in object 'Object Repository/Plans and Products/Page_PNDS/select_--- Choose One ---Aetna (1)'  using regular expression

2018-04-18 11:04:10 - [MESSAGE][PASSED] - All options with value 'fida' are selected in object 'Object Repository/Plans and Products/Page_PNDS/select_--- Choose One ---Aetna (1)'  using regular expression

2018-04-18 11:04:10 - [TEST_STEP][PASSED] - selectOptionByValue: All options with value 'partialcaps' are selected in object 'Object Repository/Plans and Products/Page_PNDS/select_--- Choose One ---Aetna (1)'  using regular expression

2018-04-18 11:04:10 - [MESSAGE][PASSED] - All options with value 'partialcaps' are selected in object 'Object Repository/Plans and Products/Page_PNDS/select_--- Choose One ---Aetna (1)'  using regular expression

2018-04-18 11:04:10 - [TEST_STEP][PASSED] - selectOptionByValue: All options with value 'nonmcovision' are selected in object 'Object Repository/Plans and Products/Page_PNDS/select_--- Choose One ---Aetna (1)'  using regular expression

2018-04-18 11:04:11 - [MESSAGE][PASSED] - All options with value 'nonmcovision' are selected in object 'Object Repository/Plans and Products/Page_PNDS/select_--- Choose One ---Aetna (1)'  using regular expression

2018-04-18 11:04:11 - [TEST_STEP][PASSED] - selectOptionByValue: All options with value 'nonmcomedical' are selected in object 'Object Repository/Plans and Products/Page_PNDS/select_--- Choose One ---Aetna (1)'  using regular expression

2018-04-18 11:04:12 - [MESSAGE][PASSED] - All options with value 'nonmcomedical' are selected in object 'Object Repository/Plans and Products/Page_PNDS/select_--- Choose One ---Aetna (1)'  using regular expression

2018-04-18 11:04:12 - [TEST_STEP][PASSED] - selectOptionByValue: All options with value 'nonmcomedical,skp_004' are selected in object 'Object Repository/Plans and Products/Page_PNDS/select_--- Choose One ---Aetna (1)'  using regular expression

2018-04-18 11:04:12 - [MESSAGE][PASSED] - All options with value 'nonmcomedical,skp_004' are selected in object 'Object Repository/Plans and Products/Page_PNDS/select_--- Choose One ---Aetna (1)'  using regular expression

2018-04-18 11:04:12 - [TEST_STEP][PASSED] - selectOptionByValue: All options with value 'nonmcomedical,skp_005' are selected in object 'Object Repository/Plans and Products/Page_PNDS/select_--- Choose One ---Aetna (1)'  using regular expression

2018-04-18 11:04:13 - [MESSAGE][PASSED] - All options with value 'nonmcomedical,skp_005' are selected in object 'Object Repository/Plans and Products/Page_PNDS/select_--- Choose One ---Aetna (1)'  using regular expression

2018-04-18 11:04:13 - [TEST_STEP][PASSED] - selectOptionByValue: All options with value 'nonmcodental' are selected in object 'Object Repository/Plans and Products/Page_PNDS/select_--- Choose One ---Aetna (1)'  using regular expression

2018-04-18 11:04:14 - [MESSAGE][PASSED] - All options with value 'nonmcodental' are selected in object 'Object Repository/Plans and Products/Page_PNDS/select_--- Choose One ---Aetna (1)'  using regular expression

2018-04-18 11:04:14 - [TEST_STEP][PASSED] - selectOptionByValue: All options with value 'nonmcodental,skp_007' are selected in object 'Object Repository/Plans and Products/Page_PNDS/select_--- Choose One ---Aetna (1)'  using regular expression

2018-04-18 11:04:15 - [MESSAGE][PASSED] - All options with value 'nonmcodental,skp_007' are selected in object 'Object Repository/Plans and Products/Page_PNDS/select_--- Choose One ---Aetna (1)'  using regular expression

2018-04-18 11:04:15 - [TEST_STEP][PASSED] - selectOptionByValue: All options with value 'nonmcomedical,skp_008' are selected in object 'Object Repository/Plans and Products/Page_PNDS/select_--- Choose One ---Aetna (1)'  using regular expression

2018-04-18 11:04:16 - [MESSAGE][PASSED] - All options with value 'nonmcomedical,skp_008' are selected in object 'Object Repository/Plans and Products/Page_PNDS/select_--- Choose One ---Aetna (1)'  using regular expression

2018-04-18 11:04:16 - [TEST_STEP][PASSED] - selectOptionByValue: All options with value 'nonmcomedical,skp_009' are selected in object 'Object Repository/Plans and Products/Page_PNDS/select_--- Choose One ---Aetna (1)'  using regular expression

2018-04-18 11:04:17 - [MESSAGE][PASSED] - All options with value 'nonmcomedical,skp_009' are selected in object 'Object Repository/Plans and Products/Page_PNDS/select_--- Choose One ---Aetna (1)'  using regular expression

2018-04-18 11:04:17 - [TEST_STEP][PASSED] - selectOptionByValue: All options with value 'nonmcomedical,skp_010' are selected in object 'Object Repository/Plans and Products/Page_PNDS/select_--- Choose One ---Aetna (1)'  using regular expression

2018-04-18 11:04:18 - [MESSAGE][PASSED] - All options with value 'nonmcomedical,skp_010' are selected in object 'Object Repository/Plans and Products/Page_PNDS/select_--- Choose One ---Aetna (1)'  using regular expression

2018-04-18 11:04:18 - [TEST_STEP][PASSED] - selectOptionByValue: All options with value 'nonmcomedical,skp_011' are selected in object 'Object Repository/Plans and Products/Page_PNDS/select_--- Choose One ---Aetna (1)'  using regular expression

2018-04-18 11:04:19 - [MESSAGE][PASSED] - All options with value 'nonmcomedical,skp_011' are selected in object 'Object Repository/Plans and Products/Page_PNDS/select_--- Choose One ---Aetna (1)'  using regular expression

2018-04-18 11:04:19 - [TEST_STEP][PASSED] - closeBrowser: Browser is closed

2018-04-18 11:04:19 - [MESSAGE][PASSED] - Browser is closed]]></system-out>
         <system-err><![CDATA[]]></system-err>
      </testcase>
      <testcase name="Test Cases/Plans and Products/Affinity" classname="Test Cases/Plans and Products/Affinity" status="PASSED">
         <system-out><![CDATA[2018-04-18 11:04:19 - [TEST_CASE][PASSED] - Test Cases/Plans and Products/Affinity: Test Cases/Plans and Products/Affinity

2018-04-18 11:04:19 - [TEST_STEP][PASSED] - openBrowser: Browser is opened with url: ''

2018-04-18 11:04:24 - [MESSAGE][PASSED] - Browser is opened with url: ''

2018-04-18 11:04:24 - [TEST_STEP][PASSED] - navigateToUrl: Navigate to 'http://dev.providerlookup.ipro.org/' successfully

2018-04-18 11:04:25 - [MESSAGE][PASSED] - Navigate to 'http://dev.providerlookup.ipro.org/' successfully

2018-04-18 11:04:25 - [TEST_STEP][PASSED] - click: Object: 'Object Repository/Plans and Products/Page_PNDS (1)/a_Search by Health Plan' is clicked on

2018-04-18 11:04:26 - [MESSAGE][PASSED] - Object: 'Object Repository/Plans and Products/Page_PNDS (1)/a_Search by Health Plan' is clicked on

2018-04-18 11:04:26 - [TEST_STEP][PASSED] - selectOptionByValue: All options with value '0006' are selected in object 'Object Repository/Plans and Products/Page_PNDS (1)/select_--- Choose one ---Aetna'  using regular expression

2018-04-18 11:04:27 - [MESSAGE][PASSED] - All options with value '0006' are selected in object 'Object Repository/Plans and Products/Page_PNDS (1)/select_--- Choose one ---Aetna'  using regular expression

2018-04-18 11:04:27 - [TEST_STEP][PASSED] - selectOptionByValue: All options with value 'chpprovider' are selected in object 'Object Repository/Plans and Products/Page_PNDS (1)/select_--- Choose One ---Affin'  using regular expression

2018-04-18 11:04:28 - [MESSAGE][PASSED] - All options with value 'chpprovider' are selected in object 'Object Repository/Plans and Products/Page_PNDS (1)/select_--- Choose One ---Affin'  using regular expression

2018-04-18 11:04:28 - [TEST_STEP][PASSED] - selectOptionByValue: All options with value 'bhp,bhpplus' are selected in object 'Object Repository/Plans and Products/Page_PNDS (1)/select_--- Choose One ---Affin'  using regular expression

2018-04-18 11:04:28 - [MESSAGE][PASSED] - All options with value 'bhp,bhpplus' are selected in object 'Object Repository/Plans and Products/Page_PNDS (1)/select_--- Choose One ---Affin'  using regular expression

2018-04-18 11:04:28 - [TEST_STEP][PASSED] - selectOptionByValue: All options with value 'harp' are selected in object 'Object Repository/Plans and Products/Page_PNDS (1)/select_--- Choose One ---Affin'  using regular expression

2018-04-18 11:04:29 - [MESSAGE][PASSED] - All options with value 'harp' are selected in object 'Object Repository/Plans and Products/Page_PNDS (1)/select_--- Choose One ---Affin'  using regular expression

2018-04-18 11:04:29 - [TEST_STEP][PASSED] - selectOptionByValue: All options with value 'medicaidprovider' are selected in object 'Object Repository/Plans and Products/Page_PNDS (1)/select_--- Choose One ---Affin'  using regular expression

2018-04-18 11:04:30 - [MESSAGE][PASSED] - All options with value 'medicaidprovider' are selected in object 'Object Repository/Plans and Products/Page_PNDS (1)/select_--- Choose One ---Affin'  using regular expression

2018-04-18 11:04:30 - [TEST_STEP][PASSED] - selectOptionByValue: All options with value 'medicaidadvantage' are selected in object 'Object Repository/Plans and Products/Page_PNDS (1)/select_--- Choose One ---Affin'  using regular expression

2018-04-18 11:04:30 - [MESSAGE][PASSED] - All options with value 'medicaidadvantage' are selected in object 'Object Repository/Plans and Products/Page_PNDS (1)/select_--- Choose One ---Affin'  using regular expression

2018-04-18 11:04:30 - [TEST_STEP][PASSED] - closeBrowser: Browser is closed

2018-04-18 11:04:30 - [MESSAGE][PASSED] - Browser is closed]]></system-out>
         <system-err><![CDATA[]]></system-err>
      </testcase>
      <testcase name="Test Cases/Plans and Products/Agewell New York LLC" classname="Test Cases/Plans and Products/Agewell New York LLC" status="PASSED">
         <system-out><![CDATA[2018-04-18 11:04:30 - [TEST_CASE][PASSED] - Test Cases/Plans and Products/Agewell New York LLC: Test Cases/Plans and Products/Agewell New York LLC

2018-04-18 11:04:30 - [TEST_STEP][PASSED] - openBrowser: Browser is opened with url: ''

2018-04-18 11:04:34 - [MESSAGE][PASSED] - Browser is opened with url: ''

2018-04-18 11:04:34 - [TEST_STEP][PASSED] - navigateToUrl: Navigate to 'http://dev.providerlookup.ipro.org/' successfully

2018-04-18 11:04:35 - [MESSAGE][PASSED] - Navigate to 'http://dev.providerlookup.ipro.org/' successfully

2018-04-18 11:04:35 - [TEST_STEP][PASSED] - click: Object: 'Object Repository/Plans and Products/Page_PNDS (2)/a_Search by Health Plan' is clicked on

2018-04-18 11:04:36 - [MESSAGE][PASSED] - Object: 'Object Repository/Plans and Products/Page_PNDS (2)/a_Search by Health Plan' is clicked on

2018-04-18 11:04:36 - [TEST_STEP][PASSED] - selectOptionByValue: All options with value '0007' are selected in object 'Object Repository/Plans and Products/Page_PNDS (2)/select_--- Choose one ---Aetna'  using regular expression

2018-04-18 11:04:38 - [MESSAGE][PASSED] - All options with value '0007' are selected in object 'Object Repository/Plans and Products/Page_PNDS (2)/select_--- Choose one ---Aetna'  using regular expression

2018-04-18 11:04:38 - [TEST_STEP][PASSED] - selectOptionByValue: All options with value 'fida' are selected in object 'Object Repository/Plans and Products/Page_PNDS (2)/select_--- Choose One ---AgeWe'  using regular expression

2018-04-18 11:04:38 - [MESSAGE][PASSED] - All options with value 'fida' are selected in object 'Object Repository/Plans and Products/Page_PNDS (2)/select_--- Choose One ---AgeWe'  using regular expression

2018-04-18 11:04:38 - [TEST_STEP][PASSED] - selectOptionByValue: All options with value 'partialcaps' are selected in object 'Object Repository/Plans and Products/Page_PNDS (2)/select_--- Choose One ---AgeWe'  using regular expression

2018-04-18 11:04:39 - [MESSAGE][PASSED] - All options with value 'partialcaps' are selected in object 'Object Repository/Plans and Products/Page_PNDS (2)/select_--- Choose One ---AgeWe'  using regular expression

2018-04-18 11:04:39 - [TEST_STEP][PASSED] - closeBrowser: Browser is closed

2018-04-18 11:04:39 - [MESSAGE][PASSED] - Browser is closed]]></system-out>
         <system-err><![CDATA[]]></system-err>
      </testcase>
      <testcase name="Test Cases/Plans and Products/Alpha Care of New York Inc" classname="Test Cases/Plans and Products/Alpha Care of New York Inc" status="PASSED">
         <system-out><![CDATA[2018-04-18 11:04:39 - [TEST_CASE][PASSED] - Test Cases/Plans and Products/Alpha Care of New York Inc: Test Cases/Plans and Products/Alpha Care of New York Inc

2018-04-18 11:04:39 - [TEST_STEP][PASSED] - openBrowser: Browser is opened with url: ''

2018-04-18 11:04:42 - [MESSAGE][PASSED] - Browser is opened with url: ''

2018-04-18 11:04:42 - [TEST_STEP][PASSED] - navigateToUrl: Navigate to 'http://dev.providerlookup.ipro.org/' successfully

2018-04-18 11:04:43 - [MESSAGE][PASSED] - Navigate to 'http://dev.providerlookup.ipro.org/' successfully

2018-04-18 11:04:43 - [TEST_STEP][PASSED] - click: Object: 'Object Repository/Plans and Products/Page_PNDS (3)/a_Search by Health Plan' is clicked on

2018-04-18 11:04:44 - [MESSAGE][PASSED] - Object: 'Object Repository/Plans and Products/Page_PNDS (3)/a_Search by Health Plan' is clicked on

2018-04-18 11:04:44 - [TEST_STEP][PASSED] - selectOptionByValue: All options with value '0008' are selected in object 'Object Repository/Plans and Products/Page_PNDS (3)/select_--- Choose one ---Aetna'  using regular expression

2018-04-18 11:04:46 - [MESSAGE][PASSED] - All options with value '0008' are selected in object 'Object Repository/Plans and Products/Page_PNDS (3)/select_--- Choose one ---Aetna'  using regular expression

2018-04-18 11:04:46 - [TEST_STEP][PASSED] - selectOptionByValue: All options with value 'partialcaps' are selected in object 'Object Repository/Plans and Products/Page_PNDS (3)/select_--- Choose One ---Alpha'  using regular expression

2018-04-18 11:04:47 - [MESSAGE][PASSED] - All options with value 'partialcaps' are selected in object 'Object Repository/Plans and Products/Page_PNDS (3)/select_--- Choose One ---Alpha'  using regular expression

2018-04-18 11:04:47 - [TEST_STEP][PASSED] - closeBrowser: Browser is closed

2018-04-18 11:04:47 - [MESSAGE][PASSED] - Browser is closed]]></system-out>
         <system-err><![CDATA[]]></system-err>
      </testcase>
      <testcase name="Test Cases/Plans and Products/Ameritas" classname="Test Cases/Plans and Products/Ameritas" status="PASSED">
         <system-out><![CDATA[2018-04-18 11:04:47 - [TEST_CASE][PASSED] - Test Cases/Plans and Products/Ameritas: Test Cases/Plans and Products/Ameritas

2018-04-18 11:04:47 - [TEST_STEP][PASSED] - openBrowser: Browser is opened with url: ''

2018-04-18 11:04:50 - [MESSAGE][PASSED] - Browser is opened with url: ''

2018-04-18 11:04:50 - [TEST_STEP][PASSED] - navigateToUrl: Navigate to 'http://dev.providerlookup.ipro.org/' successfully

2018-04-18 11:04:51 - [MESSAGE][PASSED] - Navigate to 'http://dev.providerlookup.ipro.org/' successfully

2018-04-18 11:04:51 - [TEST_STEP][PASSED] - click: Object: 'Object Repository/Plans and Products/Page_PNDS (4)/a_Search by Health Plan' is clicked on

2018-04-18 11:04:52 - [MESSAGE][PASSED] - Object: 'Object Repository/Plans and Products/Page_PNDS (4)/a_Search by Health Plan' is clicked on

2018-04-18 11:04:52 - [TEST_STEP][PASSED] - selectOptionByValue: All options with value '0010' are selected in object 'Object Repository/Plans and Products/Page_PNDS (4)/select_--- Choose one ---Aetna'  using regular expression

2018-04-18 11:04:54 - [MESSAGE][PASSED] - All options with value '0010' are selected in object 'Object Repository/Plans and Products/Page_PNDS (4)/select_--- Choose one ---Aetna'  using regular expression

2018-04-18 11:04:54 - [TEST_STEP][PASSED] - selectOptionByValue: All options with value 'nonmcodental' are selected in object 'Object Repository/Plans and Products/Page_PNDS (4)/select_--- Choose One ---Ameri'  using regular expression

2018-04-18 11:04:54 - [MESSAGE][PASSED] - All options with value 'nonmcodental' are selected in object 'Object Repository/Plans and Products/Page_PNDS (4)/select_--- Choose One ---Ameri'  using regular expression

2018-04-18 11:04:54 - [TEST_STEP][PASSED] - selectOptionByValue: All options with value 'nonmcodental,skp_001' are selected in object 'Object Repository/Plans and Products/Page_PNDS (4)/select_--- Choose One ---Ameri'  using regular expression

2018-04-18 11:04:55 - [MESSAGE][PASSED] - All options with value 'nonmcodental,skp_001' are selected in object 'Object Repository/Plans and Products/Page_PNDS (4)/select_--- Choose One ---Ameri'  using regular expression

2018-04-18 11:04:55 - [TEST_STEP][PASSED] - selectOptionByValue: All options with value 'nonmcodental,skp_002' are selected in object 'Object Repository/Plans and Products/Page_PNDS (4)/select_--- Choose One ---Ameri'  using regular expression

2018-04-18 11:04:55 - [MESSAGE][PASSED] - All options with value 'nonmcodental,skp_002' are selected in object 'Object Repository/Plans and Products/Page_PNDS (4)/select_--- Choose One ---Ameri'  using regular expression

2018-04-18 11:04:55 - [TEST_STEP][PASSED] - selectOptionByValue: All options with value 'nonmcovision' are selected in object 'Object Repository/Plans and Products/Page_PNDS (4)/select_--- Choose One ---Ameri'  using regular expression

2018-04-18 11:04:56 - [MESSAGE][PASSED] - All options with value 'nonmcovision' are selected in object 'Object Repository/Plans and Products/Page_PNDS (4)/select_--- Choose One ---Ameri'  using regular expression

2018-04-18 11:04:56 - [TEST_STEP][PASSED] - selectOptionByValue: All options with value 'nonmcovision,skp_004' are selected in object 'Object Repository/Plans and Products/Page_PNDS (4)/select_--- Choose One ---Ameri'  using regular expression

2018-04-18 11:04:57 - [MESSAGE][PASSED] - All options with value 'nonmcovision,skp_004' are selected in object 'Object Repository/Plans and Products/Page_PNDS (4)/select_--- Choose One ---Ameri'  using regular expression

2018-04-18 11:04:57 - [TEST_STEP][PASSED] - selectOptionByValue: All options with value 'nonmcovision,skp_005' are selected in object 'Object Repository/Plans and Products/Page_PNDS (4)/select_--- Choose One ---Ameri'  using regular expression

2018-04-18 11:04:57 - [MESSAGE][PASSED] - All options with value 'nonmcovision,skp_005' are selected in object 'Object Repository/Plans and Products/Page_PNDS (4)/select_--- Choose One ---Ameri'  using regular expression

2018-04-18 11:04:57 - [TEST_STEP][PASSED] - selectOptionByValue: All options with value 'nonmcovision,skp_006' are selected in object 'Object Repository/Plans and Products/Page_PNDS (4)/select_--- Choose One ---Ameri'  using regular expression

2018-04-18 11:04:58 - [MESSAGE][PASSED] - All options with value 'nonmcovision,skp_006' are selected in object 'Object Repository/Plans and Products/Page_PNDS (4)/select_--- Choose One ---Ameri'  using regular expression

2018-04-18 11:04:58 - [TEST_STEP][PASSED] - closeBrowser: Browser is closed

2018-04-18 11:04:58 - [MESSAGE][PASSED] - Browser is closed]]></system-out>
         <system-err><![CDATA[]]></system-err>
      </testcase>
      <testcase name="Test Cases/Plans and Products/AmidaCare" classname="Test Cases/Plans and Products/AmidaCare" status="PASSED">
         <system-out><![CDATA[2018-04-18 11:04:58 - [TEST_CASE][PASSED] - Test Cases/Plans and Products/AmidaCare: Test Cases/Plans and Products/AmidaCare

2018-04-18 11:04:58 - [TEST_STEP][PASSED] - openBrowser: Browser is opened with url: ''

2018-04-18 11:05:02 - [MESSAGE][PASSED] - Browser is opened with url: ''

2018-04-18 11:05:02 - [TEST_STEP][PASSED] - navigateToUrl: Navigate to 'http://dev.providerlookup.ipro.org/' successfully

2018-04-18 11:05:03 - [MESSAGE][PASSED] - Navigate to 'http://dev.providerlookup.ipro.org/' successfully

2018-04-18 11:05:03 - [TEST_STEP][PASSED] - click: Object: 'Object Repository/Plans and Products/Page_PNDS (5)/a_Search by Health Plan' is clicked on

2018-04-18 11:05:04 - [MESSAGE][PASSED] - Object: 'Object Repository/Plans and Products/Page_PNDS (5)/a_Search by Health Plan' is clicked on

2018-04-18 11:05:04 - [TEST_STEP][PASSED] - click: Object: 'Object Repository/Plans and Products/Page_PNDS (5)/div_Health Plan' is clicked on

2018-04-18 11:05:04 - [MESSAGE][PASSED] - Object: 'Object Repository/Plans and Products/Page_PNDS (5)/div_Health Plan' is clicked on

2018-04-18 11:05:04 - [TEST_STEP][PASSED] - selectOptionByValue: All options with value '0011' are selected in object 'Object Repository/Plans and Products/Page_PNDS (5)/select_--- Choose one ---Aetna'  using regular expression

2018-04-18 11:05:06 - [MESSAGE][PASSED] - All options with value '0011' are selected in object 'Object Repository/Plans and Products/Page_PNDS (5)/select_--- Choose one ---Aetna'  using regular expression

2018-04-18 11:05:06 - [TEST_STEP][PASSED] - selectOptionByValue: All options with value 'hivsnp' are selected in object 'Object Repository/Plans and Products/Page_PNDS (5)/select_--- Choose One ---Amida'  using regular expression

2018-04-18 11:05:06 - [MESSAGE][PASSED] - All options with value 'hivsnp' are selected in object 'Object Repository/Plans and Products/Page_PNDS (5)/select_--- Choose One ---Amida'  using regular expression

2018-04-18 11:05:06 - [TEST_STEP][PASSED] - closeBrowser: Browser is closed

2018-04-18 11:05:07 - [MESSAGE][PASSED] - Browser is closed]]></system-out>
         <system-err><![CDATA[]]></system-err>
      </testcase>
      <testcase name="Test Cases/Plans and Products/ArchCare" classname="Test Cases/Plans and Products/ArchCare" status="PASSED">
         <system-out><![CDATA[2018-04-18 11:05:07 - [TEST_CASE][PASSED] - Test Cases/Plans and Products/ArchCare: Test Cases/Plans and Products/ArchCare

2018-04-18 11:05:07 - [TEST_STEP][PASSED] - openBrowser: Browser is opened with url: ''

2018-04-18 11:05:10 - [MESSAGE][PASSED] - Browser is opened with url: ''

2018-04-18 11:05:10 - [TEST_STEP][PASSED] - navigateToUrl: Navigate to 'http://dev.providerlookup.ipro.org/' successfully

2018-04-18 11:05:11 - [MESSAGE][PASSED] - Navigate to 'http://dev.providerlookup.ipro.org/' successfully

2018-04-18 11:05:11 - [TEST_STEP][PASSED] - click: Object: 'Object Repository/Plans and Products/Page_PNDS (6)/a_Search by Health Plan' is clicked on

2018-04-18 11:05:12 - [MESSAGE][PASSED] - Object: 'Object Repository/Plans and Products/Page_PNDS (6)/a_Search by Health Plan' is clicked on

2018-04-18 11:05:12 - [TEST_STEP][PASSED] - selectOptionByValue: All options with value '0012' are selected in object 'Object Repository/Plans and Products/Page_PNDS (6)/select_--- Choose one ---Aetna'  using regular expression

2018-04-18 11:05:14 - [MESSAGE][PASSED] - All options with value '0012' are selected in object 'Object Repository/Plans and Products/Page_PNDS (6)/select_--- Choose one ---Aetna'  using regular expression

2018-04-18 11:05:14 - [TEST_STEP][PASSED] - selectOptionByValue: All options with value 'partialcaps' are selected in object 'Object Repository/Plans and Products/Page_PNDS (6)/select_--- Choose One ---ArchC'  using regular expression

2018-04-18 11:05:14 - [MESSAGE][PASSED] - All options with value 'partialcaps' are selected in object 'Object Repository/Plans and Products/Page_PNDS (6)/select_--- Choose One ---ArchC'  using regular expression

2018-04-18 11:05:14 - [TEST_STEP][PASSED] - selectOptionByValue: All options with value 'pace' are selected in object 'Object Repository/Plans and Products/Page_PNDS (6)/select_--- Choose One ---ArchC'  using regular expression

2018-04-18 11:05:15 - [MESSAGE][PASSED] - All options with value 'pace' are selected in object 'Object Repository/Plans and Products/Page_PNDS (6)/select_--- Choose One ---ArchC'  using regular expression

2018-04-18 11:05:15 - [TEST_STEP][PASSED] - closeBrowser: Browser is closed

2018-04-18 11:05:15 - [MESSAGE][PASSED] - Browser is closed]]></system-out>
         <system-err><![CDATA[]]></system-err>
      </testcase>
      <testcase name="Test Cases/Plans and Products/Axa Equitable" classname="Test Cases/Plans and Products/Axa Equitable" status="PASSED">
         <system-out><![CDATA[2018-04-18 11:05:15 - [TEST_CASE][PASSED] - Test Cases/Plans and Products/Axa Equitable: Test Cases/Plans and Products/Axa Equitable

2018-04-18 11:05:15 - [TEST_STEP][PASSED] - openBrowser: Browser is opened with url: ''

2018-04-18 11:05:18 - [MESSAGE][PASSED] - Browser is opened with url: ''

2018-04-18 11:05:18 - [TEST_STEP][PASSED] - navigateToUrl: Navigate to 'http://dev.providerlookup.ipro.org/' successfully

2018-04-18 11:05:19 - [MESSAGE][PASSED] - Navigate to 'http://dev.providerlookup.ipro.org/' successfully

2018-04-18 11:05:19 - [TEST_STEP][PASSED] - click: Object: 'Object Repository/Plans and Products/Page_PNDS (7)/a_Search by Health Plan' is clicked on

2018-04-18 11:05:20 - [MESSAGE][PASSED] - Object: 'Object Repository/Plans and Products/Page_PNDS (7)/a_Search by Health Plan' is clicked on

2018-04-18 11:05:20 - [TEST_STEP][PASSED] - selectOptionByValue: All options with value '0013' are selected in object 'Object Repository/Plans and Products/Page_PNDS (7)/select_--- Choose one ---Aetna'  using regular expression

2018-04-18 11:05:22 - [MESSAGE][PASSED] - All options with value '0013' are selected in object 'Object Repository/Plans and Products/Page_PNDS (7)/select_--- Choose one ---Aetna'  using regular expression

2018-04-18 11:05:22 - [TEST_STEP][PASSED] - selectOptionByValue: All options with value 'nonmcodental' are selected in object 'Object Repository/Plans and Products/Page_PNDS (7)/select_--- Choose One ---AXA E'  using regular expression

2018-04-18 11:05:22 - [MESSAGE][PASSED] - All options with value 'nonmcodental' are selected in object 'Object Repository/Plans and Products/Page_PNDS (7)/select_--- Choose One ---AXA E'  using regular expression

2018-04-18 11:05:22 - [TEST_STEP][PASSED] - selectOptionByValue: All options with value 'nonmcovision' are selected in object 'Object Repository/Plans and Products/Page_PNDS (7)/select_--- Choose One ---AXA E'  using regular expression

2018-04-18 11:05:23 - [MESSAGE][PASSED] - All options with value 'nonmcovision' are selected in object 'Object Repository/Plans and Products/Page_PNDS (7)/select_--- Choose One ---AXA E'  using regular expression

2018-04-18 11:05:23 - [TEST_STEP][PASSED] - closeBrowser: Browser is closed

2018-04-18 11:05:23 - [MESSAGE][PASSED] - Browser is closed]]></system-out>
         <system-err><![CDATA[]]></system-err>
      </testcase>
      <testcase name="Test Cases/Plans and Products/Blue Cross Blue Shield" classname="Test Cases/Plans and Products/Blue Cross Blue Shield" status="PASSED">
         <system-out><![CDATA[2018-04-18 11:05:23 - [TEST_CASE][PASSED] - Test Cases/Plans and Products/Blue Cross Blue Shield: Test Cases/Plans and Products/Blue Cross Blue Shield

2018-04-18 11:05:23 - [TEST_STEP][PASSED] - openBrowser: Browser is opened with url: ''

2018-04-18 11:05:26 - [MESSAGE][PASSED] - Browser is opened with url: ''

2018-04-18 11:05:26 - [TEST_STEP][PASSED] - navigateToUrl: Navigate to 'http://dev.providerlookup.ipro.org/' successfully

2018-04-18 11:05:27 - [MESSAGE][PASSED] - Navigate to 'http://dev.providerlookup.ipro.org/' successfully

2018-04-18 11:05:27 - [TEST_STEP][PASSED] - click: Object: 'Object Repository/Plans and Products/Page_PNDS (8)/a_Search by Health Plan' is clicked on

2018-04-18 11:05:28 - [MESSAGE][PASSED] - Object: 'Object Repository/Plans and Products/Page_PNDS (8)/a_Search by Health Plan' is clicked on

2018-04-18 11:05:28 - [TEST_STEP][PASSED] - selectOptionByValue: All options with value '0184' are selected in object 'Object Repository/Plans and Products/Page_PNDS (8)/select_--- Choose one ---Aetna'  using regular expression

2018-04-18 11:05:30 - [MESSAGE][PASSED] - All options with value '0184' are selected in object 'Object Repository/Plans and Products/Page_PNDS (8)/select_--- Choose one ---Aetna'  using regular expression

2018-04-18 11:05:30 - [TEST_STEP][PASSED] - selectOptionByValue: All options with value 'chpprovider' are selected in object 'Object Repository/Plans and Products/Page_PNDS (8)/select_--- Choose One ---BlueC'  using regular expression

2018-04-18 11:05:30 - [MESSAGE][PASSED] - All options with value 'chpprovider' are selected in object 'Object Repository/Plans and Products/Page_PNDS (8)/select_--- Choose One ---BlueC'  using regular expression

2018-04-18 11:05:30 - [TEST_STEP][PASSED] - selectOptionByValue: All options with value 'bhp' are selected in object 'Object Repository/Plans and Products/Page_PNDS (8)/select_--- Choose One ---BlueC'  using regular expression

2018-04-18 11:05:31 - [MESSAGE][PASSED] - All options with value 'bhp' are selected in object 'Object Repository/Plans and Products/Page_PNDS (8)/select_--- Choose One ---BlueC'  using regular expression

2018-04-18 11:05:31 - [TEST_STEP][PASSED] - selectOptionByValue: All options with value 'indivstsilver,indivstgold,indivstplatinum,indivstbronze,indivstbronze,indivchildonlybronze,indivstsilver,indivchildonlysilver,indivnonstsilver1,indivnonstsilver1,indivnonstsilver3,indivnonstsilver3,indivstgold,indivchildonlygold,indivnonstgold1,indivnonstgold1,indivstplatinum,indivchildonlyplatinum,indivnonstplatinum1,indivnonstplatinum1,indivnonstplatinum3,indivnonstplatinum3,indivnonstbronze1,indivnonstbronze1,indivnonstgold2,indivnonstgold2,indivnonstsilver2,indivnonstsilver2,indivnonstbronze2,indivnonstbronze2,indivstbronze,indivstbronze,indivnonstplatinum2,indivnonstplatinum2' are selected in object 'Object Repository/Plans and Products/Page_PNDS (8)/select_--- Choose One ---BlueC'  using regular expression

2018-04-18 11:05:32 - [MESSAGE][PASSED] - All options with value 'indivstsilver,indivstgold,indivstplatinum,indivstbronze,indivstbronze,indivchildonlybronze,indivstsilver,indivchildonlysilver,indivnonstsilver1,indivnonstsilver1,indivnonstsilver3,indivnonstsilver3,indivstgold,indivchildonlygold,indivnonstgold1,indivnonstgold1,indivstplatinum,indivchildonlyplatinum,indivnonstplatinum1,indivnonstplatinum1,indivnonstplatinum3,indivnonstplatinum3,indivnonstbronze1,indivnonstbronze1,indivnonstgold2,indivnonstgold2,indivnonstsilver2,indivnonstsilver2,indivnonstbronze2,indivnonstbronze2,indivstbronze,indivstbronze,indivnonstplatinum2,indivnonstplatinum2' are selected in object 'Object Repository/Plans and Products/Page_PNDS (8)/select_--- Choose One ---BlueC'  using regular expression

2018-04-18 11:05:32 - [TEST_STEP][PASSED] - selectOptionByValue: All options with value 'medicaidprovider' are selected in object 'Object Repository/Plans and Products/Page_PNDS (8)/select_--- Choose One ---BlueC'  using regular expression

2018-04-18 11:05:32 - [MESSAGE][PASSED] - All options with value 'medicaidprovider' are selected in object 'Object Repository/Plans and Products/Page_PNDS (8)/select_--- Choose One ---BlueC'  using regular expression

2018-04-18 11:05:32 - [TEST_STEP][PASSED] - selectOptionByValue: All options with value 'shopstbronze,shopstbronze,shopstbronze,shopstbronze,shopstsilver,shopstsilver,shopstsilver,shopstsilver,shopstgold,shopstgold,shopstgold,shopstgold,shopstplatinum,shopstplatinum,shopstplatinum,shopstplatinum,shopstplatinum,shopstplatinum,shopstplatinum,shopstplatinum,shopstbronze,shopstbronze,shopstbronze,shopstbronze,shopstsilver,shopstsilver,shopstsilver,shopstsilver,shopstgold,shopstgold,shopstgold,shopstgold,shopstplatinum,shopstplatinum,shopstplatinum,shopstplatinum,shopstplatinum,shopstplatinum,shopstplatinum,shopstplatinum' are selected in object 'Object Repository/Plans and Products/Page_PNDS (8)/select_--- Choose One ---BlueC'  using regular expression

2018-04-18 11:05:33 - [MESSAGE][PASSED] - All options with value 'shopstbronze,shopstbronze,shopstbronze,shopstbronze,shopstsilver,shopstsilver,shopstsilver,shopstsilver,shopstgold,shopstgold,shopstgold,shopstgold,shopstplatinum,shopstplatinum,shopstplatinum,shopstplatinum,shopstplatinum,shopstplatinum,shopstplatinum,shopstplatinum,shopstbronze,shopstbronze,shopstbronze,shopstbronze,shopstsilver,shopstsilver,shopstsilver,shopstsilver,shopstgold,shopstgold,shopstgold,shopstgold,shopstplatinum,shopstplatinum,shopstplatinum,shopstplatinum,shopstplatinum,shopstplatinum,shopstplatinum,shopstplatinum' are selected in object 'Object Repository/Plans and Products/Page_PNDS (8)/select_--- Choose One ---BlueC'  using regular expression

2018-04-18 11:05:33 - [TEST_STEP][PASSED] - selectOptionByValue: All options with value 'commercialprovider' are selected in object 'Object Repository/Plans and Products/Page_PNDS (8)/select_--- Choose One ---BlueC'  using regular expression

2018-04-18 11:05:34 - [MESSAGE][PASSED] - All options with value 'commercialprovider' are selected in object 'Object Repository/Plans and Products/Page_PNDS (8)/select_--- Choose One ---BlueC'  using regular expression

2018-04-18 11:05:34 - [TEST_STEP][PASSED] - selectOptionByValue: All options with value 'indivpeddentallow,indivfamdental' are selected in object 'Object Repository/Plans and Products/Page_PNDS (8)/select_--- Choose One ---BlueC'  using regular expression

2018-04-18 11:05:35 - [MESSAGE][PASSED] - All options with value 'indivpeddentallow,indivfamdental' are selected in object 'Object Repository/Plans and Products/Page_PNDS (8)/select_--- Choose One ---BlueC'  using regular expression

2018-04-18 11:05:35 - [TEST_STEP][PASSED] - selectOptionByValue: All options with value 'shoppeddentallow,shopfamdental' are selected in object 'Object Repository/Plans and Products/Page_PNDS (8)/select_--- Choose One ---BlueC'  using regular expression

2018-04-18 11:05:36 - [MESSAGE][PASSED] - All options with value 'shoppeddentallow,shopfamdental' are selected in object 'Object Repository/Plans and Products/Page_PNDS (8)/select_--- Choose One ---BlueC'  using regular expression

2018-04-18 11:05:36 - [TEST_STEP][PASSED] - selectOptionByValue: All options with value 'shopstbronze,shopstbronze,shopstbronze,shopstbronze,shopstsilver,shopstsilver,shopstsilver,shopstsilver,shopstgold,shopstgold,shopstgold,shopstgold,shopstplatinum,shopstplatinum,shopstplatinum,shopstplatinum,shopstplatinum,shopstplatinum,shopstplatinum,shopstplatinum,shopstbronze,shopstbronze,shopstbronze,shopstbronze,shopstsilver,shopstsilver,shopstsilver,shopstsilver,shopstgold,shopstgold,shopstgold,shopstgold,shopstplatinum,shopstplatinum,shopstplatinum,shopstplatinum,shopstplatinum,shopstplatinum,shopstplatinum,shopstplatinum,skp_008' are selected in object 'Object Repository/Plans and Products/Page_PNDS (8)/select_--- Choose One ---BlueC'  using regular expression

2018-04-18 11:05:37 - [MESSAGE][PASSED] - All options with value 'shopstbronze,shopstbronze,shopstbronze,shopstbronze,shopstsilver,shopstsilver,shopstsilver,shopstsilver,shopstgold,shopstgold,shopstgold,shopstgold,shopstplatinum,shopstplatinum,shopstplatinum,shopstplatinum,shopstplatinum,shopstplatinum,shopstplatinum,shopstplatinum,shopstbronze,shopstbronze,shopstbronze,shopstbronze,shopstsilver,shopstsilver,shopstsilver,shopstsilver,shopstgold,shopstgold,shopstgold,shopstgold,shopstplatinum,shopstplatinum,shopstplatinum,shopstplatinum,shopstplatinum,shopstplatinum,shopstplatinum,shopstplatinum,skp_008' are selected in object 'Object Repository/Plans and Products/Page_PNDS (8)/select_--- Choose One ---BlueC'  using regular expression

2018-04-18 11:05:37 - [TEST_STEP][PASSED] - selectOptionByValue: All options with value 'indivstbronze,indivstbronze,indivchildonlybronze,indivstsilver,indivchildonlysilver,indivstgold,indivchildonlygold,indivstplatinum,indivchildonlyplatinum,indivnonstplatinum1,indivnonstplatinum1,indivnonstgold1,indivnonstgold1,indivnonstsilver1,indivnonstsilver1,indivstbronze,indivstbronze,indivstsilver,indivstgold,indivstplatinum' are selected in object 'Object Repository/Plans and Products/Page_PNDS (8)/select_--- Choose One ---BlueC'  using regular expression

2018-04-18 11:05:38 - [MESSAGE][PASSED] - All options with value 'indivstbronze,indivstbronze,indivchildonlybronze,indivstsilver,indivchildonlysilver,indivstgold,indivchildonlygold,indivstplatinum,indivchildonlyplatinum,indivnonstplatinum1,indivnonstplatinum1,indivnonstgold1,indivnonstgold1,indivnonstsilver1,indivnonstsilver1,indivstbronze,indivstbronze,indivstsilver,indivstgold,indivstplatinum' are selected in object 'Object Repository/Plans and Products/Page_PNDS (8)/select_--- Choose One ---BlueC'  using regular expression

2018-04-18 11:05:38 - [TEST_STEP][PASSED] - closeBrowser: Browser is closed

2018-04-18 11:05:38 - [MESSAGE][PASSED] - Browser is closed]]></system-out>
         <system-err><![CDATA[]]></system-err>
      </testcase>
      <testcase name="Test Cases/Plans and Products/Capital District" classname="Test Cases/Plans and Products/Capital District" status="PASSED">
         <system-out><![CDATA[2018-04-18 11:05:38 - [TEST_CASE][PASSED] - Test Cases/Plans and Products/Capital District: Test Cases/Plans and Products/Capital District

2018-04-18 11:05:38 - [TEST_STEP][PASSED] - openBrowser: Browser is opened with url: ''

2018-04-18 11:05:40 - [MESSAGE][PASSED] - Browser is opened with url: ''

2018-04-18 11:05:40 - [TEST_STEP][PASSED] - navigateToUrl: Navigate to 'http://dev.providerlookup.ipro.org/' successfully

2018-04-18 11:05:41 - [MESSAGE][PASSED] - Navigate to 'http://dev.providerlookup.ipro.org/' successfully

2018-04-18 11:05:41 - [TEST_STEP][PASSED] - click: Object: 'Object Repository/Plans and Products/Page_PNDS (9)/a_Search by Health Plan' is clicked on

2018-04-18 11:05:42 - [MESSAGE][PASSED] - Object: 'Object Repository/Plans and Products/Page_PNDS (9)/a_Search by Health Plan' is clicked on

2018-04-18 11:05:42 - [TEST_STEP][PASSED] - selectOptionByValue: All options with value '0147' are selected in object 'Object Repository/Plans and Products/Page_PNDS (9)/select_--- Choose one ---Aetna'  using regular expression

2018-04-18 11:05:45 - [MESSAGE][PASSED] - All options with value '0147' are selected in object 'Object Repository/Plans and Products/Page_PNDS (9)/select_--- Choose one ---Aetna'  using regular expression

2018-04-18 11:05:45 - [TEST_STEP][PASSED] - selectOptionByValue: All options with value 'commercialprovider' are selected in object 'Object Repository/Plans and Products/Page_PNDS (9)/select_--- Choose One ---Capit'  using regular expression

2018-04-18 11:05:45 - [MESSAGE][PASSED] - All options with value 'commercialprovider' are selected in object 'Object Repository/Plans and Products/Page_PNDS (9)/select_--- Choose One ---Capit'  using regular expression

2018-04-18 11:05:45 - [TEST_STEP][PASSED] - selectOptionByValue: All options with value 'chpprovider' are selected in object 'Object Repository/Plans and Products/Page_PNDS (9)/select_--- Choose One ---Capit'  using regular expression

2018-04-18 11:05:46 - [MESSAGE][PASSED] - All options with value 'chpprovider' are selected in object 'Object Repository/Plans and Products/Page_PNDS (9)/select_--- Choose One ---Capit'  using regular expression

2018-04-18 11:05:46 - [TEST_STEP][PASSED] - selectOptionByValue: All options with value 'nonmcomedical' are selected in object 'Object Repository/Plans and Products/Page_PNDS (9)/select_--- Choose One ---Capit'  using regular expression

2018-04-18 11:05:47 - [MESSAGE][PASSED] - All options with value 'nonmcomedical' are selected in object 'Object Repository/Plans and Products/Page_PNDS (9)/select_--- Choose One ---Capit'  using regular expression

2018-04-18 11:05:47 - [TEST_STEP][PASSED] - selectOptionByValue: All options with value 'harp' are selected in object 'Object Repository/Plans and Products/Page_PNDS (9)/select_--- Choose One ---Capit'  using regular expression

2018-04-18 11:05:47 - [MESSAGE][PASSED] - All options with value 'harp' are selected in object 'Object Repository/Plans and Products/Page_PNDS (9)/select_--- Choose One ---Capit'  using regular expression

2018-04-18 11:05:47 - [TEST_STEP][PASSED] - selectOptionByValue: All options with value 'indivnonstsilver1,indivnonstsilver1,indivnonstsilver2,indivnonstsilver2,indivnonstbronze1,indivnonstbronze1,indivcatastrophic,indivstplatinum,indivstgold,indivstsilver,indivstbronze,indivstplatinum,indivstgold,indivstsilver,indivstbronze,indivchildonlybronze,indivchildonlygold,indivchildonlyplatinum,indivchildonlysilver,indivnonstplatinum1,indivnonstplatinum1,indivnonstgold1,indivnonstgold1' are selected in object 'Object Repository/Plans and Products/Page_PNDS (9)/select_--- Choose One ---Capit'  using regular expression

2018-04-18 11:05:48 - [MESSAGE][PASSED] - All options with value 'indivnonstsilver1,indivnonstsilver1,indivnonstsilver2,indivnonstsilver2,indivnonstbronze1,indivnonstbronze1,indivcatastrophic,indivstplatinum,indivstgold,indivstsilver,indivstbronze,indivstplatinum,indivstgold,indivstsilver,indivstbronze,indivchildonlybronze,indivchildonlygold,indivchildonlyplatinum,indivchildonlysilver,indivnonstplatinum1,indivnonstplatinum1,indivnonstgold1,indivnonstgold1' are selected in object 'Object Repository/Plans and Products/Page_PNDS (9)/select_--- Choose One ---Capit'  using regular expression

2018-04-18 11:05:48 - [TEST_STEP][PASSED] - selectOptionByValue: All options with value 'medicaidprovider' are selected in object 'Object Repository/Plans and Products/Page_PNDS (9)/select_--- Choose One ---Capit'  using regular expression

2018-04-18 11:05:49 - [MESSAGE][PASSED] - All options with value 'medicaidprovider' are selected in object 'Object Repository/Plans and Products/Page_PNDS (9)/select_--- Choose One ---Capit'  using regular expression

2018-04-18 11:05:49 - [TEST_STEP][PASSED] - closeBrowser: Browser is closed

2018-04-18 11:05:49 - [MESSAGE][PASSED] - Browser is closed]]></system-out>
         <system-err><![CDATA[]]></system-err>
      </testcase>
      <testcase name="Test Cases/Plans and Products/Catholic Health" classname="Test Cases/Plans and Products/Catholic Health" status="PASSED">
         <system-out><![CDATA[2018-04-18 11:05:49 - [TEST_CASE][PASSED] - Test Cases/Plans and Products/Catholic Health: Test Cases/Plans and Products/Catholic Health

2018-04-18 11:05:49 - [TEST_STEP][PASSED] - openBrowser: Browser is opened with url: ''

2018-04-18 11:05:51 - [MESSAGE][PASSED] - Browser is opened with url: ''

2018-04-18 11:05:51 - [TEST_STEP][PASSED] - navigateToUrl: Navigate to 'http://dev.providerlookup.ipro.org/' successfully

2018-04-18 11:05:52 - [MESSAGE][PASSED] - Navigate to 'http://dev.providerlookup.ipro.org/' successfully

2018-04-18 11:05:52 - [TEST_STEP][PASSED] - click: Object: 'Object Repository/Plans and Products/Page_PNDS (10)/a_Search by Health Plan' is clicked on

2018-04-18 11:05:53 - [MESSAGE][PASSED] - Object: 'Object Repository/Plans and Products/Page_PNDS (10)/a_Search by Health Plan' is clicked on

2018-04-18 11:05:53 - [TEST_STEP][PASSED] - selectOptionByValue: All options with value '0016' are selected in object 'Object Repository/Plans and Products/Page_PNDS (10)/select_--- Choose one ---Aetna'  using regular expression

2018-04-18 11:05:56 - [MESSAGE][PASSED] - All options with value '0016' are selected in object 'Object Repository/Plans and Products/Page_PNDS (10)/select_--- Choose one ---Aetna'  using regular expression

2018-04-18 11:05:56 - [TEST_STEP][PASSED] - selectOptionByValue: All options with value 'pace' are selected in object 'Object Repository/Plans and Products/Page_PNDS (10)/select_--- Choose One ---Catho'  using regular expression

2018-04-18 11:05:56 - [MESSAGE][PASSED] - All options with value 'pace' are selected in object 'Object Repository/Plans and Products/Page_PNDS (10)/select_--- Choose One ---Catho'  using regular expression

2018-04-18 11:05:56 - [TEST_STEP][PASSED] - closeBrowser: Browser is closed

2018-04-18 11:05:56 - [MESSAGE][PASSED] - Browser is closed]]></system-out>
         <system-err><![CDATA[]]></system-err>
      </testcase>
      <testcase name="Test Cases/Plans and Products/Centerlight Health" classname="Test Cases/Plans and Products/Centerlight Health" status="PASSED">
         <system-out><![CDATA[2018-04-18 11:05:56 - [TEST_CASE][PASSED] - Test Cases/Plans and Products/Centerlight Health: Test Cases/Plans and Products/Centerlight Health

2018-04-18 11:05:56 - [TEST_STEP][PASSED] - openBrowser: Browser is opened with url: ''

2018-04-18 11:06:00 - [MESSAGE][PASSED] - Browser is opened with url: ''

2018-04-18 11:06:00 - [TEST_STEP][PASSED] - navigateToUrl: Navigate to 'http://dev.providerlookup.ipro.org/' successfully

2018-04-18 11:06:00 - [MESSAGE][PASSED] - Navigate to 'http://dev.providerlookup.ipro.org/' successfully

2018-04-18 11:06:00 - [TEST_STEP][PASSED] - click: Object: 'Object Repository/Plans and Products/Page_PNDS (11)/a_Search by Health Plan' is clicked on

2018-04-18 11:06:01 - [MESSAGE][PASSED] - Object: 'Object Repository/Plans and Products/Page_PNDS (11)/a_Search by Health Plan' is clicked on

2018-04-18 11:06:01 - [TEST_STEP][PASSED] - selectOptionByValue: All options with value '0020' are selected in object 'Object Repository/Plans and Products/Page_PNDS (11)/select_--- Choose one ---Aetna'  using regular expression

2018-04-18 11:06:04 - [MESSAGE][PASSED] - All options with value '0020' are selected in object 'Object Repository/Plans and Products/Page_PNDS (11)/select_--- Choose one ---Aetna'  using regular expression

2018-04-18 11:06:04 - [TEST_STEP][PASSED] - selectOptionByValue: All options with value 'pace' are selected in object 'Object Repository/Plans and Products/Page_PNDS (11)/select_--- Choose One ---Cente'  using regular expression

2018-04-18 11:06:04 - [MESSAGE][PASSED] - All options with value 'pace' are selected in object 'Object Repository/Plans and Products/Page_PNDS (11)/select_--- Choose One ---Cente'  using regular expression

2018-04-18 11:06:04 - [TEST_STEP][PASSED] - closeBrowser: Browser is closed

2018-04-18 11:06:04 - [MESSAGE][PASSED] - Browser is closed]]></system-out>
         <system-err><![CDATA[]]></system-err>
      </testcase>
      <testcase name="Test Cases/Plans and Products/Centers Plan for Healthy living" classname="Test Cases/Plans and Products/Centers Plan for Healthy living" status="PASSED">
         <system-out><![CDATA[2018-04-18 11:06:04 - [TEST_CASE][PASSED] - Test Cases/Plans and Products/Centers Plan for Healthy living: Test Cases/Plans and Products/Centers Plan for Healthy living

2018-04-18 11:06:04 - [TEST_STEP][PASSED] - openBrowser: Browser is opened with url: ''

2018-04-18 11:06:07 - [MESSAGE][PASSED] - Browser is opened with url: ''

2018-04-18 11:06:07 - [TEST_STEP][PASSED] - navigateToUrl: Navigate to 'http://dev.providerlookup.ipro.org/' successfully

2018-04-18 11:06:08 - [MESSAGE][PASSED] - Navigate to 'http://dev.providerlookup.ipro.org/' successfully

2018-04-18 11:06:08 - [TEST_STEP][PASSED] - click: Object: 'Object Repository/Plans and Products/Page_PNDS (12)/a_Search by Health Plan' is clicked on

2018-04-18 11:06:09 - [MESSAGE][PASSED] - Object: 'Object Repository/Plans and Products/Page_PNDS (12)/a_Search by Health Plan' is clicked on

2018-04-18 11:06:09 - [TEST_STEP][PASSED] - selectOptionByValue: All options with value '0096' are selected in object 'Object Repository/Plans and Products/Page_PNDS (12)/select_--- Choose one ---Aetna'  using regular expression

2018-04-18 11:06:11 - [MESSAGE][PASSED] - All options with value '0096' are selected in object 'Object Repository/Plans and Products/Page_PNDS (12)/select_--- Choose one ---Aetna'  using regular expression

2018-04-18 11:06:11 - [TEST_STEP][PASSED] - selectOptionByValue: All options with value 'fida' are selected in object 'Object Repository/Plans and Products/Page_PNDS (12)/select_--- Choose One ---Cente'  using regular expression

2018-04-18 11:06:12 - [MESSAGE][PASSED] - All options with value 'fida' are selected in object 'Object Repository/Plans and Products/Page_PNDS (12)/select_--- Choose One ---Cente'  using regular expression

2018-04-18 11:06:12 - [TEST_STEP][PASSED] - selectOptionByValue: All options with value 'partialcaps' are selected in object 'Object Repository/Plans and Products/Page_PNDS (12)/select_--- Choose One ---Cente'  using regular expression

2018-04-18 11:06:12 - [MESSAGE][PASSED] - All options with value 'partialcaps' are selected in object 'Object Repository/Plans and Products/Page_PNDS (12)/select_--- Choose One ---Cente'  using regular expression

2018-04-18 11:06:12 - [TEST_STEP][PASSED] - closeBrowser: Browser is closed

2018-04-18 11:06:12 - [MESSAGE][PASSED] - Browser is closed]]></system-out>
         <system-err><![CDATA[]]></system-err>
      </testcase>
      <testcase name="Test Cases/Plans and Products/Cigna" classname="Test Cases/Plans and Products/Cigna" status="PASSED">
         <system-out><![CDATA[2018-04-18 11:06:12 - [TEST_CASE][PASSED] - Test Cases/Plans and Products/Cigna: Test Cases/Plans and Products/Cigna

2018-04-18 11:06:13 - [TEST_STEP][PASSED] - openBrowser: Browser is opened with url: ''

2018-04-18 11:06:15 - [MESSAGE][PASSED] - Browser is opened with url: ''

2018-04-18 11:06:15 - [TEST_STEP][PASSED] - navigateToUrl: Navigate to 'http://dev.providerlookup.ipro.org/' successfully

2018-04-18 11:06:16 - [MESSAGE][PASSED] - Navigate to 'http://dev.providerlookup.ipro.org/' successfully

2018-04-18 11:06:16 - [TEST_STEP][PASSED] - click: Object: 'Object Repository/Plans and Products/Page_PNDS (13)/a_Search by Health Plan' is clicked on

2018-04-18 11:06:17 - [MESSAGE][PASSED] - Object: 'Object Repository/Plans and Products/Page_PNDS (13)/a_Search by Health Plan' is clicked on

2018-04-18 11:06:17 - [TEST_STEP][PASSED] - selectOptionByValue: All options with value '0157' are selected in object 'Object Repository/Plans and Products/Page_PNDS (13)/select_--- Choose one ---Aetna'  using regular expression

2018-04-18 11:06:19 - [MESSAGE][PASSED] - All options with value '0157' are selected in object 'Object Repository/Plans and Products/Page_PNDS (13)/select_--- Choose one ---Aetna'  using regular expression

2018-04-18 11:06:19 - [TEST_STEP][PASSED] - selectOptionByValue: All options with value 'nonmcodental' are selected in object 'Object Repository/Plans and Products/Page_PNDS (13)/select_--- Choose One ---Cigna'  using regular expression

2018-04-18 11:06:20 - [MESSAGE][PASSED] - All options with value 'nonmcodental' are selected in object 'Object Repository/Plans and Products/Page_PNDS (13)/select_--- Choose One ---Cigna'  using regular expression

2018-04-18 11:06:20 - [TEST_STEP][PASSED] - selectOptionByValue: All options with value 'nonmcovision' are selected in object 'Object Repository/Plans and Products/Page_PNDS (13)/select_--- Choose One ---Cigna'  using regular expression

2018-04-18 11:06:20 - [MESSAGE][PASSED] - All options with value 'nonmcovision' are selected in object 'Object Repository/Plans and Products/Page_PNDS (13)/select_--- Choose One ---Cigna'  using regular expression

2018-04-18 11:06:20 - [TEST_STEP][PASSED] - selectOptionByValue: All options with value 'nonmcodental,skp_002' are selected in object 'Object Repository/Plans and Products/Page_PNDS (13)/select_--- Choose One ---Cigna'  using regular expression

2018-04-18 11:06:21 - [MESSAGE][PASSED] - All options with value 'nonmcodental,skp_002' are selected in object 'Object Repository/Plans and Products/Page_PNDS (13)/select_--- Choose One ---Cigna'  using regular expression

2018-04-18 11:06:21 - [TEST_STEP][PASSED] - selectOptionByValue: All options with value 'nonmcomedical' are selected in object 'Object Repository/Plans and Products/Page_PNDS (13)/select_--- Choose One ---Cigna'  using regular expression

2018-04-18 11:06:22 - [MESSAGE][PASSED] - All options with value 'nonmcomedical' are selected in object 'Object Repository/Plans and Products/Page_PNDS (13)/select_--- Choose One ---Cigna'  using regular expression

2018-04-18 11:06:22 - [TEST_STEP][PASSED] - selectOptionByValue: All options with value 'nonmcomedical,skp_004' are selected in object 'Object Repository/Plans and Products/Page_PNDS (13)/select_--- Choose One ---Cigna'  using regular expression

2018-04-18 11:06:23 - [MESSAGE][PASSED] - All options with value 'nonmcomedical,skp_004' are selected in object 'Object Repository/Plans and Products/Page_PNDS (13)/select_--- Choose One ---Cigna'  using regular expression

2018-04-18 11:06:23 - [TEST_STEP][PASSED] - selectOptionByValue: All options with value 'nonmcomedical,skp_005' are selected in object 'Object Repository/Plans and Products/Page_PNDS (13)/select_--- Choose One ---Cigna'  using regular expression

2018-04-18 11:06:23 - [MESSAGE][PASSED] - All options with value 'nonmcomedical,skp_005' are selected in object 'Object Repository/Plans and Products/Page_PNDS (13)/select_--- Choose One ---Cigna'  using regular expression

2018-04-18 11:06:23 - [TEST_STEP][PASSED] - closeBrowser: Browser is closed

2018-04-18 11:06:23 - [MESSAGE][PASSED] - Browser is closed]]></system-out>
         <system-err><![CDATA[]]></system-err>
      </testcase>
      <testcase name="Test Cases/Plans and Products/Commercial Travelers" classname="Test Cases/Plans and Products/Commercial Travelers" status="PASSED">
         <system-out><![CDATA[2018-04-18 11:06:23 - [TEST_CASE][PASSED] - Test Cases/Plans and Products/Commercial Travelers: Test Cases/Plans and Products/Commercial Travelers

2018-04-18 11:06:23 - [TEST_STEP][PASSED] - openBrowser: Browser is opened with url: ''

2018-04-18 11:06:26 - [MESSAGE][PASSED] - Browser is opened with url: ''

2018-04-18 11:06:26 - [TEST_STEP][PASSED] - navigateToUrl: Navigate to 'http://dev.providerlookup.ipro.org/' successfully

2018-04-18 11:06:27 - [MESSAGE][PASSED] - Navigate to 'http://dev.providerlookup.ipro.org/' successfully

2018-04-18 11:06:27 - [TEST_STEP][PASSED] - click: Object: 'Object Repository/Plans and Products/Page_PNDS (14)/a_Search by Health Plan' is clicked on

2018-04-18 11:06:28 - [MESSAGE][PASSED] - Object: 'Object Repository/Plans and Products/Page_PNDS (14)/a_Search by Health Plan' is clicked on

2018-04-18 11:06:28 - [TEST_STEP][PASSED] - selectOptionByValue: All options with value '0021' are selected in object 'Object Repository/Plans and Products/Page_PNDS (14)/select_--- Choose one ---Aetna'  using regular expression

2018-04-18 11:06:30 - [MESSAGE][PASSED] - All options with value '0021' are selected in object 'Object Repository/Plans and Products/Page_PNDS (14)/select_--- Choose one ---Aetna'  using regular expression

2018-04-18 11:06:30 - [TEST_STEP][PASSED] - selectOptionByValue: All options with value 'nonmcomedical' are selected in object 'Object Repository/Plans and Products/Page_PNDS (14)/select_--- Choose One ---Comme'  using regular expression

2018-04-18 11:06:31 - [MESSAGE][PASSED] - All options with value 'nonmcomedical' are selected in object 'Object Repository/Plans and Products/Page_PNDS (14)/select_--- Choose One ---Comme'  using regular expression

2018-04-18 11:06:31 - [TEST_STEP][PASSED] - selectOptionByValue: All options with value 'nonmcomedical,skp_001' are selected in object 'Object Repository/Plans and Products/Page_PNDS (14)/select_--- Choose One ---Comme'  using regular expression

2018-04-18 11:06:31 - [MESSAGE][PASSED] - All options with value 'nonmcomedical,skp_001' are selected in object 'Object Repository/Plans and Products/Page_PNDS (14)/select_--- Choose One ---Comme'  using regular expression

2018-04-18 11:06:31 - [TEST_STEP][PASSED] - selectOptionByValue: All options with value 'nonmcomedical,skp_002' are selected in object 'Object Repository/Plans and Products/Page_PNDS (14)/select_--- Choose One ---Comme'  using regular expression

2018-04-18 11:06:31 - [MESSAGE][PASSED] - All options with value 'nonmcomedical,skp_002' are selected in object 'Object Repository/Plans and Products/Page_PNDS (14)/select_--- Choose One ---Comme'  using regular expression

2018-04-18 11:06:31 - [TEST_STEP][PASSED] - closeBrowser: Browser is closed

2018-04-18 11:06:32 - [MESSAGE][PASSED] - Browser is closed]]></system-out>
         <system-err><![CDATA[]]></system-err>
      </testcase>
      <testcase name="Test Cases/Plans and Products/Complete Senior Care" classname="Test Cases/Plans and Products/Complete Senior Care" status="PASSED">
         <system-out><![CDATA[2018-04-18 11:06:32 - [TEST_CASE][PASSED] - Test Cases/Plans and Products/Complete Senior Care: Test Cases/Plans and Products/Complete Senior Care

2018-04-18 11:06:32 - [TEST_STEP][PASSED] - openBrowser: Browser is opened with url: ''

2018-04-18 11:06:34 - [MESSAGE][PASSED] - Browser is opened with url: ''

2018-04-18 11:06:34 - [TEST_STEP][PASSED] - navigateToUrl: Navigate to 'http://dev.providerlookup.ipro.org/' successfully

2018-04-18 11:06:35 - [MESSAGE][PASSED] - Navigate to 'http://dev.providerlookup.ipro.org/' successfully

2018-04-18 11:06:35 - [TEST_STEP][PASSED] - click: Object: 'Object Repository/Plans and Products/Page_PNDS (15)/a_Search by Health Plan' is clicked on

2018-04-18 11:06:36 - [MESSAGE][PASSED] - Object: 'Object Repository/Plans and Products/Page_PNDS (15)/a_Search by Health Plan' is clicked on

2018-04-18 11:06:36 - [TEST_STEP][PASSED] - selectOptionByValue: All options with value '0022' are selected in object 'Object Repository/Plans and Products/Page_PNDS (15)/select_--- Choose one ---Aetna'  using regular expression

2018-04-18 11:06:38 - [MESSAGE][PASSED] - All options with value '0022' are selected in object 'Object Repository/Plans and Products/Page_PNDS (15)/select_--- Choose one ---Aetna'  using regular expression

2018-04-18 11:06:38 - [TEST_STEP][PASSED] - selectOptionByValue: All options with value 'pace' are selected in object 'Object Repository/Plans and Products/Page_PNDS (15)/select_--- Choose One ---Compl'  using regular expression

2018-04-18 11:06:38 - [MESSAGE][PASSED] - All options with value 'pace' are selected in object 'Object Repository/Plans and Products/Page_PNDS (15)/select_--- Choose One ---Compl'  using regular expression

2018-04-18 11:06:38 - [TEST_STEP][PASSED] - closeBrowser: Browser is closed

2018-04-18 11:06:39 - [MESSAGE][PASSED] - Browser is closed]]></system-out>
         <system-err><![CDATA[]]></system-err>
      </testcase>
      <testcase name="Test Cases/Plans and Products/Consolidated health" classname="Test Cases/Plans and Products/Consolidated health" status="PASSED">
         <system-out><![CDATA[2018-04-18 11:06:39 - [TEST_CASE][PASSED] - Test Cases/Plans and Products/Consolidated health: Test Cases/Plans and Products/Consolidated health

2018-04-18 11:06:39 - [TEST_STEP][PASSED] - openBrowser: Browser is opened with url: ''

2018-04-18 11:06:41 - [MESSAGE][PASSED] - Browser is opened with url: ''

2018-04-18 11:06:41 - [TEST_STEP][PASSED] - navigateToUrl: Navigate to 'http://dev.providerlookup.ipro.org/' successfully

2018-04-18 11:06:42 - [MESSAGE][PASSED] - Navigate to 'http://dev.providerlookup.ipro.org/' successfully

2018-04-18 11:06:42 - [TEST_STEP][PASSED] - click: Object: 'Object Repository/Plans and Products/Page_PNDS (16)/a_Search by Health Plan' is clicked on

2018-04-18 11:06:43 - [MESSAGE][PASSED] - Object: 'Object Repository/Plans and Products/Page_PNDS (16)/a_Search by Health Plan' is clicked on

2018-04-18 11:06:43 - [TEST_STEP][PASSED] - selectOptionByValue: All options with value '0168' are selected in object 'Object Repository/Plans and Products/Page_PNDS (16)/select_--- Choose one ---Aetna'  using regular expression

2018-04-18 11:06:45 - [MESSAGE][PASSED] - All options with value '0168' are selected in object 'Object Repository/Plans and Products/Page_PNDS (16)/select_--- Choose one ---Aetna'  using regular expression

2018-04-18 11:06:45 - [TEST_STEP][PASSED] - selectOptionByValue: All options with value 'nonmcomedical' are selected in object 'Object Repository/Plans and Products/Page_PNDS (16)/select_--- Choose One ---Conso'  using regular expression

2018-04-18 11:06:46 - [MESSAGE][PASSED] - All options with value 'nonmcomedical' are selected in object 'Object Repository/Plans and Products/Page_PNDS (16)/select_--- Choose One ---Conso'  using regular expression

2018-04-18 11:06:46 - [TEST_STEP][PASSED] - selectOptionByValue: All options with value 'nonmcomedical,skp_001' are selected in object 'Object Repository/Plans and Products/Page_PNDS (16)/select_--- Choose One ---Conso'  using regular expression

2018-04-18 11:06:46 - [MESSAGE][PASSED] - All options with value 'nonmcomedical,skp_001' are selected in object 'Object Repository/Plans and Products/Page_PNDS (16)/select_--- Choose One ---Conso'  using regular expression

2018-04-18 11:06:46 - [TEST_STEP][PASSED] - selectOptionByValue: All options with value 'nonmcomedical,skp_002' are selected in object 'Object Repository/Plans and Products/Page_PNDS (16)/select_--- Choose One ---Conso'  using regular expression

2018-04-18 11:06:47 - [MESSAGE][PASSED] - All options with value 'nonmcomedical,skp_002' are selected in object 'Object Repository/Plans and Products/Page_PNDS (16)/select_--- Choose One ---Conso'  using regular expression

2018-04-18 11:06:47 - [TEST_STEP][PASSED] - closeBrowser: Browser is closed

2018-04-18 11:06:47 - [MESSAGE][PASSED] - Browser is closed]]></system-out>
         <system-err><![CDATA[]]></system-err>
      </testcase>
      <testcase name="Test Cases/Plans and Products/CrystalRun" classname="Test Cases/Plans and Products/CrystalRun" status="PASSED">
         <system-out><![CDATA[2018-04-18 11:06:47 - [TEST_CASE][PASSED] - Test Cases/Plans and Products/CrystalRun: Test Cases/Plans and Products/CrystalRun

2018-04-18 11:06:47 - [TEST_STEP][PASSED] - openBrowser: Browser is opened with url: ''

2018-04-18 11:06:50 - [MESSAGE][PASSED] - Browser is opened with url: ''

2018-04-18 11:06:50 - [TEST_STEP][PASSED] - navigateToUrl: Navigate to 'http://dev.providerlookup.ipro.org/' successfully

2018-04-18 11:06:51 - [MESSAGE][PASSED] - Navigate to 'http://dev.providerlookup.ipro.org/' successfully

2018-04-18 11:06:51 - [TEST_STEP][PASSED] - click: Object: 'Object Repository/Plans and Products/Page_PNDS (17)/a_Search by Health Plan' is clicked on

2018-04-18 11:06:52 - [MESSAGE][PASSED] - Object: 'Object Repository/Plans and Products/Page_PNDS (17)/a_Search by Health Plan' is clicked on

2018-04-18 11:06:52 - [TEST_STEP][PASSED] - selectOptionByValue: All options with value '0023' are selected in object 'Object Repository/Plans and Products/Page_PNDS (17)/select_--- Choose one ---Aetna'  using regular expression

2018-04-18 11:06:54 - [MESSAGE][PASSED] - All options with value '0023' are selected in object 'Object Repository/Plans and Products/Page_PNDS (17)/select_--- Choose one ---Aetna'  using regular expression

2018-04-18 11:06:54 - [TEST_STEP][PASSED] - selectOptionByValue: All options with value 'commercialprovider' are selected in object 'Object Repository/Plans and Products/Page_PNDS (17)/select_--- Choose One ---Cryst'  using regular expression

2018-04-18 11:06:55 - [MESSAGE][PASSED] - All options with value 'commercialprovider' are selected in object 'Object Repository/Plans and Products/Page_PNDS (17)/select_--- Choose One ---Cryst'  using regular expression

2018-04-18 11:06:55 - [TEST_STEP][PASSED] - selectOptionByValue: All options with value 'bhp,bhpplus' are selected in object 'Object Repository/Plans and Products/Page_PNDS (17)/select_--- Choose One ---Cryst'  using regular expression

2018-04-18 11:06:56 - [MESSAGE][PASSED] - All options with value 'bhp,bhpplus' are selected in object 'Object Repository/Plans and Products/Page_PNDS (17)/select_--- Choose One ---Cryst'  using regular expression

2018-04-18 11:06:56 - [TEST_STEP][PASSED] - selectOptionByValue: All options with value 'medicaidprovider' are selected in object 'Object Repository/Plans and Products/Page_PNDS (17)/select_--- Choose One ---Cryst'  using regular expression

2018-04-18 11:06:56 - [MESSAGE][PASSED] - All options with value 'medicaidprovider' are selected in object 'Object Repository/Plans and Products/Page_PNDS (17)/select_--- Choose One ---Cryst'  using regular expression

2018-04-18 11:06:56 - [TEST_STEP][PASSED] - closeBrowser: Browser is closed

2018-04-18 11:06:56 - [MESSAGE][PASSED] - Browser is closed]]></system-out>
         <system-err><![CDATA[]]></system-err>
      </testcase>
      <testcase name="Test Cases/Plans and Products/Delaware American Life insurance" classname="Test Cases/Plans and Products/Delaware American Life insurance" status="PASSED">
         <system-out><![CDATA[2018-04-18 11:06:56 - [TEST_CASE][PASSED] - Test Cases/Plans and Products/Delaware American Life insurance: Test Cases/Plans and Products/Delaware American Life insurance

2018-04-18 11:06:56 - [TEST_STEP][PASSED] - openBrowser: Browser is opened with url: ''

2018-04-18 11:06:59 - [MESSAGE][PASSED] - Browser is opened with url: ''

2018-04-18 11:06:59 - [TEST_STEP][PASSED] - navigateToUrl: Navigate to 'http://dev.providerlookup.ipro.org/' successfully

2018-04-18 11:07:00 - [MESSAGE][PASSED] - Navigate to 'http://dev.providerlookup.ipro.org/' successfully

2018-04-18 11:07:00 - [TEST_STEP][PASSED] - click: Object: 'Object Repository/Plans and Products/Page_PNDS (18)/a_Search by Health Plan' is clicked on

2018-04-18 11:07:01 - [MESSAGE][PASSED] - Object: 'Object Repository/Plans and Products/Page_PNDS (18)/a_Search by Health Plan' is clicked on

2018-04-18 11:07:01 - [TEST_STEP][PASSED] - selectOptionByValue: All options with value '0159' are selected in object 'Object Repository/Plans and Products/Page_PNDS (18)/select_--- Choose one ---Aetna'  using regular expression

2018-04-18 11:07:03 - [MESSAGE][PASSED] - All options with value '0159' are selected in object 'Object Repository/Plans and Products/Page_PNDS (18)/select_--- Choose one ---Aetna'  using regular expression

2018-04-18 11:07:03 - [TEST_STEP][PASSED] - selectOptionByValue: All options with value 'nonmcomedical' are selected in object 'Object Repository/Plans and Products/Page_PNDS (18)/select_--- Choose One ---Delaw'  using regular expression

2018-04-18 11:07:04 - [MESSAGE][PASSED] - All options with value 'nonmcomedical' are selected in object 'Object Repository/Plans and Products/Page_PNDS (18)/select_--- Choose One ---Delaw'  using regular expression

2018-04-18 11:07:04 - [TEST_STEP][PASSED] - selectOptionByValue: All options with value 'nonmcomedical,skp_001' are selected in object 'Object Repository/Plans and Products/Page_PNDS (18)/select_--- Choose One ---Delaw'  using regular expression

2018-04-18 11:07:04 - [MESSAGE][PASSED] - All options with value 'nonmcomedical,skp_001' are selected in object 'Object Repository/Plans and Products/Page_PNDS (18)/select_--- Choose One ---Delaw'  using regular expression

2018-04-18 11:07:04 - [TEST_STEP][PASSED] - selectOptionByValue: All options with value 'nonmcomedical,skp_002' are selected in object 'Object Repository/Plans and Products/Page_PNDS (18)/select_--- Choose One ---Delaw'  using regular expression

2018-04-18 11:07:05 - [MESSAGE][PASSED] - All options with value 'nonmcomedical,skp_002' are selected in object 'Object Repository/Plans and Products/Page_PNDS (18)/select_--- Choose One ---Delaw'  using regular expression

2018-04-18 11:07:05 - [TEST_STEP][PASSED] - selectOptionByValue: All options with value 'nonmcomedical,skp_003' are selected in object 'Object Repository/Plans and Products/Page_PNDS (18)/select_--- Choose One ---Delaw'  using regular expression

2018-04-18 11:07:05 - [MESSAGE][PASSED] - All options with value 'nonmcomedical,skp_003' are selected in object 'Object Repository/Plans and Products/Page_PNDS (18)/select_--- Choose One ---Delaw'  using regular expression

2018-04-18 11:07:05 - [TEST_STEP][PASSED] - closeBrowser: Browser is closed

2018-04-18 11:07:06 - [MESSAGE][PASSED] - Browser is closed]]></system-out>
         <system-err><![CDATA[]]></system-err>
      </testcase>
      <testcase name="Test Cases/Plans and Products/Delta Dental of New York" classname="Test Cases/Plans and Products/Delta Dental of New York" status="PASSED">
         <system-out><![CDATA[2018-04-18 11:07:06 - [TEST_CASE][PASSED] - Test Cases/Plans and Products/Delta Dental of New York: Test Cases/Plans and Products/Delta Dental of New York

2018-04-18 11:07:06 - [TEST_STEP][PASSED] - openBrowser: Browser is opened with url: ''

2018-04-18 11:07:08 - [MESSAGE][PASSED] - Browser is opened with url: ''

2018-04-18 11:07:08 - [TEST_STEP][PASSED] - navigateToUrl: Navigate to 'http://dev.providerlookup.ipro.org/' successfully

2018-04-18 11:07:09 - [MESSAGE][PASSED] - Navigate to 'http://dev.providerlookup.ipro.org/' successfully

2018-04-18 11:07:09 - [TEST_STEP][PASSED] - click: Object: 'Object Repository/Plans and Products/Page_PNDS (19)/a_Search by Health Plan' is clicked on

2018-04-18 11:07:10 - [MESSAGE][PASSED] - Object: 'Object Repository/Plans and Products/Page_PNDS (19)/a_Search by Health Plan' is clicked on

2018-04-18 11:07:10 - [TEST_STEP][PASSED] - selectOptionByValue: All options with value '0024' are selected in object 'Object Repository/Plans and Products/Page_PNDS (19)/select_--- Choose one ---Aetna'  using regular expression

2018-04-18 11:07:12 - [MESSAGE][PASSED] - All options with value '0024' are selected in object 'Object Repository/Plans and Products/Page_PNDS (19)/select_--- Choose one ---Aetna'  using regular expression

2018-04-18 11:07:12 - [TEST_STEP][PASSED] - selectOptionByValue: All options with value 'indivpeddentalhigh,indivadultdental' are selected in object 'Object Repository/Plans and Products/Page_PNDS (19)/select_--- Choose One ---Delta'  using regular expression

2018-04-18 11:07:13 - [MESSAGE][PASSED] - All options with value 'indivpeddentalhigh,indivadultdental' are selected in object 'Object Repository/Plans and Products/Page_PNDS (19)/select_--- Choose One ---Delta'  using regular expression

2018-04-18 11:07:13 - [TEST_STEP][PASSED] - selectOptionByValue: All options with value 'indivfamdental' are selected in object 'Object Repository/Plans and Products/Page_PNDS (19)/select_--- Choose One ---Delta'  using regular expression

2018-04-18 11:07:14 - [MESSAGE][PASSED] - All options with value 'indivfamdental' are selected in object 'Object Repository/Plans and Products/Page_PNDS (19)/select_--- Choose One ---Delta'  using regular expression

2018-04-18 11:07:14 - [TEST_STEP][PASSED] - selectOptionByValue: All options with value 'shopfamdental' are selected in object 'Object Repository/Plans and Products/Page_PNDS (19)/select_--- Choose One ---Delta'  using regular expression

2018-04-18 11:07:14 - [MESSAGE][PASSED] - All options with value 'shopfamdental' are selected in object 'Object Repository/Plans and Products/Page_PNDS (19)/select_--- Choose One ---Delta'  using regular expression

2018-04-18 11:07:14 - [TEST_STEP][PASSED] - selectOptionByValue: All options with value 'shoppeddentalhigh,shopadultdental' are selected in object 'Object Repository/Plans and Products/Page_PNDS (19)/select_--- Choose One ---Delta'  using regular expression

2018-04-18 11:07:15 - [MESSAGE][PASSED] - All options with value 'shoppeddentalhigh,shopadultdental' are selected in object 'Object Repository/Plans and Products/Page_PNDS (19)/select_--- Choose One ---Delta'  using regular expression

2018-04-18 11:07:15 - [TEST_STEP][PASSED] - selectOptionByValue: All options with value 'nonmcodental' are selected in object 'Object Repository/Plans and Products/Page_PNDS (19)/select_--- Choose One ---Delta'  using regular expression

2018-04-18 11:07:16 - [MESSAGE][PASSED] - All options with value 'nonmcodental' are selected in object 'Object Repository/Plans and Products/Page_PNDS (19)/select_--- Choose One ---Delta'  using regular expression

2018-04-18 11:07:16 - [TEST_STEP][PASSED] - closeBrowser: Browser is closed

2018-04-18 11:07:16 - [MESSAGE][PASSED] - Browser is closed]]></system-out>
         <system-err><![CDATA[]]></system-err>
      </testcase>
      <testcase name="Test Cases/Plans and Products/Dental Health Alliance" classname="Test Cases/Plans and Products/Dental Health Alliance" status="PASSED">
         <system-out><![CDATA[2018-04-18 11:07:16 - [TEST_CASE][PASSED] - Test Cases/Plans and Products/Dental Health Alliance: Test Cases/Plans and Products/Dental Health Alliance

2018-04-18 11:07:16 - [TEST_STEP][PASSED] - openBrowser: Browser is opened with url: ''

2018-04-18 11:07:19 - [MESSAGE][PASSED] - Browser is opened with url: ''

2018-04-18 11:07:19 - [TEST_STEP][PASSED] - navigateToUrl: Navigate to 'http://dev.providerlookup.ipro.org/' successfully

2018-04-18 11:07:20 - [MESSAGE][PASSED] - Navigate to 'http://dev.providerlookup.ipro.org/' successfully

2018-04-18 11:07:20 - [TEST_STEP][PASSED] - click: Object: 'Object Repository/Plans and Products/Page_PNDS (20)/a_Search by Health Plan' is clicked on

2018-04-18 11:07:21 - [MESSAGE][PASSED] - Object: 'Object Repository/Plans and Products/Page_PNDS (20)/a_Search by Health Plan' is clicked on

2018-04-18 11:07:21 - [TEST_STEP][PASSED] - selectOptionByValue: All options with value '0164' are selected in object 'Object Repository/Plans and Products/Page_PNDS (20)/select_--- Choose one ---Aetna'  using regular expression

2018-04-18 11:07:23 - [MESSAGE][PASSED] - All options with value '0164' are selected in object 'Object Repository/Plans and Products/Page_PNDS (20)/select_--- Choose one ---Aetna'  using regular expression

2018-04-18 11:07:23 - [TEST_STEP][PASSED] - selectOptionByValue: All options with value 'nonmcodental' are selected in object 'Object Repository/Plans and Products/Page_PNDS (20)/select_--- Choose One ---Denta'  using regular expression

2018-04-18 11:07:23 - [MESSAGE][PASSED] - All options with value 'nonmcodental' are selected in object 'Object Repository/Plans and Products/Page_PNDS (20)/select_--- Choose One ---Denta'  using regular expression

2018-04-18 11:07:23 - [TEST_STEP][PASSED] - closeBrowser: Browser is closed

2018-04-18 11:07:24 - [MESSAGE][PASSED] - Browser is closed]]></system-out>
         <system-err><![CDATA[]]></system-err>
      </testcase>
      <testcase name="Test Cases/Plans and Products/DentCare" classname="Test Cases/Plans and Products/DentCare" status="PASSED">
         <system-out><![CDATA[2018-04-18 11:07:24 - [TEST_CASE][PASSED] - Test Cases/Plans and Products/DentCare: Test Cases/Plans and Products/DentCare

2018-04-18 11:07:24 - [TEST_STEP][PASSED] - openBrowser: Browser is opened with url: ''

2018-04-18 11:07:26 - [MESSAGE][PASSED] - Browser is opened with url: ''

2018-04-18 11:07:26 - [TEST_STEP][PASSED] - navigateToUrl: Navigate to 'http://dev.providerlookup.ipro.org/' successfully

2018-04-18 11:07:27 - [MESSAGE][PASSED] - Navigate to 'http://dev.providerlookup.ipro.org/' successfully

2018-04-18 11:07:27 - [TEST_STEP][PASSED] - click: Object: 'Object Repository/Plans and Products/Page_PNDS (21)/a_Search by Health Plan' is clicked on

2018-04-18 11:07:28 - [MESSAGE][PASSED] - Object: 'Object Repository/Plans and Products/Page_PNDS (21)/a_Search by Health Plan' is clicked on

2018-04-18 11:07:28 - [TEST_STEP][PASSED] - selectOptionByValue: All options with value '0025' are selected in object 'Object Repository/Plans and Products/Page_PNDS (21)/select_--- Choose one ---Aetna'  using regular expression

2018-04-18 11:07:30 - [MESSAGE][PASSED] - All options with value '0025' are selected in object 'Object Repository/Plans and Products/Page_PNDS (21)/select_--- Choose one ---Aetna'  using regular expression

2018-04-18 11:07:30 - [TEST_STEP][PASSED] - selectOptionByValue: All options with value 'indivpeddentalhigh,indivpeddentallow,indivadultdental,indivfamdental' are selected in object 'Object Repository/Plans and Products/Page_PNDS (21)/select_--- Choose One ---Dentc'  using regular expression

2018-04-18 11:07:30 - [MESSAGE][PASSED] - All options with value 'indivpeddentalhigh,indivpeddentallow,indivadultdental,indivfamdental' are selected in object 'Object Repository/Plans and Products/Page_PNDS (21)/select_--- Choose One ---Dentc'  using regular expression

2018-04-18 11:07:30 - [TEST_STEP][PASSED] - selectOptionByValue: All options with value 'shoppeddentalhigh,shoppeddentallow,shopadultdental,shopfamdental' are selected in object 'Object Repository/Plans and Products/Page_PNDS (21)/select_--- Choose One ---Dentc'  using regular expression

2018-04-18 11:07:31 - [MESSAGE][PASSED] - All options with value 'shoppeddentalhigh,shoppeddentallow,shopadultdental,shopfamdental' are selected in object 'Object Repository/Plans and Products/Page_PNDS (21)/select_--- Choose One ---Dentc'  using regular expression

2018-04-18 11:07:31 - [TEST_STEP][PASSED] - closeBrowser: Browser is closed

2018-04-18 11:07:31 - [MESSAGE][PASSED] - Browser is closed]]></system-out>
         <system-err><![CDATA[]]></system-err>
      </testcase>
      <testcase name="Test Cases/Plans and Products/Dentegra" classname="Test Cases/Plans and Products/Dentegra" status="PASSED">
         <system-out><![CDATA[2018-04-18 11:07:31 - [TEST_CASE][PASSED] - Test Cases/Plans and Products/Dentegra: Test Cases/Plans and Products/Dentegra

2018-04-18 11:07:31 - [TEST_STEP][PASSED] - openBrowser: Browser is opened with url: ''

2018-04-18 11:07:34 - [MESSAGE][PASSED] - Browser is opened with url: ''

2018-04-18 11:07:34 - [TEST_STEP][PASSED] - navigateToUrl: Navigate to 'http://dev.providerlookup.ipro.org/' successfully

2018-04-18 11:07:35 - [MESSAGE][PASSED] - Navigate to 'http://dev.providerlookup.ipro.org/' successfully

2018-04-18 11:07:35 - [TEST_STEP][PASSED] - click: Object: 'Object Repository/Plans and Products/Page_PNDS (22)/a_Search by Health Plan' is clicked on

2018-04-18 11:07:36 - [MESSAGE][PASSED] - Object: 'Object Repository/Plans and Products/Page_PNDS (22)/a_Search by Health Plan' is clicked on

2018-04-18 11:07:36 - [TEST_STEP][PASSED] - selectOptionByValue: All options with value '0026' are selected in object 'Object Repository/Plans and Products/Page_PNDS (22)/select_--- Choose one ---Aetna'  using regular expression

2018-04-18 11:07:38 - [MESSAGE][PASSED] - All options with value '0026' are selected in object 'Object Repository/Plans and Products/Page_PNDS (22)/select_--- Choose one ---Aetna'  using regular expression

2018-04-18 11:07:38 - [TEST_STEP][PASSED] - selectOptionByValue: All options with value 'indivpeddentallow,indivadultdental' are selected in object 'Object Repository/Plans and Products/Page_PNDS (22)/select_--- Choose One ---Dente'  using regular expression

2018-04-18 11:07:38 - [MESSAGE][PASSED] - All options with value 'indivpeddentallow,indivadultdental' are selected in object 'Object Repository/Plans and Products/Page_PNDS (22)/select_--- Choose One ---Dente'  using regular expression

2018-04-18 11:07:38 - [TEST_STEP][PASSED] - closeBrowser: Browser is closed

2018-04-18 11:07:38 - [MESSAGE][PASSED] - Browser is closed

2018-04-18 11:07:38 - [TEST_STEP][PASSED] - openBrowser: Browser is opened with url: ''

2018-04-18 11:07:41 - [MESSAGE][PASSED] - Browser is opened with url: ''

2018-04-18 11:07:41 - [TEST_STEP][PASSED] - navigateToUrl: Navigate to 'http://dev.providerlookup.ipro.org/' successfully

2018-04-18 11:07:42 - [MESSAGE][PASSED] - Navigate to 'http://dev.providerlookup.ipro.org/' successfully

2018-04-18 11:07:42 - [TEST_STEP][PASSED] - click: Object: 'Object Repository/Plans and Products/Page_PNDS (23)/a_Search by Health Plan' is clicked on

2018-04-18 11:07:43 - [MESSAGE][PASSED] - Object: 'Object Repository/Plans and Products/Page_PNDS (23)/a_Search by Health Plan' is clicked on

2018-04-18 11:07:43 - [TEST_STEP][PASSED] - selectOptionByValue: All options with value '0027' are selected in object 'Object Repository/Plans and Products/Page_PNDS (23)/select_--- Choose one ---Aetna'  using regular expression

2018-04-18 11:07:46 - [MESSAGE][PASSED] - All options with value '0027' are selected in object 'Object Repository/Plans and Products/Page_PNDS (23)/select_--- Choose one ---Aetna'  using regular expression

2018-04-18 11:07:46 - [TEST_STEP][PASSED] - selectOptionByValue: All options with value 'nonmcovision' are selected in object 'Object Repository/Plans and Products/Page_PNDS (23)/select_--- Choose One ---Easte'  using regular expression

2018-04-18 11:07:46 - [MESSAGE][PASSED] - All options with value 'nonmcovision' are selected in object 'Object Repository/Plans and Products/Page_PNDS (23)/select_--- Choose One ---Easte'  using regular expression

2018-04-18 11:07:46 - [TEST_STEP][PASSED] - selectOptionByValue: All options with value 'nonmcovision,skp_001' are selected in object 'Object Repository/Plans and Products/Page_PNDS (23)/select_--- Choose One ---Easte'  using regular expression

2018-04-18 11:07:47 - [MESSAGE][PASSED] - All options with value 'nonmcovision,skp_001' are selected in object 'Object Repository/Plans and Products/Page_PNDS (23)/select_--- Choose One ---Easte'  using regular expression

2018-04-18 11:07:47 - [TEST_STEP][PASSED] - closeBrowser: Browser is closed

2018-04-18 11:07:47 - [MESSAGE][PASSED] - Browser is closed]]></system-out>
         <system-err><![CDATA[]]></system-err>
      </testcase>
      <testcase name="Test Cases/Plans and Products/Eastern Vision Services" classname="Test Cases/Plans and Products/Eastern Vision Services" status="PASSED">
         <system-out><![CDATA[2018-04-18 11:07:47 - [TEST_CASE][PASSED] - Test Cases/Plans and Products/Eastern Vision Services: Test Cases/Plans and Products/Eastern Vision Services

2018-04-18 11:07:47 - [TEST_STEP][PASSED] - openBrowser: Browser is opened with url: ''

2018-04-18 11:07:50 - [MESSAGE][PASSED] - Browser is opened with url: ''

2018-04-18 11:07:50 - [TEST_STEP][PASSED] - navigateToUrl: Navigate to 'http://dev.providerlookup.ipro.org/' successfully

2018-04-18 11:07:51 - [MESSAGE][PASSED] - Navigate to 'http://dev.providerlookup.ipro.org/' successfully

2018-04-18 11:07:51 - [TEST_STEP][PASSED] - click: Object: 'Object Repository/Plans and Products/Page_PNDS (28)/a_Search by Health Plan' is clicked on

2018-04-18 11:07:52 - [MESSAGE][PASSED] - Object: 'Object Repository/Plans and Products/Page_PNDS (28)/a_Search by Health Plan' is clicked on

2018-04-18 11:07:52 - [TEST_STEP][PASSED] - selectOptionByValue: All options with value '0027' are selected in object 'Object Repository/Plans and Products/Page_PNDS (28)/select_--- Choose one ---Aetna'  using regular expression

2018-04-18 11:07:55 - [MESSAGE][PASSED] - All options with value '0027' are selected in object 'Object Repository/Plans and Products/Page_PNDS (28)/select_--- Choose one ---Aetna'  using regular expression

2018-04-18 11:07:55 - [TEST_STEP][PASSED] - selectOptionByValue: All options with value 'nonmcovision' are selected in object 'Object Repository/Plans and Products/Page_PNDS (28)/select_--- Choose One ---Easte'  using regular expression

2018-04-18 11:07:55 - [MESSAGE][PASSED] - All options with value 'nonmcovision' are selected in object 'Object Repository/Plans and Products/Page_PNDS (28)/select_--- Choose One ---Easte'  using regular expression

2018-04-18 11:07:55 - [TEST_STEP][PASSED] - selectOptionByValue: All options with value 'nonmcovision,skp_001' are selected in object 'Object Repository/Plans and Products/Page_PNDS (28)/select_--- Choose One ---Easte'  using regular expression

2018-04-18 11:07:55 - [MESSAGE][PASSED] - All options with value 'nonmcovision,skp_001' are selected in object 'Object Repository/Plans and Products/Page_PNDS (28)/select_--- Choose One ---Easte'  using regular expression

2018-04-18 11:07:55 - [TEST_STEP][PASSED] - closeBrowser: Browser is closed

2018-04-18 11:07:56 - [MESSAGE][PASSED] - Browser is closed]]></system-out>
         <system-err><![CDATA[]]></system-err>
      </testcase>
      <testcase name="Test Cases/Plans and Products/Eddy Senior Care" classname="Test Cases/Plans and Products/Eddy Senior Care" status="PASSED">
         <system-out><![CDATA[2018-04-18 11:07:56 - [TEST_CASE][PASSED] - Test Cases/Plans and Products/Eddy Senior Care: Test Cases/Plans and Products/Eddy Senior Care

2018-04-18 11:07:56 - [TEST_STEP][PASSED] - openBrowser: Browser is opened with url: ''

2018-04-18 11:07:58 - [MESSAGE][PASSED] - Browser is opened with url: ''

2018-04-18 11:07:58 - [TEST_STEP][PASSED] - navigateToUrl: Navigate to 'http://dev.providerlookup.ipro.org/' successfully

2018-04-18 11:07:59 - [MESSAGE][PASSED] - Navigate to 'http://dev.providerlookup.ipro.org/' successfully

2018-04-18 11:07:59 - [TEST_STEP][PASSED] - click: Object: 'Object Repository/Plans and Products/Page_PNDS (24)/a_Search by Health Plan' is clicked on

2018-04-18 11:08:00 - [MESSAGE][PASSED] - Object: 'Object Repository/Plans and Products/Page_PNDS (24)/a_Search by Health Plan' is clicked on

2018-04-18 11:08:00 - [TEST_STEP][PASSED] - selectOptionByValue: All options with value '0028' are selected in object 'Object Repository/Plans and Products/Page_PNDS (24)/select_--- Choose one ---Aetna'  using regular expression

2018-04-18 11:08:03 - [MESSAGE][PASSED] - All options with value '0028' are selected in object 'Object Repository/Plans and Products/Page_PNDS (24)/select_--- Choose one ---Aetna'  using regular expression

2018-04-18 11:08:03 - [TEST_STEP][PASSED] - selectOptionByValue: All options with value 'pace' are selected in object 'Object Repository/Plans and Products/Page_PNDS (24)/select_--- Choose One ---Eddy'  using regular expression

2018-04-18 11:08:03 - [MESSAGE][PASSED] - All options with value 'pace' are selected in object 'Object Repository/Plans and Products/Page_PNDS (24)/select_--- Choose One ---Eddy'  using regular expression

2018-04-18 11:08:03 - [TEST_STEP][PASSED] - closeBrowser: Browser is closed

2018-04-18 11:08:04 - [MESSAGE][PASSED] - Browser is closed]]></system-out>
         <system-err><![CDATA[]]></system-err>
      </testcase>
      <testcase name="Test Cases/Plans and Products/Elant Choice" classname="Test Cases/Plans and Products/Elant Choice" status="PASSED">
         <system-out><![CDATA[2018-04-18 11:08:04 - [TEST_CASE][PASSED] - Test Cases/Plans and Products/Elant Choice: Test Cases/Plans and Products/Elant Choice

2018-04-18 11:08:04 - [TEST_STEP][PASSED] - openBrowser: Browser is opened with url: ''

2018-04-18 11:08:06 - [MESSAGE][PASSED] - Browser is opened with url: ''

2018-04-18 11:08:06 - [TEST_STEP][PASSED] - navigateToUrl: Navigate to 'http://dev.providerlookup.ipro.org/' successfully

2018-04-18 11:08:07 - [MESSAGE][PASSED] - Navigate to 'http://dev.providerlookup.ipro.org/' successfully

2018-04-18 11:08:07 - [TEST_STEP][PASSED] - click: Object: 'Object Repository/Plans and Products/Page_PNDS (25)/a_Search by Health Plan' is clicked on

2018-04-18 11:08:08 - [MESSAGE][PASSED] - Object: 'Object Repository/Plans and Products/Page_PNDS (25)/a_Search by Health Plan' is clicked on

2018-04-18 11:08:08 - [TEST_STEP][PASSED] - selectOptionByValue: All options with value '0029' are selected in object 'Object Repository/Plans and Products/Page_PNDS (25)/select_--- Choose one ---Aetna'  using regular expression

2018-04-18 11:08:11 - [MESSAGE][PASSED] - All options with value '0029' are selected in object 'Object Repository/Plans and Products/Page_PNDS (25)/select_--- Choose one ---Aetna'  using regular expression

2018-04-18 11:08:11 - [TEST_STEP][PASSED] - selectOptionByValue: All options with value 'partialcaps' are selected in object 'Object Repository/Plans and Products/Page_PNDS (25)/select_--- Choose One ---Elant'  using regular expression

2018-04-18 11:08:11 - [MESSAGE][PASSED] - All options with value 'partialcaps' are selected in object 'Object Repository/Plans and Products/Page_PNDS (25)/select_--- Choose One ---Elant'  using regular expression

2018-04-18 11:08:11 - [TEST_STEP][PASSED] - closeBrowser: Browser is closed

2018-04-18 11:08:12 - [MESSAGE][PASSED] - Browser is closed]]></system-out>
         <system-err><![CDATA[]]></system-err>
      </testcase>
      <testcase name="Test Cases/Plans and Products/Elderplan Inc" classname="Test Cases/Plans and Products/Elderplan Inc" status="PASSED">
         <system-out><![CDATA[2018-04-18 11:08:12 - [TEST_CASE][PASSED] - Test Cases/Plans and Products/Elderplan Inc: Test Cases/Plans and Products/Elderplan Inc

2018-04-18 11:08:12 - [TEST_STEP][PASSED] - openBrowser: Browser is opened with url: ''

2018-04-18 11:08:15 - [MESSAGE][PASSED] - Browser is opened with url: ''

2018-04-18 11:08:15 - [TEST_STEP][PASSED] - navigateToUrl: Navigate to 'http://dev.providerlookup.ipro.org/' successfully

2018-04-18 11:08:16 - [MESSAGE][PASSED] - Navigate to 'http://dev.providerlookup.ipro.org/' successfully

2018-04-18 11:08:16 - [TEST_STEP][PASSED] - click: Object: 'Object Repository/Plans and Products/Page_PNDS (26)/a_Search by Health Plan' is clicked on

2018-04-18 11:08:16 - [MESSAGE][PASSED] - Object: 'Object Repository/Plans and Products/Page_PNDS (26)/a_Search by Health Plan' is clicked on

2018-04-18 11:08:16 - [TEST_STEP][PASSED] - selectOptionByValue: All options with value '0030' are selected in object 'Object Repository/Plans and Products/Page_PNDS (26)/select_--- Choose one ---Aetna'  using regular expression

2018-04-18 11:08:19 - [MESSAGE][PASSED] - All options with value '0030' are selected in object 'Object Repository/Plans and Products/Page_PNDS (26)/select_--- Choose one ---Aetna'  using regular expression

2018-04-18 11:08:19 - [TEST_STEP][PASSED] - selectOptionByValue: All options with value 'fida' are selected in object 'Object Repository/Plans and Products/Page_PNDS (26)/select_--- Choose One ---Elder'  using regular expression

2018-04-18 11:08:19 - [MESSAGE][PASSED] - All options with value 'fida' are selected in object 'Object Repository/Plans and Products/Page_PNDS (26)/select_--- Choose One ---Elder'  using regular expression

2018-04-18 11:08:19 - [TEST_STEP][PASSED] - selectOptionByValue: All options with value 'partialcaps' are selected in object 'Object Repository/Plans and Products/Page_PNDS (26)/select_--- Choose One ---Elder'  using regular expression

2018-04-18 11:08:20 - [MESSAGE][PASSED] - All options with value 'partialcaps' are selected in object 'Object Repository/Plans and Products/Page_PNDS (26)/select_--- Choose One ---Elder'  using regular expression

2018-04-18 11:08:20 - [TEST_STEP][PASSED] - selectOptionByValue: All options with value 'map' are selected in object 'Object Repository/Plans and Products/Page_PNDS (26)/select_--- Choose One ---Elder'  using regular expression

2018-04-18 11:08:20 - [MESSAGE][PASSED] - All options with value 'map' are selected in object 'Object Repository/Plans and Products/Page_PNDS (26)/select_--- Choose One ---Elder'  using regular expression

2018-04-18 11:08:20 - [TEST_STEP][PASSED] - closeBrowser: Browser is closed

2018-04-18 11:08:21 - [MESSAGE][PASSED] - Browser is closed]]></system-out>
         <system-err><![CDATA[]]></system-err>
      </testcase>
      <testcase name="Test Cases/Plans and Products/ElderServe Health" classname="Test Cases/Plans and Products/ElderServe Health" status="PASSED">
         <system-out><![CDATA[2018-04-18 11:08:21 - [TEST_CASE][PASSED] - Test Cases/Plans and Products/ElderServe Health: Test Cases/Plans and Products/ElderServe Health

2018-04-18 11:08:21 - [TEST_STEP][PASSED] - openBrowser: Browser is opened with url: ''

2018-04-18 11:08:23 - [MESSAGE][PASSED] - Browser is opened with url: ''

2018-04-18 11:08:23 - [TEST_STEP][PASSED] - navigateToUrl: Navigate to 'http://dev.providerlookup.ipro.org/' successfully

2018-04-18 11:08:24 - [MESSAGE][PASSED] - Navigate to 'http://dev.providerlookup.ipro.org/' successfully

2018-04-18 11:08:24 - [TEST_STEP][PASSED] - click: Object: 'Object Repository/Plans and Products/Page_PNDS (27)/a_Search by Health Plan' is clicked on

2018-04-18 11:08:25 - [MESSAGE][PASSED] - Object: 'Object Repository/Plans and Products/Page_PNDS (27)/a_Search by Health Plan' is clicked on

2018-04-18 11:08:25 - [TEST_STEP][PASSED] - selectOptionByValue: All options with value '0031' are selected in object 'Object Repository/Plans and Products/Page_PNDS (27)/select_--- Choose one ---Aetna'  using regular expression

2018-04-18 11:08:28 - [MESSAGE][PASSED] - All options with value '0031' are selected in object 'Object Repository/Plans and Products/Page_PNDS (27)/select_--- Choose one ---Aetna'  using regular expression

2018-04-18 11:08:28 - [TEST_STEP][PASSED] - selectOptionByValue: All options with value 'fida' are selected in object 'Object Repository/Plans and Products/Page_PNDS (27)/select_--- Choose One ---Elder'  using regular expression

2018-04-18 11:08:29 - [MESSAGE][PASSED] - All options with value 'fida' are selected in object 'Object Repository/Plans and Products/Page_PNDS (27)/select_--- Choose One ---Elder'  using regular expression

2018-04-18 11:08:29 - [TEST_STEP][PASSED] - selectOptionByValue: All options with value 'partialcaps' are selected in object 'Object Repository/Plans and Products/Page_PNDS (27)/select_--- Choose One ---Elder'  using regular expression

2018-04-18 11:08:30 - [MESSAGE][PASSED] - All options with value 'partialcaps' are selected in object 'Object Repository/Plans and Products/Page_PNDS (27)/select_--- Choose One ---Elder'  using regular expression

2018-04-18 11:08:30 - [TEST_STEP][PASSED] - closeBrowser: Browser is closed

2018-04-18 11:08:30 - [MESSAGE][PASSED] - Browser is closed]]></system-out>
         <system-err><![CDATA[]]></system-err>
      </testcase>
      <testcase name="Test Cases/Plans and Products/Emblem Health" classname="Test Cases/Plans and Products/Emblem Health" status="PASSED">
         <system-out><![CDATA[2018-04-18 11:08:30 - [TEST_CASE][PASSED] - Test Cases/Plans and Products/Emblem Health: Test Cases/Plans and Products/Emblem Health

2018-04-18 11:08:30 - [TEST_STEP][PASSED] - openBrowser: Browser is opened with url: ''

2018-04-18 11:08:33 - [MESSAGE][PASSED] - Browser is opened with url: ''

2018-04-18 11:08:33 - [TEST_STEP][PASSED] - navigateToUrl: Navigate to 'http://dev.providerlookup.ipro.org/' successfully

2018-04-18 11:08:33 - [MESSAGE][PASSED] - Navigate to 'http://dev.providerlookup.ipro.org/' successfully

2018-04-18 11:08:33 - [TEST_STEP][PASSED] - click: Object: 'Object Repository/Plans and Products/Page_PNDS (29)/a_Search by Health Plan' is clicked on

2018-04-18 11:08:34 - [MESSAGE][PASSED] - Object: 'Object Repository/Plans and Products/Page_PNDS (29)/a_Search by Health Plan' is clicked on

2018-04-18 11:08:34 - [TEST_STEP][PASSED] - selectOptionByValue: All options with value '0050' are selected in object 'Object Repository/Plans and Products/Page_PNDS (29)/select_--- Choose one ---Aetna'  using regular expression

2018-04-18 11:08:37 - [MESSAGE][PASSED] - All options with value '0050' are selected in object 'Object Repository/Plans and Products/Page_PNDS (29)/select_--- Choose one ---Aetna'  using regular expression

2018-04-18 11:08:37 - [TEST_STEP][PASSED] - selectOptionByValue: All options with value 'chpprovider' are selected in object 'Object Repository/Plans and Products/Page_PNDS (29)/select_--- Choose One ---Emble'  using regular expression

2018-04-18 11:08:38 - [MESSAGE][PASSED] - All options with value 'chpprovider' are selected in object 'Object Repository/Plans and Products/Page_PNDS (29)/select_--- Choose One ---Emble'  using regular expression

2018-04-18 11:08:38 - [TEST_STEP][PASSED] - selectOptionByValue: All options with value 'bhp,bhpplus' are selected in object 'Object Repository/Plans and Products/Page_PNDS (29)/select_--- Choose One ---Emble'  using regular expression

2018-04-18 11:08:39 - [MESSAGE][PASSED] - All options with value 'bhp,bhpplus' are selected in object 'Object Repository/Plans and Products/Page_PNDS (29)/select_--- Choose One ---Emble'  using regular expression

2018-04-18 11:08:39 - [TEST_STEP][PASSED] - selectOptionByValue: All options with value 'harp' are selected in object 'Object Repository/Plans and Products/Page_PNDS (29)/select_--- Choose One ---Emble'  using regular expression

2018-04-18 11:08:39 - [MESSAGE][PASSED] - All options with value 'harp' are selected in object 'Object Repository/Plans and Products/Page_PNDS (29)/select_--- Choose One ---Emble'  using regular expression

2018-04-18 11:08:39 - [TEST_STEP][PASSED] - selectOptionByValue: All options with value 'indivstplatinum,indivstgold,indivstsilver,indivstbronze,indivcatastrophic,indivstbronze,indivchildonlybronze,indivstsilver,indivchildonlysilver,indivstgold,indivchildonlygold,indivstplatinum,indivchildonlyplatinum,indivnonstsilver1,indivnonstsilver1,indivchildonlysilver,indivnonstbronze1,indivnonstbronze1,indivchildonlybronze' are selected in object 'Object Repository/Plans and Products/Page_PNDS (29)/select_--- Choose One ---Emble'  using regular expression

2018-04-18 11:08:40 - [MESSAGE][PASSED] - All options with value 'indivstplatinum,indivstgold,indivstsilver,indivstbronze,indivcatastrophic,indivstbronze,indivchildonlybronze,indivstsilver,indivchildonlysilver,indivstgold,indivchildonlygold,indivstplatinum,indivchildonlyplatinum,indivnonstsilver1,indivnonstsilver1,indivchildonlysilver,indivnonstbronze1,indivnonstbronze1,indivchildonlybronze' are selected in object 'Object Repository/Plans and Products/Page_PNDS (29)/select_--- Choose One ---Emble'  using regular expression

2018-04-18 11:08:40 - [TEST_STEP][PASSED] - selectOptionByValue: All options with value 'medicaidprovider' are selected in object 'Object Repository/Plans and Products/Page_PNDS (29)/select_--- Choose One ---Emble'  using regular expression

2018-04-18 11:08:41 - [MESSAGE][PASSED] - All options with value 'medicaidprovider' are selected in object 'Object Repository/Plans and Products/Page_PNDS (29)/select_--- Choose One ---Emble'  using regular expression

2018-04-18 11:08:41 - [TEST_STEP][PASSED] - selectOptionByValue: All options with value 'nonmcodental' are selected in object 'Object Repository/Plans and Products/Page_PNDS (29)/select_--- Choose One ---Emble'  using regular expression

2018-04-18 11:08:42 - [MESSAGE][PASSED] - All options with value 'nonmcodental' are selected in object 'Object Repository/Plans and Products/Page_PNDS (29)/select_--- Choose One ---Emble'  using regular expression

2018-04-18 11:08:42 - [TEST_STEP][PASSED] - selectOptionByValue: All options with value 'nonmcomedical' are selected in object 'Object Repository/Plans and Products/Page_PNDS (29)/select_--- Choose One ---Emble'  using regular expression

2018-04-18 11:08:43 - [MESSAGE][PASSED] - All options with value 'nonmcomedical' are selected in object 'Object Repository/Plans and Products/Page_PNDS (29)/select_--- Choose One ---Emble'  using regular expression

2018-04-18 11:08:43 - [TEST_STEP][PASSED] - selectOptionByValue: All options with value 'commercialprovider' are selected in object 'Object Repository/Plans and Products/Page_PNDS (29)/select_--- Choose One ---Emble'  using regular expression

2018-04-18 11:08:44 - [MESSAGE][PASSED] - All options with value 'commercialprovider' are selected in object 'Object Repository/Plans and Products/Page_PNDS (29)/select_--- Choose One ---Emble'  using regular expression

2018-04-18 11:08:44 - [TEST_STEP][PASSED] - closeBrowser: Browser is closed

2018-04-18 11:08:44 - [MESSAGE][PASSED] - Browser is closed]]></system-out>
         <system-err><![CDATA[]]></system-err>
      </testcase>
      <testcase name="Test Cases/Plans and Products/Empire BCBS" classname="Test Cases/Plans and Products/Empire BCBS" status="PASSED">
         <system-out><![CDATA[2018-04-18 11:08:44 - [TEST_CASE][PASSED] - Test Cases/Plans and Products/Empire BCBS: Test Cases/Plans and Products/Empire BCBS

2018-04-18 11:08:44 - [TEST_STEP][PASSED] - openBrowser: Browser is opened with url: ''

2018-04-18 11:08:47 - [MESSAGE][PASSED] - Browser is opened with url: ''

2018-04-18 11:08:47 - [TEST_STEP][PASSED] - navigateToUrl: Navigate to 'http://dev.providerlookup.ipro.org/' successfully

2018-04-18 11:08:48 - [MESSAGE][PASSED] - Navigate to 'http://dev.providerlookup.ipro.org/' successfully

2018-04-18 11:08:48 - [TEST_STEP][PASSED] - click: Object: 'Object Repository/Plans and Products/Page_PNDS (30)/a_Search by Health Plan' is clicked on

2018-04-18 11:08:49 - [MESSAGE][PASSED] - Object: 'Object Repository/Plans and Products/Page_PNDS (30)/a_Search by Health Plan' is clicked on

2018-04-18 11:08:49 - [TEST_STEP][PASSED] - selectOptionByValue: All options with value '0057' are selected in object 'Object Repository/Plans and Products/Page_PNDS (30)/select_--- Choose one ---Aetna'  using regular expression

2018-04-18 11:08:52 - [MESSAGE][PASSED] - All options with value '0057' are selected in object 'Object Repository/Plans and Products/Page_PNDS (30)/select_--- Choose one ---Aetna'  using regular expression

2018-04-18 11:08:52 - [TEST_STEP][PASSED] - selectOptionByValue: All options with value 'indivpeddentalhigh,indivpeddentalhigh,indivadultdental,indivadultdental,indivfamdental,indivfamdental,indivfamdental,indivfamdental' are selected in object 'Object Repository/Plans and Products/Page_PNDS (30)/select_--- Choose One ---Empir'  using regular expression

2018-04-18 11:08:53 - [MESSAGE][PASSED] - All options with value 'indivpeddentalhigh,indivpeddentalhigh,indivadultdental,indivadultdental,indivfamdental,indivfamdental,indivfamdental,indivfamdental' are selected in object 'Object Repository/Plans and Products/Page_PNDS (30)/select_--- Choose One ---Empir'  using regular expression

2018-04-18 11:08:53 - [TEST_STEP][PASSED] - selectOptionByValue: All options with value 'indivstbronze,indivstbronze,indivnonstbronze1,indivnonstbronze1,indivstsilver,indivstsilver,indivnonstsilver1,indivnonstsilver1,indivstgold,indivstgold,indivstplatinum,indivstplatinum,indivcatastrophic,indivcatastrophic,indivstbronze,indivstbronze,indivnonstbronze1,indivnonstbronze1,indivstsilver,indivstsilver,indivnonstsilver1,indivnonstsilver1,indivstgold,indivstgold,indivstplatinum,indivstplatinum,indivchildonlybronze,indivchildonlybronze,indivchildonlysilver,indivchildonlysilver,indivchildonlygold,indivchildonlygold,indivchildonlyplatinum,indivchildonlyplatinum,indivnonstgold1,indivnonstgold1,indivnonstgold1,indivnonstgold1,indivnonstplatinum1,indivnonstplatinum1,indivnonstplatinum1,indivnonstplatinum1,indivnonstsilver2,indivnonstsilver2,indivnonstsilver2,indivnonstsilver2,indivnonstbronze2,indivnonstbronze2,indivnonstbronze2,indivnonstbronze2,indivnonstgold2' are selected in object 'Object Repository/Plans and Products/Page_PNDS (30)/select_--- Choose One ---Empir'  using regular expression

2018-04-18 11:08:53 - [MESSAGE][PASSED] - All options with value 'indivstbronze,indivstbronze,indivnonstbronze1,indivnonstbronze1,indivstsilver,indivstsilver,indivnonstsilver1,indivnonstsilver1,indivstgold,indivstgold,indivstplatinum,indivstplatinum,indivcatastrophic,indivcatastrophic,indivstbronze,indivstbronze,indivnonstbronze1,indivnonstbronze1,indivstsilver,indivstsilver,indivnonstsilver1,indivnonstsilver1,indivstgold,indivstgold,indivstplatinum,indivstplatinum,indivchildonlybronze,indivchildonlybronze,indivchildonlysilver,indivchildonlysilver,indivchildonlygold,indivchildonlygold,indivchildonlyplatinum,indivchildonlyplatinum,indivnonstgold1,indivnonstgold1,indivnonstgold1,indivnonstgold1,indivnonstplatinum1,indivnonstplatinum1,indivnonstplatinum1,indivnonstplatinum1,indivnonstsilver2,indivnonstsilver2,indivnonstsilver2,indivnonstsilver2,indivnonstbronze2,indivnonstbronze2,indivnonstbronze2,indivnonstbronze2,indivnonstgold2' are selected in object 'Object Repository/Plans and Products/Page_PNDS (30)/select_--- Choose One ---Empir'  using regular expression

2018-04-18 11:08:53 - [TEST_STEP][PASSED] - selectOptionByValue: All options with value 'commercialprovider' are selected in object 'Object Repository/Plans and Products/Page_PNDS (30)/select_--- Choose One ---Empir'  using regular expression

2018-04-18 11:08:54 - [MESSAGE][PASSED] - All options with value 'commercialprovider' are selected in object 'Object Repository/Plans and Products/Page_PNDS (30)/select_--- Choose One ---Empir'  using regular expression

2018-04-18 11:08:54 - [TEST_STEP][PASSED] - selectOptionByValue: All options with value 'chpprovider' are selected in object 'Object Repository/Plans and Products/Page_PNDS (30)/select_--- Choose One ---Empir'  using regular expression

2018-04-18 11:08:55 - [MESSAGE][PASSED] - All options with value 'chpprovider' are selected in object 'Object Repository/Plans and Products/Page_PNDS (30)/select_--- Choose One ---Empir'  using regular expression

2018-04-18 11:08:55 - [TEST_STEP][PASSED] - selectOptionByValue: All options with value 'bhp,bhpplus' are selected in object 'Object Repository/Plans and Products/Page_PNDS (30)/select_--- Choose One ---Empir'  using regular expression

2018-04-18 11:08:56 - [MESSAGE][PASSED] - All options with value 'bhp,bhpplus' are selected in object 'Object Repository/Plans and Products/Page_PNDS (30)/select_--- Choose One ---Empir'  using regular expression

2018-04-18 11:08:56 - [TEST_STEP][PASSED] - selectOptionByValue: All options with value 'harp' are selected in object 'Object Repository/Plans and Products/Page_PNDS (30)/select_--- Choose One ---Empir'  using regular expression

2018-04-18 11:08:57 - [MESSAGE][PASSED] - All options with value 'harp' are selected in object 'Object Repository/Plans and Products/Page_PNDS (30)/select_--- Choose One ---Empir'  using regular expression

2018-04-18 11:08:57 - [TEST_STEP][PASSED] - selectOptionByValue: All options with value 'partialcaps' are selected in object 'Object Repository/Plans and Products/Page_PNDS (30)/select_--- Choose One ---Empir'  using regular expression

2018-04-18 11:08:58 - [MESSAGE][PASSED] - All options with value 'partialcaps' are selected in object 'Object Repository/Plans and Products/Page_PNDS (30)/select_--- Choose One ---Empir'  using regular expression

2018-04-18 11:08:58 - [TEST_STEP][PASSED] - selectOptionByValue: All options with value 'medicaidprovider' are selected in object 'Object Repository/Plans and Products/Page_PNDS (30)/select_--- Choose One ---Empir'  using regular expression

2018-04-18 11:09:00 - [MESSAGE][PASSED] - All options with value 'medicaidprovider' are selected in object 'Object Repository/Plans and Products/Page_PNDS (30)/select_--- Choose One ---Empir'  using regular expression

2018-04-18 11:09:00 - [TEST_STEP][PASSED] - selectOptionByValue: All options with value 'medicaidadvantage' are selected in object 'Object Repository/Plans and Products/Page_PNDS (30)/select_--- Choose One ---Empir'  using regular expression

2018-04-18 11:09:01 - [MESSAGE][PASSED] - All options with value 'medicaidadvantage' are selected in object 'Object Repository/Plans and Products/Page_PNDS (30)/select_--- Choose One ---Empir'  using regular expression

2018-04-18 11:09:01 - [TEST_STEP][PASSED] - selectOptionByValue: All options with value 'map' are selected in object 'Object Repository/Plans and Products/Page_PNDS (30)/select_--- Choose One ---Empir'  using regular expression

2018-04-18 11:09:02 - [MESSAGE][PASSED] - All options with value 'map' are selected in object 'Object Repository/Plans and Products/Page_PNDS (30)/select_--- Choose One ---Empir'  using regular expression

2018-04-18 11:09:02 - [TEST_STEP][PASSED] - selectOptionByValue: All options with value 'nonmcomedical' are selected in object 'Object Repository/Plans and Products/Page_PNDS (30)/select_--- Choose One ---Empir'  using regular expression

2018-04-18 11:09:02 - [MESSAGE][PASSED] - All options with value 'nonmcomedical' are selected in object 'Object Repository/Plans and Products/Page_PNDS (30)/select_--- Choose One ---Empir'  using regular expression

2018-04-18 11:09:02 - [TEST_STEP][PASSED] - selectOptionByValue: All options with value 'nonmcovision' are selected in object 'Object Repository/Plans and Products/Page_PNDS (30)/select_--- Choose One ---Empir'  using regular expression

2018-04-18 11:09:04 - [MESSAGE][PASSED] - All options with value 'nonmcovision' are selected in object 'Object Repository/Plans and Products/Page_PNDS (30)/select_--- Choose One ---Empir'  using regular expression

2018-04-18 11:09:04 - [TEST_STEP][PASSED] - selectOptionByValue: All options with value 'nonmcomedical,skp_012' are selected in object 'Object Repository/Plans and Products/Page_PNDS (30)/select_--- Choose One ---Empir'  using regular expression

2018-04-18 11:09:05 - [MESSAGE][PASSED] - All options with value 'nonmcomedical,skp_012' are selected in object 'Object Repository/Plans and Products/Page_PNDS (30)/select_--- Choose One ---Empir'  using regular expression

2018-04-18 11:09:05 - [TEST_STEP][PASSED] - selectOptionByValue: All options with value 'nonmcomedical,skp_013' are selected in object 'Object Repository/Plans and Products/Page_PNDS (30)/select_--- Choose One ---Empir'  using regular expression

2018-04-18 11:09:06 - [MESSAGE][PASSED] - All options with value 'nonmcomedical,skp_013' are selected in object 'Object Repository/Plans and Products/Page_PNDS (30)/select_--- Choose One ---Empir'  using regular expression

2018-04-18 11:09:06 - [TEST_STEP][PASSED] - closeBrowser: Browser is closed

2018-04-18 11:09:06 - [MESSAGE][PASSED] - Browser is closed]]></system-out>
         <system-err><![CDATA[]]></system-err>
      </testcase>
      <testcase name="Test Cases/Plans and Products/Excellus BlueCross BlueShield" classname="Test Cases/Plans and Products/Excellus BlueCross BlueShield" status="PASSED">
         <system-out><![CDATA[2018-04-18 11:09:06 - [TEST_CASE][PASSED] - Test Cases/Plans and Products/Excellus BlueCross BlueShield: Test Cases/Plans and Products/Excellus BlueCross BlueShield

2018-04-18 11:09:06 - [TEST_STEP][PASSED] - openBrowser: Browser is opened with url: ''

2018-04-18 11:09:09 - [MESSAGE][PASSED] - Browser is opened with url: ''

2018-04-18 11:09:09 - [TEST_STEP][PASSED] - navigateToUrl: Navigate to 'http://dev.providerlookup.ipro.org/' successfully

2018-04-18 11:09:10 - [MESSAGE][PASSED] - Navigate to 'http://dev.providerlookup.ipro.org/' successfully

2018-04-18 11:09:10 - [TEST_STEP][PASSED] - click: Object: 'Object Repository/Plans and Products/Page_PNDS (31)/a_Search by Health Plan' is clicked on

2018-04-18 11:09:11 - [MESSAGE][PASSED] - Object: 'Object Repository/Plans and Products/Page_PNDS (31)/a_Search by Health Plan' is clicked on

2018-04-18 11:09:11 - [TEST_STEP][PASSED] - selectOptionByValue: All options with value '0038' are selected in object 'Object Repository/Plans and Products/Page_PNDS (31)/select_--- Choose one ---Aetna'  using regular expression

2018-04-18 11:09:14 - [MESSAGE][PASSED] - All options with value '0038' are selected in object 'Object Repository/Plans and Products/Page_PNDS (31)/select_--- Choose one ---Aetna'  using regular expression

2018-04-18 11:09:14 - [TEST_STEP][PASSED] - selectOptionByValue: All options with value 'chpprovider' are selected in object 'Object Repository/Plans and Products/Page_PNDS (31)/select_--- Choose One ---Excel'  using regular expression

2018-04-18 11:09:14 - [MESSAGE][PASSED] - All options with value 'chpprovider' are selected in object 'Object Repository/Plans and Products/Page_PNDS (31)/select_--- Choose One ---Excel'  using regular expression

2018-04-18 11:09:14 - [TEST_STEP][PASSED] - selectOptionByValue: All options with value 'bhp,bhpplus' are selected in object 'Object Repository/Plans and Products/Page_PNDS (31)/select_--- Choose One ---Excel'  using regular expression

2018-04-18 11:09:15 - [MESSAGE][PASSED] - All options with value 'bhp,bhpplus' are selected in object 'Object Repository/Plans and Products/Page_PNDS (31)/select_--- Choose One ---Excel'  using regular expression

2018-04-18 11:09:15 - [TEST_STEP][PASSED] - selectOptionByValue: All options with value 'harp' are selected in object 'Object Repository/Plans and Products/Page_PNDS (31)/select_--- Choose One ---Excel'  using regular expression

2018-04-18 11:09:16 - [MESSAGE][PASSED] - All options with value 'harp' are selected in object 'Object Repository/Plans and Products/Page_PNDS (31)/select_--- Choose One ---Excel'  using regular expression

2018-04-18 11:09:16 - [TEST_STEP][PASSED] - selectOptionByValue: All options with value 'indivnonstgold2,indivnonstgold2,indivnonstsilver2,indivnonstsilver2' are selected in object 'Object Repository/Plans and Products/Page_PNDS (31)/select_--- Choose One ---Excel'  using regular expression

2018-04-18 11:09:17 - [MESSAGE][PASSED] - All options with value 'indivnonstgold2,indivnonstgold2,indivnonstsilver2,indivnonstsilver2' are selected in object 'Object Repository/Plans and Products/Page_PNDS (31)/select_--- Choose One ---Excel'  using regular expression

2018-04-18 11:09:17 - [TEST_STEP][PASSED] - selectOptionByValue: All options with value 'indivnonstgold3,indivnonstgold3,indivnonstsilver3,indivnonstsilver3' are selected in object 'Object Repository/Plans and Products/Page_PNDS (31)/select_--- Choose One ---Excel'  using regular expression

2018-04-18 11:09:17 - [MESSAGE][PASSED] - All options with value 'indivnonstgold3,indivnonstgold3,indivnonstsilver3,indivnonstsilver3' are selected in object 'Object Repository/Plans and Products/Page_PNDS (31)/select_--- Choose One ---Excel'  using regular expression

2018-04-18 11:09:17 - [TEST_STEP][PASSED] - selectOptionByValue: All options with value 'indivstplatinum,indivstplatinum,indivchildonlyplatinum,indivnonstplatinum1,indivnonstplatinum1,indivstgold,indivstgold,indivchildonlygold,indivstsilver,indivstsilver,indivchildonlysilver,indivnonstgold1,indivnonstgold1,indivstbronze,indivstbronze,indivchildonlybronze,indivnonstsilver1,indivnonstsilver1,indivnonstbronze1,indivnonstbronze1,indivstbronze,indivstbronze,indivchildonlybronze,indivcatastrophic' are selected in object 'Object Repository/Plans and Products/Page_PNDS (31)/select_--- Choose One ---Excel'  using regular expression

2018-04-18 11:09:18 - [MESSAGE][PASSED] - All options with value 'indivstplatinum,indivstplatinum,indivchildonlyplatinum,indivnonstplatinum1,indivnonstplatinum1,indivstgold,indivstgold,indivchildonlygold,indivstsilver,indivstsilver,indivchildonlysilver,indivnonstgold1,indivnonstgold1,indivstbronze,indivstbronze,indivchildonlybronze,indivnonstsilver1,indivnonstsilver1,indivnonstbronze1,indivnonstbronze1,indivstbronze,indivstbronze,indivchildonlybronze,indivcatastrophic' are selected in object 'Object Repository/Plans and Products/Page_PNDS (31)/select_--- Choose One ---Excel'  using regular expression

2018-04-18 11:09:18 - [TEST_STEP][PASSED] - selectOptionByValue: All options with value 'medicaidprovider' are selected in object 'Object Repository/Plans and Products/Page_PNDS (31)/select_--- Choose One ---Excel'  using regular expression

2018-04-18 11:09:19 - [MESSAGE][PASSED] - All options with value 'medicaidprovider' are selected in object 'Object Repository/Plans and Products/Page_PNDS (31)/select_--- Choose One ---Excel'  using regular expression

2018-04-18 11:09:19 - [TEST_STEP][PASSED] - selectOptionByValue: All options with value 'shopstbronze,shopstplatinum,shopstplatinum,shopstplatinum,shopstplatinum,shopstplatinum,shopstplatinum,shopstplatinum,shopstplatinum,shopnonstplatinum1,shopnonstplatinum1,shopnonstplatinum1,shopnonstplatinum1,shopnonstplatinum1,shopnonstplatinum1,shopnonstplatinum1,shopnonstplatinum1,shopnonstplatinum2,shopnonstplatinum2,shopnonstplatinum2,shopnonstplatinum2,shopnonstplatinum2,shopnonstplatinum2,shopnonstplatinum2,shopnonstplatinum2,shopnonstgold1,shopnonstgold1,shopnonstgold1,shopnonstgold1,shopnonstgold1,shopnonstgold1,shopnonstgold1,shopnonstgold1,shopstplatinum,shopstplatinum,shopstplatinum,shopstplatinum,shopstplatinum,shopstplatinum,shopstplatinum,shopstplatinum,shopstsilver,shopstsilver,shopstsilver,shopstsilver,shopstsilver,shopstsilver,shopstsilver,shopstsilver,shopstgold,shopstgold,shopstgold,shopstgold,shopstgold,shopstgold,shopstgold,shopstgold,shopnonstgold2,shopnonstgold2,shopnonstgold2,shopnonstgold2,shopnonstgold2,shopnonstgold2,shopnonstgold2,shopnonstgold2,shopstbronze,shopstbronze,shopstbro' are selected in object 'Object Repository/Plans and Products/Page_PNDS (31)/select_--- Choose One ---Excel'  using regular expression

2018-04-18 11:09:20 - [MESSAGE][PASSED] - All options with value 'shopstbronze,shopstplatinum,shopstplatinum,shopstplatinum,shopstplatinum,shopstplatinum,shopstplatinum,shopstplatinum,shopstplatinum,shopnonstplatinum1,shopnonstplatinum1,shopnonstplatinum1,shopnonstplatinum1,shopnonstplatinum1,shopnonstplatinum1,shopnonstplatinum1,shopnonstplatinum1,shopnonstplatinum2,shopnonstplatinum2,shopnonstplatinum2,shopnonstplatinum2,shopnonstplatinum2,shopnonstplatinum2,shopnonstplatinum2,shopnonstplatinum2,shopnonstgold1,shopnonstgold1,shopnonstgold1,shopnonstgold1,shopnonstgold1,shopnonstgold1,shopnonstgold1,shopnonstgold1,shopstplatinum,shopstplatinum,shopstplatinum,shopstplatinum,shopstplatinum,shopstplatinum,shopstplatinum,shopstplatinum,shopstsilver,shopstsilver,shopstsilver,shopstsilver,shopstsilver,shopstsilver,shopstsilver,shopstsilver,shopstgold,shopstgold,shopstgold,shopstgold,shopstgold,shopstgold,shopstgold,shopstgold,shopnonstgold2,shopnonstgold2,shopnonstgold2,shopnonstgold2,shopnonstgold2,shopnonstgold2,shopnonstgold2,shopnonstgold2,shopstbronze,shopstbronze,shopstbro' are selected in object 'Object Repository/Plans and Products/Page_PNDS (31)/select_--- Choose One ---Excel'  using regular expression

2018-04-18 11:09:20 - [TEST_STEP][PASSED] - selectOptionByValue: All options with value 'commercialprovider' are selected in object 'Object Repository/Plans and Products/Page_PNDS (31)/select_--- Choose One ---Excel'  using regular expression

2018-04-18 11:09:20 - [MESSAGE][PASSED] - All options with value 'commercialprovider' are selected in object 'Object Repository/Plans and Products/Page_PNDS (31)/select_--- Choose One ---Excel'  using regular expression

2018-04-18 11:09:20 - [TEST_STEP][PASSED] - closeBrowser: Browser is closed

2018-04-18 11:09:21 - [MESSAGE][PASSED] - Browser is closed]]></system-out>
         <system-err><![CDATA[]]></system-err>
      </testcase>
      <testcase name="Test Cases/Plans and Products/Extended MLTC" classname="Test Cases/Plans and Products/Extended MLTC" status="PASSED">
         <system-out><![CDATA[2018-04-18 11:09:21 - [TEST_CASE][PASSED] - Test Cases/Plans and Products/Extended MLTC: Test Cases/Plans and Products/Extended MLTC

2018-04-18 11:09:21 - [TEST_STEP][PASSED] - openBrowser: Browser is opened with url: ''

2018-04-18 11:09:23 - [MESSAGE][PASSED] - Browser is opened with url: ''

2018-04-18 11:09:23 - [TEST_STEP][PASSED] - navigateToUrl: Navigate to 'http://dev.providerlookup.ipro.org/' successfully

2018-04-18 11:09:24 - [MESSAGE][PASSED] - Navigate to 'http://dev.providerlookup.ipro.org/' successfully

2018-04-18 11:09:24 - [TEST_STEP][PASSED] - click: Object: 'Object Repository/Plans and Products/Page_PNDS (32)/a_Search by Health Plan' is clicked on

2018-04-18 11:09:25 - [MESSAGE][PASSED] - Object: 'Object Repository/Plans and Products/Page_PNDS (32)/a_Search by Health Plan' is clicked on

2018-04-18 11:09:25 - [TEST_STEP][PASSED] - selectOptionByValue: All options with value '0042' are selected in object 'Object Repository/Plans and Products/Page_PNDS (32)/select_--- Choose one ---Aetna'  using regular expression

2018-04-18 11:09:28 - [MESSAGE][PASSED] - All options with value '0042' are selected in object 'Object Repository/Plans and Products/Page_PNDS (32)/select_--- Choose one ---Aetna'  using regular expression

2018-04-18 11:09:28 - [TEST_STEP][PASSED] - selectOptionByValue: All options with value 'partialcaps' are selected in object 'Object Repository/Plans and Products/Page_PNDS (32)/select_--- Choose One ---Exten'  using regular expression

2018-04-18 11:09:28 - [MESSAGE][PASSED] - All options with value 'partialcaps' are selected in object 'Object Repository/Plans and Products/Page_PNDS (32)/select_--- Choose One ---Exten'  using regular expression

2018-04-18 11:09:28 - [TEST_STEP][PASSED] - closeBrowser: Browser is closed

2018-04-18 11:09:28 - [MESSAGE][PASSED] - Browser is closed]]></system-out>
         <system-err><![CDATA[]]></system-err>
      </testcase>
      <testcase name="Test Cases/Plans and Products/Fallon Health Weinberg" classname="Test Cases/Plans and Products/Fallon Health Weinberg" status="PASSED">
         <system-out><![CDATA[2018-04-18 11:09:28 - [TEST_CASE][PASSED] - Test Cases/Plans and Products/Fallon Health Weinberg: Test Cases/Plans and Products/Fallon Health Weinberg

2018-04-18 11:09:28 - [TEST_STEP][PASSED] - openBrowser: Browser is opened with url: ''

2018-04-18 11:09:31 - [MESSAGE][PASSED] - Browser is opened with url: ''

2018-04-18 11:09:31 - [TEST_STEP][PASSED] - navigateToUrl: Navigate to 'http://dev.providerlookup.ipro.org/' successfully

2018-04-18 11:09:32 - [MESSAGE][PASSED] - Navigate to 'http://dev.providerlookup.ipro.org/' successfully

2018-04-18 11:09:32 - [TEST_STEP][PASSED] - click: Object: 'Object Repository/Plans and Products/Page_PNDS (33)/a_Search by Health Plan' is clicked on

2018-04-18 11:09:33 - [MESSAGE][PASSED] - Object: 'Object Repository/Plans and Products/Page_PNDS (33)/a_Search by Health Plan' is clicked on

2018-04-18 11:09:33 - [TEST_STEP][PASSED] - selectOptionByValue: All options with value '0043' are selected in object 'Object Repository/Plans and Products/Page_PNDS (33)/select_--- Choose one ---Aetna'  using regular expression

2018-04-18 11:09:35 - [MESSAGE][PASSED] - All options with value '0043' are selected in object 'Object Repository/Plans and Products/Page_PNDS (33)/select_--- Choose one ---Aetna'  using regular expression

2018-04-18 11:09:35 - [TEST_STEP][PASSED] - selectOptionByValue: All options with value 'partialcaps' are selected in object 'Object Repository/Plans and Products/Page_PNDS (33)/select_--- Choose One ---Fallo'  using regular expression

2018-04-18 11:09:36 - [MESSAGE][PASSED] - All options with value 'partialcaps' are selected in object 'Object Repository/Plans and Products/Page_PNDS (33)/select_--- Choose One ---Fallo'  using regular expression

2018-04-18 11:09:36 - [TEST_STEP][PASSED] - selectOptionByValue: All options with value 'pace' are selected in object 'Object Repository/Plans and Products/Page_PNDS (33)/select_--- Choose One ---Fallo'  using regular expression

2018-04-18 11:09:36 - [MESSAGE][PASSED] - All options with value 'pace' are selected in object 'Object Repository/Plans and Products/Page_PNDS (33)/select_--- Choose One ---Fallo'  using regular expression

2018-04-18 11:09:36 - [TEST_STEP][PASSED] - closeBrowser: Browser is closed

2018-04-18 11:09:37 - [MESSAGE][PASSED] - Browser is closed]]></system-out>
         <system-err><![CDATA[]]></system-err>
      </testcase>
      <testcase name="Test Cases/Plans and Products/Fidelis" classname="Test Cases/Plans and Products/Fidelis" status="PASSED">
         <system-out><![CDATA[2018-04-18 11:09:37 - [TEST_CASE][PASSED] - Test Cases/Plans and Products/Fidelis: Test Cases/Plans and Products/Fidelis

2018-04-18 11:09:37 - [TEST_STEP][PASSED] - openBrowser: Browser is opened with url: ''

2018-04-18 11:09:40 - [MESSAGE][PASSED] - Browser is opened with url: ''

2018-04-18 11:09:40 - [TEST_STEP][PASSED] - navigateToUrl: Navigate to 'http://dev.providerlookup.ipro.org/' successfully

2018-04-18 11:09:41 - [MESSAGE][PASSED] - Navigate to 'http://dev.providerlookup.ipro.org/' successfully

2018-04-18 11:09:41 - [TEST_STEP][PASSED] - click: Object: 'Object Repository/Plans and Products/Page_PNDS (34)/a_Search by Health Plan' is clicked on

2018-04-18 11:09:42 - [MESSAGE][PASSED] - Object: 'Object Repository/Plans and Products/Page_PNDS (34)/a_Search by Health Plan' is clicked on

2018-04-18 11:09:42 - [TEST_STEP][PASSED] - selectOptionByValue: All options with value '0044' are selected in object 'Object Repository/Plans and Products/Page_PNDS (34)/select_--- Choose one ---Aetna'  using regular expression

2018-04-18 11:09:45 - [MESSAGE][PASSED] - All options with value '0044' are selected in object 'Object Repository/Plans and Products/Page_PNDS (34)/select_--- Choose one ---Aetna'  using regular expression

2018-04-18 11:09:45 - [TEST_STEP][PASSED] - selectOptionByValue: All options with value 'chpprovider' are selected in object 'Object Repository/Plans and Products/Page_PNDS (34)/select_--- Choose One ---Fidel'  using regular expression

2018-04-18 11:09:45 - [MESSAGE][PASSED] - All options with value 'chpprovider' are selected in object 'Object Repository/Plans and Products/Page_PNDS (34)/select_--- Choose One ---Fidel'  using regular expression

2018-04-18 11:09:45 - [TEST_STEP][PASSED] - selectOptionByValue: All options with value 'bhp,bhpplus' are selected in object 'Object Repository/Plans and Products/Page_PNDS (34)/select_--- Choose One ---Fidel'  using regular expression

2018-04-18 11:09:46 - [MESSAGE][PASSED] - All options with value 'bhp,bhpplus' are selected in object 'Object Repository/Plans and Products/Page_PNDS (34)/select_--- Choose One ---Fidel'  using regular expression

2018-04-18 11:09:46 - [TEST_STEP][PASSED] - selectOptionByValue: All options with value 'fida' are selected in object 'Object Repository/Plans and Products/Page_PNDS (34)/select_--- Choose One ---Fidel'  using regular expression

2018-04-18 11:09:47 - [MESSAGE][PASSED] - All options with value 'fida' are selected in object 'Object Repository/Plans and Products/Page_PNDS (34)/select_--- Choose One ---Fidel'  using regular expression

2018-04-18 11:09:47 - [TEST_STEP][PASSED] - selectOptionByValue: All options with value 'harp' are selected in object 'Object Repository/Plans and Products/Page_PNDS (34)/select_--- Choose One ---Fidel'  using regular expression

2018-04-18 11:09:47 - [MESSAGE][PASSED] - All options with value 'harp' are selected in object 'Object Repository/Plans and Products/Page_PNDS (34)/select_--- Choose One ---Fidel'  using regular expression

2018-04-18 11:09:47 - [TEST_STEP][PASSED] - selectOptionByValue: All options with value 'indivstbronze,indivstsilver,indivstgold,indivstplatinum,indivchildonlybronze,indivchildonlysilver,indivchildonlygold,indivchildonlyplatinum,indivcatastrophic,indivstbronze,indivstsilver,indivstgold,indivstplatinum' are selected in object 'Object Repository/Plans and Products/Page_PNDS (34)/select_--- Choose One ---Fidel'  using regular expression

2018-04-18 11:09:48 - [MESSAGE][PASSED] - All options with value 'indivstbronze,indivstsilver,indivstgold,indivstplatinum,indivchildonlybronze,indivchildonlysilver,indivchildonlygold,indivchildonlyplatinum,indivcatastrophic,indivstbronze,indivstsilver,indivstgold,indivstplatinum' are selected in object 'Object Repository/Plans and Products/Page_PNDS (34)/select_--- Choose One ---Fidel'  using regular expression

2018-04-18 11:09:48 - [TEST_STEP][PASSED] - selectOptionByValue: All options with value 'partialcaps' are selected in object 'Object Repository/Plans and Products/Page_PNDS (34)/select_--- Choose One ---Fidel'  using regular expression

2018-04-18 11:09:49 - [MESSAGE][PASSED] - All options with value 'partialcaps' are selected in object 'Object Repository/Plans and Products/Page_PNDS (34)/select_--- Choose One ---Fidel'  using regular expression

2018-04-18 11:09:49 - [TEST_STEP][PASSED] - selectOptionByValue: All options with value 'medicaidprovider' are selected in object 'Object Repository/Plans and Products/Page_PNDS (34)/select_--- Choose One ---Fidel'  using regular expression

2018-04-18 11:09:50 - [MESSAGE][PASSED] - All options with value 'medicaidprovider' are selected in object 'Object Repository/Plans and Products/Page_PNDS (34)/select_--- Choose One ---Fidel'  using regular expression

2018-04-18 11:09:50 - [TEST_STEP][PASSED] - selectOptionByValue: All options with value 'medicaidadvantage' are selected in object 'Object Repository/Plans and Products/Page_PNDS (34)/select_--- Choose One ---Fidel'  using regular expression

2018-04-18 11:09:51 - [MESSAGE][PASSED] - All options with value 'medicaidadvantage' are selected in object 'Object Repository/Plans and Products/Page_PNDS (34)/select_--- Choose One ---Fidel'  using regular expression

2018-04-18 11:09:51 - [TEST_STEP][PASSED] - selectOptionByValue: All options with value 'map' are selected in object 'Object Repository/Plans and Products/Page_PNDS (34)/select_--- Choose One ---Fidel'  using regular expression

2018-04-18 11:09:51 - [MESSAGE][PASSED] - All options with value 'map' are selected in object 'Object Repository/Plans and Products/Page_PNDS (34)/select_--- Choose One ---Fidel'  using regular expression

2018-04-18 11:09:51 - [TEST_STEP][PASSED] - closeBrowser: Browser is closed

2018-04-18 11:09:51 - [MESSAGE][PASSED] - Browser is closed]]></system-out>
         <system-err><![CDATA[]]></system-err>
      </testcase>
      <testcase name="Test Cases/Plans and Products/Fidelity Security" classname="Test Cases/Plans and Products/Fidelity Security" status="PASSED">
         <system-out><![CDATA[2018-04-18 11:09:51 - [TEST_CASE][PASSED] - Test Cases/Plans and Products/Fidelity Security: Test Cases/Plans and Products/Fidelity Security

2018-04-18 11:09:52 - [TEST_STEP][PASSED] - openBrowser: Browser is opened with url: ''

2018-04-18 11:09:54 - [MESSAGE][PASSED] - Browser is opened with url: ''

2018-04-18 11:09:54 - [TEST_STEP][PASSED] - navigateToUrl: Navigate to 'http://dev.providerlookup.ipro.org/' successfully

2018-04-18 11:09:55 - [MESSAGE][PASSED] - Navigate to 'http://dev.providerlookup.ipro.org/' successfully

2018-04-18 11:09:55 - [TEST_STEP][PASSED] - click: Object: 'Object Repository/Plans and Products/Page_PNDS (35)/a_Search by Health Plan' is clicked on

2018-04-18 11:09:56 - [MESSAGE][PASSED] - Object: 'Object Repository/Plans and Products/Page_PNDS (35)/a_Search by Health Plan' is clicked on

2018-04-18 11:09:56 - [TEST_STEP][PASSED] - selectOptionByValue: All options with value '0045' are selected in object 'Object Repository/Plans and Products/Page_PNDS (35)/select_--- Choose one ---Aetna'  using regular expression

2018-04-18 11:10:00 - [MESSAGE][PASSED] - All options with value '0045' are selected in object 'Object Repository/Plans and Products/Page_PNDS (35)/select_--- Choose one ---Aetna'  using regular expression

2018-04-18 11:10:00 - [TEST_STEP][PASSED] - selectOptionByValue: All options with value 'nonmcovision' are selected in object 'Object Repository/Plans and Products/Page_PNDS (35)/select_--- Choose One ---Fidel'  using regular expression

2018-04-18 11:10:01 - [MESSAGE][PASSED] - All options with value 'nonmcovision' are selected in object 'Object Repository/Plans and Products/Page_PNDS (35)/select_--- Choose One ---Fidel'  using regular expression

2018-04-18 11:10:01 - [TEST_STEP][PASSED] - selectOptionByValue: All options with value 'nonmcovision,skp_001' are selected in object 'Object Repository/Plans and Products/Page_PNDS (35)/select_--- Choose One ---Fidel'  using regular expression

2018-04-18 11:10:01 - [MESSAGE][PASSED] - All options with value 'nonmcovision,skp_001' are selected in object 'Object Repository/Plans and Products/Page_PNDS (35)/select_--- Choose One ---Fidel'  using regular expression

2018-04-18 11:10:01 - [TEST_STEP][PASSED] - selectOptionByValue: All options with value 'nonmcovision,skp_002' are selected in object 'Object Repository/Plans and Products/Page_PNDS (35)/select_--- Choose One ---Fidel'  using regular expression

2018-04-18 11:10:02 - [MESSAGE][PASSED] - All options with value 'nonmcovision,skp_002' are selected in object 'Object Repository/Plans and Products/Page_PNDS (35)/select_--- Choose One ---Fidel'  using regular expression

2018-04-18 11:10:02 - [TEST_STEP][PASSED] - selectOptionByValue: All options with value 'nonmcovision,skp_003' are selected in object 'Object Repository/Plans and Products/Page_PNDS (35)/select_--- Choose One ---Fidel'  using regular expression

2018-04-18 11:10:03 - [MESSAGE][PASSED] - All options with value 'nonmcovision,skp_003' are selected in object 'Object Repository/Plans and Products/Page_PNDS (35)/select_--- Choose One ---Fidel'  using regular expression

2018-04-18 11:10:03 - [TEST_STEP][PASSED] - selectOptionByValue: All options with value 'nonmcovision,skp_004' are selected in object 'Object Repository/Plans and Products/Page_PNDS (35)/select_--- Choose One ---Fidel'  using regular expression

2018-04-18 11:10:04 - [MESSAGE][PASSED] - All options with value 'nonmcovision,skp_004' are selected in object 'Object Repository/Plans and Products/Page_PNDS (35)/select_--- Choose One ---Fidel'  using regular expression

2018-04-18 11:10:04 - [TEST_STEP][PASSED] - closeBrowser: Browser is closed

2018-04-18 11:10:04 - [MESSAGE][PASSED] - Browser is closed]]></system-out>
         <system-err><![CDATA[]]></system-err>
      </testcase>
      <testcase name="Test Cases/Plans and Products/First Reliance" classname="Test Cases/Plans and Products/First Reliance" status="PASSED">
         <system-out><![CDATA[2018-04-18 11:10:04 - [TEST_CASE][PASSED] - Test Cases/Plans and Products/First Reliance: Test Cases/Plans and Products/First Reliance

2018-04-18 11:10:04 - [TEST_STEP][PASSED] - openBrowser: Browser is opened with url: ''

2018-04-18 11:10:07 - [MESSAGE][PASSED] - Browser is opened with url: ''

2018-04-18 11:10:07 - [TEST_STEP][PASSED] - navigateToUrl: Navigate to 'http://dev.providerlookup.ipro.org/' successfully

2018-04-18 11:10:08 - [MESSAGE][PASSED] - Navigate to 'http://dev.providerlookup.ipro.org/' successfully

2018-04-18 11:10:08 - [TEST_STEP][PASSED] - click: Object: 'Object Repository/Plans and Products/Page_PNDS (36)/a_Search by Health Plan' is clicked on

2018-04-18 11:10:08 - [MESSAGE][PASSED] - Object: 'Object Repository/Plans and Products/Page_PNDS (36)/a_Search by Health Plan' is clicked on

2018-04-18 11:10:08 - [TEST_STEP][PASSED] - selectOptionByValue: All options with value '0138' are selected in object 'Object Repository/Plans and Products/Page_PNDS (36)/select_--- Choose one ---Aetna'  using regular expression

2018-04-18 11:10:11 - [MESSAGE][PASSED] - All options with value '0138' are selected in object 'Object Repository/Plans and Products/Page_PNDS (36)/select_--- Choose one ---Aetna'  using regular expression

2018-04-18 11:10:11 - [TEST_STEP][PASSED] - selectOptionByValue: All options with value 'nonmcodental' are selected in object 'Object Repository/Plans and Products/Page_PNDS (36)/select_--- Choose One ---First'  using regular expression

2018-04-18 11:10:11 - [MESSAGE][PASSED] - All options with value 'nonmcodental' are selected in object 'Object Repository/Plans and Products/Page_PNDS (36)/select_--- Choose One ---First'  using regular expression

2018-04-18 11:10:11 - [TEST_STEP][PASSED] - selectOptionByValue: All options with value 'nonmcovision' are selected in object 'Object Repository/Plans and Products/Page_PNDS (36)/select_--- Choose One ---First'  using regular expression

2018-04-18 11:10:12 - [MESSAGE][PASSED] - All options with value 'nonmcovision' are selected in object 'Object Repository/Plans and Products/Page_PNDS (36)/select_--- Choose One ---First'  using regular expression

2018-04-18 11:10:12 - [TEST_STEP][PASSED] - selectOptionByValue: All options with value 'nonmcovision,skp_002' are selected in object 'Object Repository/Plans and Products/Page_PNDS (36)/select_--- Choose One ---First'  using regular expression

2018-04-18 11:10:13 - [MESSAGE][PASSED] - All options with value 'nonmcovision,skp_002' are selected in object 'Object Repository/Plans and Products/Page_PNDS (36)/select_--- Choose One ---First'  using regular expression

2018-04-18 11:10:13 - [TEST_STEP][PASSED] - selectOptionByValue: All options with value 'nonmcodental,skp_003' are selected in object 'Object Repository/Plans and Products/Page_PNDS (36)/select_--- Choose One ---First'  using regular expression

2018-04-18 11:10:13 - [MESSAGE][PASSED] - All options with value 'nonmcodental,skp_003' are selected in object 'Object Repository/Plans and Products/Page_PNDS (36)/select_--- Choose One ---First'  using regular expression

2018-04-18 11:10:13 - [TEST_STEP][PASSED] - selectOptionByValue: All options with value 'nonmcovision,skp_004' are selected in object 'Object Repository/Plans and Products/Page_PNDS (36)/select_--- Choose One ---First'  using regular expression

2018-04-18 11:10:14 - [MESSAGE][PASSED] - All options with value 'nonmcovision,skp_004' are selected in object 'Object Repository/Plans and Products/Page_PNDS (36)/select_--- Choose One ---First'  using regular expression

2018-04-18 11:10:14 - [TEST_STEP][PASSED] - selectOptionByValue: All options with value 'nonmcovision,skp_005' are selected in object 'Object Repository/Plans and Products/Page_PNDS (36)/select_--- Choose One ---First'  using regular expression

2018-04-18 11:10:15 - [MESSAGE][PASSED] - All options with value 'nonmcovision,skp_005' are selected in object 'Object Repository/Plans and Products/Page_PNDS (36)/select_--- Choose One ---First'  using regular expression

2018-04-18 11:10:15 - [TEST_STEP][PASSED] - closeBrowser: Browser is closed

2018-04-18 11:10:15 - [MESSAGE][PASSED] - Browser is closed]]></system-out>
         <system-err><![CDATA[]]></system-err>
      </testcase>
      <testcase name="Test Cases/Plans and Products/Gerber Life insurance" classname="Test Cases/Plans and Products/Gerber Life insurance" status="PASSED">
         <system-out><![CDATA[2018-04-18 11:10:15 - [TEST_CASE][PASSED] - Test Cases/Plans and Products/Gerber Life insurance: Test Cases/Plans and Products/Gerber Life insurance

2018-04-18 11:10:15 - [TEST_STEP][PASSED] - openBrowser: Browser is opened with url: ''

2018-04-18 11:10:18 - [MESSAGE][PASSED] - Browser is opened with url: ''

2018-04-18 11:10:18 - [TEST_STEP][PASSED] - navigateToUrl: Navigate to 'http://dev.providerlookup.ipro.org/' successfully

2018-04-18 11:10:19 - [MESSAGE][PASSED] - Navigate to 'http://dev.providerlookup.ipro.org/' successfully

2018-04-18 11:10:19 - [TEST_STEP][PASSED] - click: Object: 'Object Repository/Plans and Products/Page_PNDS (37)/a_Search by Health Plan' is clicked on

2018-04-18 11:10:19 - [MESSAGE][PASSED] - Object: 'Object Repository/Plans and Products/Page_PNDS (37)/a_Search by Health Plan' is clicked on

2018-04-18 11:10:19 - [TEST_STEP][PASSED] - selectOptionByValue: All options with value '0046' are selected in object 'Object Repository/Plans and Products/Page_PNDS (37)/select_--- Choose one ---Aetna'  using regular expression

2018-04-18 11:10:22 - [MESSAGE][PASSED] - All options with value '0046' are selected in object 'Object Repository/Plans and Products/Page_PNDS (37)/select_--- Choose one ---Aetna'  using regular expression

2018-04-18 11:10:22 - [TEST_STEP][PASSED] - selectOptionByValue: All options with value 'nonmcovision' are selected in object 'Object Repository/Plans and Products/Page_PNDS (37)/select_--- Choose One ---Gerbe'  using regular expression

2018-04-18 11:10:23 - [MESSAGE][PASSED] - All options with value 'nonmcovision' are selected in object 'Object Repository/Plans and Products/Page_PNDS (37)/select_--- Choose One ---Gerbe'  using regular expression

2018-04-18 11:10:23 - [TEST_STEP][PASSED] - closeBrowser: Browser is closed

2018-04-18 11:10:23 - [MESSAGE][PASSED] - Browser is closed]]></system-out>
         <system-err><![CDATA[]]></system-err>
      </testcase>
      <testcase name="Test Cases/Plans and Products/Guardian Life insurance" classname="Test Cases/Plans and Products/Guardian Life insurance" status="PASSED">
         <system-out><![CDATA[2018-04-18 11:10:23 - [TEST_CASE][PASSED] - Test Cases/Plans and Products/Guardian Life insurance: Test Cases/Plans and Products/Guardian Life insurance

2018-04-18 11:10:23 - [TEST_STEP][PASSED] - openBrowser: Browser is opened with url: ''

2018-04-18 11:10:26 - [MESSAGE][PASSED] - Browser is opened with url: ''

2018-04-18 11:10:26 - [TEST_STEP][PASSED] - navigateToUrl: Navigate to 'http://dev.providerlookup.ipro.org/' successfully

2018-04-18 11:10:27 - [MESSAGE][PASSED] - Navigate to 'http://dev.providerlookup.ipro.org/' successfully

2018-04-18 11:10:27 - [TEST_STEP][PASSED] - click: Object: 'Object Repository/Plans and Products/Page_PNDS (38)/a_Search by Health Plan' is clicked on

2018-04-18 11:10:27 - [MESSAGE][PASSED] - Object: 'Object Repository/Plans and Products/Page_PNDS (38)/a_Search by Health Plan' is clicked on

2018-04-18 11:10:27 - [TEST_STEP][PASSED] - selectOptionByValue: All options with value '0047' are selected in object 'Object Repository/Plans and Products/Page_PNDS (38)/select_--- Choose one ---Aetna'  using regular expression

2018-04-18 11:10:31 - [MESSAGE][PASSED] - All options with value '0047' are selected in object 'Object Repository/Plans and Products/Page_PNDS (38)/select_--- Choose one ---Aetna'  using regular expression

2018-04-18 11:10:31 - [TEST_STEP][PASSED] - selectOptionByValue: All options with value 'nonmcodental' are selected in object 'Object Repository/Plans and Products/Page_PNDS (38)/select_--- Choose One ---Guard'  using regular expression

2018-04-18 11:10:32 - [MESSAGE][PASSED] - All options with value 'nonmcodental' are selected in object 'Object Repository/Plans and Products/Page_PNDS (38)/select_--- Choose One ---Guard'  using regular expression

2018-04-18 11:10:32 - [TEST_STEP][PASSED] - selectOptionByValue: All options with value 'indivfamdental,indivpeddentallow' are selected in object 'Object Repository/Plans and Products/Page_PNDS (38)/select_--- Choose One ---Guard'  using regular expression

2018-04-18 11:10:32 - [MESSAGE][PASSED] - All options with value 'indivfamdental,indivpeddentallow' are selected in object 'Object Repository/Plans and Products/Page_PNDS (38)/select_--- Choose One ---Guard'  using regular expression

2018-04-18 11:10:32 - [TEST_STEP][PASSED] - selectOptionByValue: All options with value 'indivadultdental,indivpeddentalhigh' are selected in object 'Object Repository/Plans and Products/Page_PNDS (38)/select_--- Choose One ---Guard'  using regular expression

2018-04-18 11:10:33 - [MESSAGE][PASSED] - All options with value 'indivadultdental,indivpeddentalhigh' are selected in object 'Object Repository/Plans and Products/Page_PNDS (38)/select_--- Choose One ---Guard'  using regular expression

2018-04-18 11:10:33 - [TEST_STEP][PASSED] - selectOptionByValue: All options with value 'shopadultdental,shopfamdental,shoppeddentalhigh,shoppeddentallow' are selected in object 'Object Repository/Plans and Products/Page_PNDS (38)/select_--- Choose One ---Guard'  using regular expression

2018-04-18 11:10:34 - [MESSAGE][PASSED] - All options with value 'shopadultdental,shopfamdental,shoppeddentalhigh,shoppeddentallow' are selected in object 'Object Repository/Plans and Products/Page_PNDS (38)/select_--- Choose One ---Guard'  using regular expression

2018-04-18 11:10:34 - [TEST_STEP][PASSED] - closeBrowser: Browser is closed

2018-04-18 11:10:34 - [MESSAGE][PASSED] - Browser is closed]]></system-out>
         <system-err><![CDATA[]]></system-err>
      </testcase>
      <testcase name="Test Cases/Plans and Products/Guildnet" classname="Test Cases/Plans and Products/Guildnet" status="PASSED">
         <system-out><![CDATA[2018-04-18 11:10:34 - [TEST_CASE][PASSED] - Test Cases/Plans and Products/Guildnet: Test Cases/Plans and Products/Guildnet

2018-04-18 11:10:34 - [TEST_STEP][PASSED] - openBrowser: Browser is opened with url: ''

2018-04-18 11:10:37 - [MESSAGE][PASSED] - Browser is opened with url: ''

2018-04-18 11:10:37 - [TEST_STEP][PASSED] - navigateToUrl: Navigate to 'http://dev.providerlookup.ipro.org/' successfully

2018-04-18 11:10:38 - [MESSAGE][PASSED] - Navigate to 'http://dev.providerlookup.ipro.org/' successfully

2018-04-18 11:10:38 - [TEST_STEP][PASSED] - click: Object: 'Object Repository/Plans and Products/Page_PNDS (39)/a_Search by Health Plan' is clicked on

2018-04-18 11:10:38 - [MESSAGE][PASSED] - Object: 'Object Repository/Plans and Products/Page_PNDS (39)/a_Search by Health Plan' is clicked on

2018-04-18 11:10:38 - [TEST_STEP][PASSED] - selectOptionByValue: All options with value '0048' are selected in object 'Object Repository/Plans and Products/Page_PNDS (39)/select_--- Choose one ---Aetna'  using regular expression

2018-04-18 11:10:42 - [MESSAGE][PASSED] - All options with value '0048' are selected in object 'Object Repository/Plans and Products/Page_PNDS (39)/select_--- Choose one ---Aetna'  using regular expression

2018-04-18 11:10:42 - [TEST_STEP][PASSED] - selectOptionByValue: All options with value 'fida' are selected in object 'Object Repository/Plans and Products/Page_PNDS (39)/select_--- Choose One ---Guild'  using regular expression

2018-04-18 11:10:43 - [MESSAGE][PASSED] - All options with value 'fida' are selected in object 'Object Repository/Plans and Products/Page_PNDS (39)/select_--- Choose One ---Guild'  using regular expression

2018-04-18 11:10:43 - [TEST_STEP][PASSED] - selectOptionByValue: All options with value 'partialcaps' are selected in object 'Object Repository/Plans and Products/Page_PNDS (39)/select_--- Choose One ---Guild'  using regular expression

2018-04-18 11:10:43 - [MESSAGE][PASSED] - All options with value 'partialcaps' are selected in object 'Object Repository/Plans and Products/Page_PNDS (39)/select_--- Choose One ---Guild'  using regular expression

2018-04-18 11:10:43 - [TEST_STEP][PASSED] - selectOptionByValue: All options with value 'medicaidadvantage' are selected in object 'Object Repository/Plans and Products/Page_PNDS (39)/select_--- Choose One ---Guild'  using regular expression

2018-04-18 11:10:44 - [MESSAGE][PASSED] - All options with value 'medicaidadvantage' are selected in object 'Object Repository/Plans and Products/Page_PNDS (39)/select_--- Choose One ---Guild'  using regular expression

2018-04-18 11:10:44 - [TEST_STEP][PASSED] - selectOptionByValue: All options with value 'map' are selected in object 'Object Repository/Plans and Products/Page_PNDS (39)/select_--- Choose One ---Guild'  using regular expression

2018-04-18 11:10:45 - [MESSAGE][PASSED] - All options with value 'map' are selected in object 'Object Repository/Plans and Products/Page_PNDS (39)/select_--- Choose One ---Guild'  using regular expression

2018-04-18 11:10:45 - [TEST_STEP][PASSED] - closeBrowser: Browser is closed

2018-04-18 11:10:45 - [MESSAGE][PASSED] - Browser is closed]]></system-out>
         <system-err><![CDATA[]]></system-err>
      </testcase>
      <testcase name="Test Cases/Plans and Products/Hamaspik Choice" classname="Test Cases/Plans and Products/Hamaspik Choice" status="PASSED">
         <system-out><![CDATA[2018-04-18 11:10:45 - [TEST_CASE][PASSED] - Test Cases/Plans and Products/Hamaspik Choice: Test Cases/Plans and Products/Hamaspik Choice

2018-04-18 11:10:45 - [TEST_STEP][PASSED] - openBrowser: Browser is opened with url: ''

2018-04-18 11:10:48 - [MESSAGE][PASSED] - Browser is opened with url: ''

2018-04-18 11:10:48 - [TEST_STEP][PASSED] - navigateToUrl: Navigate to 'http://dev.providerlookup.ipro.org/' successfully

2018-04-18 11:10:49 - [MESSAGE][PASSED] - Navigate to 'http://dev.providerlookup.ipro.org/' successfully

2018-04-18 11:10:49 - [TEST_STEP][PASSED] - click: Object: 'Object Repository/Plans and Products/Page_PNDS (40)/a_Search by Health Plan' is clicked on

2018-04-18 11:10:49 - [MESSAGE][PASSED] - Object: 'Object Repository/Plans and Products/Page_PNDS (40)/a_Search by Health Plan' is clicked on

2018-04-18 11:10:49 - [TEST_STEP][PASSED] - selectOptionByValue: All options with value '0049' are selected in object 'Object Repository/Plans and Products/Page_PNDS (40)/select_--- Choose one ---Aetna'  using regular expression

2018-04-18 11:10:53 - [MESSAGE][PASSED] - All options with value '0049' are selected in object 'Object Repository/Plans and Products/Page_PNDS (40)/select_--- Choose one ---Aetna'  using regular expression

2018-04-18 11:10:53 - [TEST_STEP][PASSED] - selectOptionByValue: All options with value 'partialcaps' are selected in object 'Object Repository/Plans and Products/Page_PNDS (40)/select_--- Choose One ---Hamas'  using regular expression

2018-04-18 11:10:54 - [MESSAGE][PASSED] - All options with value 'partialcaps' are selected in object 'Object Repository/Plans and Products/Page_PNDS (40)/select_--- Choose One ---Hamas'  using regular expression

2018-04-18 11:10:54 - [TEST_STEP][PASSED] - closeBrowser: Browser is closed

2018-04-18 11:10:54 - [MESSAGE][PASSED] - Browser is closed]]></system-out>
         <system-err><![CDATA[]]></system-err>
      </testcase>
      <testcase name="Test Cases/Plans and Products/Health Plex" classname="Test Cases/Plans and Products/Health Plex" status="PASSED">
         <system-out><![CDATA[2018-04-18 11:10:54 - [TEST_CASE][PASSED] - Test Cases/Plans and Products/Health Plex: Test Cases/Plans and Products/Health Plex

2018-04-18 11:10:54 - [TEST_STEP][PASSED] - openBrowser: Browser is opened with url: ''

2018-04-18 11:10:57 - [MESSAGE][PASSED] - Browser is opened with url: ''

2018-04-18 11:10:57 - [TEST_STEP][PASSED] - navigateToUrl: Navigate to 'http://dev.providerlookup.ipro.org/' successfully

2018-04-18 11:10:57 - [MESSAGE][PASSED] - Navigate to 'http://dev.providerlookup.ipro.org/' successfully

2018-04-18 11:10:57 - [TEST_STEP][PASSED] - click: Object: 'Object Repository/Plans and Products/Page_PNDS (41)/a_Search by Health Plan' is clicked on

2018-04-18 11:10:58 - [MESSAGE][PASSED] - Object: 'Object Repository/Plans and Products/Page_PNDS (41)/a_Search by Health Plan' is clicked on

2018-04-18 11:10:58 - [TEST_STEP][PASSED] - selectOptionByValue: All options with value '0056' are selected in object 'Object Repository/Plans and Products/Page_PNDS (41)/select_--- Choose one ---Aetna'  using regular expression

2018-04-18 11:11:02 - [MESSAGE][PASSED] - All options with value '0056' are selected in object 'Object Repository/Plans and Products/Page_PNDS (41)/select_--- Choose one ---Aetna'  using regular expression

2018-04-18 11:11:02 - [TEST_STEP][PASSED] - selectOptionByValue: All options with value 'shopadultdental,shoppeddentallow,shopfamdental' are selected in object 'Object Repository/Plans and Products/Page_PNDS (41)/select_--- Choose One ---Healt'  using regular expression

2018-04-18 11:11:03 - [MESSAGE][PASSED] - All options with value 'shopadultdental,shoppeddentallow,shopfamdental' are selected in object 'Object Repository/Plans and Products/Page_PNDS (41)/select_--- Choose One ---Healt'  using regular expression

2018-04-18 11:11:03 - [TEST_STEP][PASSED] - selectOptionByValue: All options with value 'indivadultdental,indivpeddentallow,indivfamdental' are selected in object 'Object Repository/Plans and Products/Page_PNDS (41)/select_--- Choose One ---Healt'  using regular expression

2018-04-18 11:11:04 - [MESSAGE][PASSED] - All options with value 'indivadultdental,indivpeddentallow,indivfamdental' are selected in object 'Object Repository/Plans and Products/Page_PNDS (41)/select_--- Choose One ---Healt'  using regular expression

2018-04-18 11:11:04 - [TEST_STEP][PASSED] - closeBrowser: Browser is closed

2018-04-18 11:11:04 - [MESSAGE][PASSED] - Browser is closed]]></system-out>
         <system-err><![CDATA[]]></system-err>
      </testcase>
      <testcase name="Test Cases/Plans and Products/HealthFirst" classname="Test Cases/Plans and Products/HealthFirst" status="PASSED">
         <system-out><![CDATA[2018-04-18 11:11:04 - [TEST_CASE][PASSED] - Test Cases/Plans and Products/HealthFirst: Test Cases/Plans and Products/HealthFirst

2018-04-18 11:11:04 - [TEST_STEP][PASSED] - openBrowser: Browser is opened with url: ''

2018-04-18 11:11:07 - [MESSAGE][PASSED] - Browser is opened with url: ''

2018-04-18 11:11:07 - [TEST_STEP][PASSED] - navigateToUrl: Navigate to 'http://dev.providerlookup.ipro.org/' successfully

2018-04-18 11:11:07 - [MESSAGE][PASSED] - Navigate to 'http://dev.providerlookup.ipro.org/' successfully

2018-04-18 11:11:07 - [TEST_STEP][PASSED] - click: Object: 'Object Repository/Plans and Products/Page_PNDS (42)/a_Search by Health Plan' is clicked on

2018-04-18 11:11:08 - [MESSAGE][PASSED] - Object: 'Object Repository/Plans and Products/Page_PNDS (42)/a_Search by Health Plan' is clicked on

2018-04-18 11:11:08 - [TEST_STEP][PASSED] - selectOptionByValue: All options with value '0052' are selected in object 'Object Repository/Plans and Products/Page_PNDS (42)/select_--- Choose one ---Aetna'  using regular expression

2018-04-18 11:11:12 - [MESSAGE][PASSED] - All options with value '0052' are selected in object 'Object Repository/Plans and Products/Page_PNDS (42)/select_--- Choose one ---Aetna'  using regular expression

2018-04-18 11:11:12 - [TEST_STEP][PASSED] - selectOptionByValue: All options with value 'chpprovider' are selected in object 'Object Repository/Plans and Products/Page_PNDS (42)/select_--- Choose One ---Healt'  using regular expression

2018-04-18 11:11:12 - [MESSAGE][PASSED] - All options with value 'chpprovider' are selected in object 'Object Repository/Plans and Products/Page_PNDS (42)/select_--- Choose One ---Healt'  using regular expression

2018-04-18 11:11:12 - [TEST_STEP][PASSED] - selectOptionByValue: All options with value 'bhp,bhpplus' are selected in object 'Object Repository/Plans and Products/Page_PNDS (42)/select_--- Choose One ---Healt'  using regular expression

2018-04-18 11:11:14 - [MESSAGE][PASSED] - All options with value 'bhp,bhpplus' are selected in object 'Object Repository/Plans and Products/Page_PNDS (42)/select_--- Choose One ---Healt'  using regular expression

2018-04-18 11:11:14 - [TEST_STEP][PASSED] - selectOptionByValue: All options with value 'fida' are selected in object 'Object Repository/Plans and Products/Page_PNDS (42)/select_--- Choose One ---Healt'  using regular expression

2018-04-18 11:11:14 - [MESSAGE][PASSED] - All options with value 'fida' are selected in object 'Object Repository/Plans and Products/Page_PNDS (42)/select_--- Choose One ---Healt'  using regular expression

2018-04-18 11:11:14 - [TEST_STEP][PASSED] - selectOptionByValue: All options with value 'harp' are selected in object 'Object Repository/Plans and Products/Page_PNDS (42)/select_--- Choose One ---Healt'  using regular expression

2018-04-18 11:11:15 - [MESSAGE][PASSED] - All options with value 'harp' are selected in object 'Object Repository/Plans and Products/Page_PNDS (42)/select_--- Choose One ---Healt'  using regular expression

2018-04-18 11:11:15 - [TEST_STEP][PASSED] - selectOptionByValue: All options with value 'indivstbronze,indivstbronze,indivstsilver,indivstsilver,indivstgold,indivstgold,indivstplatinum,indivstplatinum,indivcatastrophic,indivchildonlybronze,indivchildonlysilver,indivchildonlygold,indivchildonlyplatinum,indivnonstbronze1,indivnonstbronze1,indivnonstsilver1,indivnonstsilver1,indivnonstgold1,indivnonstgold1,indivnonstplatinum1,indivnonstplatinum1' are selected in object 'Object Repository/Plans and Products/Page_PNDS (42)/select_--- Choose One ---Healt'  using regular expression

2018-04-18 11:11:16 - [MESSAGE][PASSED] - All options with value 'indivstbronze,indivstbronze,indivstsilver,indivstsilver,indivstgold,indivstgold,indivstplatinum,indivstplatinum,indivcatastrophic,indivchildonlybronze,indivchildonlysilver,indivchildonlygold,indivchildonlyplatinum,indivnonstbronze1,indivnonstbronze1,indivnonstsilver1,indivnonstsilver1,indivnonstgold1,indivnonstgold1,indivnonstplatinum1,indivnonstplatinum1' are selected in object 'Object Repository/Plans and Products/Page_PNDS (42)/select_--- Choose One ---Healt'  using regular expression

2018-04-18 11:11:16 - [TEST_STEP][PASSED] - selectOptionByValue: All options with value 'partialcaps' are selected in object 'Object Repository/Plans and Products/Page_PNDS (42)/select_--- Choose One ---Healt'  using regular expression

2018-04-18 11:11:17 - [MESSAGE][PASSED] - All options with value 'partialcaps' are selected in object 'Object Repository/Plans and Products/Page_PNDS (42)/select_--- Choose One ---Healt'  using regular expression

2018-04-18 11:11:17 - [TEST_STEP][PASSED] - selectOptionByValue: All options with value 'medicaidprovider' are selected in object 'Object Repository/Plans and Products/Page_PNDS (42)/select_--- Choose One ---Healt'  using regular expression

2018-04-18 11:11:18 - [MESSAGE][PASSED] - All options with value 'medicaidprovider' are selected in object 'Object Repository/Plans and Products/Page_PNDS (42)/select_--- Choose One ---Healt'  using regular expression

2018-04-18 11:11:18 - [TEST_STEP][PASSED] - selectOptionByValue: All options with value 'map' are selected in object 'Object Repository/Plans and Products/Page_PNDS (42)/select_--- Choose One ---Healt'  using regular expression

2018-04-18 11:11:19 - [MESSAGE][PASSED] - All options with value 'map' are selected in object 'Object Repository/Plans and Products/Page_PNDS (42)/select_--- Choose One ---Healt'  using regular expression

2018-04-18 11:11:19 - [TEST_STEP][PASSED] - selectOptionByValue: All options with value 'nonmcomedical' are selected in object 'Object Repository/Plans and Products/Page_PNDS (42)/select_--- Choose One ---Healt'  using regular expression

2018-04-18 11:11:21 - [MESSAGE][PASSED] - All options with value 'nonmcomedical' are selected in object 'Object Repository/Plans and Products/Page_PNDS (42)/select_--- Choose One ---Healt'  using regular expression

2018-04-18 11:11:21 - [TEST_STEP][PASSED] - selectOptionByValue: All options with value 'commercialprovider' are selected in object 'Object Repository/Plans and Products/Page_PNDS (42)/select_--- Choose One ---Healt'  using regular expression

2018-04-18 11:11:22 - [MESSAGE][PASSED] - All options with value 'commercialprovider' are selected in object 'Object Repository/Plans and Products/Page_PNDS (42)/select_--- Choose One ---Healt'  using regular expression

2018-04-18 11:11:22 - [TEST_STEP][PASSED] - closeBrowser: Browser is closed

2018-04-18 11:11:22 - [MESSAGE][PASSED] - Browser is closed]]></system-out>
         <system-err><![CDATA[]]></system-err>
      </testcase>
      <testcase name="Test Cases/Plans and Products/Humana" classname="Test Cases/Plans and Products/Humana" status="PASSED">
         <system-out><![CDATA[2018-04-18 11:11:22 - [TEST_CASE][PASSED] - Test Cases/Plans and Products/Humana: Test Cases/Plans and Products/Humana

2018-04-18 11:11:22 - [TEST_STEP][PASSED] - openBrowser: Browser is opened with url: ''

2018-04-18 11:11:24 - [MESSAGE][PASSED] - Browser is opened with url: ''

2018-04-18 11:11:24 - [TEST_STEP][PASSED] - navigateToUrl: Navigate to 'http://dev.providerlookup.ipro.org/' successfully

2018-04-18 11:11:25 - [MESSAGE][PASSED] - Navigate to 'http://dev.providerlookup.ipro.org/' successfully

2018-04-18 11:11:25 - [TEST_STEP][PASSED] - click: Object: 'Object Repository/Plans and Products/Page_PNDS (43)/a_Search by Health Plan' is clicked on

2018-04-18 11:11:26 - [MESSAGE][PASSED] - Object: 'Object Repository/Plans and Products/Page_PNDS (43)/a_Search by Health Plan' is clicked on

2018-04-18 11:11:26 - [TEST_STEP][PASSED] - selectOptionByValue: All options with value '0161' are selected in object 'Object Repository/Plans and Products/Page_PNDS (43)/select_--- Choose one ---Aetna'  using regular expression

2018-04-18 11:11:29 - [MESSAGE][PASSED] - All options with value '0161' are selected in object 'Object Repository/Plans and Products/Page_PNDS (43)/select_--- Choose one ---Aetna'  using regular expression

2018-04-18 11:11:29 - [TEST_STEP][PASSED] - selectOptionByValue: All options with value 'nonmcodental' are selected in object 'Object Repository/Plans and Products/Page_PNDS (43)/select_--- Choose One ---Human'  using regular expression

2018-04-18 11:11:30 - [MESSAGE][PASSED] - All options with value 'nonmcodental' are selected in object 'Object Repository/Plans and Products/Page_PNDS (43)/select_--- Choose One ---Human'  using regular expression

2018-04-18 11:11:30 - [TEST_STEP][PASSED] - selectOptionByValue: All options with value 'nonmcovision' are selected in object 'Object Repository/Plans and Products/Page_PNDS (43)/select_--- Choose One ---Human'  using regular expression

2018-04-18 11:11:30 - [MESSAGE][PASSED] - All options with value 'nonmcovision' are selected in object 'Object Repository/Plans and Products/Page_PNDS (43)/select_--- Choose One ---Human'  using regular expression

2018-04-18 11:11:30 - [TEST_STEP][PASSED] - selectOptionByValue: All options with value 'nonmcovision,skp_002' are selected in object 'Object Repository/Plans and Products/Page_PNDS (43)/select_--- Choose One ---Human'  using regular expression

2018-04-18 11:11:31 - [MESSAGE][PASSED] - All options with value 'nonmcovision,skp_002' are selected in object 'Object Repository/Plans and Products/Page_PNDS (43)/select_--- Choose One ---Human'  using regular expression

2018-04-18 11:11:31 - [TEST_STEP][PASSED] - closeBrowser: Browser is closed

2018-04-18 11:11:31 - [MESSAGE][PASSED] - Browser is closed]]></system-out>
         <system-err><![CDATA[]]></system-err>
      </testcase>
      <testcase name="Test Cases/Plans and Products/Icircle" classname="Test Cases/Plans and Products/Icircle" status="PASSED">
         <system-out><![CDATA[2018-04-18 11:11:31 - [TEST_CASE][PASSED] - Test Cases/Plans and Products/Icircle: Test Cases/Plans and Products/Icircle

2018-04-18 11:11:31 - [TEST_STEP][PASSED] - openBrowser: Browser is opened with url: ''

2018-04-18 11:11:33 - [MESSAGE][PASSED] - Browser is opened with url: ''

2018-04-18 11:11:33 - [TEST_STEP][PASSED] - navigateToUrl: Navigate to 'http://dev.providerlookup.ipro.org/' successfully

2018-04-18 11:11:34 - [MESSAGE][PASSED] - Navigate to 'http://dev.providerlookup.ipro.org/' successfully

2018-04-18 11:11:34 - [TEST_STEP][PASSED] - click: Object: 'Object Repository/Plans and Products/Page_PNDS (44)/a_Search by Health Plan' is clicked on

2018-04-18 11:11:35 - [MESSAGE][PASSED] - Object: 'Object Repository/Plans and Products/Page_PNDS (44)/a_Search by Health Plan' is clicked on

2018-04-18 11:11:35 - [TEST_STEP][PASSED] - selectOptionByValue: All options with value '0058' are selected in object 'Object Repository/Plans and Products/Page_PNDS (44)/select_--- Choose one ---Aetna'  using regular expression

2018-04-18 11:11:39 - [MESSAGE][PASSED] - All options with value '0058' are selected in object 'Object Repository/Plans and Products/Page_PNDS (44)/select_--- Choose one ---Aetna'  using regular expression

2018-04-18 11:11:39 - [TEST_STEP][PASSED] - selectOptionByValue: All options with value 'partialcaps' are selected in object 'Object Repository/Plans and Products/Page_PNDS (44)/select_--- Choose One ---ICirc'  using regular expression

2018-04-18 11:11:39 - [MESSAGE][PASSED] - All options with value 'partialcaps' are selected in object 'Object Repository/Plans and Products/Page_PNDS (44)/select_--- Choose One ---ICirc'  using regular expression

2018-04-18 11:11:39 - [TEST_STEP][PASSED] - closeBrowser: Browser is closed

2018-04-18 11:11:40 - [MESSAGE][PASSED] - Browser is closed]]></system-out>
         <system-err><![CDATA[]]></system-err>
      </testcase>
      <testcase name="Test Cases/Plans and Products/Independence American Insurance Company" classname="Test Cases/Plans and Products/Independence American Insurance Company" status="PASSED">
         <system-out><![CDATA[2018-04-18 11:11:40 - [TEST_CASE][PASSED] - Test Cases/Plans and Products/Independence American Insurance Company: Test Cases/Plans and Products/Independence American Insurance Company

2018-04-18 11:11:40 - [TEST_STEP][PASSED] - openBrowser: Browser is opened with url: ''

2018-04-18 11:11:42 - [MESSAGE][PASSED] - Browser is opened with url: ''

2018-04-18 11:11:42 - [TEST_STEP][PASSED] - navigateToUrl: Navigate to 'http://dev.providerlookup.ipro.org/' successfully

2018-04-18 11:11:43 - [MESSAGE][PASSED] - Navigate to 'http://dev.providerlookup.ipro.org/' successfully

2018-04-18 11:11:43 - [TEST_STEP][PASSED] - click: Object: 'Object Repository/Plans and Products/Page_PNDS (45)/a_Search by Health Plan' is clicked on

2018-04-18 11:11:44 - [MESSAGE][PASSED] - Object: 'Object Repository/Plans and Products/Page_PNDS (45)/a_Search by Health Plan' is clicked on

2018-04-18 11:11:44 - [TEST_STEP][PASSED] - selectOptionByValue: All options with value '0134' are selected in object 'Object Repository/Plans and Products/Page_PNDS (45)/select_--- Choose one ---Aetna'  using regular expression

2018-04-18 11:11:47 - [MESSAGE][PASSED] - All options with value '0134' are selected in object 'Object Repository/Plans and Products/Page_PNDS (45)/select_--- Choose one ---Aetna'  using regular expression

2018-04-18 11:11:47 - [TEST_STEP][PASSED] - selectOptionByValue: All options with value 'nonmcovision' are selected in object 'Object Repository/Plans and Products/Page_PNDS (45)/select_--- Choose One ---Indep'  using regular expression

2018-04-18 11:11:47 - [MESSAGE][PASSED] - All options with value 'nonmcovision' are selected in object 'Object Repository/Plans and Products/Page_PNDS (45)/select_--- Choose One ---Indep'  using regular expression

2018-04-18 11:11:47 - [TEST_STEP][PASSED] - selectOptionByValue: All options with value 'nonmcodental' are selected in object 'Object Repository/Plans and Products/Page_PNDS (45)/select_--- Choose One ---Indep'  using regular expression

2018-04-18 11:11:48 - [MESSAGE][PASSED] - All options with value 'nonmcodental' are selected in object 'Object Repository/Plans and Products/Page_PNDS (45)/select_--- Choose One ---Indep'  using regular expression

2018-04-18 11:11:48 - [TEST_STEP][PASSED] - closeBrowser: Browser is closed

2018-04-18 11:11:48 - [MESSAGE][PASSED] - Browser is closed]]></system-out>
         <system-err><![CDATA[]]></system-err>
      </testcase>
      <testcase name="Test Cases/Plans and Products/Independent Health Benefits" classname="Test Cases/Plans and Products/Independent Health Benefits" status="PASSED">
         <system-out><![CDATA[2018-04-18 11:11:48 - [TEST_CASE][PASSED] - Test Cases/Plans and Products/Independent Health Benefits: Test Cases/Plans and Products/Independent Health Benefits

2018-04-18 11:11:48 - [TEST_STEP][PASSED] - openBrowser: Browser is opened with url: ''

2018-04-18 11:11:51 - [MESSAGE][PASSED] - Browser is opened with url: ''

2018-04-18 11:11:51 - [TEST_STEP][PASSED] - navigateToUrl: Navigate to 'http://dev.providerlookup.ipro.org/' successfully

2018-04-18 11:11:52 - [MESSAGE][PASSED] - Navigate to 'http://dev.providerlookup.ipro.org/' successfully

2018-04-18 11:11:52 - [TEST_STEP][PASSED] - click: Object: 'Object Repository/Plans and Products/Page_PNDS (46)/a_Search by Health Plan' is clicked on

2018-04-18 11:11:53 - [MESSAGE][PASSED] - Object: 'Object Repository/Plans and Products/Page_PNDS (46)/a_Search by Health Plan' is clicked on

2018-04-18 11:11:53 - [TEST_STEP][PASSED] - selectOptionByValue: All options with value '0060' are selected in object 'Object Repository/Plans and Products/Page_PNDS (46)/select_--- Choose one ---Aetna'  using regular expression

2018-04-18 11:11:56 - [MESSAGE][PASSED] - All options with value '0060' are selected in object 'Object Repository/Plans and Products/Page_PNDS (46)/select_--- Choose one ---Aetna'  using regular expression

2018-04-18 11:11:56 - [TEST_STEP][PASSED] - selectOptionByValue: All options with value 'chpprovider' are selected in object 'Object Repository/Plans and Products/Page_PNDS (46)/select_--- Choose One ---Indep'  using regular expression

2018-04-18 11:11:57 - [MESSAGE][PASSED] - All options with value 'chpprovider' are selected in object 'Object Repository/Plans and Products/Page_PNDS (46)/select_--- Choose One ---Indep'  using regular expression

2018-04-18 11:11:57 - [TEST_STEP][PASSED] - selectOptionByValue: All options with value 'bhp' are selected in object 'Object Repository/Plans and Products/Page_PNDS (46)/select_--- Choose One ---Indep'  using regular expression

2018-04-18 11:11:58 - [MESSAGE][PASSED] - All options with value 'bhp' are selected in object 'Object Repository/Plans and Products/Page_PNDS (46)/select_--- Choose One ---Indep'  using regular expression

2018-04-18 11:11:58 - [TEST_STEP][PASSED] - selectOptionByValue: All options with value 'harp' are selected in object 'Object Repository/Plans and Products/Page_PNDS (46)/select_--- Choose One ---Indep'  using regular expression

2018-04-18 11:11:59 - [MESSAGE][PASSED] - All options with value 'harp' are selected in object 'Object Repository/Plans and Products/Page_PNDS (46)/select_--- Choose One ---Indep'  using regular expression

2018-04-18 11:11:59 - [TEST_STEP][PASSED] - selectOptionByValue: All options with value 'indivnonstplatinum2,indivnonstplatinum2,indivnonstgold2,indivnonstgold2' are selected in object 'Object Repository/Plans and Products/Page_PNDS (46)/select_--- Choose One ---Indep'  using regular expression

2018-04-18 11:11:59 - [MESSAGE][PASSED] - All options with value 'indivnonstplatinum2,indivnonstplatinum2,indivnonstgold2,indivnonstgold2' are selected in object 'Object Repository/Plans and Products/Page_PNDS (46)/select_--- Choose One ---Indep'  using regular expression

2018-04-18 11:11:59 - [TEST_STEP][PASSED] - selectOptionByValue: All options with value 'indivstplatinum,indivstplatinum,indivchildonlyplatinum,indivnonstplatinum1,indivnonstplatinum1,indivstgold,indivstgold,indivchildonlygold,indivnonstgold1,indivnonstgold1,indivstsilver,indivstsilver,indivchildonlysilver,indivnonstsilver1,indivnonstsilver1,indivcatastrophic,indivnonstbronze2,indivstbronze,indivstbronze,indivchildonlybronze,indivnonstbronze1,indivnonstbronze1' are selected in object 'Object Repository/Plans and Products/Page_PNDS (46)/select_--- Choose One ---Indep'  using regular expression

2018-04-18 11:12:00 - [MESSAGE][PASSED] - All options with value 'indivstplatinum,indivstplatinum,indivchildonlyplatinum,indivnonstplatinum1,indivnonstplatinum1,indivstgold,indivstgold,indivchildonlygold,indivnonstgold1,indivnonstgold1,indivstsilver,indivstsilver,indivchildonlysilver,indivnonstsilver1,indivnonstsilver1,indivcatastrophic,indivnonstbronze2,indivstbronze,indivstbronze,indivchildonlybronze,indivnonstbronze1,indivnonstbronze1' are selected in object 'Object Repository/Plans and Products/Page_PNDS (46)/select_--- Choose One ---Indep'  using regular expression

2018-04-18 11:12:00 - [TEST_STEP][PASSED] - selectOptionByValue: All options with value 'medicaidprovider' are selected in object 'Object Repository/Plans and Products/Page_PNDS (46)/select_--- Choose One ---Indep'  using regular expression

2018-04-18 11:12:01 - [MESSAGE][PASSED] - All options with value 'medicaidprovider' are selected in object 'Object Repository/Plans and Products/Page_PNDS (46)/select_--- Choose One ---Indep'  using regular expression

2018-04-18 11:12:01 - [TEST_STEP][PASSED] - selectOptionByValue: All options with value 'shopnonstplatinum2,shopnonstplatinum2,shopnonstplatinum2,shopnonstplatinum2,shopnonstplatinum2,shopnonstplatinum2,shopnonstplatinum2,shopnonstplatinum2,shopnonstgold2,shopnonstgold2,shopnonstgold2,shopnonstgold2,shopnonstgold2,shopnonstgold2,shopnonstgold2,shopnonstgold2,shopnonstsilver2,shopnonstsilver2,shopnonstsilver2,shopnonstsilver2,shopnonstsilver2,shopnonstsilver2,shopnonstsilver2,shopnonstsilver2' are selected in object 'Object Repository/Plans and Products/Page_PNDS (46)/select_--- Choose One ---Indep'  using regular expression

2018-04-18 11:12:02 - [MESSAGE][PASSED] - All options with value 'shopnonstplatinum2,shopnonstplatinum2,shopnonstplatinum2,shopnonstplatinum2,shopnonstplatinum2,shopnonstplatinum2,shopnonstplatinum2,shopnonstplatinum2,shopnonstgold2,shopnonstgold2,shopnonstgold2,shopnonstgold2,shopnonstgold2,shopnonstgold2,shopnonstgold2,shopnonstgold2,shopnonstsilver2,shopnonstsilver2,shopnonstsilver2,shopnonstsilver2,shopnonstsilver2,shopnonstsilver2,shopnonstsilver2,shopnonstsilver2' are selected in object 'Object Repository/Plans and Products/Page_PNDS (46)/select_--- Choose One ---Indep'  using regular expression

2018-04-18 11:12:02 - [TEST_STEP][PASSED] - selectOptionByValue: All options with value 'shopstplatinum,shopstplatinum,shopstplatinum,shopstplatinum,shopstplatinum,shopstplatinum,shopstplatinum,shopstplatinum,shopnonstplatinum3,shopnonstplatinum3,shopnonstplatinum3,shopnonstplatinum3,shopnonstplatinum3,shopnonstplatinum3,shopnonstplatinum3,shopnonstplatinum3,shopnonstplatinum1,shopnonstplatinum1,shopnonstplatinum1,shopnonstplatinum1,shopnonstplatinum1,shopnonstplatinum1,shopnonstplatinum1,shopnonstplatinum1,shopstgold,shopstgold,shopstgold,shopstgold,shopstgold,shopstgold,shopstgold,shopstgold,shopnonstgold1,shopnonstgold1,shopnonstgold1,shopnonstgold1,shopnonstgold1,shopnonstgold1,shopnonstgold1,shopnonstgold1,shopstsilver,shopstsilver,shopstsilver,shopstsilver,shopstsilver,shopstsilver,shopstsilver,shopstsilver,shopnonstsilver1,shopnonstsilver1,shopnonstsilver1,shopnonstsilver1,shopnonstsilver1,shopnonstsilver1,shopnonstsilver1,shopnonstsilver1,shopnonstsilver3,shopnonstsilver3,shopnonstsilver3,shopnonstsilver3,shopnonstsilver3,shopnonstsilver3,shopnonstsilver3,shopnonstsilver3,shopstbronze,sho' are selected in object 'Object Repository/Plans and Products/Page_PNDS (46)/select_--- Choose One ---Indep'  using regular expression

2018-04-18 11:12:03 - [MESSAGE][PASSED] - All options with value 'shopstplatinum,shopstplatinum,shopstplatinum,shopstplatinum,shopstplatinum,shopstplatinum,shopstplatinum,shopstplatinum,shopnonstplatinum3,shopnonstplatinum3,shopnonstplatinum3,shopnonstplatinum3,shopnonstplatinum3,shopnonstplatinum3,shopnonstplatinum3,shopnonstplatinum3,shopnonstplatinum1,shopnonstplatinum1,shopnonstplatinum1,shopnonstplatinum1,shopnonstplatinum1,shopnonstplatinum1,shopnonstplatinum1,shopnonstplatinum1,shopstgold,shopstgold,shopstgold,shopstgold,shopstgold,shopstgold,shopstgold,shopstgold,shopnonstgold1,shopnonstgold1,shopnonstgold1,shopnonstgold1,shopnonstgold1,shopnonstgold1,shopnonstgold1,shopnonstgold1,shopstsilver,shopstsilver,shopstsilver,shopstsilver,shopstsilver,shopstsilver,shopstsilver,shopstsilver,shopnonstsilver1,shopnonstsilver1,shopnonstsilver1,shopnonstsilver1,shopnonstsilver1,shopnonstsilver1,shopnonstsilver1,shopnonstsilver1,shopnonstsilver3,shopnonstsilver3,shopnonstsilver3,shopnonstsilver3,shopnonstsilver3,shopnonstsilver3,shopnonstsilver3,shopnonstsilver3,shopstbronze,sho' are selected in object 'Object Repository/Plans and Products/Page_PNDS (46)/select_--- Choose One ---Indep'  using regular expression

2018-04-18 11:12:03 - [TEST_STEP][PASSED] - selectOptionByValue: All options with value 'commercialprovider' are selected in object 'Object Repository/Plans and Products/Page_PNDS (46)/select_--- Choose One ---Indep'  using regular expression

2018-04-18 11:12:04 - [MESSAGE][PASSED] - All options with value 'commercialprovider' are selected in object 'Object Repository/Plans and Products/Page_PNDS (46)/select_--- Choose One ---Indep'  using regular expression

2018-04-18 11:12:04 - [TEST_STEP][PASSED] - closeBrowser: Browser is closed

2018-04-18 11:12:04 - [MESSAGE][PASSED] - Browser is closed]]></system-out>
         <system-err><![CDATA[]]></system-err>
      </testcase>
      <testcase name="Test Cases/Plans and Products/Independent Living for Seniors" classname="Test Cases/Plans and Products/Independent Living for Seniors" status="PASSED">
         <system-out><![CDATA[2018-04-18 11:12:04 - [TEST_CASE][PASSED] - Test Cases/Plans and Products/Independent Living for Seniors: Test Cases/Plans and Products/Independent Living for Seniors

2018-04-18 11:12:04 - [TEST_STEP][PASSED] - openBrowser: Browser is opened with url: ''

2018-04-18 11:12:07 - [MESSAGE][PASSED] - Browser is opened with url: ''

2018-04-18 11:12:07 - [TEST_STEP][PASSED] - navigateToUrl: Navigate to 'http://dev.providerlookup.ipro.org/' successfully

2018-04-18 11:12:08 - [MESSAGE][PASSED] - Navigate to 'http://dev.providerlookup.ipro.org/' successfully

2018-04-18 11:12:08 - [TEST_STEP][PASSED] - click: Object: 'Object Repository/Plans and Products/Page_PNDS (47)/a_Search by Health Plan' is clicked on

2018-04-18 11:12:09 - [MESSAGE][PASSED] - Object: 'Object Repository/Plans and Products/Page_PNDS (47)/a_Search by Health Plan' is clicked on

2018-04-18 11:12:09 - [TEST_STEP][PASSED] - selectOptionByValue: All options with value '0061' are selected in object 'Object Repository/Plans and Products/Page_PNDS (47)/select_--- Choose one ---Aetna'  using regular expression

2018-04-18 11:12:12 - [MESSAGE][PASSED] - All options with value '0061' are selected in object 'Object Repository/Plans and Products/Page_PNDS (47)/select_--- Choose one ---Aetna'  using regular expression

2018-04-18 11:12:12 - [TEST_STEP][PASSED] - selectOptionByValue: All options with value 'pace' are selected in object 'Object Repository/Plans and Products/Page_PNDS (47)/select_--- Choose One ---Indep'  using regular expression

2018-04-18 11:12:12 - [MESSAGE][PASSED] - All options with value 'pace' are selected in object 'Object Repository/Plans and Products/Page_PNDS (47)/select_--- Choose One ---Indep'  using regular expression

2018-04-18 11:12:12 - [TEST_STEP][PASSED] - closeBrowser: Browser is closed

2018-04-18 11:12:12 - [MESSAGE][PASSED] - Browser is closed]]></system-out>
         <system-err><![CDATA[]]></system-err>
      </testcase>
      <testcase name="Test Cases/Plans and Products/Integra MLTC inc" classname="Test Cases/Plans and Products/Integra MLTC inc" status="PASSED">
         <system-out><![CDATA[2018-04-18 11:12:12 - [TEST_CASE][PASSED] - Test Cases/Plans and Products/Integra MLTC inc: Test Cases/Plans and Products/Integra MLTC inc

2018-04-18 11:12:12 - [TEST_STEP][PASSED] - openBrowser: Browser is opened with url: ''

2018-04-18 11:12:15 - [MESSAGE][PASSED] - Browser is opened with url: ''

2018-04-18 11:12:15 - [TEST_STEP][PASSED] - navigateToUrl: Navigate to 'http://dev.providerlookup.ipro.org/' successfully

2018-04-18 11:12:16 - [MESSAGE][PASSED] - Navigate to 'http://dev.providerlookup.ipro.org/' successfully

2018-04-18 11:12:16 - [TEST_STEP][PASSED] - click: Object: 'Object Repository/Plans and Products/Page_PNDS (48)/a_Search by Health Plan' is clicked on

2018-04-18 11:12:17 - [MESSAGE][PASSED] - Object: 'Object Repository/Plans and Products/Page_PNDS (48)/a_Search by Health Plan' is clicked on

2018-04-18 11:12:17 - [TEST_STEP][PASSED] - selectOptionByValue: All options with value '0062' are selected in object 'Object Repository/Plans and Products/Page_PNDS (48)/select_--- Choose one ---Aetna'  using regular expression

2018-04-18 11:12:19 - [MESSAGE][PASSED] - All options with value '0062' are selected in object 'Object Repository/Plans and Products/Page_PNDS (48)/select_--- Choose one ---Aetna'  using regular expression

2018-04-18 11:12:19 - [TEST_STEP][PASSED] - selectOptionByValue: All options with value 'partialcaps' are selected in object 'Object Repository/Plans and Products/Page_PNDS (48)/select_--- Choose One ---Integ'  using regular expression

2018-04-18 11:12:20 - [MESSAGE][PASSED] - All options with value 'partialcaps' are selected in object 'Object Repository/Plans and Products/Page_PNDS (48)/select_--- Choose One ---Integ'  using regular expression

2018-04-18 11:12:20 - [TEST_STEP][PASSED] - closeBrowser: Browser is closed

2018-04-18 11:12:20 - [MESSAGE][PASSED] - Browser is closed]]></system-out>
         <system-err><![CDATA[]]></system-err>
      </testcase>
      <testcase name="Test Cases/Plans and Products/Jefferson-Lewis et. al School Employees HealthCare" classname="Test Cases/Plans and Products/Jefferson-Lewis et. al School Employees HealthCare" status="PASSED">
         <system-out><![CDATA[2018-04-18 11:12:20 - [TEST_CASE][PASSED] - Test Cases/Plans and Products/Jefferson-Lewis et. al School Employees HealthCare: Test Cases/Plans and Products/Jefferson-Lewis et. al School Employees HealthCare

2018-04-18 11:12:20 - [TEST_STEP][PASSED] - openBrowser: Browser is opened with url: ''

2018-04-18 11:12:23 - [MESSAGE][PASSED] - Browser is opened with url: ''

2018-04-18 11:12:23 - [TEST_STEP][PASSED] - navigateToUrl: Navigate to 'http://dev.providerlookup.ipro.org/' successfully

2018-04-18 11:12:24 - [MESSAGE][PASSED] - Navigate to 'http://dev.providerlookup.ipro.org/' successfully

2018-04-18 11:12:24 - [TEST_STEP][PASSED] - click: Object: 'Object Repository/Plans and Products/Page_PNDS (49)/a_Search by Health Plan' is clicked on

2018-04-18 11:12:25 - [MESSAGE][PASSED] - Object: 'Object Repository/Plans and Products/Page_PNDS (49)/a_Search by Health Plan' is clicked on

2018-04-18 11:12:25 - [TEST_STEP][PASSED] - selectOptionByValue: All options with value '0063' are selected in object 'Object Repository/Plans and Products/Page_PNDS (49)/select_--- Choose one ---Aetna'  using regular expression

2018-04-18 11:12:28 - [MESSAGE][PASSED] - All options with value '0063' are selected in object 'Object Repository/Plans and Products/Page_PNDS (49)/select_--- Choose one ---Aetna'  using regular expression

2018-04-18 11:12:28 - [TEST_STEP][PASSED] - selectOptionByValue: All options with value 'nonmcomedical' are selected in object 'Object Repository/Plans and Products/Page_PNDS (49)/select_--- Choose One ---Jeffe'  using regular expression

2018-04-18 11:12:28 - [MESSAGE][PASSED] - All options with value 'nonmcomedical' are selected in object 'Object Repository/Plans and Products/Page_PNDS (49)/select_--- Choose One ---Jeffe'  using regular expression

2018-04-18 11:12:28 - [TEST_STEP][PASSED] - closeBrowser: Browser is closed

2018-04-18 11:12:28 - [MESSAGE][PASSED] - Browser is closed]]></system-out>
         <system-err><![CDATA[]]></system-err>
      </testcase>
      <testcase name="Test Cases/Plans and Products/Kalos Health" classname="Test Cases/Plans and Products/Kalos Health" status="PASSED">
         <system-out><![CDATA[2018-04-18 11:12:28 - [TEST_CASE][PASSED] - Test Cases/Plans and Products/Kalos Health: Test Cases/Plans and Products/Kalos Health

2018-04-18 11:12:28 - [TEST_STEP][PASSED] - openBrowser: Browser is opened with url: ''

2018-04-18 11:12:31 - [MESSAGE][PASSED] - Browser is opened with url: ''

2018-04-18 11:12:31 - [TEST_STEP][PASSED] - navigateToUrl: Navigate to 'http://dev.providerlookup.ipro.org/' successfully

2018-04-18 11:12:32 - [MESSAGE][PASSED] - Navigate to 'http://dev.providerlookup.ipro.org/' successfully

2018-04-18 11:12:32 - [TEST_STEP][PASSED] - click: Object: 'Object Repository/Plans and Products/Page_PNDS (50)/a_Search by Health Plan' is clicked on

2018-04-18 11:12:33 - [MESSAGE][PASSED] - Object: 'Object Repository/Plans and Products/Page_PNDS (50)/a_Search by Health Plan' is clicked on

2018-04-18 11:12:33 - [TEST_STEP][PASSED] - selectOptionByValue: All options with value '0037' are selected in object 'Object Repository/Plans and Products/Page_PNDS (50)/select_--- Choose one ---Aetna'  using regular expression

2018-04-18 11:12:36 - [MESSAGE][PASSED] - All options with value '0037' are selected in object 'Object Repository/Plans and Products/Page_PNDS (50)/select_--- Choose one ---Aetna'  using regular expression

2018-04-18 11:12:36 - [TEST_STEP][PASSED] - selectOptionByValue: All options with value 'partialcaps' are selected in object 'Object Repository/Plans and Products/Page_PNDS (50)/select_--- Choose One ---Kalos'  using regular expression

2018-04-18 11:12:37 - [MESSAGE][PASSED] - All options with value 'partialcaps' are selected in object 'Object Repository/Plans and Products/Page_PNDS (50)/select_--- Choose One ---Kalos'  using regular expression

2018-04-18 11:12:37 - [TEST_STEP][PASSED] - closeBrowser: Browser is closed

2018-04-18 11:12:37 - [MESSAGE][PASSED] - Browser is closed]]></system-out>
         <system-err><![CDATA[]]></system-err>
      </testcase>
      <testcase name="Test Cases/Plans and Products/Lincoln Life and Annuity Company" classname="Test Cases/Plans and Products/Lincoln Life and Annuity Company" status="PASSED">
         <system-out><![CDATA[2018-04-18 11:12:37 - [TEST_CASE][PASSED] - Test Cases/Plans and Products/Lincoln Life and Annuity Company: Test Cases/Plans and Products/Lincoln Life and Annuity Company

2018-04-18 11:12:37 - [TEST_STEP][PASSED] - openBrowser: Browser is opened with url: ''

2018-04-18 11:12:40 - [MESSAGE][PASSED] - Browser is opened with url: ''

2018-04-18 11:12:40 - [TEST_STEP][PASSED] - navigateToUrl: Navigate to 'http://dev.providerlookup.ipro.org/' successfully

2018-04-18 11:12:41 - [MESSAGE][PASSED] - Navigate to 'http://dev.providerlookup.ipro.org/' successfully

2018-04-18 11:12:41 - [TEST_STEP][PASSED] - click: Object: 'Object Repository/Plans and Products/Page_PNDS (51)/a_Search by Health Plan' is clicked on

2018-04-18 11:12:42 - [MESSAGE][PASSED] - Object: 'Object Repository/Plans and Products/Page_PNDS (51)/a_Search by Health Plan' is clicked on

2018-04-18 11:12:42 - [TEST_STEP][PASSED] - selectOptionByValue: All options with value '0166' are selected in object 'Object Repository/Plans and Products/Page_PNDS (51)/select_--- Choose one ---Aetna'  using regular expression

2018-04-18 11:12:45 - [MESSAGE][PASSED] - All options with value '0166' are selected in object 'Object Repository/Plans and Products/Page_PNDS (51)/select_--- Choose one ---Aetna'  using regular expression

2018-04-18 11:12:45 - [TEST_STEP][PASSED] - selectOptionByValue: All options with value 'nonmcodental' are selected in object 'Object Repository/Plans and Products/Page_PNDS (51)/select_--- Choose One ---Linco'  using regular expression

2018-04-18 11:12:45 - [MESSAGE][PASSED] - All options with value 'nonmcodental' are selected in object 'Object Repository/Plans and Products/Page_PNDS (51)/select_--- Choose One ---Linco'  using regular expression

2018-04-18 11:12:45 - [TEST_STEP][PASSED] - selectOptionByValue: All options with value 'nonmcodental,skp_001' are selected in object 'Object Repository/Plans and Products/Page_PNDS (51)/select_--- Choose One ---Linco'  using regular expression

2018-04-18 11:12:46 - [MESSAGE][PASSED] - All options with value 'nonmcodental,skp_001' are selected in object 'Object Repository/Plans and Products/Page_PNDS (51)/select_--- Choose One ---Linco'  using regular expression

2018-04-18 11:12:46 - [TEST_STEP][PASSED] - selectOptionByValue: All options with value 'nonmcodental,skp_002' are selected in object 'Object Repository/Plans and Products/Page_PNDS (51)/select_--- Choose One ---Linco'  using regular expression

2018-04-18 11:12:46 - [MESSAGE][PASSED] - All options with value 'nonmcodental,skp_002' are selected in object 'Object Repository/Plans and Products/Page_PNDS (51)/select_--- Choose One ---Linco'  using regular expression

2018-04-18 11:12:46 - [TEST_STEP][PASSED] - closeBrowser: Browser is closed

2018-04-18 11:12:47 - [MESSAGE][PASSED] - Browser is closed]]></system-out>
         <system-err><![CDATA[]]></system-err>
      </testcase>
      <testcase name="Test Cases/Plans and Products/Met Life" classname="Test Cases/Plans and Products/Met Life" status="PASSED">
         <system-out><![CDATA[2018-04-18 11:12:47 - [TEST_CASE][PASSED] - Test Cases/Plans and Products/Met Life: Test Cases/Plans and Products/Met Life

2018-04-18 11:12:47 - [TEST_STEP][PASSED] - openBrowser: Browser is opened with url: ''

2018-04-18 11:12:49 - [MESSAGE][PASSED] - Browser is opened with url: ''

2018-04-18 11:12:49 - [TEST_STEP][PASSED] - navigateToUrl: Navigate to 'http://dev.providerlookup.ipro.org/' successfully

2018-04-18 11:12:50 - [MESSAGE][PASSED] - Navigate to 'http://dev.providerlookup.ipro.org/' successfully

2018-04-18 11:12:50 - [TEST_STEP][PASSED] - click: Object: 'Object Repository/Plans and Products/Page_PNDS (52)/a_Search by Health Plan' is clicked on

2018-04-18 11:12:51 - [MESSAGE][PASSED] - Object: 'Object Repository/Plans and Products/Page_PNDS (52)/a_Search by Health Plan' is clicked on

2018-04-18 11:12:51 - [TEST_STEP][PASSED] - selectOptionByValue: All options with value '0192' are selected in object 'Object Repository/Plans and Products/Page_PNDS (52)/select_--- Choose one ---Aetna'  using regular expression

2018-04-18 11:12:54 - [MESSAGE][PASSED] - All options with value '0192' are selected in object 'Object Repository/Plans and Products/Page_PNDS (52)/select_--- Choose one ---Aetna'  using regular expression

2018-04-18 11:12:54 - [TEST_STEP][PASSED] - selectOptionByValue: All options with value 'nonmcodental' are selected in object 'Object Repository/Plans and Products/Page_PNDS (52)/select_--- Choose One ---Met L'  using regular expression

2018-04-18 11:12:54 - [MESSAGE][PASSED] - All options with value 'nonmcodental' are selected in object 'Object Repository/Plans and Products/Page_PNDS (52)/select_--- Choose One ---Met L'  using regular expression

2018-04-18 11:12:54 - [TEST_STEP][PASSED] - selectOptionByValue: All options with value 'nonmcodental,skp_001' are selected in object 'Object Repository/Plans and Products/Page_PNDS (52)/select_--- Choose One ---Met L'  using regular expression

2018-04-18 11:12:55 - [MESSAGE][PASSED] - All options with value 'nonmcodental,skp_001' are selected in object 'Object Repository/Plans and Products/Page_PNDS (52)/select_--- Choose One ---Met L'  using regular expression

2018-04-18 11:12:55 - [TEST_STEP][PASSED] - closeBrowser: Browser is closed

2018-04-18 11:12:55 - [MESSAGE][PASSED] - Browser is closed]]></system-out>
         <system-err><![CDATA[]]></system-err>
      </testcase>
      <testcase name="Test Cases/Plans and Products/MetroPlus" classname="Test Cases/Plans and Products/MetroPlus" status="PASSED">
         <system-out><![CDATA[2018-04-18 11:12:55 - [TEST_CASE][PASSED] - Test Cases/Plans and Products/MetroPlus: Test Cases/Plans and Products/MetroPlus

2018-04-18 11:12:55 - [TEST_STEP][PASSED] - openBrowser: Browser is opened with url: ''

2018-04-18 11:12:57 - [MESSAGE][PASSED] - Browser is opened with url: ''

2018-04-18 11:12:57 - [TEST_STEP][PASSED] - navigateToUrl: Navigate to 'http://dev.providerlookup.ipro.org/' successfully

2018-04-18 11:12:58 - [MESSAGE][PASSED] - Navigate to 'http://dev.providerlookup.ipro.org/' successfully

2018-04-18 11:12:58 - [TEST_STEP][PASSED] - click: Object: 'Object Repository/Plans and Products/Page_PNDS (53)/a_Search by Health Plan' is clicked on

2018-04-18 11:12:59 - [MESSAGE][PASSED] - Object: 'Object Repository/Plans and Products/Page_PNDS (53)/a_Search by Health Plan' is clicked on

2018-04-18 11:12:59 - [TEST_STEP][PASSED] - selectOptionByValue: All options with value '0066' are selected in object 'Object Repository/Plans and Products/Page_PNDS (53)/select_--- Choose one ---Aetna'  using regular expression

2018-04-18 11:13:02 - [MESSAGE][PASSED] - All options with value '0066' are selected in object 'Object Repository/Plans and Products/Page_PNDS (53)/select_--- Choose one ---Aetna'  using regular expression

2018-04-18 11:13:02 - [TEST_STEP][PASSED] - selectOptionByValue: All options with value 'chpprovider' are selected in object 'Object Repository/Plans and Products/Page_PNDS (53)/select_--- Choose One ---Metro'  using regular expression

2018-04-18 11:13:03 - [MESSAGE][PASSED] - All options with value 'chpprovider' are selected in object 'Object Repository/Plans and Products/Page_PNDS (53)/select_--- Choose One ---Metro'  using regular expression

2018-04-18 11:13:03 - [TEST_STEP][PASSED] - selectOptionByValue: All options with value 'bhp,bhpplus' are selected in object 'Object Repository/Plans and Products/Page_PNDS (53)/select_--- Choose One ---Metro'  using regular expression

2018-04-18 11:13:04 - [MESSAGE][PASSED] - All options with value 'bhp,bhpplus' are selected in object 'Object Repository/Plans and Products/Page_PNDS (53)/select_--- Choose One ---Metro'  using regular expression

2018-04-18 11:13:04 - [TEST_STEP][PASSED] - selectOptionByValue: All options with value 'fida' are selected in object 'Object Repository/Plans and Products/Page_PNDS (53)/select_--- Choose One ---Metro'  using regular expression

2018-04-18 11:13:05 - [MESSAGE][PASSED] - All options with value 'fida' are selected in object 'Object Repository/Plans and Products/Page_PNDS (53)/select_--- Choose One ---Metro'  using regular expression

2018-04-18 11:13:05 - [TEST_STEP][PASSED] - selectOptionByValue: All options with value 'harp' are selected in object 'Object Repository/Plans and Products/Page_PNDS (53)/select_--- Choose One ---Metro'  using regular expression

2018-04-18 11:13:05 - [MESSAGE][PASSED] - All options with value 'harp' are selected in object 'Object Repository/Plans and Products/Page_PNDS (53)/select_--- Choose One ---Metro'  using regular expression

2018-04-18 11:13:05 - [TEST_STEP][PASSED] - selectOptionByValue: All options with value 'hivsnp' are selected in object 'Object Repository/Plans and Products/Page_PNDS (53)/select_--- Choose One ---Metro'  using regular expression

2018-04-18 11:13:06 - [MESSAGE][PASSED] - All options with value 'hivsnp' are selected in object 'Object Repository/Plans and Products/Page_PNDS (53)/select_--- Choose One ---Metro'  using regular expression

2018-04-18 11:13:06 - [TEST_STEP][PASSED] - selectOptionByValue: All options with value 'indivchildonlybronze,indivchildonlysilver,indivchildonlygold,indivchildonlyplatinum,indivstsilver,indivstsilver,indivnonstsilver1,indivnonstsilver1,indivstgold,indivstgold,indivstplatinum,indivstplatinum,indivcatastrophic,indivnonstbronze1,indivnonstbronze1,indivnonstgold1,indivnonstgold1,indivnonstplatinum1,indivnonstplatinum1,indivstgold,indivstgold,indivnonstgold2,indivnonstgold2,indivstsilver,indivstsilver,indivnonstsilver2,indivnonstsilver2,indivnonstbronze2,indivnonstbronze2,indivchildonlysilver,indivchildonlygold,indivchildonlybronze,indivstbronze,indivstbronze' are selected in object 'Object Repository/Plans and Products/Page_PNDS (53)/select_--- Choose One ---Metro'  using regular expression

2018-04-18 11:13:07 - [MESSAGE][PASSED] - All options with value 'indivchildonlybronze,indivchildonlysilver,indivchildonlygold,indivchildonlyplatinum,indivstsilver,indivstsilver,indivnonstsilver1,indivnonstsilver1,indivstgold,indivstgold,indivstplatinum,indivstplatinum,indivcatastrophic,indivnonstbronze1,indivnonstbronze1,indivnonstgold1,indivnonstgold1,indivnonstplatinum1,indivnonstplatinum1,indivstgold,indivstgold,indivnonstgold2,indivnonstgold2,indivstsilver,indivstsilver,indivnonstsilver2,indivnonstsilver2,indivnonstbronze2,indivnonstbronze2,indivchildonlysilver,indivchildonlygold,indivchildonlybronze,indivstbronze,indivstbronze' are selected in object 'Object Repository/Plans and Products/Page_PNDS (53)/select_--- Choose One ---Metro'  using regular expression

2018-04-18 11:13:07 - [TEST_STEP][PASSED] - selectOptionByValue: All options with value 'partialcaps' are selected in object 'Object Repository/Plans and Products/Page_PNDS (53)/select_--- Choose One ---Metro'  using regular expression

2018-04-18 11:13:08 - [MESSAGE][PASSED] - All options with value 'partialcaps' are selected in object 'Object Repository/Plans and Products/Page_PNDS (53)/select_--- Choose One ---Metro'  using regular expression

2018-04-18 11:13:08 - [TEST_STEP][PASSED] - selectOptionByValue: All options with value 'medicaidprovider' are selected in object 'Object Repository/Plans and Products/Page_PNDS (53)/select_--- Choose One ---Metro'  using regular expression

2018-04-18 11:13:08 - [MESSAGE][PASSED] - All options with value 'medicaidprovider' are selected in object 'Object Repository/Plans and Products/Page_PNDS (53)/select_--- Choose One ---Metro'  using regular expression

2018-04-18 11:13:08 - [TEST_STEP][PASSED] - selectOptionByValue: All options with value 'medicaidadvantage' are selected in object 'Object Repository/Plans and Products/Page_PNDS (53)/select_--- Choose One ---Metro'  using regular expression

2018-04-18 11:13:09 - [MESSAGE][PASSED] - All options with value 'medicaidadvantage' are selected in object 'Object Repository/Plans and Products/Page_PNDS (53)/select_--- Choose One ---Metro'  using regular expression

2018-04-18 11:13:09 - [TEST_STEP][PASSED] - selectOptionByValue: All options with value 'shopstbronze,shopstsilver,shopstsilver,shopstsilver,shopstsilver,shopnonstsilver1,shopnonstsilver1,shopnonstsilver1,shopnonstsilver1,shopstgold,shopstgold,shopstgold,shopstgold,shopstgold,shopstgold,shopstgold,shopstgold,shopstplatinum,shopstplatinum,shopstplatinum,shopstplatinum,shopstplatinum,shopstplatinum,shopstplatinum,shopstplatinum,shopstbronze,shopstbronze,shopstbronze,shopstbronze,shopstbronze,shopstbronze,shopstbronze' are selected in object 'Object Repository/Plans and Products/Page_PNDS (53)/select_--- Choose One ---Metro'  using regular expression

2018-04-18 11:13:10 - [MESSAGE][PASSED] - All options with value 'shopstbronze,shopstsilver,shopstsilver,shopstsilver,shopstsilver,shopnonstsilver1,shopnonstsilver1,shopnonstsilver1,shopnonstsilver1,shopstgold,shopstgold,shopstgold,shopstgold,shopstgold,shopstgold,shopstgold,shopstgold,shopstplatinum,shopstplatinum,shopstplatinum,shopstplatinum,shopstplatinum,shopstplatinum,shopstplatinum,shopstplatinum,shopstbronze,shopstbronze,shopstbronze,shopstbronze,shopstbronze,shopstbronze,shopstbronze' are selected in object 'Object Repository/Plans and Products/Page_PNDS (53)/select_--- Choose One ---Metro'  using regular expression

2018-04-18 11:13:10 - [TEST_STEP][PASSED] - closeBrowser: Browser is closed

2018-04-18 11:13:10 - [MESSAGE][PASSED] - Browser is closed]]></system-out>
         <system-err><![CDATA[]]></system-err>
      </testcase>
      <testcase name="Test Cases/Plans and Products/Molina" classname="Test Cases/Plans and Products/Molina" status="PASSED">
         <system-out><![CDATA[2018-04-18 11:13:10 - [TEST_CASE][PASSED] - Test Cases/Plans and Products/Molina: Test Cases/Plans and Products/Molina

2018-04-18 11:13:10 - [TEST_STEP][PASSED] - openBrowser: Browser is opened with url: ''

2018-04-18 11:13:13 - [MESSAGE][PASSED] - Browser is opened with url: ''

2018-04-18 11:13:13 - [TEST_STEP][PASSED] - navigateToUrl: Navigate to 'http://dev.providerlookup.ipro.org/' successfully

2018-04-18 11:13:14 - [MESSAGE][PASSED] - Navigate to 'http://dev.providerlookup.ipro.org/' successfully

2018-04-18 11:13:14 - [TEST_STEP][PASSED] - click: Object: 'Object Repository/Plans and Products/Page_PNDS (54)/a_Search by Health Plan' is clicked on

2018-04-18 11:13:14 - [MESSAGE][PASSED] - Object: 'Object Repository/Plans and Products/Page_PNDS (54)/a_Search by Health Plan' is clicked on

2018-04-18 11:13:14 - [TEST_STEP][PASSED] - selectOptionByValue: All options with value '0086' are selected in object 'Object Repository/Plans and Products/Page_PNDS (54)/select_--- Choose one ---Aetna'  using regular expression

2018-04-18 11:13:18 - [MESSAGE][PASSED] - All options with value '0086' are selected in object 'Object Repository/Plans and Products/Page_PNDS (54)/select_--- Choose one ---Aetna'  using regular expression

2018-04-18 11:13:18 - [TEST_STEP][PASSED] - selectOptionByValue: All options with value 'chpprovider' are selected in object 'Object Repository/Plans and Products/Page_PNDS (54)/select_--- Choose One ---Molin'  using regular expression

2018-04-18 11:13:19 - [MESSAGE][PASSED] - All options with value 'chpprovider' are selected in object 'Object Repository/Plans and Products/Page_PNDS (54)/select_--- Choose One ---Molin'  using regular expression

2018-04-18 11:13:19 - [TEST_STEP][PASSED] - selectOptionByValue: All options with value 'bhp,bhpplus' are selected in object 'Object Repository/Plans and Products/Page_PNDS (54)/select_--- Choose One ---Molin'  using regular expression

2018-04-18 11:13:19 - [MESSAGE][PASSED] - All options with value 'bhp,bhpplus' are selected in object 'Object Repository/Plans and Products/Page_PNDS (54)/select_--- Choose One ---Molin'  using regular expression

2018-04-18 11:13:19 - [TEST_STEP][PASSED] - selectOptionByValue: All options with value 'harp' are selected in object 'Object Repository/Plans and Products/Page_PNDS (54)/select_--- Choose One ---Molin'  using regular expression

2018-04-18 11:13:20 - [MESSAGE][PASSED] - All options with value 'harp' are selected in object 'Object Repository/Plans and Products/Page_PNDS (54)/select_--- Choose One ---Molin'  using regular expression

2018-04-18 11:13:20 - [TEST_STEP][PASSED] - selectOptionByValue: All options with value 'medicaidprovider' are selected in object 'Object Repository/Plans and Products/Page_PNDS (54)/select_--- Choose One ---Molin'  using regular expression

2018-04-18 11:13:20 - [MESSAGE][PASSED] - All options with value 'medicaidprovider' are selected in object 'Object Repository/Plans and Products/Page_PNDS (54)/select_--- Choose One ---Molin'  using regular expression

2018-04-18 11:13:20 - [TEST_STEP][PASSED] - closeBrowser: Browser is closed

2018-04-18 11:13:21 - [MESSAGE][PASSED] - Browser is closed]]></system-out>
         <system-err><![CDATA[]]></system-err>
      </testcase>
      <testcase name="Test Cases/Plans and Products/Montefiore Diamond Care" classname="Test Cases/Plans and Products/Montefiore Diamond Care" status="PASSED">
         <system-out><![CDATA[2018-04-18 11:13:21 - [TEST_CASE][PASSED] - Test Cases/Plans and Products/Montefiore Diamond Care: Test Cases/Plans and Products/Montefiore Diamond Care

2018-04-18 11:13:21 - [TEST_STEP][PASSED] - openBrowser: Browser is opened with url: ''

2018-04-18 11:13:23 - [MESSAGE][PASSED] - Browser is opened with url: ''

2018-04-18 11:13:23 - [TEST_STEP][PASSED] - navigateToUrl: Navigate to 'http://dev.providerlookup.ipro.org/' successfully

2018-04-18 11:13:24 - [MESSAGE][PASSED] - Navigate to 'http://dev.providerlookup.ipro.org/' successfully

2018-04-18 11:13:24 - [TEST_STEP][PASSED] - click: Object: 'Object Repository/Plans and Products/Page_PNDS (55)/a_Search by Health Plan' is clicked on

2018-04-18 11:13:25 - [MESSAGE][PASSED] - Object: 'Object Repository/Plans and Products/Page_PNDS (55)/a_Search by Health Plan' is clicked on

2018-04-18 11:13:25 - [TEST_STEP][PASSED] - selectOptionByValue: All options with value '0068' are selected in object 'Object Repository/Plans and Products/Page_PNDS (55)/select_--- Choose one ---Aetna'  using regular expression

2018-04-18 11:13:29 - [MESSAGE][PASSED] - All options with value '0068' are selected in object 'Object Repository/Plans and Products/Page_PNDS (55)/select_--- Choose one ---Aetna'  using regular expression

2018-04-18 11:13:29 - [TEST_STEP][PASSED] - selectOptionByValue: All options with value 'partialcaps' are selected in object 'Object Repository/Plans and Products/Page_PNDS (55)/select_--- Choose One ---Monte'  using regular expression

2018-04-18 11:13:29 - [MESSAGE][PASSED] - All options with value 'partialcaps' are selected in object 'Object Repository/Plans and Products/Page_PNDS (55)/select_--- Choose One ---Monte'  using regular expression

2018-04-18 11:13:29 - [TEST_STEP][PASSED] - closeBrowser: Browser is closed

2018-04-18 11:13:29 - [MESSAGE][PASSED] - Browser is closed]]></system-out>
         <system-err><![CDATA[]]></system-err>
      </testcase>
      <testcase name="Test Cases/Plans and Products/MVP Health Care" classname="Test Cases/Plans and Products/MVP Health Care" status="PASSED">
         <system-out><![CDATA[2018-04-18 11:13:29 - [TEST_CASE][PASSED] - Test Cases/Plans and Products/MVP Health Care: Test Cases/Plans and Products/MVP Health Care

2018-04-18 11:13:29 - [TEST_STEP][PASSED] - openBrowser: Browser is opened with url: ''

2018-04-18 11:13:32 - [MESSAGE][PASSED] - Browser is opened with url: ''

2018-04-18 11:13:32 - [TEST_STEP][PASSED] - navigateToUrl: Navigate to 'http://dev.providerlookup.ipro.org/' successfully

2018-04-18 11:13:33 - [MESSAGE][PASSED] - Navigate to 'http://dev.providerlookup.ipro.org/' successfully

2018-04-18 11:13:33 - [TEST_STEP][PASSED] - click: Object: 'Object Repository/Plans and Products/Page_PNDS (56)/a_Search by Health Plan' is clicked on

2018-04-18 11:13:34 - [MESSAGE][PASSED] - Object: 'Object Repository/Plans and Products/Page_PNDS (56)/a_Search by Health Plan' is clicked on

2018-04-18 11:13:34 - [TEST_STEP][PASSED] - selectOptionByValue: All options with value '0069' are selected in object 'Object Repository/Plans and Products/Page_PNDS (56)/select_--- Choose one ---Aetna'  using regular expression

2018-04-18 11:13:39 - [MESSAGE][PASSED] - All options with value '0069' are selected in object 'Object Repository/Plans and Products/Page_PNDS (56)/select_--- Choose one ---Aetna'  using regular expression

2018-04-18 11:13:39 - [TEST_STEP][PASSED] - selectOptionByValue: All options with value 'chpprovider' are selected in object 'Object Repository/Plans and Products/Page_PNDS (56)/select_--- Choose One ---MVP H'  using regular expression

2018-04-18 11:13:39 - [MESSAGE][PASSED] - All options with value 'chpprovider' are selected in object 'Object Repository/Plans and Products/Page_PNDS (56)/select_--- Choose One ---MVP H'  using regular expression

2018-04-18 11:13:39 - [TEST_STEP][PASSED] - selectOptionByValue: All options with value 'bhp' are selected in object 'Object Repository/Plans and Products/Page_PNDS (56)/select_--- Choose One ---MVP H'  using regular expression

2018-04-18 11:13:40 - [MESSAGE][PASSED] - All options with value 'bhp' are selected in object 'Object Repository/Plans and Products/Page_PNDS (56)/select_--- Choose One ---MVP H'  using regular expression

2018-04-18 11:13:40 - [TEST_STEP][PASSED] - selectOptionByValue: All options with value 'harp' are selected in object 'Object Repository/Plans and Products/Page_PNDS (56)/select_--- Choose One ---MVP H'  using regular expression

2018-04-18 11:13:41 - [MESSAGE][PASSED] - All options with value 'harp' are selected in object 'Object Repository/Plans and Products/Page_PNDS (56)/select_--- Choose One ---MVP H'  using regular expression

2018-04-18 11:13:41 - [TEST_STEP][PASSED] - selectOptionByValue: All options with value 'indivnonstplatinum3,indivnonstplatinum3,indivnonstgold3,indivnonstgold3' are selected in object 'Object Repository/Plans and Products/Page_PNDS (56)/select_--- Choose One ---MVP H'  using regular expression

2018-04-18 11:13:42 - [MESSAGE][PASSED] - All options with value 'indivnonstplatinum3,indivnonstplatinum3,indivnonstgold3,indivnonstgold3' are selected in object 'Object Repository/Plans and Products/Page_PNDS (56)/select_--- Choose One ---MVP H'  using regular expression

2018-04-18 11:13:42 - [TEST_STEP][PASSED] - selectOptionByValue: All options with value 'indivstbronze,indivstbronze,indivstsilver,indivstsilver,indivstgold,indivstgold,indivstplatinum,indivstplatinum,indivstbronze,indivstbronze,indivstgold,indivstgold,indivstsilver,indivstsilver,indivnonstbronze2,indivnonstsilver2,indivnonstgold1,indivnonstplatinum1,indivnonstbronze1,indivnonstsilver1,indivnonstplatinum2,indivnonstbronze2,indivnonstsilver1,indivnonstsilver2,indivnonstgold1,indivnonstplatinum1,indivnonstplatinum2,indivnonstbronze1,indivchildonlybronze,indivchildonlysilver,indivchildonlygold,indivchildonlyplatinum,indivchildonlybronze,indivchildonlygold,indivchildonlysilver,indivnonstbronze3,indivnonstsilver3,indivnonstgold2,indivnonstbronze3,indivnonstsilver3,indivnonstgold2,indivcatastrophic' are selected in object 'Object Repository/Plans and Products/Page_PNDS (56)/select_--- Choose One ---MVP H'  using regular expression

2018-04-18 11:13:42 - [MESSAGE][PASSED] - All options with value 'indivstbronze,indivstbronze,indivstsilver,indivstsilver,indivstgold,indivstgold,indivstplatinum,indivstplatinum,indivstbronze,indivstbronze,indivstgold,indivstgold,indivstsilver,indivstsilver,indivnonstbronze2,indivnonstsilver2,indivnonstgold1,indivnonstplatinum1,indivnonstbronze1,indivnonstsilver1,indivnonstplatinum2,indivnonstbronze2,indivnonstsilver1,indivnonstsilver2,indivnonstgold1,indivnonstplatinum1,indivnonstplatinum2,indivnonstbronze1,indivchildonlybronze,indivchildonlysilver,indivchildonlygold,indivchildonlyplatinum,indivchildonlybronze,indivchildonlygold,indivchildonlysilver,indivnonstbronze3,indivnonstsilver3,indivnonstgold2,indivnonstbronze3,indivnonstsilver3,indivnonstgold2,indivcatastrophic' are selected in object 'Object Repository/Plans and Products/Page_PNDS (56)/select_--- Choose One ---MVP H'  using regular expression

2018-04-18 11:13:42 - [TEST_STEP][PASSED] - selectOptionByValue: All options with value 'medicaidprovider' are selected in object 'Object Repository/Plans and Products/Page_PNDS (56)/select_--- Choose One ---MVP H'  using regular expression

2018-04-18 11:13:43 - [MESSAGE][PASSED] - All options with value 'medicaidprovider' are selected in object 'Object Repository/Plans and Products/Page_PNDS (56)/select_--- Choose One ---MVP H'  using regular expression

2018-04-18 11:13:43 - [TEST_STEP][PASSED] - selectOptionByValue: All options with value 'shopstbronze,shopstbronze,shopstsilver,shopstsilver,shopstgold,shopstgold,shopstplatinum,shopstplatinum,shopstbronze,shopstbronze,shopstsilver,shopstsilver,shopstgold,shopstgold,shopstplatinum,shopstplatinum,shopstbronze,shopstbronze,shopstsilver,shopstsilver,shopstgold,shopstgold,shopstplatinum,shopstplatinum,shopstbronze,shopstbronze,shopstsilver,shopstsilver,shopstgold,shopstgold,shopstplatinum,shopstplatinum,shopstbronze,shopstbronze,shopstbronze,shopstbronze,shopstbronze,shopstbronze,shopstbronze,shopstbronze,shopstgold,shopstgold,shopstgold,shopstgold,shopstgold,shopstgold,shopstgold,shopstgold,shopstsilver,shopstsilver,shopstsilver,shopstsilver,shopstsilver,shopstsilver,shopstsilver,shopstsilver,shopnonstbronze2,shopnonstsilver2,shopnonstgold1,shopnonstplatinum1,shopnonstbronze1,shopnonstsilver1,shopnonstplatinum2,shopnonstbronze2,shopnonstsilver2,shopnonstgold1,shopnonstplatinum1,shopnonstbronze1,shopnonstsilver1,shopnonstplatinum2,shopnonstbronze2,shopnonstbronze2,shopnonstsilver1,shopnonstsilver1,sh' are selected in object 'Object Repository/Plans and Products/Page_PNDS (56)/select_--- Choose One ---MVP H'  using regular expression

2018-04-18 11:13:44 - [MESSAGE][PASSED] - All options with value 'shopstbronze,shopstbronze,shopstsilver,shopstsilver,shopstgold,shopstgold,shopstplatinum,shopstplatinum,shopstbronze,shopstbronze,shopstsilver,shopstsilver,shopstgold,shopstgold,shopstplatinum,shopstplatinum,shopstbronze,shopstbronze,shopstsilver,shopstsilver,shopstgold,shopstgold,shopstplatinum,shopstplatinum,shopstbronze,shopstbronze,shopstsilver,shopstsilver,shopstgold,shopstgold,shopstplatinum,shopstplatinum,shopstbronze,shopstbronze,shopstbronze,shopstbronze,shopstbronze,shopstbronze,shopstbronze,shopstbronze,shopstgold,shopstgold,shopstgold,shopstgold,shopstgold,shopstgold,shopstgold,shopstgold,shopstsilver,shopstsilver,shopstsilver,shopstsilver,shopstsilver,shopstsilver,shopstsilver,shopstsilver,shopnonstbronze2,shopnonstsilver2,shopnonstgold1,shopnonstplatinum1,shopnonstbronze1,shopnonstsilver1,shopnonstplatinum2,shopnonstbronze2,shopnonstsilver2,shopnonstgold1,shopnonstplatinum1,shopnonstbronze1,shopnonstsilver1,shopnonstplatinum2,shopnonstbronze2,shopnonstbronze2,shopnonstsilver1,shopnonstsilver1,sh' are selected in object 'Object Repository/Plans and Products/Page_PNDS (56)/select_--- Choose One ---MVP H'  using regular expression

2018-04-18 11:13:44 - [TEST_STEP][PASSED] - selectOptionByValue: All options with value 'commercialprovider' are selected in object 'Object Repository/Plans and Products/Page_PNDS (56)/select_--- Choose One ---MVP H'  using regular expression

2018-04-18 11:13:45 - [MESSAGE][PASSED] - All options with value 'commercialprovider' are selected in object 'Object Repository/Plans and Products/Page_PNDS (56)/select_--- Choose One ---MVP H'  using regular expression

2018-04-18 11:13:45 - [TEST_STEP][PASSED] - closeBrowser: Browser is closed

2018-04-18 11:13:45 - [MESSAGE][PASSED] - Browser is closed]]></system-out>
         <system-err><![CDATA[]]></system-err>
      </testcase>
      <testcase name="Test Cases/Plans and Products/Nationwide Life Insurance" classname="Test Cases/Plans and Products/Nationwide Life Insurance" status="PASSED">
         <system-out><![CDATA[2018-04-18 11:13:45 - [TEST_CASE][PASSED] - Test Cases/Plans and Products/Nationwide Life Insurance: Test Cases/Plans and Products/Nationwide Life Insurance

2018-04-18 11:13:45 - [TEST_STEP][PASSED] - openBrowser: Browser is opened with url: ''

2018-04-18 11:13:48 - [MESSAGE][PASSED] - Browser is opened with url: ''

2018-04-18 11:13:48 - [TEST_STEP][PASSED] - navigateToUrl: Navigate to 'http://dev.providerlookup.ipro.org/' successfully

2018-04-18 11:13:49 - [MESSAGE][PASSED] - Navigate to 'http://dev.providerlookup.ipro.org/' successfully

2018-04-18 11:13:49 - [TEST_STEP][PASSED] - click: Object: 'Object Repository/Plans and Products/Page_PNDS (57)/a_Search by Health Plan' is clicked on

2018-04-18 11:13:50 - [MESSAGE][PASSED] - Object: 'Object Repository/Plans and Products/Page_PNDS (57)/a_Search by Health Plan' is clicked on

2018-04-18 11:13:50 - [TEST_STEP][PASSED] - selectOptionByValue: All options with value '0193' are selected in object 'Object Repository/Plans and Products/Page_PNDS (57)/select_--- Choose one ---Aetna'  using regular expression

2018-04-18 11:13:53 - [MESSAGE][PASSED] - All options with value '0193' are selected in object 'Object Repository/Plans and Products/Page_PNDS (57)/select_--- Choose one ---Aetna'  using regular expression

2018-04-18 11:13:53 - [TEST_STEP][PASSED] - click: Object: 'Object Repository/Plans and Products/Page_PNDS (57)/div_Product                ---' is clicked on

2018-04-18 11:13:53 - [MESSAGE][PASSED] - Object: 'Object Repository/Plans and Products/Page_PNDS (57)/div_Product                ---' is clicked on

2018-04-18 11:13:53 - [TEST_STEP][PASSED] - selectOptionByValue: All options with value 'nonmcodental' are selected in object 'Object Repository/Plans and Products/Page_PNDS (57)/select_--- Choose One ---Natio'  using regular expression

2018-04-18 11:13:53 - [MESSAGE][PASSED] - All options with value 'nonmcodental' are selected in object 'Object Repository/Plans and Products/Page_PNDS (57)/select_--- Choose One ---Natio'  using regular expression

2018-04-18 11:13:53 - [TEST_STEP][PASSED] - closeBrowser: Browser is closed

2018-04-18 11:13:54 - [MESSAGE][PASSED] - Browser is closed]]></system-out>
         <system-err><![CDATA[]]></system-err>
      </testcase>
      <testcase name="Test Cases/Plans and Products/Niagara Advantage LLC" classname="Test Cases/Plans and Products/Niagara Advantage LLC" status="PASSED">
         <system-out><![CDATA[2018-04-18 11:13:54 - [TEST_CASE][PASSED] - Test Cases/Plans and Products/Niagara Advantage LLC: Test Cases/Plans and Products/Niagara Advantage LLC

2018-04-18 11:13:54 - [TEST_STEP][PASSED] - openBrowser: Browser is opened with url: ''

2018-04-18 11:13:56 - [MESSAGE][PASSED] - Browser is opened with url: ''

2018-04-18 11:13:56 - [TEST_STEP][PASSED] - navigateToUrl: Navigate to 'http://dev.providerlookup.ipro.org/' successfully

2018-04-18 11:13:57 - [MESSAGE][PASSED] - Navigate to 'http://dev.providerlookup.ipro.org/' successfully

2018-04-18 11:13:57 - [TEST_STEP][PASSED] - click: Object: 'Object Repository/Plans and Products/Page_PNDS (58)/a_Search by Health Plan' is clicked on

2018-04-18 11:13:58 - [MESSAGE][PASSED] - Object: 'Object Repository/Plans and Products/Page_PNDS (58)/a_Search by Health Plan' is clicked on

2018-04-18 11:13:58 - [TEST_STEP][PASSED] - selectOptionByValue: All options with value '0072' are selected in object 'Object Repository/Plans and Products/Page_PNDS (58)/select_--- Choose one ---Aetna'  using regular expression

2018-04-18 11:14:02 - [MESSAGE][PASSED] - All options with value '0072' are selected in object 'Object Repository/Plans and Products/Page_PNDS (58)/select_--- Choose one ---Aetna'  using regular expression

2018-04-18 11:14:02 - [TEST_STEP][PASSED] - selectOptionByValue: All options with value 'partialcaps' are selected in object 'Object Repository/Plans and Products/Page_PNDS (58)/select_--- Choose One ---Niaga'  using regular expression

2018-04-18 11:14:02 - [MESSAGE][PASSED] - All options with value 'partialcaps' are selected in object 'Object Repository/Plans and Products/Page_PNDS (58)/select_--- Choose One ---Niaga'  using regular expression

2018-04-18 11:14:02 - [TEST_STEP][PASSED] - closeBrowser: Browser is closed

2018-04-18 11:14:02 - [MESSAGE][PASSED] - Browser is closed]]></system-out>
         <system-err><![CDATA[]]></system-err>
      </testcase>
      <testcase name="Test Cases/Plans and Products/Nippon Life Insurance" classname="Test Cases/Plans and Products/Nippon Life Insurance" status="PASSED">
         <system-out><![CDATA[2018-04-18 11:14:02 - [TEST_CASE][PASSED] - Test Cases/Plans and Products/Nippon Life Insurance: Test Cases/Plans and Products/Nippon Life Insurance

2018-04-18 11:14:02 - [TEST_STEP][PASSED] - openBrowser: Browser is opened with url: ''

2018-04-18 11:14:05 - [MESSAGE][PASSED] - Browser is opened with url: ''

2018-04-18 11:14:05 - [TEST_STEP][PASSED] - navigateToUrl: Navigate to 'http://dev.providerlookup.ipro.org/' successfully

2018-04-18 11:14:06 - [MESSAGE][PASSED] - Navigate to 'http://dev.providerlookup.ipro.org/' successfully

2018-04-18 11:14:06 - [TEST_STEP][PASSED] - click: Object: 'Object Repository/Plans and Products/Page_PNDS (59)/a_Search by Health Plan' is clicked on

2018-04-18 11:14:07 - [MESSAGE][PASSED] - Object: 'Object Repository/Plans and Products/Page_PNDS (59)/a_Search by Health Plan' is clicked on

2018-04-18 11:14:07 - [TEST_STEP][PASSED] - selectOptionByValue: All options with value '0073' are selected in object 'Object Repository/Plans and Products/Page_PNDS (59)/select_--- Choose one ---Aetna'  using regular expression

2018-04-18 11:14:10 - [MESSAGE][PASSED] - All options with value '0073' are selected in object 'Object Repository/Plans and Products/Page_PNDS (59)/select_--- Choose one ---Aetna'  using regular expression

2018-04-18 11:14:10 - [TEST_STEP][PASSED] - selectOptionByValue: All options with value 'nonmcodental' are selected in object 'Object Repository/Plans and Products/Page_PNDS (59)/select_--- Choose One ---Nippo'  using regular expression

2018-04-18 11:14:11 - [MESSAGE][PASSED] - All options with value 'nonmcodental' are selected in object 'Object Repository/Plans and Products/Page_PNDS (59)/select_--- Choose One ---Nippo'  using regular expression

2018-04-18 11:14:11 - [TEST_STEP][PASSED] - selectOptionByValue: All options with value 'nonmcomedical' are selected in object 'Object Repository/Plans and Products/Page_PNDS (59)/select_--- Choose One ---Nippo'  using regular expression

2018-04-18 11:14:12 - [MESSAGE][PASSED] - All options with value 'nonmcomedical' are selected in object 'Object Repository/Plans and Products/Page_PNDS (59)/select_--- Choose One ---Nippo'  using regular expression

2018-04-18 11:14:12 - [TEST_STEP][PASSED] - selectOptionByValue: All options with value 'nonmcodental,skp_002' are selected in object 'Object Repository/Plans and Products/Page_PNDS (59)/select_--- Choose One ---Nippo'  using regular expression

2018-04-18 11:14:12 - [MESSAGE][PASSED] - All options with value 'nonmcodental,skp_002' are selected in object 'Object Repository/Plans and Products/Page_PNDS (59)/select_--- Choose One ---Nippo'  using regular expression

2018-04-18 11:14:12 - [TEST_STEP][PASSED] - selectOptionByValue: All options with value 'nonmcovision' are selected in object 'Object Repository/Plans and Products/Page_PNDS (59)/select_--- Choose One ---Nippo'  using regular expression

2018-04-18 11:14:13 - [MESSAGE][PASSED] - All options with value 'nonmcovision' are selected in object 'Object Repository/Plans and Products/Page_PNDS (59)/select_--- Choose One ---Nippo'  using regular expression

2018-04-18 11:14:13 - [TEST_STEP][PASSED] - selectOptionByValue: All options with value 'nonmcomedical,skp_004' are selected in object 'Object Repository/Plans and Products/Page_PNDS (59)/select_--- Choose One ---Nippo'  using regular expression

2018-04-18 11:14:14 - [MESSAGE][PASSED] - All options with value 'nonmcomedical,skp_004' are selected in object 'Object Repository/Plans and Products/Page_PNDS (59)/select_--- Choose One ---Nippo'  using regular expression

2018-04-18 11:14:14 - [TEST_STEP][PASSED] - closeBrowser: Browser is closed

2018-04-18 11:14:14 - [MESSAGE][PASSED] - Browser is closed]]></system-out>
         <system-err><![CDATA[]]></system-err>
      </testcase>
      <testcase name="Test Cases/Plans and Products/North Shore LIJ, CareConnect" classname="Test Cases/Plans and Products/North Shore LIJ, CareConnect" status="PASSED">
         <system-out><![CDATA[2018-04-18 11:14:14 - [TEST_CASE][PASSED] - Test Cases/Plans and Products/North Shore LIJ, CareConnect: Test Cases/Plans and Products/North Shore LIJ, CareConnect

2018-04-18 11:14:14 - [TEST_STEP][PASSED] - openBrowser: Browser is opened with url: ''

2018-04-18 11:14:17 - [MESSAGE][PASSED] - Browser is opened with url: ''

2018-04-18 11:14:17 - [TEST_STEP][PASSED] - navigateToUrl: Navigate to 'http://dev.providerlookup.ipro.org/' successfully

2018-04-18 11:14:18 - [MESSAGE][PASSED] - Navigate to 'http://dev.providerlookup.ipro.org/' successfully

2018-04-18 11:14:18 - [TEST_STEP][PASSED] - click: Object: 'Object Repository/Plans and Products/Page_PNDS (60)/a_Search by Health Plan' is clicked on

2018-04-18 11:14:19 - [MESSAGE][PASSED] - Object: 'Object Repository/Plans and Products/Page_PNDS (60)/a_Search by Health Plan' is clicked on

2018-04-18 11:14:19 - [TEST_STEP][PASSED] - selectOptionByValue: All options with value '0074' are selected in object 'Object Repository/Plans and Products/Page_PNDS (60)/select_--- Choose one ---Aetna'  using regular expression

2018-04-18 11:14:22 - [MESSAGE][PASSED] - All options with value '0074' are selected in object 'Object Repository/Plans and Products/Page_PNDS (60)/select_--- Choose one ---Aetna'  using regular expression

2018-04-18 11:14:22 - [TEST_STEP][PASSED] - selectOptionByValue: All options with value 'partialcaps' are selected in object 'Object Repository/Plans and Products/Page_PNDS (60)/select_--- Choose One ---North'  using regular expression

2018-04-18 11:14:22 - [MESSAGE][PASSED] - All options with value 'partialcaps' are selected in object 'Object Repository/Plans and Products/Page_PNDS (60)/select_--- Choose One ---North'  using regular expression

2018-04-18 11:14:22 - [TEST_STEP][PASSED] - closeBrowser: Browser is closed

2018-04-18 11:14:22 - [MESSAGE][PASSED] - Browser is closed]]></system-out>
         <system-err><![CDATA[]]></system-err>
      </testcase>
      <testcase name="Test Cases/Plans and Products/Oscar" classname="Test Cases/Plans and Products/Oscar" status="PASSED">
         <system-out><![CDATA[2018-04-18 11:14:22 - [TEST_CASE][PASSED] - Test Cases/Plans and Products/Oscar: Test Cases/Plans and Products/Oscar

2018-04-18 11:14:23 - [TEST_STEP][PASSED] - openBrowser: Browser is opened with url: ''

2018-04-18 11:14:25 - [MESSAGE][PASSED] - Browser is opened with url: ''

2018-04-18 11:14:25 - [TEST_STEP][PASSED] - navigateToUrl: Navigate to 'http://dev.providerlookup.ipro.org/' successfully

2018-04-18 11:14:26 - [MESSAGE][PASSED] - Navigate to 'http://dev.providerlookup.ipro.org/' successfully

2018-04-18 11:14:26 - [TEST_STEP][PASSED] - click: Object: 'Object Repository/Plans and Products/Page_PNDS (61)/a_Search by Health Plan' is clicked on

2018-04-18 11:14:27 - [MESSAGE][PASSED] - Object: 'Object Repository/Plans and Products/Page_PNDS (61)/a_Search by Health Plan' is clicked on

2018-04-18 11:14:27 - [TEST_STEP][PASSED] - selectOptionByValue: All options with value '0075' are selected in object 'Object Repository/Plans and Products/Page_PNDS (61)/select_--- Choose one ---Aetna'  using regular expression

2018-04-18 11:14:31 - [MESSAGE][PASSED] - All options with value '0075' are selected in object 'Object Repository/Plans and Products/Page_PNDS (61)/select_--- Choose one ---Aetna'  using regular expression

2018-04-18 11:14:31 - [TEST_STEP][PASSED] - selectOptionByValue: All options with value 'indivstplatinum,indivstplatinum,indivstgold,indivstgold,indivstsilver,indivstsilver,indivstbronze,indivstbronze,indivchildonlyplatinum,indivchildonlygold,indivchildonlybronze,indivchildonlysilver,indivcatastrophic,indivnonstbronze1,indivnonstbronze1,indivnonstsilver1,indivnonstsilver1,indivnonstgold1,indivnonstgold1,indivnonstplatinum1,indivnonstplatinum1,indivnonstbronze2,indivnonstbronze2,indivnonstsilver2,indivnonstsilver2,indivnonstgold2,indivnonstgold2' are selected in object 'Object Repository/Plans and Products/Page_PNDS (61)/select_--- Choose One ---Oscar'  using regular expression

2018-04-18 11:14:31 - [MESSAGE][PASSED] - All options with value 'indivstplatinum,indivstplatinum,indivstgold,indivstgold,indivstsilver,indivstsilver,indivstbronze,indivstbronze,indivchildonlyplatinum,indivchildonlygold,indivchildonlybronze,indivchildonlysilver,indivcatastrophic,indivnonstbronze1,indivnonstbronze1,indivnonstsilver1,indivnonstsilver1,indivnonstgold1,indivnonstgold1,indivnonstplatinum1,indivnonstplatinum1,indivnonstbronze2,indivnonstbronze2,indivnonstsilver2,indivnonstsilver2,indivnonstgold2,indivnonstgold2' are selected in object 'Object Repository/Plans and Products/Page_PNDS (61)/select_--- Choose One ---Oscar'  using regular expression

2018-04-18 11:14:31 - [TEST_STEP][PASSED] - closeBrowser: Browser is closed

2018-04-18 11:14:32 - [MESSAGE][PASSED] - Browser is closed]]></system-out>
         <system-err><![CDATA[]]></system-err>
      </testcase>
      <testcase name="Test Cases/Plans and Products/Oxford HealthPlans NY" classname="Test Cases/Plans and Products/Oxford HealthPlans NY" status="PASSED">
         <system-out><![CDATA[2018-04-18 11:14:32 - [TEST_CASE][PASSED] - Test Cases/Plans and Products/Oxford HealthPlans NY: Test Cases/Plans and Products/Oxford HealthPlans NY

2018-04-18 11:14:32 - [TEST_STEP][PASSED] - openBrowser: Browser is opened with url: ''

2018-04-18 11:14:34 - [MESSAGE][PASSED] - Browser is opened with url: ''

2018-04-18 11:14:34 - [TEST_STEP][PASSED] - navigateToUrl: Navigate to 'http://dev.providerlookup.ipro.org/' successfully

2018-04-18 11:14:35 - [MESSAGE][PASSED] - Navigate to 'http://dev.providerlookup.ipro.org/' successfully

2018-04-18 11:14:35 - [TEST_STEP][PASSED] - click: Object: 'Object Repository/Plans and Products/Page_PNDS (62)/a_Search by Health Plan' is clicked on

2018-04-18 11:14:36 - [MESSAGE][PASSED] - Object: 'Object Repository/Plans and Products/Page_PNDS (62)/a_Search by Health Plan' is clicked on

2018-04-18 11:14:36 - [TEST_STEP][PASSED] - selectOptionByValue: All options with value '0076' are selected in object 'Object Repository/Plans and Products/Page_PNDS (62)/select_--- Choose one ---Aetna'  using regular expression

2018-04-18 11:14:39 - [MESSAGE][PASSED] - All options with value '0076' are selected in object 'Object Repository/Plans and Products/Page_PNDS (62)/select_--- Choose one ---Aetna'  using regular expression

2018-04-18 11:14:39 - [TEST_STEP][PASSED] - selectOptionByValue: All options with value 'nonmcomedical' are selected in object 'Object Repository/Plans and Products/Page_PNDS (62)/select_--- Choose One ---Oxfor'  using regular expression

2018-04-18 11:14:40 - [MESSAGE][PASSED] - All options with value 'nonmcomedical' are selected in object 'Object Repository/Plans and Products/Page_PNDS (62)/select_--- Choose One ---Oxfor'  using regular expression

2018-04-18 11:14:40 - [TEST_STEP][PASSED] - selectOptionByValue: All options with value 'nonmcomedical,skp_001' are selected in object 'Object Repository/Plans and Products/Page_PNDS (62)/select_--- Choose One ---Oxfor'  using regular expression

2018-04-18 11:14:40 - [MESSAGE][PASSED] - All options with value 'nonmcomedical,skp_001' are selected in object 'Object Repository/Plans and Products/Page_PNDS (62)/select_--- Choose One ---Oxfor'  using regular expression

2018-04-18 11:14:40 - [TEST_STEP][PASSED] - selectOptionByValue: All options with value 'commercialprovider' are selected in object 'Object Repository/Plans and Products/Page_PNDS (62)/select_--- Choose One ---Oxfor'  using regular expression

2018-04-18 11:14:41 - [MESSAGE][PASSED] - All options with value 'commercialprovider' are selected in object 'Object Repository/Plans and Products/Page_PNDS (62)/select_--- Choose One ---Oxfor'  using regular expression

2018-04-18 11:14:41 - [TEST_STEP][PASSED] - closeBrowser: Browser is closed

2018-04-18 11:14:41 - [MESSAGE][PASSED] - Browser is closed]]></system-out>
         <system-err><![CDATA[]]></system-err>
      </testcase>
      <testcase name="Test Cases/Plans and Products/Pace CNY" classname="Test Cases/Plans and Products/Pace CNY" status="PASSED">
         <system-out><![CDATA[2018-04-18 11:14:41 - [TEST_CASE][PASSED] - Test Cases/Plans and Products/Pace CNY: Test Cases/Plans and Products/Pace CNY

2018-04-18 11:14:41 - [TEST_STEP][PASSED] - openBrowser: Browser is opened with url: ''

2018-04-18 11:14:44 - [MESSAGE][PASSED] - Browser is opened with url: ''

2018-04-18 11:14:44 - [TEST_STEP][PASSED] - navigateToUrl: Navigate to 'http://dev.providerlookup.ipro.org/' successfully

2018-04-18 11:14:45 - [MESSAGE][PASSED] - Navigate to 'http://dev.providerlookup.ipro.org/' successfully

2018-04-18 11:14:45 - [TEST_STEP][PASSED] - click: Object: 'Object Repository/Plans and Products/Page_PNDS (63)/a_Search by Health Plan' is clicked on

2018-04-18 11:14:45 - [MESSAGE][PASSED] - Object: 'Object Repository/Plans and Products/Page_PNDS (63)/a_Search by Health Plan' is clicked on

2018-04-18 11:14:45 - [TEST_STEP][PASSED] - selectOptionByValue: All options with value '0077' are selected in object 'Object Repository/Plans and Products/Page_PNDS (63)/select_--- Choose one ---Aetna'  using regular expression

2018-04-18 11:14:48 - [MESSAGE][PASSED] - All options with value '0077' are selected in object 'Object Repository/Plans and Products/Page_PNDS (63)/select_--- Choose one ---Aetna'  using regular expression

2018-04-18 11:14:48 - [TEST_STEP][PASSED] - selectOptionByValue: All options with value 'pace' are selected in object 'Object Repository/Plans and Products/Page_PNDS (63)/select_--- Choose One ---PACE'  using regular expression

2018-04-18 11:14:49 - [MESSAGE][PASSED] - All options with value 'pace' are selected in object 'Object Repository/Plans and Products/Page_PNDS (63)/select_--- Choose One ---PACE'  using regular expression

2018-04-18 11:14:49 - [TEST_STEP][PASSED] - closeBrowser: Browser is closed

2018-04-18 11:14:49 - [MESSAGE][PASSED] - Browser is closed]]></system-out>
         <system-err><![CDATA[]]></system-err>
      </testcase>
      <testcase name="Test Cases/Plans and Products/Physicians Mutual Insurance Company" classname="Test Cases/Plans and Products/Physicians Mutual Insurance Company" status="PASSED">
         <system-out><![CDATA[2018-04-18 11:14:49 - [TEST_CASE][PASSED] - Test Cases/Plans and Products/Physicians Mutual Insurance Company: Test Cases/Plans and Products/Physicians Mutual Insurance Company

2018-04-18 11:14:49 - [TEST_STEP][PASSED] - openBrowser: Browser is opened with url: ''

2018-04-18 11:14:52 - [MESSAGE][PASSED] - Browser is opened with url: ''

2018-04-18 11:14:52 - [TEST_STEP][PASSED] - navigateToUrl: Navigate to 'http://dev.providerlookup.ipro.org/' successfully

2018-04-18 11:14:53 - [MESSAGE][PASSED] - Navigate to 'http://dev.providerlookup.ipro.org/' successfully

2018-04-18 11:14:53 - [TEST_STEP][PASSED] - click: Object: 'Object Repository/Plans and Products/Page_PNDS (64)/a_Search by Health Plan' is clicked on

2018-04-18 11:14:54 - [MESSAGE][PASSED] - Object: 'Object Repository/Plans and Products/Page_PNDS (64)/a_Search by Health Plan' is clicked on

2018-04-18 11:14:54 - [TEST_STEP][PASSED] - selectOptionByValue: All options with value '0177' are selected in object 'Object Repository/Plans and Products/Page_PNDS (64)/select_--- Choose one ---Aetna'  using regular expression

2018-04-18 11:14:58 - [MESSAGE][PASSED] - All options with value '0177' are selected in object 'Object Repository/Plans and Products/Page_PNDS (64)/select_--- Choose one ---Aetna'  using regular expression

2018-04-18 11:14:58 - [TEST_STEP][PASSED] - selectOptionByValue: All options with value 'nonmcodental' are selected in object 'Object Repository/Plans and Products/Page_PNDS (64)/select_--- Choose One ---Physi'  using regular expression

2018-04-18 11:14:58 - [MESSAGE][PASSED] - All options with value 'nonmcodental' are selected in object 'Object Repository/Plans and Products/Page_PNDS (64)/select_--- Choose One ---Physi'  using regular expression

2018-04-18 11:14:58 - [TEST_STEP][PASSED] - closeBrowser: Browser is closed

2018-04-18 11:14:58 - [MESSAGE][PASSED] - Browser is closed]]></system-out>
         <system-err><![CDATA[]]></system-err>
      </testcase>
      <testcase name="Test Cases/Plans and Products/Prime Health Choice" classname="Test Cases/Plans and Products/Prime Health Choice" status="PASSED">
         <system-out><![CDATA[2018-04-18 11:14:58 - [TEST_CASE][PASSED] - Test Cases/Plans and Products/Prime Health Choice: Test Cases/Plans and Products/Prime Health Choice

2018-04-18 11:14:59 - [TEST_STEP][PASSED] - openBrowser: Browser is opened with url: ''

2018-04-18 11:15:01 - [MESSAGE][PASSED] - Browser is opened with url: ''

2018-04-18 11:15:01 - [TEST_STEP][PASSED] - navigateToUrl: Navigate to 'http://dev.providerlookup.ipro.org/' successfully

2018-04-18 11:15:02 - [MESSAGE][PASSED] - Navigate to 'http://dev.providerlookup.ipro.org/' successfully

2018-04-18 11:15:02 - [TEST_STEP][PASSED] - click: Object: 'Object Repository/Plans and Products/Page_PNDS (65)/a_Search by Health Plan' is clicked on

2018-04-18 11:15:03 - [MESSAGE][PASSED] - Object: 'Object Repository/Plans and Products/Page_PNDS (65)/a_Search by Health Plan' is clicked on

2018-04-18 11:15:03 - [TEST_STEP][PASSED] - selectOptionByValue: All options with value '0079' are selected in object 'Object Repository/Plans and Products/Page_PNDS (65)/select_--- Choose one ---Aetna'  using regular expression

2018-04-18 11:15:08 - [MESSAGE][PASSED] - All options with value '0079' are selected in object 'Object Repository/Plans and Products/Page_PNDS (65)/select_--- Choose one ---Aetna'  using regular expression

2018-04-18 11:15:08 - [TEST_STEP][PASSED] - selectOptionByValue: All options with value 'partialcaps' are selected in object 'Object Repository/Plans and Products/Page_PNDS (65)/select_--- Choose One ---Prime'  using regular expression

2018-04-18 11:15:08 - [MESSAGE][PASSED] - All options with value 'partialcaps' are selected in object 'Object Repository/Plans and Products/Page_PNDS (65)/select_--- Choose One ---Prime'  using regular expression

2018-04-18 11:15:08 - [TEST_STEP][PASSED] - closeBrowser: Browser is closed

2018-04-18 11:15:08 - [MESSAGE][PASSED] - Browser is closed]]></system-out>
         <system-err><![CDATA[]]></system-err>
      </testcase>
      <testcase name="Test Cases/Plans and Products/Provident Life" classname="Test Cases/Plans and Products/Provident Life" status="PASSED">
         <system-out><![CDATA[2018-04-18 11:15:08 - [TEST_CASE][PASSED] - Test Cases/Plans and Products/Provident Life: Test Cases/Plans and Products/Provident Life

2018-04-18 11:15:09 - [TEST_STEP][PASSED] - openBrowser: Browser is opened with url: ''

2018-04-18 11:15:11 - [MESSAGE][PASSED] - Browser is opened with url: ''

2018-04-18 11:15:11 - [TEST_STEP][PASSED] - navigateToUrl: Navigate to 'http://dev.providerlookup.ipro.org/' successfully

2018-04-18 11:15:12 - [MESSAGE][PASSED] - Navigate to 'http://dev.providerlookup.ipro.org/' successfully

2018-04-18 11:15:12 - [TEST_STEP][PASSED] - click: Object: 'Object Repository/Plans and Products/Page_PNDS (66)/a_Search by Health Plan' is clicked on

2018-04-18 11:15:13 - [MESSAGE][PASSED] - Object: 'Object Repository/Plans and Products/Page_PNDS (66)/a_Search by Health Plan' is clicked on

2018-04-18 11:15:13 - [TEST_STEP][PASSED] - selectOptionByValue: All options with value '0145' are selected in object 'Object Repository/Plans and Products/Page_PNDS (66)/select_--- Choose one ---Aetna'  using regular expression

2018-04-18 11:15:17 - [MESSAGE][PASSED] - All options with value '0145' are selected in object 'Object Repository/Plans and Products/Page_PNDS (66)/select_--- Choose one ---Aetna'  using regular expression

2018-04-18 11:15:17 - [TEST_STEP][PASSED] - selectOptionByValue: All options with value 'nonmcodental' are selected in object 'Object Repository/Plans and Products/Page_PNDS (66)/select_--- Choose One ---Provi'  using regular expression

2018-04-18 11:15:18 - [MESSAGE][PASSED] - All options with value 'nonmcodental' are selected in object 'Object Repository/Plans and Products/Page_PNDS (66)/select_--- Choose One ---Provi'  using regular expression

2018-04-18 11:15:18 - [TEST_STEP][PASSED] - selectOptionByValue: All options with value 'nonmcovision' are selected in object 'Object Repository/Plans and Products/Page_PNDS (66)/select_--- Choose One ---Provi'  using regular expression

2018-04-18 11:15:18 - [MESSAGE][PASSED] - All options with value 'nonmcovision' are selected in object 'Object Repository/Plans and Products/Page_PNDS (66)/select_--- Choose One ---Provi'  using regular expression

2018-04-18 11:15:18 - [TEST_STEP][PASSED] - closeBrowser: Browser is closed

2018-04-18 11:15:19 - [MESSAGE][PASSED] - Browser is closed]]></system-out>
         <system-err><![CDATA[]]></system-err>
      </testcase>
      <testcase name="Test Cases/Plans and Products/Renaissance Health" classname="Test Cases/Plans and Products/Renaissance Health" status="PASSED">
         <system-out><![CDATA[2018-04-18 11:15:19 - [TEST_CASE][PASSED] - Test Cases/Plans and Products/Renaissance Health: Test Cases/Plans and Products/Renaissance Health

2018-04-18 11:15:19 - [TEST_STEP][PASSED] - openBrowser: Browser is opened with url: ''

2018-04-18 11:15:21 - [MESSAGE][PASSED] - Browser is opened with url: ''

2018-04-18 11:15:21 - [TEST_STEP][PASSED] - navigateToUrl: Navigate to 'http://dev.providerlookup.ipro.org/' successfully

2018-04-18 11:15:22 - [MESSAGE][PASSED] - Navigate to 'http://dev.providerlookup.ipro.org/' successfully

2018-04-18 11:15:22 - [TEST_STEP][PASSED] - click: Object: 'Object Repository/Plans and Products/Page_PNDS (67)/a_Search by Health Plan' is clicked on

2018-04-18 11:15:23 - [MESSAGE][PASSED] - Object: 'Object Repository/Plans and Products/Page_PNDS (67)/a_Search by Health Plan' is clicked on

2018-04-18 11:15:23 - [TEST_STEP][PASSED] - selectOptionByValue: All options with value '0080' are selected in object 'Object Repository/Plans and Products/Page_PNDS (67)/select_--- Choose one ---Aetna'  using regular expression

2018-04-18 11:15:28 - [MESSAGE][PASSED] - All options with value '0080' are selected in object 'Object Repository/Plans and Products/Page_PNDS (67)/select_--- Choose one ---Aetna'  using regular expression

2018-04-18 11:15:28 - [TEST_STEP][PASSED] - selectOptionByValue: All options with value 'nonmcodental' are selected in object 'Object Repository/Plans and Products/Page_PNDS (67)/select_--- Choose One ---Renai'  using regular expression

2018-04-18 11:15:29 - [MESSAGE][PASSED] - All options with value 'nonmcodental' are selected in object 'Object Repository/Plans and Products/Page_PNDS (67)/select_--- Choose One ---Renai'  using regular expression

2018-04-18 11:15:29 - [TEST_STEP][PASSED] - selectOptionByValue: All options with value 'nonmcovision' are selected in object 'Object Repository/Plans and Products/Page_PNDS (67)/select_--- Choose One ---Renai'  using regular expression

2018-04-18 11:15:29 - [MESSAGE][PASSED] - All options with value 'nonmcovision' are selected in object 'Object Repository/Plans and Products/Page_PNDS (67)/select_--- Choose One ---Renai'  using regular expression

2018-04-18 11:15:29 - [TEST_STEP][PASSED] - closeBrowser: Browser is closed

2018-04-18 11:15:30 - [MESSAGE][PASSED] - Browser is closed]]></system-out>
         <system-err><![CDATA[]]></system-err>
      </testcase>
      <testcase name="Test Cases/Plans and Products/Senior Network Health" classname="Test Cases/Plans and Products/Senior Network Health" status="PASSED">
         <system-out><![CDATA[2018-04-18 11:15:30 - [TEST_CASE][PASSED] - Test Cases/Plans and Products/Senior Network Health: Test Cases/Plans and Products/Senior Network Health

2018-04-18 11:15:30 - [TEST_STEP][PASSED] - openBrowser: Browser is opened with url: ''

2018-04-18 11:15:32 - [MESSAGE][PASSED] - Browser is opened with url: ''

2018-04-18 11:15:32 - [TEST_STEP][PASSED] - navigateToUrl: Navigate to 'http://dev.providerlookup.ipro.org/' successfully

2018-04-18 11:15:33 - [MESSAGE][PASSED] - Navigate to 'http://dev.providerlookup.ipro.org/' successfully

2018-04-18 11:15:33 - [TEST_STEP][PASSED] - click: Object: 'Object Repository/Plans and Products/Page_PNDS (68)/a_Search by Health Plan' is clicked on

2018-04-18 11:15:34 - [MESSAGE][PASSED] - Object: 'Object Repository/Plans and Products/Page_PNDS (68)/a_Search by Health Plan' is clicked on

2018-04-18 11:15:34 - [TEST_STEP][PASSED] - selectOptionByValue: All options with value '0083' are selected in object 'Object Repository/Plans and Products/Page_PNDS (68)/select_--- Choose one ---Aetna'  using regular expression

2018-04-18 11:15:38 - [MESSAGE][PASSED] - All options with value '0083' are selected in object 'Object Repository/Plans and Products/Page_PNDS (68)/select_--- Choose one ---Aetna'  using regular expression

2018-04-18 11:15:38 - [TEST_STEP][PASSED] - selectOptionByValue: All options with value 'partialcaps' are selected in object 'Object Repository/Plans and Products/Page_PNDS (68)/select_--- Choose One ---Senio'  using regular expression

2018-04-18 11:15:38 - [MESSAGE][PASSED] - All options with value 'partialcaps' are selected in object 'Object Repository/Plans and Products/Page_PNDS (68)/select_--- Choose One ---Senio'  using regular expression

2018-04-18 11:15:38 - [TEST_STEP][PASSED] - closeBrowser: Browser is closed

2018-04-18 11:15:39 - [MESSAGE][PASSED] - Browser is closed]]></system-out>
         <system-err><![CDATA[]]></system-err>
      </testcase>
      <testcase name="Test Cases/Plans and Products/Senior Whole Health" classname="Test Cases/Plans and Products/Senior Whole Health" status="PASSED">
         <system-out><![CDATA[2018-04-18 11:15:39 - [TEST_CASE][PASSED] - Test Cases/Plans and Products/Senior Whole Health: Test Cases/Plans and Products/Senior Whole Health

2018-04-18 11:15:39 - [TEST_STEP][PASSED] - openBrowser: Browser is opened with url: ''

2018-04-18 11:15:41 - [MESSAGE][PASSED] - Browser is opened with url: ''

2018-04-18 11:15:41 - [TEST_STEP][PASSED] - navigateToUrl: Navigate to 'http://dev.providerlookup.ipro.org/' successfully

2018-04-18 11:15:42 - [MESSAGE][PASSED] - Navigate to 'http://dev.providerlookup.ipro.org/' successfully

2018-04-18 11:15:42 - [TEST_STEP][PASSED] - click: Object: 'Object Repository/Plans and Products/Page_PNDS (69)/a_Search by Health Plan' is clicked on

2018-04-18 11:15:43 - [MESSAGE][PASSED] - Object: 'Object Repository/Plans and Products/Page_PNDS (69)/a_Search by Health Plan' is clicked on

2018-04-18 11:15:43 - [TEST_STEP][PASSED] - selectOptionByValue: All options with value '0115' are selected in object 'Object Repository/Plans and Products/Page_PNDS (69)/select_--- Choose one ---Aetna'  using regular expression

2018-04-18 11:15:46 - [MESSAGE][PASSED] - All options with value '0115' are selected in object 'Object Repository/Plans and Products/Page_PNDS (69)/select_--- Choose one ---Aetna'  using regular expression

2018-04-18 11:15:46 - [TEST_STEP][PASSED] - selectOptionByValue: All options with value 'partialcaps' are selected in object 'Object Repository/Plans and Products/Page_PNDS (69)/select_--- Choose One ---Senio'  using regular expression

2018-04-18 11:15:46 - [MESSAGE][PASSED] - All options with value 'partialcaps' are selected in object 'Object Repository/Plans and Products/Page_PNDS (69)/select_--- Choose One ---Senio'  using regular expression

2018-04-18 11:15:46 - [TEST_STEP][PASSED] - selectOptionByValue: All options with value 'fida' are selected in object 'Object Repository/Plans and Products/Page_PNDS (69)/select_--- Choose One ---Senio'  using regular expression

2018-04-18 11:15:47 - [MESSAGE][PASSED] - All options with value 'fida' are selected in object 'Object Repository/Plans and Products/Page_PNDS (69)/select_--- Choose One ---Senio'  using regular expression

2018-04-18 11:15:47 - [TEST_STEP][PASSED] - selectOptionByValue: All options with value 'map' are selected in object 'Object Repository/Plans and Products/Page_PNDS (69)/select_--- Choose One ---Senio'  using regular expression

2018-04-18 11:15:47 - [MESSAGE][PASSED] - All options with value 'map' are selected in object 'Object Repository/Plans and Products/Page_PNDS (69)/select_--- Choose One ---Senio'  using regular expression

2018-04-18 11:15:47 - [TEST_STEP][PASSED] - closeBrowser: Browser is closed

2018-04-18 11:15:48 - [MESSAGE][PASSED] - Browser is closed]]></system-out>
         <system-err><![CDATA[]]></system-err>
      </testcase>
      <testcase name="Test Cases/Plans and Products/Shelter Point Life Insurance" classname="Test Cases/Plans and Products/Shelter Point Life Insurance" status="PASSED">
         <system-out><![CDATA[2018-04-18 11:15:48 - [TEST_CASE][PASSED] - Test Cases/Plans and Products/Shelter Point Life Insurance: Test Cases/Plans and Products/Shelter Point Life Insurance

2018-04-18 11:15:48 - [TEST_STEP][PASSED] - openBrowser: Browser is opened with url: ''

2018-04-18 11:15:51 - [MESSAGE][PASSED] - Browser is opened with url: ''

2018-04-18 11:15:51 - [TEST_STEP][PASSED] - navigateToUrl: Navigate to 'http://dev.providerlookup.ipro.org/' successfully

2018-04-18 11:15:52 - [MESSAGE][PASSED] - Navigate to 'http://dev.providerlookup.ipro.org/' successfully

2018-04-18 11:15:52 - [TEST_STEP][PASSED] - click: Object: 'Object Repository/Plans and Products/Page_PNDS (70)/a_Search by Health Plan' is clicked on

2018-04-18 11:15:53 - [MESSAGE][PASSED] - Object: 'Object Repository/Plans and Products/Page_PNDS (70)/a_Search by Health Plan' is clicked on

2018-04-18 11:15:53 - [TEST_STEP][PASSED] - selectOptionByValue: All options with value '0160' are selected in object 'Object Repository/Plans and Products/Page_PNDS (70)/select_--- Choose one ---Aetna'  using regular expression

2018-04-18 11:15:56 - [MESSAGE][PASSED] - All options with value '0160' are selected in object 'Object Repository/Plans and Products/Page_PNDS (70)/select_--- Choose one ---Aetna'  using regular expression

2018-04-18 11:15:56 - [TEST_STEP][PASSED] - selectOptionByValue: All options with value 'nonmcovision' are selected in object 'Object Repository/Plans and Products/Page_PNDS (70)/select_--- Choose One ---Shelt'  using regular expression

2018-04-18 11:15:56 - [MESSAGE][PASSED] - All options with value 'nonmcovision' are selected in object 'Object Repository/Plans and Products/Page_PNDS (70)/select_--- Choose One ---Shelt'  using regular expression

2018-04-18 11:15:56 - [TEST_STEP][PASSED] - selectOptionByValue: All options with value 'nonmcodental' are selected in object 'Object Repository/Plans and Products/Page_PNDS (70)/select_--- Choose One ---Shelt'  using regular expression

2018-04-18 11:15:57 - [MESSAGE][PASSED] - All options with value 'nonmcodental' are selected in object 'Object Repository/Plans and Products/Page_PNDS (70)/select_--- Choose One ---Shelt'  using regular expression

2018-04-18 11:15:57 - [TEST_STEP][PASSED] - selectOptionByValue: All options with value 'nonmcovision,skp_002' are selected in object 'Object Repository/Plans and Products/Page_PNDS (70)/select_--- Choose One ---Shelt'  using regular expression

2018-04-18 11:15:57 - [MESSAGE][PASSED] - All options with value 'nonmcovision,skp_002' are selected in object 'Object Repository/Plans and Products/Page_PNDS (70)/select_--- Choose One ---Shelt'  using regular expression

2018-04-18 11:15:57 - [TEST_STEP][PASSED] - selectOptionByValue: All options with value 'nonmcodental,skp_003' are selected in object 'Object Repository/Plans and Products/Page_PNDS (70)/select_--- Choose One ---Shelt'  using regular expression

2018-04-18 11:15:58 - [MESSAGE][PASSED] - All options with value 'nonmcodental,skp_003' are selected in object 'Object Repository/Plans and Products/Page_PNDS (70)/select_--- Choose One ---Shelt'  using regular expression

2018-04-18 11:15:58 - [TEST_STEP][PASSED] - closeBrowser: Browser is closed

2018-04-18 11:15:58 - [MESSAGE][PASSED] - Browser is closed]]></system-out>
         <system-err><![CDATA[]]></system-err>
      </testcase>
      <testcase name="Test Cases/Plans and Products/Solstice" classname="Test Cases/Plans and Products/Solstice" status="PASSED">
         <system-out><![CDATA[2018-04-18 11:15:58 - [TEST_CASE][PASSED] - Test Cases/Plans and Products/Solstice: Test Cases/Plans and Products/Solstice

2018-04-18 11:15:58 - [TEST_STEP][PASSED] - openBrowser: Browser is opened with url: ''

2018-04-18 11:16:01 - [MESSAGE][PASSED] - Browser is opened with url: ''

2018-04-18 11:16:01 - [TEST_STEP][PASSED] - navigateToUrl: Navigate to 'http://dev.providerlookup.ipro.org/' successfully

2018-04-18 11:16:02 - [MESSAGE][PASSED] - Navigate to 'http://dev.providerlookup.ipro.org/' successfully

2018-04-18 11:16:02 - [TEST_STEP][PASSED] - click: Object: 'Object Repository/Plans and Products/Page_PNDS (71)/a_Search by Health Plan' is clicked on

2018-04-18 11:16:03 - [MESSAGE][PASSED] - Object: 'Object Repository/Plans and Products/Page_PNDS (71)/a_Search by Health Plan' is clicked on

2018-04-18 11:16:03 - [TEST_STEP][PASSED] - selectOptionByValue: All options with value '0084' are selected in object 'Object Repository/Plans and Products/Page_PNDS (71)/select_--- Choose one ---Aetna'  using regular expression

2018-04-18 11:16:06 - [MESSAGE][PASSED] - All options with value '0084' are selected in object 'Object Repository/Plans and Products/Page_PNDS (71)/select_--- Choose one ---Aetna'  using regular expression

2018-04-18 11:16:06 - [TEST_STEP][PASSED] - selectOptionByValue: All options with value 'indivpeddentalhigh,indivfamdental,indivadultdental' are selected in object 'Object Repository/Plans and Products/Page_PNDS (71)/select_--- Choose One ---Solst'  using regular expression

2018-04-18 11:16:07 - [MESSAGE][PASSED] - All options with value 'indivpeddentalhigh,indivfamdental,indivadultdental' are selected in object 'Object Repository/Plans and Products/Page_PNDS (71)/select_--- Choose One ---Solst'  using regular expression

2018-04-18 11:16:07 - [TEST_STEP][PASSED] - selectOptionByValue: All options with value 'shoppeddentalhigh,shopfamdental,shopadultdental,shoppeddentallow' are selected in object 'Object Repository/Plans and Products/Page_PNDS (71)/select_--- Choose One ---Solst'  using regular expression

2018-04-18 11:16:07 - [MESSAGE][PASSED] - All options with value 'shoppeddentalhigh,shopfamdental,shopadultdental,shoppeddentallow' are selected in object 'Object Repository/Plans and Products/Page_PNDS (71)/select_--- Choose One ---Solst'  using regular expression

2018-04-18 11:16:07 - [TEST_STEP][PASSED] - closeBrowser: Browser is closed

2018-04-18 11:16:08 - [MESSAGE][PASSED] - Browser is closed]]></system-out>
         <system-err><![CDATA[]]></system-err>
      </testcase>
      <testcase name="Test Cases/Plans and Products/Standard" classname="Test Cases/Plans and Products/Standard" status="PASSED">
         <system-out><![CDATA[2018-04-18 11:16:08 - [TEST_CASE][PASSED] - Test Cases/Plans and Products/Standard: Test Cases/Plans and Products/Standard

2018-04-18 11:16:08 - [TEST_STEP][PASSED] - openBrowser: Browser is opened with url: ''

2018-04-18 11:16:11 - [MESSAGE][PASSED] - Browser is opened with url: ''

2018-04-18 11:16:11 - [TEST_STEP][PASSED] - navigateToUrl: Navigate to 'http://dev.providerlookup.ipro.org/' successfully

2018-04-18 11:16:12 - [MESSAGE][PASSED] - Navigate to 'http://dev.providerlookup.ipro.org/' successfully

2018-04-18 11:16:12 - [TEST_STEP][PASSED] - click: Object: 'Object Repository/Plans and Products/Page_PNDS (72)/a_Search by Health Plan' is clicked on

2018-04-18 11:16:13 - [MESSAGE][PASSED] - Object: 'Object Repository/Plans and Products/Page_PNDS (72)/a_Search by Health Plan' is clicked on

2018-04-18 11:16:13 - [TEST_STEP][PASSED] - selectOptionByValue: All options with value '0139' are selected in object 'Object Repository/Plans and Products/Page_PNDS (72)/select_--- Choose one ---Aetna'  using regular expression

2018-04-18 11:16:16 - [MESSAGE][PASSED] - All options with value '0139' are selected in object 'Object Repository/Plans and Products/Page_PNDS (72)/select_--- Choose one ---Aetna'  using regular expression

2018-04-18 11:16:16 - [TEST_STEP][PASSED] - selectOptionByValue: All options with value 'nonmcodental' are selected in object 'Object Repository/Plans and Products/Page_PNDS (72)/select_--- Choose One ---Stand'  using regular expression

2018-04-18 11:16:17 - [MESSAGE][PASSED] - All options with value 'nonmcodental' are selected in object 'Object Repository/Plans and Products/Page_PNDS (72)/select_--- Choose One ---Stand'  using regular expression

2018-04-18 11:16:17 - [TEST_STEP][PASSED] - selectOptionByValue: All options with value 'nonmcovision' are selected in object 'Object Repository/Plans and Products/Page_PNDS (72)/select_--- Choose One ---Stand'  using regular expression

2018-04-18 11:16:17 - [MESSAGE][PASSED] - All options with value 'nonmcovision' are selected in object 'Object Repository/Plans and Products/Page_PNDS (72)/select_--- Choose One ---Stand'  using regular expression

2018-04-18 11:16:17 - [TEST_STEP][PASSED] - selectOptionByValue: All options with value 'nonmcovision,skp_002' are selected in object 'Object Repository/Plans and Products/Page_PNDS (72)/select_--- Choose One ---Stand'  using regular expression

2018-04-18 11:16:18 - [MESSAGE][PASSED] - All options with value 'nonmcovision,skp_002' are selected in object 'Object Repository/Plans and Products/Page_PNDS (72)/select_--- Choose One ---Stand'  using regular expression

2018-04-18 11:16:18 - [TEST_STEP][PASSED] - selectOptionByValue: All options with value 'nonmcodental,skp_003' are selected in object 'Object Repository/Plans and Products/Page_PNDS (72)/select_--- Choose One ---Stand'  using regular expression

2018-04-18 11:16:18 - [MESSAGE][PASSED] - All options with value 'nonmcodental,skp_003' are selected in object 'Object Repository/Plans and Products/Page_PNDS (72)/select_--- Choose One ---Stand'  using regular expression

2018-04-18 11:16:18 - [TEST_STEP][PASSED] - selectOptionByValue: All options with value 'nonmcovision,skp_004' are selected in object 'Object Repository/Plans and Products/Page_PNDS (72)/select_--- Choose One ---Stand'  using regular expression

2018-04-18 11:16:19 - [MESSAGE][PASSED] - All options with value 'nonmcovision,skp_004' are selected in object 'Object Repository/Plans and Products/Page_PNDS (72)/select_--- Choose One ---Stand'  using regular expression

2018-04-18 11:16:19 - [TEST_STEP][PASSED] - selectOptionByValue: All options with value 'nonmcovision,skp_005' are selected in object 'Object Repository/Plans and Products/Page_PNDS (72)/select_--- Choose One ---Stand'  using regular expression

2018-04-18 11:16:20 - [MESSAGE][PASSED] - All options with value 'nonmcovision,skp_005' are selected in object 'Object Repository/Plans and Products/Page_PNDS (72)/select_--- Choose One ---Stand'  using regular expression

2018-04-18 11:16:20 - [TEST_STEP][PASSED] - closeBrowser: Browser is closed

2018-04-18 11:16:20 - [MESSAGE][PASSED] - Browser is closed]]></system-out>
         <system-err><![CDATA[]]></system-err>
      </testcase>
      <testcase name="Test Cases/Plans and Products/Sun Life and Health" classname="Test Cases/Plans and Products/Sun Life and Health" status="PASSED">
         <system-out><![CDATA[2018-04-18 11:16:20 - [TEST_CASE][PASSED] - Test Cases/Plans and Products/Sun Life and Health: Test Cases/Plans and Products/Sun Life and Health

2018-04-18 11:16:20 - [TEST_STEP][PASSED] - openBrowser: Browser is opened with url: ''

2018-04-18 11:16:23 - [MESSAGE][PASSED] - Browser is opened with url: ''

2018-04-18 11:16:23 - [TEST_STEP][PASSED] - navigateToUrl: Navigate to 'http://dev.providerlookup.ipro.org/' successfully

2018-04-18 11:16:24 - [MESSAGE][PASSED] - Navigate to 'http://dev.providerlookup.ipro.org/' successfully

2018-04-18 11:16:24 - [TEST_STEP][PASSED] - click: Object: 'Object Repository/Plans and Products/Page_PNDS (73)/a_Search by Health Plan' is clicked on

2018-04-18 11:16:25 - [MESSAGE][PASSED] - Object: 'Object Repository/Plans and Products/Page_PNDS (73)/a_Search by Health Plan' is clicked on

2018-04-18 11:16:25 - [TEST_STEP][PASSED] - selectOptionByValue: All options with value '0162' are selected in object 'Object Repository/Plans and Products/Page_PNDS (73)/select_--- Choose one ---Aetna'  using regular expression

2018-04-18 11:16:28 - [MESSAGE][PASSED] - All options with value '0162' are selected in object 'Object Repository/Plans and Products/Page_PNDS (73)/select_--- Choose one ---Aetna'  using regular expression

2018-04-18 11:16:28 - [TEST_STEP][PASSED] - selectOptionByValue: All options with value 'nonmcodental' are selected in object 'Object Repository/Plans and Products/Page_PNDS (73)/select_--- Choose One ---Sun L'  using regular expression

2018-04-18 11:16:28 - [MESSAGE][PASSED] - All options with value 'nonmcodental' are selected in object 'Object Repository/Plans and Products/Page_PNDS (73)/select_--- Choose One ---Sun L'  using regular expression

2018-04-18 11:16:28 - [TEST_STEP][PASSED] - selectOptionByValue: All options with value 'nonmcodental,skp_001' are selected in object 'Object Repository/Plans and Products/Page_PNDS (73)/select_--- Choose One ---Sun L'  using regular expression

2018-04-18 11:16:29 - [MESSAGE][PASSED] - All options with value 'nonmcodental,skp_001' are selected in object 'Object Repository/Plans and Products/Page_PNDS (73)/select_--- Choose One ---Sun L'  using regular expression

2018-04-18 11:16:29 - [TEST_STEP][PASSED] - closeBrowser: Browser is closed

2018-04-18 11:16:29 - [MESSAGE][PASSED] - Browser is closed]]></system-out>
         <system-err><![CDATA[]]></system-err>
      </testcase>
      <testcase name="Test Cases/Plans and Products/The Paul Revere" classname="Test Cases/Plans and Products/The Paul Revere" status="PASSED">
         <system-out><![CDATA[2018-04-18 11:16:29 - [TEST_CASE][PASSED] - Test Cases/Plans and Products/The Paul Revere: Test Cases/Plans and Products/The Paul Revere

2018-04-18 11:16:29 - [TEST_STEP][PASSED] - openBrowser: Browser is opened with url: ''

2018-04-18 11:16:32 - [MESSAGE][PASSED] - Browser is opened with url: ''

2018-04-18 11:16:32 - [TEST_STEP][PASSED] - navigateToUrl: Navigate to 'http://dev.providerlookup.ipro.org/' successfully

2018-04-18 11:16:33 - [MESSAGE][PASSED] - Navigate to 'http://dev.providerlookup.ipro.org/' successfully

2018-04-18 11:16:33 - [TEST_STEP][PASSED] - click: Object: 'Object Repository/Plans and Products/Page_PNDS (74)/a_Search by Health Plan' is clicked on

2018-04-18 11:16:34 - [MESSAGE][PASSED] - Object: 'Object Repository/Plans and Products/Page_PNDS (74)/a_Search by Health Plan' is clicked on

2018-04-18 11:16:34 - [TEST_STEP][PASSED] - selectOptionByValue: All options with value '0182' are selected in object 'Object Repository/Plans and Products/Page_PNDS (74)/select_--- Choose one ---Aetna'  using regular expression

2018-04-18 11:16:37 - [MESSAGE][PASSED] - All options with value '0182' are selected in object 'Object Repository/Plans and Products/Page_PNDS (74)/select_--- Choose one ---Aetna'  using regular expression

2018-04-18 11:16:37 - [TEST_STEP][PASSED] - selectOptionByValue: All options with value 'nonmcodental' are selected in object 'Object Repository/Plans and Products/Page_PNDS (74)/select_--- Choose One ---The P'  using regular expression

2018-04-18 11:16:38 - [MESSAGE][PASSED] - All options with value 'nonmcodental' are selected in object 'Object Repository/Plans and Products/Page_PNDS (74)/select_--- Choose One ---The P'  using regular expression

2018-04-18 11:16:38 - [TEST_STEP][PASSED] - selectOptionByValue: All options with value 'nonmcovision' are selected in object 'Object Repository/Plans and Products/Page_PNDS (74)/select_--- Choose One ---The P'  using regular expression

2018-04-18 11:16:38 - [MESSAGE][PASSED] - All options with value 'nonmcovision' are selected in object 'Object Repository/Plans and Products/Page_PNDS (74)/select_--- Choose One ---The P'  using regular expression

2018-04-18 11:16:38 - [TEST_STEP][PASSED] - closeBrowser: Browser is closed

2018-04-18 11:16:38 - [MESSAGE][PASSED] - Browser is closed]]></system-out>
         <system-err><![CDATA[]]></system-err>
      </testcase>
      <testcase name="Test Cases/Plans and Products/Total Senior Care" classname="Test Cases/Plans and Products/Total Senior Care" status="PASSED">
         <system-out><![CDATA[2018-04-18 11:16:38 - [TEST_CASE][PASSED] - Test Cases/Plans and Products/Total Senior Care: Test Cases/Plans and Products/Total Senior Care

2018-04-18 11:16:38 - [TEST_STEP][PASSED] - openBrowser: Browser is opened with url: ''

2018-04-18 11:16:41 - [MESSAGE][PASSED] - Browser is opened with url: ''

2018-04-18 11:16:41 - [TEST_STEP][PASSED] - navigateToUrl: Navigate to 'http://dev.providerlookup.ipro.org/' successfully

2018-04-18 11:16:42 - [MESSAGE][PASSED] - Navigate to 'http://dev.providerlookup.ipro.org/' successfully

2018-04-18 11:16:42 - [TEST_STEP][PASSED] - click: Object: 'Object Repository/Plans and Products/Page_PNDS (75)/a_Search by Health Plan' is clicked on

2018-04-18 11:16:43 - [MESSAGE][PASSED] - Object: 'Object Repository/Plans and Products/Page_PNDS (75)/a_Search by Health Plan' is clicked on

2018-04-18 11:16:43 - [TEST_STEP][PASSED] - selectOptionByValue: All options with value '0087' are selected in object 'Object Repository/Plans and Products/Page_PNDS (75)/select_--- Choose one ---Aetna'  using regular expression

2018-04-18 11:16:46 - [MESSAGE][PASSED] - All options with value '0087' are selected in object 'Object Repository/Plans and Products/Page_PNDS (75)/select_--- Choose one ---Aetna'  using regular expression

2018-04-18 11:16:46 - [TEST_STEP][PASSED] - selectOptionByValue: All options with value 'pace' are selected in object 'Object Repository/Plans and Products/Page_PNDS (75)/select_--- Choose One ---Total'  using regular expression

2018-04-18 11:16:47 - [MESSAGE][PASSED] - All options with value 'pace' are selected in object 'Object Repository/Plans and Products/Page_PNDS (75)/select_--- Choose One ---Total'  using regular expression

2018-04-18 11:16:47 - [TEST_STEP][PASSED] - closeBrowser: Browser is closed

2018-04-18 11:16:47 - [MESSAGE][PASSED] - Browser is closed]]></system-out>
         <system-err><![CDATA[]]></system-err>
      </testcase>
      <testcase name="Test Cases/Plans and Products/United Concordia" classname="Test Cases/Plans and Products/United Concordia" status="PASSED">
         <system-out><![CDATA[2018-04-18 11:16:47 - [TEST_CASE][PASSED] - Test Cases/Plans and Products/United Concordia: Test Cases/Plans and Products/United Concordia

2018-04-18 11:16:47 - [TEST_STEP][PASSED] - openBrowser: Browser is opened with url: ''

2018-04-18 11:16:50 - [MESSAGE][PASSED] - Browser is opened with url: ''

2018-04-18 11:16:50 - [TEST_STEP][PASSED] - navigateToUrl: Navigate to 'http://dev.providerlookup.ipro.org/' successfully

2018-04-18 11:16:51 - [MESSAGE][PASSED] - Navigate to 'http://dev.providerlookup.ipro.org/' successfully

2018-04-18 11:16:51 - [TEST_STEP][PASSED] - click: Object: 'Object Repository/Plans and Products/Page_PNDS (76)/a_Search by Health Plan' is clicked on

2018-04-18 11:16:52 - [MESSAGE][PASSED] - Object: 'Object Repository/Plans and Products/Page_PNDS (76)/a_Search by Health Plan' is clicked on

2018-04-18 11:16:52 - [TEST_STEP][PASSED] - selectOptionByValue: All options with value '0116' are selected in object 'Object Repository/Plans and Products/Page_PNDS (76)/select_--- Choose one ---Aetna'  using regular expression

2018-04-18 11:16:55 - [MESSAGE][PASSED] - All options with value '0116' are selected in object 'Object Repository/Plans and Products/Page_PNDS (76)/select_--- Choose one ---Aetna'  using regular expression

2018-04-18 11:16:55 - [TEST_STEP][PASSED] - selectOptionByValue: All options with value 'nonmcodental' are selected in object 'Object Repository/Plans and Products/Page_PNDS (76)/select_--- Choose One ---Unite'  using regular expression

2018-04-18 11:16:56 - [MESSAGE][PASSED] - All options with value 'nonmcodental' are selected in object 'Object Repository/Plans and Products/Page_PNDS (76)/select_--- Choose One ---Unite'  using regular expression

2018-04-18 11:16:56 - [TEST_STEP][PASSED] - closeBrowser: Browser is closed

2018-04-18 11:16:56 - [MESSAGE][PASSED] - Browser is closed]]></system-out>
         <system-err><![CDATA[]]></system-err>
      </testcase>
      <testcase name="Test Cases/Plans and Products/United Healthcare" classname="Test Cases/Plans and Products/United Healthcare" status="PASSED">
         <system-out><![CDATA[2018-04-18 11:16:56 - [TEST_CASE][PASSED] - Test Cases/Plans and Products/United Healthcare: Test Cases/Plans and Products/United Healthcare

2018-04-18 11:16:56 - [TEST_STEP][PASSED] - openBrowser: Browser is opened with url: ''

2018-04-18 11:16:59 - [MESSAGE][PASSED] - Browser is opened with url: ''

2018-04-18 11:16:59 - [TEST_STEP][PASSED] - navigateToUrl: Navigate to 'http://dev.providerlookup.ipro.org/' successfully

2018-04-18 11:17:00 - [MESSAGE][PASSED] - Navigate to 'http://dev.providerlookup.ipro.org/' successfully

2018-04-18 11:17:00 - [TEST_STEP][PASSED] - click: Object: 'Object Repository/Plans and Products/Page_PNDS (77)/a_Search by Health Plan' is clicked on

2018-04-18 11:17:01 - [MESSAGE][PASSED] - Object: 'Object Repository/Plans and Products/Page_PNDS (77)/a_Search by Health Plan' is clicked on

2018-04-18 11:17:01 - [TEST_STEP][PASSED] - selectOptionByValue: All options with value '0148' are selected in object 'Object Repository/Plans and Products/Page_PNDS (77)/select_--- Choose one ---Aetna'  using regular expression

2018-04-18 11:17:04 - [MESSAGE][PASSED] - All options with value '0148' are selected in object 'Object Repository/Plans and Products/Page_PNDS (77)/select_--- Choose one ---Aetna'  using regular expression

2018-04-18 11:17:04 - [TEST_STEP][PASSED] - selectOptionByValue: All options with value 'nonmcomedical' are selected in object 'Object Repository/Plans and Products/Page_PNDS (77)/select_--- Choose One ---Unite'  using regular expression

2018-04-18 11:17:04 - [MESSAGE][PASSED] - All options with value 'nonmcomedical' are selected in object 'Object Repository/Plans and Products/Page_PNDS (77)/select_--- Choose One ---Unite'  using regular expression

2018-04-18 11:17:04 - [TEST_STEP][PASSED] - selectOptionByValue: All options with value 'chpprovider' are selected in object 'Object Repository/Plans and Products/Page_PNDS (77)/select_--- Choose One ---Unite'  using regular expression

2018-04-18 11:17:05 - [MESSAGE][PASSED] - All options with value 'chpprovider' are selected in object 'Object Repository/Plans and Products/Page_PNDS (77)/select_--- Choose One ---Unite'  using regular expression

2018-04-18 11:17:05 - [TEST_STEP][PASSED] - selectOptionByValue: All options with value 'nonmcomedical,skp_002' are selected in object 'Object Repository/Plans and Products/Page_PNDS (77)/select_--- Choose One ---Unite'  using regular expression

2018-04-18 11:17:06 - [MESSAGE][PASSED] - All options with value 'nonmcomedical,skp_002' are selected in object 'Object Repository/Plans and Products/Page_PNDS (77)/select_--- Choose One ---Unite'  using regular expression

2018-04-18 11:17:06 - [TEST_STEP][PASSED] - selectOptionByValue: All options with value 'nonmcomedical,skp_003' are selected in object 'Object Repository/Plans and Products/Page_PNDS (77)/select_--- Choose One ---Unite'  using regular expression

2018-04-18 11:17:07 - [MESSAGE][PASSED] - All options with value 'nonmcomedical,skp_003' are selected in object 'Object Repository/Plans and Products/Page_PNDS (77)/select_--- Choose One ---Unite'  using regular expression

2018-04-18 11:17:07 - [TEST_STEP][PASSED] - selectOptionByValue: All options with value 'nonmcomedical,skp_004' are selected in object 'Object Repository/Plans and Products/Page_PNDS (77)/select_--- Choose One ---Unite'  using regular expression

2018-04-18 11:17:07 - [MESSAGE][PASSED] - All options with value 'nonmcomedical,skp_004' are selected in object 'Object Repository/Plans and Products/Page_PNDS (77)/select_--- Choose One ---Unite'  using regular expression

2018-04-18 11:17:07 - [TEST_STEP][PASSED] - selectOptionByValue: All options with value 'nonmcomedical,skp_005' are selected in object 'Object Repository/Plans and Products/Page_PNDS (77)/select_--- Choose One ---Unite'  using regular expression

2018-04-18 11:17:08 - [MESSAGE][PASSED] - All options with value 'nonmcomedical,skp_005' are selected in object 'Object Repository/Plans and Products/Page_PNDS (77)/select_--- Choose One ---Unite'  using regular expression

2018-04-18 11:17:08 - [TEST_STEP][PASSED] - selectOptionByValue: All options with value 'nonmcodental' are selected in object 'Object Repository/Plans and Products/Page_PNDS (77)/select_--- Choose One ---Unite'  using regular expression

2018-04-18 11:17:09 - [MESSAGE][PASSED] - All options with value 'nonmcodental' are selected in object 'Object Repository/Plans and Products/Page_PNDS (77)/select_--- Choose One ---Unite'  using regular expression

2018-04-18 11:17:09 - [TEST_STEP][PASSED] - selectOptionByValue: All options with value 'nonmcodental,skp_007' are selected in object 'Object Repository/Plans and Products/Page_PNDS (77)/select_--- Choose One ---Unite'  using regular expression

2018-04-18 11:17:10 - [MESSAGE][PASSED] - All options with value 'nonmcodental,skp_007' are selected in object 'Object Repository/Plans and Products/Page_PNDS (77)/select_--- Choose One ---Unite'  using regular expression

2018-04-18 11:17:10 - [TEST_STEP][PASSED] - selectOptionByValue: All options with value 'nonmcomedical,skp_008' are selected in object 'Object Repository/Plans and Products/Page_PNDS (77)/select_--- Choose One ---Unite'  using regular expression

2018-04-18 11:17:12 - [MESSAGE][PASSED] - All options with value 'nonmcomedical,skp_008' are selected in object 'Object Repository/Plans and Products/Page_PNDS (77)/select_--- Choose One ---Unite'  using regular expression

2018-04-18 11:17:12 - [TEST_STEP][PASSED] - selectOptionByValue: All options with value 'bhp,bhpplus' are selected in object 'Object Repository/Plans and Products/Page_PNDS (77)/select_--- Choose One ---Unite'  using regular expression

2018-04-18 11:17:13 - [MESSAGE][PASSED] - All options with value 'bhp,bhpplus' are selected in object 'Object Repository/Plans and Products/Page_PNDS (77)/select_--- Choose One ---Unite'  using regular expression

2018-04-18 11:17:13 - [TEST_STEP][PASSED] - selectOptionByValue: All options with value 'harp' are selected in object 'Object Repository/Plans and Products/Page_PNDS (77)/select_--- Choose One ---Unite'  using regular expression

2018-04-18 11:17:13 - [MESSAGE][PASSED] - All options with value 'harp' are selected in object 'Object Repository/Plans and Products/Page_PNDS (77)/select_--- Choose One ---Unite'  using regular expression

2018-04-18 11:17:13 - [TEST_STEP][PASSED] - selectOptionByValue: All options with value 'indivstplatinum,indivstplatinum,indivstgold,indivstgold,indivstsilver,indivstsilver,indivstbronze,indivstbronze,indivcatastrophic,indivchildonlyplatinum,indivchildonlygold,indivchildonlysilver,indivchildonlybronze,indivnonstsilver2,indivnonstsilver2,indivchildonlysilver,indivnonstbronze1,indivnonstbronze1,indivchildonlybronze,indivnonstsilver1' are selected in object 'Object Repository/Plans and Products/Page_PNDS (77)/select_--- Choose One ---Unite'  using regular expression

2018-04-18 11:17:14 - [MESSAGE][PASSED] - All options with value 'indivstplatinum,indivstplatinum,indivstgold,indivstgold,indivstsilver,indivstsilver,indivstbronze,indivstbronze,indivcatastrophic,indivchildonlyplatinum,indivchildonlygold,indivchildonlysilver,indivchildonlybronze,indivnonstsilver2,indivnonstsilver2,indivchildonlysilver,indivnonstbronze1,indivnonstbronze1,indivchildonlybronze,indivnonstsilver1' are selected in object 'Object Repository/Plans and Products/Page_PNDS (77)/select_--- Choose One ---Unite'  using regular expression

2018-04-18 11:17:14 - [TEST_STEP][PASSED] - selectOptionByValue: All options with value 'partialcaps' are selected in object 'Object Repository/Plans and Products/Page_PNDS (77)/select_--- Choose One ---Unite'  using regular expression

2018-04-18 11:17:15 - [MESSAGE][PASSED] - All options with value 'partialcaps' are selected in object 'Object Repository/Plans and Products/Page_PNDS (77)/select_--- Choose One ---Unite'  using regular expression

2018-04-18 11:17:15 - [TEST_STEP][PASSED] - selectOptionByValue: All options with value 'medicaidprovider' are selected in object 'Object Repository/Plans and Products/Page_PNDS (77)/select_--- Choose One ---Unite'  using regular expression

2018-04-18 11:17:16 - [MESSAGE][PASSED] - All options with value 'medicaidprovider' are selected in object 'Object Repository/Plans and Products/Page_PNDS (77)/select_--- Choose One ---Unite'  using regular expression

2018-04-18 11:17:16 - [TEST_STEP][PASSED] - selectOptionByValue: All options with value 'medicaidadvantage' are selected in object 'Object Repository/Plans and Products/Page_PNDS (77)/select_--- Choose One ---Unite'  using regular expression

2018-04-18 11:17:17 - [MESSAGE][PASSED] - All options with value 'medicaidadvantage' are selected in object 'Object Repository/Plans and Products/Page_PNDS (77)/select_--- Choose One ---Unite'  using regular expression

2018-04-18 11:17:17 - [TEST_STEP][PASSED] - selectOptionByValue: All options with value 'nonmcomedical,skp_015' are selected in object 'Object Repository/Plans and Products/Page_PNDS (77)/select_--- Choose One ---Unite'  using regular expression

2018-04-18 11:17:18 - [MESSAGE][PASSED] - All options with value 'nonmcomedical,skp_015' are selected in object 'Object Repository/Plans and Products/Page_PNDS (77)/select_--- Choose One ---Unite'  using regular expression

2018-04-18 11:17:18 - [TEST_STEP][PASSED] - selectOptionByValue: All options with value 'nonmcomedical,skp_016' are selected in object 'Object Repository/Plans and Products/Page_PNDS (77)/select_--- Choose One ---Unite'  using regular expression

2018-04-18 11:17:19 - [MESSAGE][PASSED] - All options with value 'nonmcomedical,skp_016' are selected in object 'Object Repository/Plans and Products/Page_PNDS (77)/select_--- Choose One ---Unite'  using regular expression

2018-04-18 11:17:19 - [TEST_STEP][PASSED] - closeBrowser: Browser is closed

2018-04-18 11:17:19 - [MESSAGE][PASSED] - Browser is closed]]></system-out>
         <system-err><![CDATA[]]></system-err>
      </testcase>
      <testcase name="Test Cases/Plans and Products/Univera HealthCare" classname="Test Cases/Plans and Products/Univera HealthCare" status="PASSED">
         <system-out><![CDATA[2018-04-18 11:17:19 - [TEST_CASE][PASSED] - Test Cases/Plans and Products/Univera HealthCare: Test Cases/Plans and Products/Univera HealthCare

2018-04-18 11:17:19 - [TEST_STEP][PASSED] - openBrowser: Browser is opened with url: ''

2018-04-18 11:17:22 - [MESSAGE][PASSED] - Browser is opened with url: ''

2018-04-18 11:17:22 - [TEST_STEP][PASSED] - navigateToUrl: Navigate to 'http://dev.providerlookup.ipro.org/' successfully

2018-04-18 11:17:23 - [MESSAGE][PASSED] - Navigate to 'http://dev.providerlookup.ipro.org/' successfully

2018-04-18 11:17:23 - [TEST_STEP][PASSED] - click: Object: 'Object Repository/Plans and Products/Page_PNDS (78)/a_Search by Health Plan' is clicked on

2018-04-18 11:17:24 - [MESSAGE][PASSED] - Object: 'Object Repository/Plans and Products/Page_PNDS (78)/a_Search by Health Plan' is clicked on

2018-04-18 11:17:24 - [TEST_STEP][PASSED] - selectOptionByValue: All options with value '0041' are selected in object 'Object Repository/Plans and Products/Page_PNDS (78)/select_--- Choose one ---Aetna'  using regular expression

2018-04-18 11:17:27 - [MESSAGE][PASSED] - All options with value '0041' are selected in object 'Object Repository/Plans and Products/Page_PNDS (78)/select_--- Choose one ---Aetna'  using regular expression

2018-04-18 11:17:27 - [TEST_STEP][PASSED] - selectOptionByValue: All options with value 'chpprovider' are selected in object 'Object Repository/Plans and Products/Page_PNDS (78)/select_--- Choose One ---Unive'  using regular expression

2018-04-18 11:17:28 - [MESSAGE][PASSED] - All options with value 'chpprovider' are selected in object 'Object Repository/Plans and Products/Page_PNDS (78)/select_--- Choose One ---Unive'  using regular expression

2018-04-18 11:17:28 - [TEST_STEP][PASSED] - selectOptionByValue: All options with value 'commercialprovider' are selected in object 'Object Repository/Plans and Products/Page_PNDS (78)/select_--- Choose One ---Unive'  using regular expression

2018-04-18 11:17:28 - [MESSAGE][PASSED] - All options with value 'commercialprovider' are selected in object 'Object Repository/Plans and Products/Page_PNDS (78)/select_--- Choose One ---Unive'  using regular expression

2018-04-18 11:17:28 - [TEST_STEP][PASSED] - selectOptionByValue: All options with value 'bhp,bhpplus' are selected in object 'Object Repository/Plans and Products/Page_PNDS (78)/select_--- Choose One ---Unive'  using regular expression

2018-04-18 11:17:29 - [MESSAGE][PASSED] - All options with value 'bhp,bhpplus' are selected in object 'Object Repository/Plans and Products/Page_PNDS (78)/select_--- Choose One ---Unive'  using regular expression

2018-04-18 11:17:29 - [TEST_STEP][PASSED] - selectOptionByValue: All options with value 'harp' are selected in object 'Object Repository/Plans and Products/Page_PNDS (78)/select_--- Choose One ---Unive'  using regular expression

2018-04-18 11:17:29 - [MESSAGE][PASSED] - All options with value 'harp' are selected in object 'Object Repository/Plans and Products/Page_PNDS (78)/select_--- Choose One ---Unive'  using regular expression

2018-04-18 11:17:29 - [TEST_STEP][PASSED] - selectOptionByValue: All options with value 'indivstplatinum,indivstplatinum,indivchildonlyplatinum,indivnonstplatinum1,indivnonstplatinum1,indivstgold,indivstgold,indivchildonlygold,indivstsilver,indivstsilver,indivchildonlysilver,indivnonstgold1,indivnonstgold1,indivstbronze,indivstbronze,indivchildonlybronze,indivnonstsilver1,indivnonstsilver1,indivnonstbronze1,indivnonstbronze1,indivstbronze,indivstbronze,indivchildonlybronze,indivcatastrophic' are selected in object 'Object Repository/Plans and Products/Page_PNDS (78)/select_--- Choose One ---Unive'  using regular expression

2018-04-18 11:17:30 - [MESSAGE][PASSED] - All options with value 'indivstplatinum,indivstplatinum,indivchildonlyplatinum,indivnonstplatinum1,indivnonstplatinum1,indivstgold,indivstgold,indivchildonlygold,indivstsilver,indivstsilver,indivchildonlysilver,indivnonstgold1,indivnonstgold1,indivstbronze,indivstbronze,indivchildonlybronze,indivnonstsilver1,indivnonstsilver1,indivnonstbronze1,indivnonstbronze1,indivstbronze,indivstbronze,indivchildonlybronze,indivcatastrophic' are selected in object 'Object Repository/Plans and Products/Page_PNDS (78)/select_--- Choose One ---Unive'  using regular expression

2018-04-18 11:17:30 - [TEST_STEP][PASSED] - selectOptionByValue: All options with value 'medicaidprovider' are selected in object 'Object Repository/Plans and Products/Page_PNDS (78)/select_--- Choose One ---Unive'  using regular expression

2018-04-18 11:17:31 - [MESSAGE][PASSED] - All options with value 'medicaidprovider' are selected in object 'Object Repository/Plans and Products/Page_PNDS (78)/select_--- Choose One ---Unive'  using regular expression

2018-04-18 11:17:31 - [TEST_STEP][PASSED] - selectOptionByValue: All options with value 'shopstplatinum,shopstplatinum,shopstplatinum,shopstplatinum,shopstplatinum,shopstplatinum,shopstplatinum,shopstplatinum,shopstplatinum,shopstplatinum,shopstplatinum,shopstplatinum,shopstplatinum,shopstplatinum,shopstplatinum,shopstplatinum,shopstsilver,shopstsilver,shopstsilver,shopstsilver,shopstsilver,shopstsilver,shopstsilver,shopstsilver,shopstgold,shopstgold,shopstgold,shopstgold,shopstgold,shopstgold,shopstgold,shopstgold,shopstbronze,shopstbronze,shopstbronze,shopstbronze,shopstbronze,shopstbronze,shopstbronze,shopstbronze,shopstbronze,shopstbronze,shopstbronze,shopstbronze,shopstbronze,shopstbronze,shopstbronze,shopstbronze' are selected in object 'Object Repository/Plans and Products/Page_PNDS (78)/select_--- Choose One ---Unive'  using regular expression

2018-04-18 11:17:31 - [MESSAGE][PASSED] - All options with value 'shopstplatinum,shopstplatinum,shopstplatinum,shopstplatinum,shopstplatinum,shopstplatinum,shopstplatinum,shopstplatinum,shopstplatinum,shopstplatinum,shopstplatinum,shopstplatinum,shopstplatinum,shopstplatinum,shopstplatinum,shopstplatinum,shopstsilver,shopstsilver,shopstsilver,shopstsilver,shopstsilver,shopstsilver,shopstsilver,shopstsilver,shopstgold,shopstgold,shopstgold,shopstgold,shopstgold,shopstgold,shopstgold,shopstgold,shopstbronze,shopstbronze,shopstbronze,shopstbronze,shopstbronze,shopstbronze,shopstbronze,shopstbronze,shopstbronze,shopstbronze,shopstbronze,shopstbronze,shopstbronze,shopstbronze,shopstbronze,shopstbronze' are selected in object 'Object Repository/Plans and Products/Page_PNDS (78)/select_--- Choose One ---Unive'  using regular expression

2018-04-18 11:17:31 - [TEST_STEP][PASSED] - closeBrowser: Browser is closed

2018-04-18 11:17:32 - [MESSAGE][PASSED] - Browser is closed]]></system-out>
         <system-err><![CDATA[]]></system-err>
      </testcase>
      <testcase name="Test Cases/Plans and Products/VillageCare Max" classname="Test Cases/Plans and Products/VillageCare Max" status="PASSED">
         <system-out><![CDATA[2018-04-18 11:17:32 - [TEST_CASE][PASSED] - Test Cases/Plans and Products/VillageCare Max: Test Cases/Plans and Products/VillageCare Max

2018-04-18 11:17:32 - [TEST_STEP][PASSED] - openBrowser: Browser is opened with url: ''

2018-04-18 11:17:34 - [MESSAGE][PASSED] - Browser is opened with url: ''

2018-04-18 11:17:34 - [TEST_STEP][PASSED] - navigateToUrl: Navigate to 'http://dev.providerlookup.ipro.org/' successfully

2018-04-18 11:17:35 - [MESSAGE][PASSED] - Navigate to 'http://dev.providerlookup.ipro.org/' successfully

2018-04-18 11:17:35 - [TEST_STEP][PASSED] - click: Object: 'Object Repository/Plans and Products/Page_PNDS (79)/a_Search by Health Plan' is clicked on

2018-04-18 11:17:36 - [MESSAGE][PASSED] - Object: 'Object Repository/Plans and Products/Page_PNDS (79)/a_Search by Health Plan' is clicked on

2018-04-18 11:17:36 - [TEST_STEP][PASSED] - selectOptionByValue: All options with value '0090' are selected in object 'Object Repository/Plans and Products/Page_PNDS (79)/select_--- Choose one ---Aetna'  using regular expression

2018-04-18 11:17:40 - [MESSAGE][PASSED] - All options with value '0090' are selected in object 'Object Repository/Plans and Products/Page_PNDS (79)/select_--- Choose one ---Aetna'  using regular expression

2018-04-18 11:17:40 - [TEST_STEP][PASSED] - selectOptionByValue: All options with value 'map' are selected in object 'Object Repository/Plans and Products/Page_PNDS (79)/select_--- Choose One ---Villa'  using regular expression

2018-04-18 11:17:40 - [MESSAGE][PASSED] - All options with value 'map' are selected in object 'Object Repository/Plans and Products/Page_PNDS (79)/select_--- Choose One ---Villa'  using regular expression

2018-04-18 11:17:40 - [TEST_STEP][PASSED] - selectOptionByValue: All options with value 'fida' are selected in object 'Object Repository/Plans and Products/Page_PNDS (79)/select_--- Choose One ---Villa'  using regular expression

2018-04-18 11:17:41 - [MESSAGE][PASSED] - All options with value 'fida' are selected in object 'Object Repository/Plans and Products/Page_PNDS (79)/select_--- Choose One ---Villa'  using regular expression

2018-04-18 11:17:41 - [TEST_STEP][PASSED] - selectOptionByValue: All options with value 'partialcaps' are selected in object 'Object Repository/Plans and Products/Page_PNDS (79)/select_--- Choose One ---Villa'  using regular expression

2018-04-18 11:17:41 - [MESSAGE][PASSED] - All options with value 'partialcaps' are selected in object 'Object Repository/Plans and Products/Page_PNDS (79)/select_--- Choose One ---Villa'  using regular expression

2018-04-18 11:17:41 - [TEST_STEP][PASSED] - closeBrowser: Browser is closed

2018-04-18 11:17:42 - [MESSAGE][PASSED] - Browser is closed]]></system-out>
         <system-err><![CDATA[]]></system-err>
      </testcase>
      <testcase name="Test Cases/Plans and Products/VNA Homecare Options LLC" classname="Test Cases/Plans and Products/VNA Homecare Options LLC" status="PASSED">
         <system-out><![CDATA[2018-04-18 11:17:42 - [TEST_CASE][PASSED] - Test Cases/Plans and Products/VNA Homecare Options LLC: Test Cases/Plans and Products/VNA Homecare Options LLC

2018-04-18 11:17:42 - [TEST_STEP][PASSED] - openBrowser: Browser is opened with url: ''

2018-04-18 11:17:45 - [MESSAGE][PASSED] - Browser is opened with url: ''

2018-04-18 11:17:45 - [TEST_STEP][PASSED] - navigateToUrl: Navigate to 'http://dev.providerlookup.ipro.org/' successfully

2018-04-18 11:17:46 - [MESSAGE][PASSED] - Navigate to 'http://dev.providerlookup.ipro.org/' successfully

2018-04-18 11:17:46 - [TEST_STEP][PASSED] - click: Object: 'Object Repository/Plans and Products/Page_PNDS (80)/a_Search by Health Plan' is clicked on

2018-04-18 11:17:46 - [MESSAGE][PASSED] - Object: 'Object Repository/Plans and Products/Page_PNDS (80)/a_Search by Health Plan' is clicked on

2018-04-18 11:17:46 - [TEST_STEP][PASSED] - selectOptionByValue: All options with value '0091' are selected in object 'Object Repository/Plans and Products/Page_PNDS (80)/select_--- Choose one ---Aetna'  using regular expression

2018-04-18 11:17:50 - [MESSAGE][PASSED] - All options with value '0091' are selected in object 'Object Repository/Plans and Products/Page_PNDS (80)/select_--- Choose one ---Aetna'  using regular expression

2018-04-18 11:17:50 - [TEST_STEP][PASSED] - selectOptionByValue: All options with value 'partialcaps' are selected in object 'Object Repository/Plans and Products/Page_PNDS (80)/select_--- Choose One ---VNA H'  using regular expression

2018-04-18 11:17:50 - [MESSAGE][PASSED] - All options with value 'partialcaps' are selected in object 'Object Repository/Plans and Products/Page_PNDS (80)/select_--- Choose One ---VNA H'  using regular expression

2018-04-18 11:17:50 - [TEST_STEP][PASSED] - closeBrowser: Browser is closed

2018-04-18 11:17:50 - [MESSAGE][PASSED] - Browser is closed]]></system-out>
         <system-err><![CDATA[]]></system-err>
      </testcase>
      <testcase name="Test Cases/Plans and Products/VNS Choice" classname="Test Cases/Plans and Products/VNS Choice" status="PASSED">
         <system-out><![CDATA[2018-04-18 11:17:50 - [TEST_CASE][PASSED] - Test Cases/Plans and Products/VNS Choice: Test Cases/Plans and Products/VNS Choice

2018-04-18 11:17:50 - [TEST_STEP][PASSED] - openBrowser: Browser is opened with url: ''

2018-04-18 11:17:53 - [MESSAGE][PASSED] - Browser is opened with url: ''

2018-04-18 11:17:53 - [TEST_STEP][PASSED] - navigateToUrl: Navigate to 'http://dev.providerlookup.ipro.org/' successfully

2018-04-18 11:17:54 - [MESSAGE][PASSED] - Navigate to 'http://dev.providerlookup.ipro.org/' successfully

2018-04-18 11:17:54 - [TEST_STEP][PASSED] - click: Object: 'Object Repository/Plans and Products/Page_PNDS (81)/a_Search by Health Plan' is clicked on

2018-04-18 11:17:55 - [MESSAGE][PASSED] - Object: 'Object Repository/Plans and Products/Page_PNDS (81)/a_Search by Health Plan' is clicked on

2018-04-18 11:17:55 - [TEST_STEP][PASSED] - selectOptionByValue: All options with value '0092' are selected in object 'Object Repository/Plans and Products/Page_PNDS (81)/select_--- Choose one ---Aetna'  using regular expression

2018-04-18 11:17:59 - [MESSAGE][PASSED] - All options with value '0092' are selected in object 'Object Repository/Plans and Products/Page_PNDS (81)/select_--- Choose one ---Aetna'  using regular expression

2018-04-18 11:17:59 - [TEST_STEP][PASSED] - selectOptionByValue: All options with value 'fida' are selected in object 'Object Repository/Plans and Products/Page_PNDS (81)/select_--- Choose One ---VNS C'  using regular expression

2018-04-18 11:17:59 - [MESSAGE][PASSED] - All options with value 'fida' are selected in object 'Object Repository/Plans and Products/Page_PNDS (81)/select_--- Choose One ---VNS C'  using regular expression

2018-04-18 11:17:59 - [TEST_STEP][PASSED] - selectOptionByValue: All options with value 'hivsnp' are selected in object 'Object Repository/Plans and Products/Page_PNDS (81)/select_--- Choose One ---VNS C'  using regular expression

2018-04-18 11:18:00 - [MESSAGE][PASSED] - All options with value 'hivsnp' are selected in object 'Object Repository/Plans and Products/Page_PNDS (81)/select_--- Choose One ---VNS C'  using regular expression

2018-04-18 11:18:00 - [TEST_STEP][PASSED] - selectOptionByValue: All options with value 'partialcaps' are selected in object 'Object Repository/Plans and Products/Page_PNDS (81)/select_--- Choose One ---VNS C'  using regular expression

2018-04-18 11:18:01 - [MESSAGE][PASSED] - All options with value 'partialcaps' are selected in object 'Object Repository/Plans and Products/Page_PNDS (81)/select_--- Choose One ---VNS C'  using regular expression

2018-04-18 11:18:01 - [TEST_STEP][PASSED] - selectOptionByValue: All options with value 'medicaidadvantage' are selected in object 'Object Repository/Plans and Products/Page_PNDS (81)/select_--- Choose One ---VNS C'  using regular expression

2018-04-18 11:18:01 - [MESSAGE][PASSED] - All options with value 'medicaidadvantage' are selected in object 'Object Repository/Plans and Products/Page_PNDS (81)/select_--- Choose One ---VNS C'  using regular expression

2018-04-18 11:18:01 - [TEST_STEP][PASSED] - selectOptionByValue: All options with value 'map' are selected in object 'Object Repository/Plans and Products/Page_PNDS (81)/select_--- Choose One ---VNS C'  using regular expression

2018-04-18 11:18:02 - [MESSAGE][PASSED] - All options with value 'map' are selected in object 'Object Repository/Plans and Products/Page_PNDS (81)/select_--- Choose One ---VNS C'  using regular expression

2018-04-18 11:18:02 - [TEST_STEP][PASSED] - closeBrowser: Browser is closed

2018-04-18 11:18:02 - [MESSAGE][PASSED] - Browser is closed]]></system-out>
         <system-err><![CDATA[]]></system-err>
      </testcase>
      <testcase name="Test Cases/Plans and Products/Wellcare of New York" classname="Test Cases/Plans and Products/Wellcare of New York" status="PASSED">
         <system-out><![CDATA[2018-04-18 11:18:02 - [TEST_CASE][PASSED] - Test Cases/Plans and Products/Wellcare of New York: Test Cases/Plans and Products/Wellcare of New York

2018-04-18 11:18:02 - [TEST_STEP][PASSED] - openBrowser: Browser is opened with url: ''

2018-04-18 11:18:05 - [MESSAGE][PASSED] - Browser is opened with url: ''

2018-04-18 11:18:05 - [TEST_STEP][PASSED] - navigateToUrl: Navigate to 'http://dev.providerlookup.ipro.org/' successfully

2018-04-18 11:18:06 - [MESSAGE][PASSED] - Navigate to 'http://dev.providerlookup.ipro.org/' successfully

2018-04-18 11:18:06 - [TEST_STEP][PASSED] - click: Object: 'Object Repository/Plans and Products/Page_PNDS (82)/a_Search by Health Plan' is clicked on

2018-04-18 11:18:06 - [MESSAGE][PASSED] - Object: 'Object Repository/Plans and Products/Page_PNDS (82)/a_Search by Health Plan' is clicked on

2018-04-18 11:18:06 - [TEST_STEP][PASSED] - selectOptionByValue: All options with value '0093' are selected in object 'Object Repository/Plans and Products/Page_PNDS (82)/select_--- Choose one ---Aetna'  using regular expression

2018-04-18 11:18:10 - [MESSAGE][PASSED] - All options with value '0093' are selected in object 'Object Repository/Plans and Products/Page_PNDS (82)/select_--- Choose one ---Aetna'  using regular expression

2018-04-18 11:18:10 - [TEST_STEP][PASSED] - selectOptionByValue: All options with value 'chpprovider' are selected in object 'Object Repository/Plans and Products/Page_PNDS (82)/select_--- Choose One ---WellC'  using regular expression

2018-04-18 11:18:11 - [MESSAGE][PASSED] - All options with value 'chpprovider' are selected in object 'Object Repository/Plans and Products/Page_PNDS (82)/select_--- Choose One ---WellC'  using regular expression

2018-04-18 11:18:11 - [TEST_STEP][PASSED] - selectOptionByValue: All options with value 'bhp,bhpplus' are selected in object 'Object Repository/Plans and Products/Page_PNDS (82)/select_--- Choose One ---WellC'  using regular expression

2018-04-18 11:18:11 - [MESSAGE][PASSED] - All options with value 'bhp,bhpplus' are selected in object 'Object Repository/Plans and Products/Page_PNDS (82)/select_--- Choose One ---WellC'  using regular expression

2018-04-18 11:18:11 - [TEST_STEP][PASSED] - selectOptionByValue: All options with value 'partialcaps' are selected in object 'Object Repository/Plans and Products/Page_PNDS (82)/select_--- Choose One ---WellC'  using regular expression

2018-04-18 11:18:12 - [MESSAGE][PASSED] - All options with value 'partialcaps' are selected in object 'Object Repository/Plans and Products/Page_PNDS (82)/select_--- Choose One ---WellC'  using regular expression

2018-04-18 11:18:12 - [TEST_STEP][PASSED] - selectOptionByValue: All options with value 'medicaidprovider' are selected in object 'Object Repository/Plans and Products/Page_PNDS (82)/select_--- Choose One ---WellC'  using regular expression

2018-04-18 11:18:12 - [MESSAGE][PASSED] - All options with value 'medicaidprovider' are selected in object 'Object Repository/Plans and Products/Page_PNDS (82)/select_--- Choose One ---WellC'  using regular expression

2018-04-18 11:18:12 - [TEST_STEP][PASSED] - selectOptionByValue: All options with value 'medicaidadvantage' are selected in object 'Object Repository/Plans and Products/Page_PNDS (82)/select_--- Choose One ---WellC'  using regular expression

2018-04-18 11:18:13 - [MESSAGE][PASSED] - All options with value 'medicaidadvantage' are selected in object 'Object Repository/Plans and Products/Page_PNDS (82)/select_--- Choose One ---WellC'  using regular expression

2018-04-18 11:18:13 - [TEST_STEP][PASSED] - closeBrowser: Browser is closed

2018-04-18 11:18:13 - [MESSAGE][PASSED] - Browser is closed]]></system-out>
         <system-err><![CDATA[]]></system-err>
      </testcase>
      <testcase name="Test Cases/Plans and Products/YourCare Health Plan" classname="Test Cases/Plans and Products/YourCare Health Plan" status="PASSED">
         <system-out><![CDATA[2018-04-18 11:18:13 - [TEST_CASE][PASSED] - Test Cases/Plans and Products/YourCare Health Plan: Test Cases/Plans and Products/YourCare Health Plan

2018-04-18 11:18:13 - [TEST_STEP][PASSED] - openBrowser: Browser is opened with url: ''

2018-04-18 11:18:16 - [MESSAGE][PASSED] - Browser is opened with url: ''

2018-04-18 11:18:16 - [TEST_STEP][PASSED] - navigateToUrl: Navigate to 'http://dev.providerlookup.ipro.org/' successfully

2018-04-18 11:18:17 - [MESSAGE][PASSED] - Navigate to 'http://dev.providerlookup.ipro.org/' successfully

2018-04-18 11:18:17 - [TEST_STEP][PASSED] - click: Object: 'Object Repository/Plans and Products/Page_PNDS (83)/a_Search by Health Plan' is clicked on

2018-04-18 11:18:18 - [MESSAGE][PASSED] - Object: 'Object Repository/Plans and Products/Page_PNDS (83)/a_Search by Health Plan' is clicked on

2018-04-18 11:18:18 - [TEST_STEP][PASSED] - selectOptionByValue: All options with value '0094' are selected in object 'Object Repository/Plans and Products/Page_PNDS (83)/select_--- Choose one ---Aetna'  using regular expression

2018-04-18 11:18:21 - [MESSAGE][PASSED] - All options with value '0094' are selected in object 'Object Repository/Plans and Products/Page_PNDS (83)/select_--- Choose one ---Aetna'  using regular expression

2018-04-18 11:18:21 - [TEST_STEP][PASSED] - selectOptionByValue: All options with value 'chpprovider' are selected in object 'Object Repository/Plans and Products/Page_PNDS (83)/select_--- Choose One ---YourC'  using regular expression

2018-04-18 11:18:22 - [MESSAGE][PASSED] - All options with value 'chpprovider' are selected in object 'Object Repository/Plans and Products/Page_PNDS (83)/select_--- Choose One ---YourC'  using regular expression

2018-04-18 11:18:22 - [TEST_STEP][PASSED] - selectOptionByValue: All options with value 'bhp,bhpplus' are selected in object 'Object Repository/Plans and Products/Page_PNDS (83)/select_--- Choose One ---YourC'  using regular expression

2018-04-18 11:18:23 - [MESSAGE][PASSED] - All options with value 'bhp,bhpplus' are selected in object 'Object Repository/Plans and Products/Page_PNDS (83)/select_--- Choose One ---YourC'  using regular expression

2018-04-18 11:18:23 - [TEST_STEP][PASSED] - selectOptionByValue: All options with value 'harp' are selected in object 'Object Repository/Plans and Products/Page_PNDS (83)/select_--- Choose One ---YourC'  using regular expression

2018-04-18 11:18:23 - [MESSAGE][PASSED] - All options with value 'harp' are selected in object 'Object Repository/Plans and Products/Page_PNDS (83)/select_--- Choose One ---YourC'  using regular expression

2018-04-18 11:18:23 - [TEST_STEP][PASSED] - selectOptionByValue: All options with value 'medicaidprovider' are selected in object 'Object Repository/Plans and Products/Page_PNDS (83)/select_--- Choose One ---YourC'  using regular expression

2018-04-18 11:18:24 - [MESSAGE][PASSED] - All options with value 'medicaidprovider' are selected in object 'Object Repository/Plans and Products/Page_PNDS (83)/select_--- Choose One ---YourC'  using regular expression

2018-04-18 11:18:24 - [TEST_STEP][PASSED] - closeBrowser: Browser is closed

2018-04-18 11:18:24 - [MESSAGE][PASSED] - Browser is closed]]></system-out>
         <system-err><![CDATA[]]></system-err>
      </testcase>
      <testcase name="Test Cases/Plans and Products single test case" classname="Test Cases/Plans and Products single test case" status="ERROR">
         <error type="ERROR" message="Test Cases/Plans and Products single test case FAILED because (of) org.codehaus.groovy.control.MultipleCompilationErrorsException: startup failed:
General error during class generation: Method code too large!

java.lang.RuntimeException: Method code too large!
	at groovyjarjarasm.asm.MethodWriter.a(Unknown Source)
	at groovyjarjarasm.asm.ClassWriter.toByteArray(Unknown Source)
	at org.codehaus.groovy.control.CompilationUnit$16.call(CompilationUnit.java:815)
	at org.codehaus.groovy.control.CompilationUnit.applyToPrimaryClassNodes(CompilationUnit.java:1053)
	at org.codehaus.groovy.control.CompilationUnit.doPhaseOperation(CompilationUnit.java:591)
	at org.codehaus.groovy.control.CompilationUnit.processPhaseOperations(CompilationUnit.java:569)
	at org.codehaus.groovy.control.CompilationUnit.compile(CompilationUnit.java:546)
	at groovy.lang.GroovyClassLoader.doParseClass(GroovyClassLoader.java:298)
	at groovy.lang.GroovyClassLoader.parseClass(GroovyClassLoader.java:268)
	at com.kms.katalon.core.main.ScriptEngine.getScript(ScriptEngine.java:188)
	at com.kms.katalon.core.main.ScriptEngine.run(ScriptEngine.java:183)
	at com.kms.katalon.core.main.ScriptEngine.runScriptAsRawText(ScriptEngine.java:108)
	at com.kms.katalon.core.main.TestCaseExecutor.runScript(TestCaseExecutor.java:293)
	at com.kms.katalon.core.main.TestCaseExecutor.doExecute(TestCaseExecutor.java:284)
	at com.kms.katalon.core.main.TestCaseExecutor.processExecutionPhase(TestCaseExecutor.java:263)
	at com.kms.katalon.core.main.TestCaseExecutor.accessMainPhase(TestCaseExecutor.java:255)
	at com.kms.katalon.core.main.TestCaseExecutor.execute(TestCaseExecutor.java:201)
	at com.kms.katalon.core.main.TestSuiteExecutor.accessTestCaseMainPhase(TestSuiteExecutor.java:129)
	at com.kms.katalon.core.main.TestSuiteExecutor.accessTestSuiteMainPhase(TestSuiteExecutor.java:112)
	at com.kms.katalon.core.main.TestSuiteExecutor.execute(TestSuiteExecutor.java:81)
	at com.kms.katalon.core.main.TestCaseMain.startTestSuite(TestCaseMain.java:106)
	at com.kms.katalon.core.main.TestCaseMain$startTestSuite$0.call(Unknown Source)
	at org.codehaus.groovy.runtime.callsite.CallSiteArray.defaultCall(CallSiteArray.java:48)
	at org.codehaus.groovy.runtime.callsite.AbstractCallSite.call(AbstractCallSite.java:113)
	at org.codehaus.groovy.runtime.callsite.AbstractCallSite.call(AbstractCallSite.java:141)
	at TempTestSuite1524063829271.run(TempTestSuite1524063829271.groovy:34)
	at groovy.lang.GroovyShell.runScriptOrMainOrTestOrRunnable(GroovyShell.java:263)
	at groovy.lang.GroovyShell.run(GroovyShell.java:518)
	at groovy.lang.GroovyShell.run(GroovyShell.java:507)
	at groovy.ui.GroovyMain.processOnce(GroovyMain.java:653)
	at groovy.ui.GroovyMain.run(GroovyMain.java:384)
	at groovy.ui.GroovyMain.process(GroovyMain.java:370)
	at groovy.ui.GroovyMain.processArgs(GroovyMain.java:129)
	at groovy.ui.GroovyMain.main(GroovyMain.java:109)
	at sun.reflect.NativeMethodAccessorImpl.invoke0(Native Method)
	at sun.reflect.NativeMethodAccessorImpl.invoke(NativeMethodAccessorImpl.java:62)
	at sun.reflect.DelegatingMethodAccessorImpl.invoke(DelegatingMethodAccessorImpl.java:43)
	at java.lang.reflect.Method.invoke(Method.java:498)
	at org.codehaus.groovy.tools.GroovyStarter.rootLoader(GroovyStarter.java:109)
	at org.codehaus.groovy.tools.GroovyStarter.main(GroovyStarter.java:131)

1 error
"/>
         <system-out><![CDATA[2018-04-18 11:18:24 - [TEST_CASE][ERROR] - Test Cases/Plans and Products single test case: Test Cases/Plans and Products single test case FAILED because (of) org.codehaus.groovy.control.MultipleCompilationErrorsException: startup failed:
General error during class generation: Method code too large!

java.lang.RuntimeException: Method code too large!
	at groovyjarjarasm.asm.MethodWriter.a(Unknown Source)
	at groovyjarjarasm.asm.ClassWriter.toByteArray(Unknown Source)
	at org.codehaus.groovy.control.CompilationUnit$16.call(CompilationUnit.java:815)
	at org.codehaus.groovy.control.CompilationUnit.applyToPrimaryClassNodes(CompilationUnit.java:1053)
	at org.codehaus.groovy.control.CompilationUnit.doPhaseOperation(CompilationUnit.java:591)
	at org.codehaus.groovy.control.CompilationUnit.processPhaseOperations(CompilationUnit.java:569)
	at org.codehaus.groovy.control.CompilationUnit.compile(CompilationUnit.java:546)
	at groovy.lang.GroovyClassLoader.doParseClass(GroovyClassLoader.java:298)
	at groovy.lang.GroovyClassLoader.parseClass(GroovyClassLoader.java:268)
	at com.kms.katalon.core.main.ScriptEngine.getScript(ScriptEngine.java:188)
	at com.kms.katalon.core.main.ScriptEngine.run(ScriptEngine.java:183)
	at com.kms.katalon.core.main.ScriptEngine.runScriptAsRawText(ScriptEngine.java:108)
	at com.kms.katalon.core.main.TestCaseExecutor.runScript(TestCaseExecutor.java:293)
	at com.kms.katalon.core.main.TestCaseExecutor.doExecute(TestCaseExecutor.java:284)
	at com.kms.katalon.core.main.TestCaseExecutor.processExecutionPhase(TestCaseExecutor.java:263)
	at com.kms.katalon.core.main.TestCaseExecutor.accessMainPhase(TestCaseExecutor.java:255)
	at com.kms.katalon.core.main.TestCaseExecutor.execute(TestCaseExecutor.java:201)
	at com.kms.katalon.core.main.TestSuiteExecutor.accessTestCaseMainPhase(TestSuiteExecutor.java:129)
	at com.kms.katalon.core.main.TestSuiteExecutor.accessTestSuiteMainPhase(TestSuiteExecutor.java:112)
	at com.kms.katalon.core.main.TestSuiteExecutor.execute(TestSuiteExecutor.java:81)
	at com.kms.katalon.core.main.TestCaseMain.startTestSuite(TestCaseMain.java:106)
	at com.kms.katalon.core.main.TestCaseMain$startTestSuite$0.call(Unknown Source)
	at org.codehaus.groovy.runtime.callsite.CallSiteArray.defaultCall(CallSiteArray.java:48)
	at org.codehaus.groovy.runtime.callsite.AbstractCallSite.call(AbstractCallSite.java:113)
	at org.codehaus.groovy.runtime.callsite.AbstractCallSite.call(AbstractCallSite.java:141)
	at TempTestSuite1524063829271.run(TempTestSuite1524063829271.groovy:34)
	at groovy.lang.GroovyShell.runScriptOrMainOrTestOrRunnable(GroovyShell.java:263)
	at groovy.lang.GroovyShell.run(GroovyShell.java:518)
	at groovy.lang.GroovyShell.run(GroovyShell.java:507)
	at groovy.ui.GroovyMain.processOnce(GroovyMain.java:653)
	at groovy.ui.GroovyMain.run(GroovyMain.java:384)
	at groovy.ui.GroovyMain.process(GroovyMain.java:370)
	at groovy.ui.GroovyMain.processArgs(GroovyMain.java:129)
	at groovy.ui.GroovyMain.main(GroovyMain.java:109)
	at sun.reflect.NativeMethodAccessorImpl.invoke0(Native Method)
	at sun.reflect.NativeMethodAccessorImpl.invoke(NativeMethodAccessorImpl.java:62)
	at sun.reflect.DelegatingMethodAccessorImpl.invoke(DelegatingMethodAccessorImpl.java:43)
	at java.lang.reflect.Method.invoke(Method.java:498)
	at org.codehaus.groovy.tools.GroovyStarter.rootLoader(GroovyStarter.java:109)
	at org.codehaus.groovy.tools.GroovyStarter.main(GroovyStarter.java:131)

1 error]]></system-out>
         <system-err><![CDATA[2018-04-18 11:18:24 - [TEST_CASE][ERROR] - Test Cases/Plans and Products single test case: Test Cases/Plans and Products single test case FAILED because (of) org.codehaus.groovy.control.MultipleCompilationErrorsException: startup failed:
General error during class generation: Method code too large!

java.lang.RuntimeException: Method code too large!
	at groovyjarjarasm.asm.MethodWriter.a(Unknown Source)
	at groovyjarjarasm.asm.ClassWriter.toByteArray(Unknown Source)
	at org.codehaus.groovy.control.CompilationUnit$16.call(CompilationUnit.java:815)
	at org.codehaus.groovy.control.CompilationUnit.applyToPrimaryClassNodes(CompilationUnit.java:1053)
	at org.codehaus.groovy.control.CompilationUnit.doPhaseOperation(CompilationUnit.java:591)
	at org.codehaus.groovy.control.CompilationUnit.processPhaseOperations(CompilationUnit.java:569)
	at org.codehaus.groovy.control.CompilationUnit.compile(CompilationUnit.java:546)
	at groovy.lang.GroovyClassLoader.doParseClass(GroovyClassLoader.java:298)
	at groovy.lang.GroovyClassLoader.parseClass(GroovyClassLoader.java:268)
	at com.kms.katalon.core.main.ScriptEngine.getScript(ScriptEngine.java:188)
	at com.kms.katalon.core.main.ScriptEngine.run(ScriptEngine.java:183)
	at com.kms.katalon.core.main.ScriptEngine.runScriptAsRawText(ScriptEngine.java:108)
	at com.kms.katalon.core.main.TestCaseExecutor.runScript(TestCaseExecutor.java:293)
	at com.kms.katalon.core.main.TestCaseExecutor.doExecute(TestCaseExecutor.java:284)
	at com.kms.katalon.core.main.TestCaseExecutor.processExecutionPhase(TestCaseExecutor.java:263)
	at com.kms.katalon.core.main.TestCaseExecutor.accessMainPhase(TestCaseExecutor.java:255)
	at com.kms.katalon.core.main.TestCaseExecutor.execute(TestCaseExecutor.java:201)
	at com.kms.katalon.core.main.TestSuiteExecutor.accessTestCaseMainPhase(TestSuiteExecutor.java:129)
	at com.kms.katalon.core.main.TestSuiteExecutor.accessTestSuiteMainPhase(TestSuiteExecutor.java:112)
	at com.kms.katalon.core.main.TestSuiteExecutor.execute(TestSuiteExecutor.java:81)
	at com.kms.katalon.core.main.TestCaseMain.startTestSuite(TestCaseMain.java:106)
	at com.kms.katalon.core.main.TestCaseMain$startTestSuite$0.call(Unknown Source)
	at org.codehaus.groovy.runtime.callsite.CallSiteArray.defaultCall(CallSiteArray.java:48)
	at org.codehaus.groovy.runtime.callsite.AbstractCallSite.call(AbstractCallSite.java:113)
	at org.codehaus.groovy.runtime.callsite.AbstractCallSite.call(AbstractCallSite.java:141)
	at TempTestSuite1524063829271.run(TempTestSuite1524063829271.groovy:34)
	at groovy.lang.GroovyShell.runScriptOrMainOrTestOrRunnable(GroovyShell.java:263)
	at groovy.lang.GroovyShell.run(GroovyShell.java:518)
	at groovy.lang.GroovyShell.run(GroovyShell.java:507)
	at groovy.ui.GroovyMain.processOnce(GroovyMain.java:653)
	at groovy.ui.GroovyMain.run(GroovyMain.java:384)
	at groovy.ui.GroovyMain.process(GroovyMain.java:370)
	at groovy.ui.GroovyMain.processArgs(GroovyMain.java:129)
	at groovy.ui.GroovyMain.main(GroovyMain.java:109)
	at sun.reflect.NativeMethodAccessorImpl.invoke0(Native Method)
	at sun.reflect.NativeMethodAccessorImpl.invoke(NativeMethodAccessorImpl.java:62)
	at sun.reflect.DelegatingMethodAccessorImpl.invoke(DelegatingMethodAccessorImpl.java:43)
	at java.lang.reflect.Method.invoke(Method.java:498)
	at org.codehaus.groovy.tools.GroovyStarter.rootLoader(GroovyStarter.java:109)
	at org.codehaus.groovy.tools.GroovyStarter.main(GroovyStarter.java:131)

1 error]]></system-err>
      </testcase>
      <system-out><![CDATA[2018-04-18 11:03:53 - [TEST_SUITE][ERROR] - Plans and Products: Test Cases/Plans and Products single test case FAILED because (of) org.codehaus.groovy.control.MultipleCompilationErrorsException: startup failed:
General error during class generation: Method code too large!

java.lang.RuntimeException: Method code too large!
	at groovyjarjarasm.asm.MethodWriter.a(Unknown Source)
	at groovyjarjarasm.asm.ClassWriter.toByteArray(Unknown Source)
	at org.codehaus.groovy.control.CompilationUnit$16.call(CompilationUnit.java:815)
	at org.codehaus.groovy.control.CompilationUnit.applyToPrimaryClassNodes(CompilationUnit.java:1053)
	at org.codehaus.groovy.control.CompilationUnit.doPhaseOperation(CompilationUnit.java:591)
	at org.codehaus.groovy.control.CompilationUnit.processPhaseOperations(CompilationUnit.java:569)
	at org.codehaus.groovy.control.CompilationUnit.compile(CompilationUnit.java:546)
	at groovy.lang.GroovyClassLoader.doParseClass(GroovyClassLoader.java:298)
	at groovy.lang.GroovyClassLoader.parseClass(GroovyClassLoader.java:268)
	at com.kms.katalon.core.main.ScriptEngine.getScript(ScriptEngine.java:188)
	at com.kms.katalon.core.main.ScriptEngine.run(ScriptEngine.java:183)
	at com.kms.katalon.core.main.ScriptEngine.runScriptAsRawText(ScriptEngine.java:108)
	at com.kms.katalon.core.main.TestCaseExecutor.runScript(TestCaseExecutor.java:293)
	at com.kms.katalon.core.main.TestCaseExecutor.doExecute(TestCaseExecutor.java:284)
	at com.kms.katalon.core.main.TestCaseExecutor.processExecutionPhase(TestCaseExecutor.java:263)
	at com.kms.katalon.core.main.TestCaseExecutor.accessMainPhase(TestCaseExecutor.java:255)
	at com.kms.katalon.core.main.TestCaseExecutor.execute(TestCaseExecutor.java:201)
	at com.kms.katalon.core.main.TestSuiteExecutor.accessTestCaseMainPhase(TestSuiteExecutor.java:129)
	at com.kms.katalon.core.main.TestSuiteExecutor.accessTestSuiteMainPhase(TestSuiteExecutor.java:112)
	at com.kms.katalon.core.main.TestSuiteExecutor.execute(TestSuiteExecutor.java:81)
	at com.kms.katalon.core.main.TestCaseMain.startTestSuite(TestCaseMain.java:106)
	at com.kms.katalon.core.main.TestCaseMain$startTestSuite$0.call(Unknown Source)
	at org.codehaus.groovy.runtime.callsite.CallSiteArray.defaultCall(CallSiteArray.java:48)
	at org.codehaus.groovy.runtime.callsite.AbstractCallSite.call(AbstractCallSite.java:113)
	at org.codehaus.groovy.runtime.callsite.AbstractCallSite.call(AbstractCallSite.java:141)
	at TempTestSuite1524063829271.run(TempTestSuite1524063829271.groovy:34)
	at groovy.lang.GroovyShell.runScriptOrMainOrTestOrRunnable(GroovyShell.java:263)
	at groovy.lang.GroovyShell.run(GroovyShell.java:518)
	at groovy.lang.GroovyShell.run(GroovyShell.java:507)
	at groovy.ui.GroovyMain.processOnce(GroovyMain.java:653)
	at groovy.ui.GroovyMain.run(GroovyMain.java:384)
	at groovy.ui.GroovyMain.process(GroovyMain.java:370)
	at groovy.ui.GroovyMain.processArgs(GroovyMain.java:129)
	at groovy.ui.GroovyMain.main(GroovyMain.java:109)
	at sun.reflect.NativeMethodAccessorImpl.invoke0(Native Method)
	at sun.reflect.NativeMethodAccessorImpl.invoke(NativeMethodAccessorImpl.java:62)
	at sun.reflect.DelegatingMethodAccessorImpl.invoke(DelegatingMethodAccessorImpl.java:43)
	at java.lang.reflect.Method.invoke(Method.java:498)
	at org.codehaus.groovy.tools.GroovyStarter.rootLoader(GroovyStarter.java:109)
	at org.codehaus.groovy.tools.GroovyStarter.main(GroovyStarter.java:131)

1 error]]></system-out>
      <system-err><![CDATA[2018-04-18 11:03:53 - [TEST_SUITE][ERROR] - Plans and Products: Test Cases/Plans and Products single test case FAILED because (of) org.codehaus.groovy.control.MultipleCompilationErrorsException: startup failed:
General error during class generation: Method code too large!

java.lang.RuntimeException: Method code too large!
	at groovyjarjarasm.asm.MethodWriter.a(Unknown Source)
	at groovyjarjarasm.asm.ClassWriter.toByteArray(Unknown Source)
	at org.codehaus.groovy.control.CompilationUnit$16.call(CompilationUnit.java:815)
	at org.codehaus.groovy.control.CompilationUnit.applyToPrimaryClassNodes(CompilationUnit.java:1053)
	at org.codehaus.groovy.control.CompilationUnit.doPhaseOperation(CompilationUnit.java:591)
	at org.codehaus.groovy.control.CompilationUnit.processPhaseOperations(CompilationUnit.java:569)
	at org.codehaus.groovy.control.CompilationUnit.compile(CompilationUnit.java:546)
	at groovy.lang.GroovyClassLoader.doParseClass(GroovyClassLoader.java:298)
	at groovy.lang.GroovyClassLoader.parseClass(GroovyClassLoader.java:268)
	at com.kms.katalon.core.main.ScriptEngine.getScript(ScriptEngine.java:188)
	at com.kms.katalon.core.main.ScriptEngine.run(ScriptEngine.java:183)
	at com.kms.katalon.core.main.ScriptEngine.runScriptAsRawText(ScriptEngine.java:108)
	at com.kms.katalon.core.main.TestCaseExecutor.runScript(TestCaseExecutor.java:293)
	at com.kms.katalon.core.main.TestCaseExecutor.doExecute(TestCaseExecutor.java:284)
	at com.kms.katalon.core.main.TestCaseExecutor.processExecutionPhase(TestCaseExecutor.java:263)
	at com.kms.katalon.core.main.TestCaseExecutor.accessMainPhase(TestCaseExecutor.java:255)
	at com.kms.katalon.core.main.TestCaseExecutor.execute(TestCaseExecutor.java:201)
	at com.kms.katalon.core.main.TestSuiteExecutor.accessTestCaseMainPhase(TestSuiteExecutor.java:129)
	at com.kms.katalon.core.main.TestSuiteExecutor.accessTestSuiteMainPhase(TestSuiteExecutor.java:112)
	at com.kms.katalon.core.main.TestSuiteExecutor.execute(TestSuiteExecutor.java:81)
	at com.kms.katalon.core.main.TestCaseMain.startTestSuite(TestCaseMain.java:106)
	at com.kms.katalon.core.main.TestCaseMain$startTestSuite$0.call(Unknown Source)
	at org.codehaus.groovy.runtime.callsite.CallSiteArray.defaultCall(CallSiteArray.java:48)
	at org.codehaus.groovy.runtime.callsite.AbstractCallSite.call(AbstractCallSite.java:113)
	at org.codehaus.groovy.runtime.callsite.AbstractCallSite.call(AbstractCallSite.java:141)
	at TempTestSuite1524063829271.run(TempTestSuite1524063829271.groovy:34)
	at groovy.lang.GroovyShell.runScriptOrMainOrTestOrRunnable(GroovyShell.java:263)
	at groovy.lang.GroovyShell.run(GroovyShell.java:518)
	at groovy.lang.GroovyShell.run(GroovyShell.java:507)
	at groovy.ui.GroovyMain.processOnce(GroovyMain.java:653)
	at groovy.ui.GroovyMain.run(GroovyMain.java:384)
	at groovy.ui.GroovyMain.process(GroovyMain.java:370)
	at groovy.ui.GroovyMain.processArgs(GroovyMain.java:129)
	at groovy.ui.GroovyMain.main(GroovyMain.java:109)
	at sun.reflect.NativeMethodAccessorImpl.invoke0(Native Method)
	at sun.reflect.NativeMethodAccessorImpl.invoke(NativeMethodAccessorImpl.java:62)
	at sun.reflect.DelegatingMethodAccessorImpl.invoke(DelegatingMethodAccessorImpl.java:43)
	at java.lang.reflect.Method.invoke(Method.java:498)
	at org.codehaus.groovy.tools.GroovyStarter.rootLoader(GroovyStarter.java:109)
	at org.codehaus.groovy.tools.GroovyStarter.main(GroovyStarter.java:131)

1 error]]></system-err>
   </testsuite>
</testsuites>
