<?xml version="1.0" encoding="UTF-8"?>
<testsuites name="Search by Provider or Facility" time="465" tests="5" failures="2" errors="0">
   <testsuite name="Search by Provider or Facility" tests="5" failures="2" errors="0" time="465" timestamp="2018-04-16 15:17:17" hostname="shawn - DESKTOP-VC1MT75" id="Test Suites/Search by Provider or Facility">
      <properties>
         <property name="deviceName" value=""/>
         <property name="devicePlatform" value=""/>
         <property name="logFolder" value="C:\\Users\\shawn\\Katalon Studio\\PNDS\\Reports\\Search by Provider or Facility\\20180416_151716"/>
         <property name="logFiles" value="C:\\Users\\shawn\\Katalon Studio\\PNDS\\Reports\\Search by Provider or Facility\\20180416_151716\\execution0.log"/>
         <property name="attachments" value="C:\\Users\\shawn\\Katalon Studio\\PNDS\\Reports\\Search by Provider or Facility\\20180416_151716\\1523906457951.png, C:\\Users\\shawn\\Katalon Studio\\PNDS\\Reports\\Search by Provider or Facility\\20180416_151716\\1523906649286.png"/>
         <property name="hostName" value="shawn - DESKTOP-VC1MT75"/>
         <property name="os" value="Windows 10 64bit"/>
         <property name="katalonVersion" value="5.3.1.1"/>
         <property name="browser" value="Firefox 59.0"/>
         <property name="hostAddress" value="192.168.254.184"/>
         <property name="sessionId" value="8e2bcb25-8963-4ae4-904d-0641c04cf6bd"/>
         <property name="seleniumVersion" value="3.7.1"/>
         <property name="proxyInformation" value="ProxyInformation{proxyOption=NO_PROXY, proxyServerType=HTTP, password=, proxyServerAddress=, proxyServerPort=0}"/>
         <property name="platform" value="Windows 10"/>
      </properties>
      <testcase name="Test Cases/Search by Provider or Facility/PF_Advanced - Gender" classname="Test Cases/Search by Provider or Facility/PF_Advanced - Gender" status="PASSED">
         <system-out><![CDATA[2018-04-16 15:17:18 - [TEST_CASE][PASSED] - Test Cases/Search by Provider or Facility/PF_Advanced - Gender: Test Cases/Search by Provider or Facility/PF_Advanced - Gender

2018-04-16 15:17:18 - [TEST_STEP][PASSED] - openBrowser: Browser is opened with url: ''

2018-04-16 15:17:23 - [MESSAGE][PASSED] - Browser is opened with url: ''

2018-04-16 15:17:23 - [TEST_STEP][PASSED] - navigateToUrl: Navigate to 'https://pndslookup.health.ny.gov/' successfully

2018-04-16 15:17:26 - [MESSAGE][PASSED] - Navigate to 'https://pndslookup.health.ny.gov/' successfully

2018-04-16 15:17:26 - [TEST_STEP][PASSED] - click: Object: 'Object Repository/Page_PNDS (13)/a_Search by Provider or Facili' is clicked on

2018-04-16 15:17:29 - [MESSAGE][PASSED] - Object: 'Object Repository/Page_PNDS (13)/a_Search by Provider or Facili' is clicked on

2018-04-16 15:17:29 - [TEST_STEP][PASSED] - setText: Text 'smith' is set on object 'Object Repository/Page_PNDS (13)/input_data0Providerlast_name'

2018-04-16 15:17:34 - [MESSAGE][PASSED] - Text 'smith' is set on object 'Object Repository/Page_PNDS (13)/input_data0Providerlast_name'

2018-04-16 15:17:34 - [TEST_STEP][PASSED] - click: Object: 'Object Repository/Page_PNDS (13)/button_Advanced Search' is clicked on

2018-04-16 15:17:36 - [MESSAGE][PASSED] - Object: 'Object Repository/Page_PNDS (13)/button_Advanced Search' is clicked on

2018-04-16 15:17:36 - [TEST_STEP][PASSED] - click: Object: 'Object Repository/Page_PNDS (13)/div_Male' is clicked on

2018-04-16 15:17:38 - [MESSAGE][PASSED] - Object: 'Object Repository/Page_PNDS (13)/div_Male' is clicked on

2018-04-16 15:17:38 - [TEST_STEP][PASSED] - click: Object: 'Object Repository/Page_PNDS (13)/button_Search' is clicked on

2018-04-16 15:17:41 - [MESSAGE][PASSED] - Object: 'Object Repository/Page_PNDS (13)/button_Search' is clicked on

2018-04-16 15:17:41 - [TEST_STEP][PASSED] - click: Object: 'Object Repository/Page_PNDS (13)/button_Advanced Search' is clicked on

2018-04-16 15:17:43 - [MESSAGE][PASSED] - Object: 'Object Repository/Page_PNDS (13)/button_Advanced Search' is clicked on

2018-04-16 15:17:43 - [TEST_STEP][PASSED] - click: Object: 'Object Repository/Page_PNDS (13)/span_second-icon fa fa-dot-cir' is clicked on

2018-04-16 15:17:46 - [MESSAGE][PASSED] - Object: 'Object Repository/Page_PNDS (13)/span_second-icon fa fa-dot-cir' is clicked on

2018-04-16 15:17:46 - [TEST_STEP][PASSED] - click: Object: 'Object Repository/Page_PNDS (13)/button_Search' is clicked on

2018-04-16 15:17:48 - [MESSAGE][PASSED] - Object: 'Object Repository/Page_PNDS (13)/button_Search' is clicked on

2018-04-16 15:17:48 - [TEST_STEP][PASSED] - closeBrowser: Browser is closed

2018-04-16 15:17:49 - [MESSAGE][PASSED] - Browser is closed]]></system-out>
         <system-err><![CDATA[]]></system-err>
      </testcase>
      <testcase name="Test Cases/Search by Provider or Facility/PF_Advanced - Language" classname="Test Cases/Search by Provider or Facility/PF_Advanced - Language" status="FAILED">
         <failure type="FAILED" message="Unable to click on object 'Object Repository/Page_PNDS (12)/button_Advanced Search' (Root cause: org.openqa.selenium.ElementClickInterceptedException: Element &lt;button id=&quot;showAdvanced&quot; class=&quot;btn btn-info btn-fill btn-wd&quot; type=&quot;button&quot;> is not clickable at point (382,184.88333129882812) because another element &lt;div id=&quot;loadingModal&quot; class=&quot;modal fade in&quot;> obscures it
Build info: version: '3.7.1', revision: '8a0099a', time: '2017-11-06T21:07:36.161Z'
System info: host: 'DESKTOP-VC1MT75', ip: '192.168.254.184', os.name: 'Windows 10', os.arch: 'amd64', os.version: '10.0', java.version: '1.8.0_102'
Driver info: com.kms.katalon.core.webui.driver.firefox.CGeckoDriver
Capabilities {acceptInsecureCerts: true, browserName: firefox, browserVersion: 59.0.2, javascriptEnabled: true, moz:accessibilityChecks: false, moz:headless: true, moz:processID: 15092, moz:profile: C:\Users\shawn\AppData\Loca..., moz:useNonSpecCompliantPointerOrigin: false, moz:webdriverClick: true, pageLoadStrategy: normal, platform: XP, platformName: XP, platformVersion: 10.0, proxy: Proxy(direct), rotatable: false, timeouts: {implicit: 0, pageLoad: 300000, script: 30000}}
Session ID: 2d0d8e57-e503-47ba-bdd3-d28864b6eb8f)"/>
         <system-out><![CDATA[2018-04-16 15:17:49 - [TEST_CASE][FAILED] - Test Cases/Search by Provider or Facility/PF_Advanced - Language: Test Cases/Search by Provider or Facility/PF_Advanced - Language FAILED because (of) Unable to click on object 'Object Repository/Page_PNDS (12)/button_Advanced Search' (Root cause: org.openqa.selenium.ElementClickInterceptedException: Element <button id="showAdvanced" class="btn btn-info btn-fill btn-wd" type="button"> is not clickable at point (382,184.88333129882812) because another element <div id="loadingModal" class="modal fade in"> obscures it
Build info: version: '3.7.1', revision: '8a0099a', time: '2017-11-06T21:07:36.161Z'
System info: host: 'DESKTOP-VC1MT75', ip: '192.168.254.184', os.name: 'Windows 10', os.arch: 'amd64', os.version: '10.0', java.version: '1.8.0_102'
Driver info: com.kms.katalon.core.webui.driver.firefox.CGeckoDriver
Capabilities {acceptInsecureCerts: true, browserName: firefox, browserVersion: 59.0.2, javascriptEnabled: true, moz:accessibilityChecks: false, moz:headless: true, moz:processID: 15092, moz:profile: C:\Users\shawn\AppData\Loca..., moz:useNonSpecCompliantPointerOrigin: false, moz:webdriverClick: true, pageLoadStrategy: normal, platform: XP, platformName: XP, platformVersion: 10.0, proxy: Proxy(direct), rotatable: false, timeouts: {implicit: 0, pageLoad: 300000, script: 30000}}
Session ID: 2d0d8e57-e503-47ba-bdd3-d28864b6eb8f)

2018-04-16 15:17:50 - [TEST_STEP][PASSED] - openBrowser: Browser is opened with url: ''

2018-04-16 15:17:54 - [MESSAGE][PASSED] - Browser is opened with url: ''

2018-04-16 15:17:54 - [TEST_STEP][PASSED] - navigateToUrl: Navigate to 'http://dev.providerlookup.ipro.org/' successfully

2018-04-16 15:17:58 - [MESSAGE][PASSED] - Navigate to 'http://dev.providerlookup.ipro.org/' successfully

2018-04-16 15:17:58 - [TEST_STEP][PASSED] - click: Object: 'Object Repository/Page_PNDS (12)/a_Search by Provider or Facili' is clicked on

2018-04-16 15:18:01 - [MESSAGE][PASSED] - Object: 'Object Repository/Page_PNDS (12)/a_Search by Provider or Facili' is clicked on

2018-04-16 15:18:01 - [TEST_STEP][PASSED] - setText: Text 'smith' is set on object 'Object Repository/Page_PNDS (12)/input_data0Providerlast_name'

2018-04-16 15:18:05 - [MESSAGE][PASSED] - Text 'smith' is set on object 'Object Repository/Page_PNDS (12)/input_data0Providerlast_name'

2018-04-16 15:18:05 - [TEST_STEP][PASSED] - rightClick: Object: 'Object Repository/Page_PNDS (12)/input_data0Providerlast_name' is right clicked on

2018-04-16 15:18:07 - [MESSAGE][PASSED] - Object: 'Object Repository/Page_PNDS (12)/input_data0Providerlast_name' is right clicked on

2018-04-16 15:18:07 - [TEST_STEP][PASSED] - click: Object: 'Object Repository/Page_PNDS (12)/button_Advanced Search' is clicked on

2018-04-16 15:18:09 - [MESSAGE][PASSED] - Object: 'Object Repository/Page_PNDS (12)/button_Advanced Search' is clicked on

2018-04-16 15:18:09 - [TEST_STEP][PASSED] - selectOptionByValue: All options with value 'SPA' are selected in object 'Object Repository/Page_PNDS (12)/select_EnglishArabicBengaliBan'  using regular expression

2018-04-16 15:20:48 - [MESSAGE][PASSED] - All options with value 'SPA' are selected in object 'Object Repository/Page_PNDS (12)/select_EnglishArabicBengaliBan'  using regular expression

2018-04-16 15:20:48 - [TEST_STEP][PASSED] - click: Object: 'Object Repository/Page_PNDS (12)/button_Search' is clicked on

2018-04-16 15:20:55 - [MESSAGE][PASSED] - Object: 'Object Repository/Page_PNDS (12)/button_Search' is clicked on

2018-04-16 15:20:55 - [TEST_STEP][FAILED] - click: Unable to click on object 'Object Repository/Page_PNDS (12)/button_Advanced Search' (Root cause: org.openqa.selenium.ElementClickInterceptedException: Element <button id="showAdvanced" class="btn btn-info btn-fill btn-wd" type="button"> is not clickable at point (382,184.88333129882812) because another element <div id="loadingModal" class="modal fade in"> obscures it
Build info: version: '3.7.1', revision: '8a0099a', time: '2017-11-06T21:07:36.161Z'
System info: host: 'DESKTOP-VC1MT75', ip: '192.168.254.184', os.name: 'Windows 10', os.arch: 'amd64', os.version: '10.0', java.version: '1.8.0_102'
Driver info: com.kms.katalon.core.webui.driver.firefox.CGeckoDriver
Capabilities {acceptInsecureCerts: true, browserName: firefox, browserVersion: 59.0.2, javascriptEnabled: true, moz:accessibilityChecks: false, moz:headless: true, moz:processID: 15092, moz:profile: C:\Users\shawn\AppData\Loca..., moz:useNonSpecCompliantPointerOrigin: false, moz:webdriverClick: true, pageLoadStrategy: normal, platform: XP, platformName: XP, platformVersion: 10.0, proxy: Proxy(direct), rotatable: false, timeouts: {implicit: 0, pageLoad: 300000, script: 30000}}
Session ID: 2d0d8e57-e503-47ba-bdd3-d28864b6eb8f)

2018-04-16 15:20:59 - [MESSAGE][FAILED] - Unable to click on object 'Object Repository/Page_PNDS (12)/button_Advanced Search' (Root cause: org.openqa.selenium.ElementClickInterceptedException: Element <button id="showAdvanced" class="btn btn-info btn-fill btn-wd" type="button"> is not clickable at point (382,184.88333129882812) because another element <div id="loadingModal" class="modal fade in"> obscures it
Build info: version: '3.7.1', revision: '8a0099a', time: '2017-11-06T21:07:36.161Z'
System info: host: 'DESKTOP-VC1MT75', ip: '192.168.254.184', os.name: 'Windows 10', os.arch: 'amd64', os.version: '10.0', java.version: '1.8.0_102'
Driver info: com.kms.katalon.core.webui.driver.firefox.CGeckoDriver
Capabilities {acceptInsecureCerts: true, browserName: firefox, browserVersion: 59.0.2, javascriptEnabled: true, moz:accessibilityChecks: false, moz:headless: true, moz:processID: 15092, moz:profile: C:\Users\shawn\AppData\Loca..., moz:useNonSpecCompliantPointerOrigin: false, moz:webdriverClick: true, pageLoadStrategy: normal, platform: XP, platformName: XP, platformVersion: 10.0, proxy: Proxy(direct), rotatable: false, timeouts: {implicit: 0, pageLoad: 300000, script: 30000}}
Session ID: 2d0d8e57-e503-47ba-bdd3-d28864b6eb8f)
[[ATTACHMENT|C:\\Users\\shawn\\Katalon Studio\\PNDS\\Reports\\Search by Provider or Facility\\20180416_151716\\1523906457951.png]]]]></system-out>
         <system-err><![CDATA[2018-04-16 15:17:49 - [TEST_CASE][FAILED] - Test Cases/Search by Provider or Facility/PF_Advanced - Language: Test Cases/Search by Provider or Facility/PF_Advanced - Language FAILED because (of) Unable to click on object 'Object Repository/Page_PNDS (12)/button_Advanced Search' (Root cause: org.openqa.selenium.ElementClickInterceptedException: Element <button id="showAdvanced" class="btn btn-info btn-fill btn-wd" type="button"> is not clickable at point (382,184.88333129882812) because another element <div id="loadingModal" class="modal fade in"> obscures it
Build info: version: '3.7.1', revision: '8a0099a', time: '2017-11-06T21:07:36.161Z'
System info: host: 'DESKTOP-VC1MT75', ip: '192.168.254.184', os.name: 'Windows 10', os.arch: 'amd64', os.version: '10.0', java.version: '1.8.0_102'
Driver info: com.kms.katalon.core.webui.driver.firefox.CGeckoDriver
Capabilities {acceptInsecureCerts: true, browserName: firefox, browserVersion: 59.0.2, javascriptEnabled: true, moz:accessibilityChecks: false, moz:headless: true, moz:processID: 15092, moz:profile: C:\Users\shawn\AppData\Loca..., moz:useNonSpecCompliantPointerOrigin: false, moz:webdriverClick: true, pageLoadStrategy: normal, platform: XP, platformName: XP, platformVersion: 10.0, proxy: Proxy(direct), rotatable: false, timeouts: {implicit: 0, pageLoad: 300000, script: 30000}}
Session ID: 2d0d8e57-e503-47ba-bdd3-d28864b6eb8f)]]></system-err>
      </testcase>
      <testcase name="Test Cases/Search by Provider or Facility/PF_Advanced - Participating Heath Plan" classname="Test Cases/Search by Provider or Facility/PF_Advanced - Participating Heath Plan" status="PASSED">
         <system-out><![CDATA[2018-04-16 15:20:59 - [TEST_CASE][PASSED] - Test Cases/Search by Provider or Facility/PF_Advanced - Participating Heath Plan: Test Cases/Search by Provider or Facility/PF_Advanced - Participating Heath Plan

2018-04-16 15:20:59 - [TEST_STEP][PASSED] - openBrowser: Browser is opened with url: ''

2018-04-16 15:20:59 - [MESSAGE][WARNING] - A browser is already opened. Closing browser and opening a new one

2018-04-16 15:21:05 - [MESSAGE][PASSED] - Browser is opened with url: ''

2018-04-16 15:21:05 - [TEST_STEP][PASSED] - navigateToUrl: Navigate to 'http://dev.providerlookup.ipro.org/' successfully

2018-04-16 15:21:08 - [MESSAGE][PASSED] - Navigate to 'http://dev.providerlookup.ipro.org/' successfully

2018-04-16 15:21:08 - [TEST_STEP][PASSED] - click: Object: 'Object Repository/Page_PNDS (14)/a_Search by Provider or Facili' is clicked on

2018-04-16 15:21:11 - [MESSAGE][PASSED] - Object: 'Object Repository/Page_PNDS (14)/a_Search by Provider or Facili' is clicked on

2018-04-16 15:21:11 - [TEST_STEP][PASSED] - setText: Text 'center' is set on object 'Object Repository/Page_PNDS (14)/input_data0PracticeProvidersit'

2018-04-16 15:21:15 - [MESSAGE][PASSED] - Text 'center' is set on object 'Object Repository/Page_PNDS (14)/input_data0PracticeProvidersit'

2018-04-16 15:21:15 - [TEST_STEP][PASSED] - click: Object: 'Object Repository/Page_PNDS (14)/button_Advanced Search' is clicked on

2018-04-16 15:21:17 - [MESSAGE][PASSED] - Object: 'Object Repository/Page_PNDS (14)/button_Advanced Search' is clicked on

2018-04-16 15:21:17 - [TEST_STEP][PASSED] - selectOptionByValue: All options with value '0001' are selected in object 'Object Repository/Page_PNDS (14)/select_--- Choose one ---Aetna'  using regular expression

2018-04-16 15:22:57 - [MESSAGE][PASSED] - All options with value '0001' are selected in object 'Object Repository/Page_PNDS (14)/select_--- Choose one ---Aetna'  using regular expression

2018-04-16 15:22:57 - [TEST_STEP][PASSED] - click: Object: 'Object Repository/Page_PNDS (14)/button_Search' is clicked on

2018-04-16 15:23:04 - [MESSAGE][PASSED] - Object: 'Object Repository/Page_PNDS (14)/button_Search' is clicked on

2018-04-16 15:23:04 - [TEST_STEP][PASSED] - closeBrowser: Browser is closed

2018-04-16 15:23:06 - [MESSAGE][PASSED] - Browser is closed]]></system-out>
         <system-err><![CDATA[]]></system-err>
      </testcase>
      <testcase name="Test Cases/Search by Provider or Facility/PF_Advanced - Wheelchair" classname="Test Cases/Search by Provider or Facility/PF_Advanced - Wheelchair" status="PASSED">
         <system-out><![CDATA[2018-04-16 15:23:06 - [TEST_CASE][PASSED] - Test Cases/Search by Provider or Facility/PF_Advanced - Wheelchair: Test Cases/Search by Provider or Facility/PF_Advanced - Wheelchair

2018-04-16 15:23:06 - [TEST_STEP][PASSED] - openBrowser: Browser is opened with url: ''

2018-04-16 15:23:10 - [MESSAGE][PASSED] - Browser is opened with url: ''

2018-04-16 15:23:10 - [TEST_STEP][PASSED] - navigateToUrl: Navigate to 'http://dev.providerlookup.ipro.org/' successfully

2018-04-16 15:23:13 - [MESSAGE][PASSED] - Navigate to 'http://dev.providerlookup.ipro.org/' successfully

2018-04-16 15:23:13 - [TEST_STEP][PASSED] - click: Object: 'Object Repository/Page_PNDS (11)/a_Search by Provider or Facili' is clicked on

2018-04-16 15:23:16 - [MESSAGE][PASSED] - Object: 'Object Repository/Page_PNDS (11)/a_Search by Provider or Facili' is clicked on

2018-04-16 15:23:16 - [TEST_STEP][PASSED] - setText: Text 'smith' is set on object 'Object Repository/Page_PNDS (11)/input_data0Providerlast_name'

2018-04-16 15:23:21 - [MESSAGE][PASSED] - Text 'smith' is set on object 'Object Repository/Page_PNDS (11)/input_data0Providerlast_name'

2018-04-16 15:23:21 - [TEST_STEP][PASSED] - click: Object: 'Object Repository/Page_PNDS (11)/button_Advanced Search' is clicked on

2018-04-16 15:23:23 - [MESSAGE][PASSED] - Object: 'Object Repository/Page_PNDS (11)/button_Advanced Search' is clicked on

2018-04-16 15:23:23 - [TEST_STEP][PASSED] - click: Object: 'Object Repository/Page_PNDS (11)/span_second-icon fa fa-check-s' is clicked on

2018-04-16 15:23:25 - [MESSAGE][PASSED] - Object: 'Object Repository/Page_PNDS (11)/span_second-icon fa fa-check-s' is clicked on

2018-04-16 15:23:25 - [TEST_STEP][PASSED] - click: Object: 'Object Repository/Page_PNDS (11)/button_Search' is clicked on

2018-04-16 15:23:32 - [MESSAGE][PASSED] - Object: 'Object Repository/Page_PNDS (11)/button_Search' is clicked on

2018-04-16 15:23:32 - [TEST_STEP][PASSED] - closeBrowser: Browser is closed

2018-04-16 15:23:33 - [MESSAGE][PASSED] - Browser is closed]]></system-out>
         <system-err><![CDATA[]]></system-err>
      </testcase>
      <testcase name="Test Cases/Search by Provider or Facility/PF_Last Name" classname="Test Cases/Search by Provider or Facility/PF_Last Name" status="FAILED">
         <failure type="FAILED" message="Unable to set text 'smith' of object 'Object Repository/Page_PNDS (10)/input_data0Providerlast_name' (Root cause: com.kms.katalon.core.webui.exception.WebElementNotFoundException: Web element with id: 'Object Repository/Page_PNDS (10)/input_data0Providerlast_name' located by 'By.xpath: //input[@name = 'data[0][Provider][last_name]' and @id = 'autoname1' and @placeholder = 'Smith' and @title = 'Enter last name' and @type = 'text']' not found)"/>
         <system-out><![CDATA[2018-04-16 15:23:33 - [TEST_CASE][FAILED] - Test Cases/Search by Provider or Facility/PF_Last Name: Test Cases/Search by Provider or Facility/PF_Last Name FAILED because (of) Unable to set text 'smith' of object 'Object Repository/Page_PNDS (10)/input_data0Providerlast_name' (Root cause: com.kms.katalon.core.webui.exception.WebElementNotFoundException: Web element with id: 'Object Repository/Page_PNDS (10)/input_data0Providerlast_name' located by 'By.xpath: //input[@name = 'data[0][Provider][last_name]' and @id = 'autoname1' and @placeholder = 'Smith' and @title = 'Enter last name' and @type = 'text']' not found)

2018-04-16 15:23:34 - [TEST_STEP][PASSED] - openBrowser: Browser is opened with url: ''

2018-04-16 15:23:38 - [MESSAGE][PASSED] - Browser is opened with url: ''

2018-04-16 15:23:38 - [TEST_STEP][FAILED] - setText: Unable to set text 'smith' of object 'Object Repository/Page_PNDS (10)/input_data0Providerlast_name' (Root cause: com.kms.katalon.core.webui.exception.WebElementNotFoundException: Web element with id: 'Object Repository/Page_PNDS (10)/input_data0Providerlast_name' located by 'By.xpath: //input[@name = 'data[0][Provider][last_name]' and @id = 'autoname1' and @placeholder = 'Smith' and @title = 'Enter last name' and @type = 'text']' not found)

2018-04-16 15:24:10 - [MESSAGE][FAILED] - Unable to set text 'smith' of object 'Object Repository/Page_PNDS (10)/input_data0Providerlast_name' (Root cause: com.kms.katalon.core.webui.exception.WebElementNotFoundException: Web element with id: 'Object Repository/Page_PNDS (10)/input_data0Providerlast_name' located by 'By.xpath: //input[@name = 'data[0][Provider][last_name]' and @id = 'autoname1' and @placeholder = 'Smith' and @title = 'Enter last name' and @type = 'text']' not found)
[[ATTACHMENT|C:\\Users\\shawn\\Katalon Studio\\PNDS\\Reports\\Search by Provider or Facility\\20180416_151716\\1523906649286.png]]]]></system-out>
         <system-err><![CDATA[2018-04-16 15:23:33 - [TEST_CASE][FAILED] - Test Cases/Search by Provider or Facility/PF_Last Name: Test Cases/Search by Provider or Facility/PF_Last Name FAILED because (of) Unable to set text 'smith' of object 'Object Repository/Page_PNDS (10)/input_data0Providerlast_name' (Root cause: com.kms.katalon.core.webui.exception.WebElementNotFoundException: Web element with id: 'Object Repository/Page_PNDS (10)/input_data0Providerlast_name' located by 'By.xpath: //input[@name = 'data[0][Provider][last_name]' and @id = 'autoname1' and @placeholder = 'Smith' and @title = 'Enter last name' and @type = 'text']' not found)]]></system-err>
      </testcase>
      <testcase name="Test Cases/Search by Provider or Facility/PF_Primary Care Providers Only" classname="Test Cases/Search by Provider or Facility/PF_Primary Care Providers Only" status="PASSED">
         <system-out><![CDATA[2018-04-16 15:24:10 - [TEST_CASE][PASSED] - Test Cases/Search by Provider or Facility/PF_Primary Care Providers Only: Test Cases/Search by Provider or Facility/PF_Primary Care Providers Only

2018-04-16 15:24:10 - [TEST_STEP][PASSED] - openBrowser: Browser is opened with url: ''

2018-04-16 15:24:10 - [MESSAGE][WARNING] - A browser is already opened. Closing browser and opening a new one

2018-04-16 15:24:16 - [MESSAGE][PASSED] - Browser is opened with url: ''

2018-04-16 15:24:16 - [TEST_STEP][PASSED] - navigateToUrl: Navigate to 'http://dev.providerlookup.ipro.org/' successfully

2018-04-16 15:24:19 - [MESSAGE][PASSED] - Navigate to 'http://dev.providerlookup.ipro.org/' successfully

2018-04-16 15:24:19 - [TEST_STEP][PASSED] - click: Object: 'Object Repository/Page_PNDS (9)/a_Search by Provider or Facili' is clicked on

2018-04-16 15:24:23 - [MESSAGE][PASSED] - Object: 'Object Repository/Page_PNDS (9)/a_Search by Provider or Facili' is clicked on

2018-04-16 15:24:23 - [TEST_STEP][PASSED] - click: Object: 'Object Repository/Page_PNDS (9)/span_second-icon fa fa-check-s' is clicked on

2018-04-16 15:24:25 - [MESSAGE][PASSED] - Object: 'Object Repository/Page_PNDS (9)/span_second-icon fa fa-check-s' is clicked on

2018-04-16 15:24:25 - [TEST_STEP][PASSED] - setText: Text 'smith' is set on object 'Object Repository/Page_PNDS (9)/input_data0Providerlast_name'

2018-04-16 15:24:29 - [MESSAGE][PASSED] - Text 'smith' is set on object 'Object Repository/Page_PNDS (9)/input_data0Providerlast_name'

2018-04-16 15:24:29 - [TEST_STEP][PASSED] - click: Object: 'Object Repository/Page_PNDS (9)/button_Search' is clicked on

2018-04-16 15:24:35 - [MESSAGE][PASSED] - Object: 'Object Repository/Page_PNDS (9)/button_Search' is clicked on

2018-04-16 15:24:35 - [TEST_STEP][PASSED] - closeBrowser: Browser is closed

2018-04-16 15:24:36 - [MESSAGE][PASSED] - Browser is closed]]></system-out>
         <system-err><![CDATA[]]></system-err>
      </testcase>
      <testcase name="Test Cases/Search by Provider or Facility/PF_Shows Facilities Only" classname="Test Cases/Search by Provider or Facility/PF_Shows Facilities Only" status="PASSED">
         <system-out><![CDATA[2018-04-16 15:24:36 - [TEST_CASE][PASSED] - Test Cases/Search by Provider or Facility/PF_Shows Facilities Only: Test Cases/Search by Provider or Facility/PF_Shows Facilities Only

2018-04-16 15:24:37 - [TEST_STEP][PASSED] - openBrowser: Browser is opened with url: ''

2018-04-16 15:24:41 - [MESSAGE][PASSED] - Browser is opened with url: ''

2018-04-16 15:24:41 - [TEST_STEP][PASSED] - navigateToUrl: Navigate to 'http://dev.providerlookup.ipro.org/' successfully

2018-04-16 15:24:44 - [MESSAGE][PASSED] - Navigate to 'http://dev.providerlookup.ipro.org/' successfully

2018-04-16 15:24:44 - [TEST_STEP][PASSED] - click: Object: 'Object Repository/Page_PNDS (8)/a_Search by Provider or Facili' is clicked on

2018-04-16 15:24:48 - [MESSAGE][PASSED] - Object: 'Object Repository/Page_PNDS (8)/a_Search by Provider or Facili' is clicked on

2018-04-16 15:24:48 - [TEST_STEP][PASSED] - click: Object: 'Object Repository/Page_PNDS (8)/span_second-icon fa fa-check-s_1' is clicked on

2018-04-16 15:24:50 - [MESSAGE][PASSED] - Object: 'Object Repository/Page_PNDS (8)/span_second-icon fa fa-check-s_1' is clicked on

2018-04-16 15:24:50 - [TEST_STEP][PASSED] - setText: Text 'center' is set on object 'Object Repository/Page_PNDS (8)/input_data0PracticeProvidersit'

2018-04-16 15:24:54 - [MESSAGE][PASSED] - Text 'center' is set on object 'Object Repository/Page_PNDS (8)/input_data0PracticeProvidersit'

2018-04-16 15:24:54 - [TEST_STEP][PASSED] - click: Object: 'Object Repository/Page_PNDS (8)/button_Search_1' is clicked on

2018-04-16 15:25:01 - [MESSAGE][PASSED] - Object: 'Object Repository/Page_PNDS (8)/button_Search_1' is clicked on

2018-04-16 15:25:01 - [TEST_STEP][PASSED] - closeBrowser: Browser is closed

2018-04-16 15:25:02 - [MESSAGE][PASSED] - Browser is closed]]></system-out>
         <system-err><![CDATA[]]></system-err>
      </testcase>
      <system-out><![CDATA[2018-04-16 15:17:17 - [TEST_SUITE][FAILED] - Search by Provider or Facility: Test Cases/Search by Provider or Facility/PF_Advanced - Language FAILED because (of) Unable to click on object 'Object Repository/Page_PNDS (12)/button_Advanced Search' (Root cause: org.openqa.selenium.ElementClickInterceptedException: Element <button id="showAdvanced" class="btn btn-info btn-fill btn-wd" type="button"> is not clickable at point (382,184.88333129882812) because another element <div id="loadingModal" class="modal fade in"> obscures it
Build info: version: '3.7.1', revision: '8a0099a', time: '2017-11-06T21:07:36.161Z'
System info: host: 'DESKTOP-VC1MT75', ip: '192.168.254.184', os.name: 'Windows 10', os.arch: 'amd64', os.version: '10.0', java.version: '1.8.0_102'
Driver info: com.kms.katalon.core.webui.driver.firefox.CGeckoDriver
Capabilities {acceptInsecureCerts: true, browserName: firefox, browserVersion: 59.0.2, javascriptEnabled: true, moz:accessibilityChecks: false, moz:headless: true, moz:processID: 15092, moz:profile: C:\Users\shawn\AppData\Loca..., moz:useNonSpecCompliantPointerOrigin: false, moz:webdriverClick: true, pageLoadStrategy: normal, platform: XP, platformName: XP, platformVersion: 10.0, proxy: Proxy(direct), rotatable: false, timeouts: {implicit: 0, pageLoad: 300000, script: 30000}}
Session ID: 2d0d8e57-e503-47ba-bdd3-d28864b6eb8f)]]></system-out>
      <system-err><![CDATA[2018-04-16 15:17:17 - [TEST_SUITE][FAILED] - Search by Provider or Facility: Test Cases/Search by Provider or Facility/PF_Advanced - Language FAILED because (of) Unable to click on object 'Object Repository/Page_PNDS (12)/button_Advanced Search' (Root cause: org.openqa.selenium.ElementClickInterceptedException: Element <button id="showAdvanced" class="btn btn-info btn-fill btn-wd" type="button"> is not clickable at point (382,184.88333129882812) because another element <div id="loadingModal" class="modal fade in"> obscures it
Build info: version: '3.7.1', revision: '8a0099a', time: '2017-11-06T21:07:36.161Z'
System info: host: 'DESKTOP-VC1MT75', ip: '192.168.254.184', os.name: 'Windows 10', os.arch: 'amd64', os.version: '10.0', java.version: '1.8.0_102'
Driver info: com.kms.katalon.core.webui.driver.firefox.CGeckoDriver
Capabilities {acceptInsecureCerts: true, browserName: firefox, browserVersion: 59.0.2, javascriptEnabled: true, moz:accessibilityChecks: false, moz:headless: true, moz:processID: 15092, moz:profile: C:\Users\shawn\AppData\Loca..., moz:useNonSpecCompliantPointerOrigin: false, moz:webdriverClick: true, pageLoadStrategy: normal, platform: XP, platformName: XP, platformVersion: 10.0, proxy: Proxy(direct), rotatable: false, timeouts: {implicit: 0, pageLoad: 300000, script: 30000}}
Session ID: 2d0d8e57-e503-47ba-bdd3-d28864b6eb8f)]]></system-err>
   </testsuite>
</testsuites>
