<?xml version="1.0" encoding="UTF-8"?>
<testsuites name="Search by Provider or Facility" time="120" tests="6" failures="1" errors="0">
   <testsuite name="Search by Provider or Facility" tests="6" failures="1" errors="0" time="120" timestamp="2018-04-13 11:04:55" hostname="shawn - DESKTOP-VC1MT75" id="Test Suites/Search by Provider or Facility">
      <properties>
         <property name="deviceName" value=""/>
         <property name="devicePlatform" value=""/>
         <property name="logFolder" value="C:\\Users\\shawn\\Katalon Studio\\PNDS\\Reports\\Search by Provider or Facility\\20180413_110454"/>
         <property name="logFiles" value="C:\\Users\\shawn\\Katalon Studio\\PNDS\\Reports\\Search by Provider or Facility\\20180413_110454\\execution0.log"/>
         <property name="attachments" value="C:\\Users\\shawn\\Katalon Studio\\PNDS\\Reports\\Search by Provider or Facility\\20180413_110454\\1523631995656.png"/>
         <property name="hostName" value="shawn - DESKTOP-VC1MT75"/>
         <property name="os" value="Windows 10 64bit"/>
         <property name="katalonVersion" value="5.3.1.1"/>
         <property name="browser" value="Firefox 59.0"/>
         <property name="hostAddress" value="192.168.254.184"/>
         <property name="sessionId" value="a4bb1b68-4f60-4cd6-996b-221ddcd0740d"/>
         <property name="seleniumVersion" value="3.7.1"/>
         <property name="proxyInformation" value="ProxyInformation{proxyOption=NO_PROXY, proxyServerType=HTTP, password=, proxyServerAddress=, proxyServerPort=0}"/>
         <property name="platform" value="Windows 10"/>
      </properties>
      <testcase name="Test Cases/Search by Provider or Facility/PF_Advanced - Gender" classname="Test Cases/Search by Provider or Facility/PF_Advanced - Gender" status="PASSED">
         <system-out><![CDATA[2018-04-13 11:04:55 - [TEST_CASE][PASSED] - Test Cases/Search by Provider or Facility/PF_Advanced - Gender: Test Cases/Search by Provider or Facility/PF_Advanced - Gender

2018-04-13 11:04:56 - [TEST_STEP][PASSED] - openBrowser: Browser is opened with url: ''

2018-04-13 11:04:59 - [MESSAGE][PASSED] - Browser is opened with url: ''

2018-04-13 11:04:59 - [TEST_STEP][PASSED] - navigateToUrl: Navigate to 'http://dev.providerlookup.ipro.org/' successfully

2018-04-13 11:05:01 - [MESSAGE][PASSED] - Navigate to 'http://dev.providerlookup.ipro.org/' successfully

2018-04-13 11:05:01 - [TEST_STEP][PASSED] - click: Object: 'Object Repository/Page_PNDS (13)/a_Search by Provider or Facili' is clicked on

2018-04-13 11:05:02 - [MESSAGE][PASSED] - Object: 'Object Repository/Page_PNDS (13)/a_Search by Provider or Facili' is clicked on

2018-04-13 11:05:02 - [TEST_STEP][PASSED] - setText: Text 'smith' is set on object 'Object Repository/Page_PNDS (13)/input_data0Providerlast_name'

2018-04-13 11:05:02 - [MESSAGE][PASSED] - Text 'smith' is set on object 'Object Repository/Page_PNDS (13)/input_data0Providerlast_name'

2018-04-13 11:05:02 - [TEST_STEP][PASSED] - click: Object: 'Object Repository/Page_PNDS (13)/button_Advanced Search' is clicked on

2018-04-13 11:05:02 - [MESSAGE][PASSED] - Object: 'Object Repository/Page_PNDS (13)/button_Advanced Search' is clicked on

2018-04-13 11:05:02 - [TEST_STEP][PASSED] - click: Object: 'Object Repository/Page_PNDS (13)/div_Male' is clicked on

2018-04-13 11:05:03 - [MESSAGE][PASSED] - Object: 'Object Repository/Page_PNDS (13)/div_Male' is clicked on

2018-04-13 11:05:03 - [TEST_STEP][PASSED] - click: Object: 'Object Repository/Page_PNDS (13)/button_Search' is clicked on

2018-04-13 11:05:09 - [MESSAGE][PASSED] - Object: 'Object Repository/Page_PNDS (13)/button_Search' is clicked on

2018-04-13 11:05:09 - [TEST_STEP][PASSED] - click: Object: 'Object Repository/Page_PNDS (13)/button_Advanced Search' is clicked on

2018-04-13 11:05:10 - [MESSAGE][PASSED] - Object: 'Object Repository/Page_PNDS (13)/button_Advanced Search' is clicked on

2018-04-13 11:05:10 - [TEST_STEP][PASSED] - click: Object: 'Object Repository/Page_PNDS (13)/span_second-icon fa fa-dot-cir' is clicked on

2018-04-13 11:05:10 - [MESSAGE][PASSED] - Object: 'Object Repository/Page_PNDS (13)/span_second-icon fa fa-dot-cir' is clicked on

2018-04-13 11:05:10 - [TEST_STEP][PASSED] - click: Object: 'Object Repository/Page_PNDS (13)/button_Search' is clicked on

2018-04-13 11:05:12 - [MESSAGE][PASSED] - Object: 'Object Repository/Page_PNDS (13)/button_Search' is clicked on

2018-04-13 11:05:12 - [TEST_STEP][PASSED] - closeBrowser: Browser is closed

2018-04-13 11:05:13 - [MESSAGE][PASSED] - Browser is closed]]></system-out>
         <system-err><![CDATA[]]></system-err>
      </testcase>
      <testcase name="Test Cases/Search by Provider or Facility/PF_Advanced - Language" classname="Test Cases/Search by Provider or Facility/PF_Advanced - Language" status="PASSED">
         <system-out><![CDATA[2018-04-13 11:05:13 - [TEST_CASE][PASSED] - Test Cases/Search by Provider or Facility/PF_Advanced - Language: Test Cases/Search by Provider or Facility/PF_Advanced - Language

2018-04-13 11:05:13 - [TEST_STEP][PASSED] - openBrowser: Browser is opened with url: ''

2018-04-13 11:05:15 - [MESSAGE][PASSED] - Browser is opened with url: ''

2018-04-13 11:05:15 - [TEST_STEP][PASSED] - navigateToUrl: Navigate to 'http://dev.providerlookup.ipro.org/' successfully

2018-04-13 11:05:17 - [MESSAGE][PASSED] - Navigate to 'http://dev.providerlookup.ipro.org/' successfully

2018-04-13 11:05:17 - [TEST_STEP][PASSED] - click: Object: 'Object Repository/Page_PNDS (12)/a_Search by Provider or Facili' is clicked on

2018-04-13 11:05:19 - [MESSAGE][PASSED] - Object: 'Object Repository/Page_PNDS (12)/a_Search by Provider or Facili' is clicked on

2018-04-13 11:05:19 - [TEST_STEP][PASSED] - setText: Text 'smith' is set on object 'Object Repository/Page_PNDS (12)/input_data0Providerlast_name'

2018-04-13 11:05:19 - [MESSAGE][PASSED] - Text 'smith' is set on object 'Object Repository/Page_PNDS (12)/input_data0Providerlast_name'

2018-04-13 11:05:19 - [TEST_STEP][PASSED] - rightClick: Object: 'Object Repository/Page_PNDS (12)/input_data0Providerlast_name' is right clicked on

2018-04-13 11:05:19 - [MESSAGE][PASSED] - Object: 'Object Repository/Page_PNDS (12)/input_data0Providerlast_name' is right clicked on

2018-04-13 11:05:19 - [TEST_STEP][PASSED] - click: Object: 'Object Repository/Page_PNDS (12)/button_Advanced Search' is clicked on

2018-04-13 11:05:19 - [MESSAGE][PASSED] - Object: 'Object Repository/Page_PNDS (12)/button_Advanced Search' is clicked on

2018-04-13 11:05:19 - [TEST_STEP][PASSED] - selectOptionByValue: All options with value 'SPA' are selected in object 'Object Repository/Page_PNDS (12)/select_EnglishArabicBengaliBan'  using regular expression

2018-04-13 11:05:21 - [MESSAGE][PASSED] - All options with value 'SPA' are selected in object 'Object Repository/Page_PNDS (12)/select_EnglishArabicBengaliBan'  using regular expression

2018-04-13 11:05:21 - [TEST_STEP][PASSED] - click: Object: 'Object Repository/Page_PNDS (12)/button_Search' is clicked on

2018-04-13 11:05:26 - [MESSAGE][PASSED] - Object: 'Object Repository/Page_PNDS (12)/button_Search' is clicked on

2018-04-13 11:05:26 - [TEST_STEP][PASSED] - click: Object: 'Object Repository/Page_PNDS (12)/button_Advanced Search' is clicked on

2018-04-13 11:05:27 - [MESSAGE][PASSED] - Object: 'Object Repository/Page_PNDS (12)/button_Advanced Search' is clicked on

2018-04-13 11:05:27 - [TEST_STEP][PASSED] - selectOptionByValue: All options with value 'RUS' are selected in object 'Object Repository/Page_PNDS (12)/select_EnglishArabicBengaliBan'  using regular expression

2018-04-13 11:05:28 - [MESSAGE][PASSED] - All options with value 'RUS' are selected in object 'Object Repository/Page_PNDS (12)/select_EnglishArabicBengaliBan'  using regular expression

2018-04-13 11:05:28 - [TEST_STEP][PASSED] - click: Object: 'Object Repository/Page_PNDS (12)/button_Search' is clicked on

2018-04-13 11:05:33 - [MESSAGE][PASSED] - Object: 'Object Repository/Page_PNDS (12)/button_Search' is clicked on

2018-04-13 11:05:33 - [TEST_STEP][PASSED] - click: Object: 'Object Repository/Page_PNDS (12)/button_Advanced Search' is clicked on

2018-04-13 11:05:33 - [MESSAGE][PASSED] - Object: 'Object Repository/Page_PNDS (12)/button_Advanced Search' is clicked on

2018-04-13 11:05:33 - [TEST_STEP][PASSED] - selectOptionByValue: All options with value 'CHI' are selected in object 'Object Repository/Page_PNDS (12)/select_EnglishArabicBengaliBan'  using regular expression

2018-04-13 11:05:35 - [MESSAGE][PASSED] - All options with value 'CHI' are selected in object 'Object Repository/Page_PNDS (12)/select_EnglishArabicBengaliBan'  using regular expression

2018-04-13 11:05:35 - [TEST_STEP][PASSED] - click: Object: 'Object Repository/Page_PNDS (12)/button_Search' is clicked on

2018-04-13 11:05:40 - [MESSAGE][PASSED] - Object: 'Object Repository/Page_PNDS (12)/button_Search' is clicked on

2018-04-13 11:05:40 - [TEST_STEP][PASSED] - closeBrowser: Browser is closed

2018-04-13 11:05:40 - [MESSAGE][PASSED] - Browser is closed]]></system-out>
         <system-err><![CDATA[]]></system-err>
      </testcase>
      <testcase name="Test Cases/Search by Provider or Facility/PF_Advanced - Participating Heath Plan" classname="Test Cases/Search by Provider or Facility/PF_Advanced - Participating Heath Plan" status="PASSED">
         <system-out><![CDATA[2018-04-13 11:05:40 - [TEST_CASE][PASSED] - Test Cases/Search by Provider or Facility/PF_Advanced - Participating Heath Plan: Test Cases/Search by Provider or Facility/PF_Advanced - Participating Heath Plan

2018-04-13 11:05:40 - [TEST_STEP][PASSED] - openBrowser: Browser is opened with url: ''

2018-04-13 11:05:42 - [MESSAGE][PASSED] - Browser is opened with url: ''

2018-04-13 11:05:42 - [TEST_STEP][PASSED] - navigateToUrl: Navigate to 'http://dev.providerlookup.ipro.org/' successfully

2018-04-13 11:05:44 - [MESSAGE][PASSED] - Navigate to 'http://dev.providerlookup.ipro.org/' successfully

2018-04-13 11:05:44 - [TEST_STEP][PASSED] - click: Object: 'Object Repository/Page_PNDS (14)/a_Search by Provider or Facili' is clicked on

2018-04-13 11:05:46 - [MESSAGE][PASSED] - Object: 'Object Repository/Page_PNDS (14)/a_Search by Provider or Facili' is clicked on

2018-04-13 11:05:46 - [TEST_STEP][PASSED] - setText: Text 'center' is set on object 'Object Repository/Page_PNDS (14)/input_data0PracticeProvidersit'

2018-04-13 11:05:46 - [MESSAGE][PASSED] - Text 'center' is set on object 'Object Repository/Page_PNDS (14)/input_data0PracticeProvidersit'

2018-04-13 11:05:46 - [TEST_STEP][PASSED] - click: Object: 'Object Repository/Page_PNDS (14)/button_Advanced Search' is clicked on

2018-04-13 11:05:46 - [MESSAGE][PASSED] - Object: 'Object Repository/Page_PNDS (14)/button_Advanced Search' is clicked on

2018-04-13 11:05:46 - [TEST_STEP][PASSED] - selectOptionByValue: All options with value '0001' are selected in object 'Object Repository/Page_PNDS (14)/select_--- Choose one ---Aetna'  using regular expression

2018-04-13 11:05:47 - [MESSAGE][PASSED] - All options with value '0001' are selected in object 'Object Repository/Page_PNDS (14)/select_--- Choose one ---Aetna'  using regular expression

2018-04-13 11:05:47 - [TEST_STEP][PASSED] - click: Object: 'Object Repository/Page_PNDS (14)/button_Search' is clicked on

2018-04-13 11:05:52 - [MESSAGE][PASSED] - Object: 'Object Repository/Page_PNDS (14)/button_Search' is clicked on

2018-04-13 11:05:52 - [TEST_STEP][PASSED] - closeBrowser: Browser is closed

2018-04-13 11:05:52 - [MESSAGE][PASSED] - Browser is closed]]></system-out>
         <system-err><![CDATA[]]></system-err>
      </testcase>
      <testcase name="Test Cases/Search by Provider or Facility/PF_Advanced - Wheelchair" classname="Test Cases/Search by Provider or Facility/PF_Advanced - Wheelchair" status="PASSED">
         <system-out><![CDATA[2018-04-13 11:05:52 - [TEST_CASE][PASSED] - Test Cases/Search by Provider or Facility/PF_Advanced - Wheelchair: Test Cases/Search by Provider or Facility/PF_Advanced - Wheelchair

2018-04-13 11:05:53 - [TEST_STEP][PASSED] - openBrowser: Browser is opened with url: ''

2018-04-13 11:05:55 - [MESSAGE][PASSED] - Browser is opened with url: ''

2018-04-13 11:05:55 - [TEST_STEP][PASSED] - navigateToUrl: Navigate to 'http://dev.providerlookup.ipro.org/' successfully

2018-04-13 11:05:57 - [MESSAGE][PASSED] - Navigate to 'http://dev.providerlookup.ipro.org/' successfully

2018-04-13 11:05:57 - [TEST_STEP][PASSED] - click: Object: 'Object Repository/Page_PNDS (11)/a_Search by Provider or Facili' is clicked on

2018-04-13 11:05:58 - [MESSAGE][PASSED] - Object: 'Object Repository/Page_PNDS (11)/a_Search by Provider or Facili' is clicked on

2018-04-13 11:05:58 - [TEST_STEP][PASSED] - setText: Text 'smith' is set on object 'Object Repository/Page_PNDS (11)/input_data0Providerlast_name'

2018-04-13 11:05:58 - [MESSAGE][PASSED] - Text 'smith' is set on object 'Object Repository/Page_PNDS (11)/input_data0Providerlast_name'

2018-04-13 11:05:58 - [TEST_STEP][PASSED] - click: Object: 'Object Repository/Page_PNDS (11)/button_Advanced Search' is clicked on

2018-04-13 11:05:58 - [MESSAGE][PASSED] - Object: 'Object Repository/Page_PNDS (11)/button_Advanced Search' is clicked on

2018-04-13 11:05:58 - [TEST_STEP][PASSED] - click: Object: 'Object Repository/Page_PNDS (11)/span_second-icon fa fa-check-s' is clicked on

2018-04-13 11:05:58 - [MESSAGE][PASSED] - Object: 'Object Repository/Page_PNDS (11)/span_second-icon fa fa-check-s' is clicked on

2018-04-13 11:05:58 - [TEST_STEP][PASSED] - click: Object: 'Object Repository/Page_PNDS (11)/button_Search' is clicked on

2018-04-13 11:06:02 - [MESSAGE][PASSED] - Object: 'Object Repository/Page_PNDS (11)/button_Search' is clicked on

2018-04-13 11:06:02 - [TEST_STEP][PASSED] - closeBrowser: Browser is closed

2018-04-13 11:06:02 - [MESSAGE][PASSED] - Browser is closed]]></system-out>
         <system-err><![CDATA[]]></system-err>
      </testcase>
      <testcase name="Test Cases/Search by Provider or Facility/PF_Last Name" classname="Test Cases/Search by Provider or Facility/PF_Last Name" status="FAILED">
         <failure type="FAILED" message="Unable to set text 'smith' of object 'Object Repository/Page_PNDS (10)/input_data0Providerlast_name' (Root cause: com.kms.katalon.core.webui.exception.WebElementNotFoundException: Web element with id: 'Object Repository/Page_PNDS (10)/input_data0Providerlast_name' located by 'By.xpath: //input[@name = 'data[0][Provider][last_name]' and @id = 'autoname1' and @placeholder = 'Smith' and @title = 'Enter last name' and @type = 'text']' not found)"/>
         <system-out><![CDATA[2018-04-13 11:06:02 - [TEST_CASE][FAILED] - Test Cases/Search by Provider or Facility/PF_Last Name: Test Cases/Search by Provider or Facility/PF_Last Name FAILED because (of) Unable to set text 'smith' of object 'Object Repository/Page_PNDS (10)/input_data0Providerlast_name' (Root cause: com.kms.katalon.core.webui.exception.WebElementNotFoundException: Web element with id: 'Object Repository/Page_PNDS (10)/input_data0Providerlast_name' located by 'By.xpath: //input[@name = 'data[0][Provider][last_name]' and @id = 'autoname1' and @placeholder = 'Smith' and @title = 'Enter last name' and @type = 'text']' not found)

2018-04-13 11:06:02 - [TEST_STEP][PASSED] - openBrowser: Browser is opened with url: ''

2018-04-13 11:06:05 - [MESSAGE][PASSED] - Browser is opened with url: ''

2018-04-13 11:06:05 - [TEST_STEP][FAILED] - setText: Unable to set text 'smith' of object 'Object Repository/Page_PNDS (10)/input_data0Providerlast_name' (Root cause: com.kms.katalon.core.webui.exception.WebElementNotFoundException: Web element with id: 'Object Repository/Page_PNDS (10)/input_data0Providerlast_name' located by 'By.xpath: //input[@name = 'data[0][Provider][last_name]' and @id = 'autoname1' and @placeholder = 'Smith' and @title = 'Enter last name' and @type = 'text']' not found)

2018-04-13 11:06:35 - [MESSAGE][FAILED] - Unable to set text 'smith' of object 'Object Repository/Page_PNDS (10)/input_data0Providerlast_name' (Root cause: com.kms.katalon.core.webui.exception.WebElementNotFoundException: Web element with id: 'Object Repository/Page_PNDS (10)/input_data0Providerlast_name' located by 'By.xpath: //input[@name = 'data[0][Provider][last_name]' and @id = 'autoname1' and @placeholder = 'Smith' and @title = 'Enter last name' and @type = 'text']' not found)
[[ATTACHMENT|C:\\Users\\shawn\\Katalon Studio\\PNDS\\Reports\\Search by Provider or Facility\\20180413_110454\\1523631995656.png]]]]></system-out>
         <system-err><![CDATA[2018-04-13 11:06:02 - [TEST_CASE][FAILED] - Test Cases/Search by Provider or Facility/PF_Last Name: Test Cases/Search by Provider or Facility/PF_Last Name FAILED because (of) Unable to set text 'smith' of object 'Object Repository/Page_PNDS (10)/input_data0Providerlast_name' (Root cause: com.kms.katalon.core.webui.exception.WebElementNotFoundException: Web element with id: 'Object Repository/Page_PNDS (10)/input_data0Providerlast_name' located by 'By.xpath: //input[@name = 'data[0][Provider][last_name]' and @id = 'autoname1' and @placeholder = 'Smith' and @title = 'Enter last name' and @type = 'text']' not found)]]></system-err>
      </testcase>
      <testcase name="Test Cases/Search by Provider or Facility/PF_Primary Care Providers Only" classname="Test Cases/Search by Provider or Facility/PF_Primary Care Providers Only" status="PASSED">
         <system-out><![CDATA[2018-04-13 11:06:35 - [TEST_CASE][PASSED] - Test Cases/Search by Provider or Facility/PF_Primary Care Providers Only: Test Cases/Search by Provider or Facility/PF_Primary Care Providers Only

2018-04-13 11:06:35 - [TEST_STEP][PASSED] - openBrowser: Browser is opened with url: ''

2018-04-13 11:06:35 - [MESSAGE][WARNING] - A browser is already opened. Closing browser and opening a new one

2018-04-13 11:06:38 - [MESSAGE][PASSED] - Browser is opened with url: ''

2018-04-13 11:06:38 - [TEST_STEP][PASSED] - navigateToUrl: Navigate to 'http://dev.providerlookup.ipro.org/' successfully

2018-04-13 11:06:40 - [MESSAGE][PASSED] - Navigate to 'http://dev.providerlookup.ipro.org/' successfully

2018-04-13 11:06:40 - [TEST_STEP][PASSED] - click: Object: 'Object Repository/Page_PNDS (9)/a_Search by Provider or Facili' is clicked on

2018-04-13 11:06:41 - [MESSAGE][PASSED] - Object: 'Object Repository/Page_PNDS (9)/a_Search by Provider or Facili' is clicked on

2018-04-13 11:06:41 - [TEST_STEP][PASSED] - click: Object: 'Object Repository/Page_PNDS (9)/span_second-icon fa fa-check-s' is clicked on

2018-04-13 11:06:41 - [MESSAGE][PASSED] - Object: 'Object Repository/Page_PNDS (9)/span_second-icon fa fa-check-s' is clicked on

2018-04-13 11:06:41 - [TEST_STEP][PASSED] - setText: Text 'smith' is set on object 'Object Repository/Page_PNDS (9)/input_data0Providerlast_name'

2018-04-13 11:06:41 - [MESSAGE][PASSED] - Text 'smith' is set on object 'Object Repository/Page_PNDS (9)/input_data0Providerlast_name'

2018-04-13 11:06:41 - [TEST_STEP][PASSED] - click: Object: 'Object Repository/Page_PNDS (9)/button_Search' is clicked on

2018-04-13 11:06:45 - [MESSAGE][PASSED] - Object: 'Object Repository/Page_PNDS (9)/button_Search' is clicked on

2018-04-13 11:06:45 - [TEST_STEP][PASSED] - closeBrowser: Browser is closed

2018-04-13 11:06:45 - [MESSAGE][PASSED] - Browser is closed]]></system-out>
         <system-err><![CDATA[]]></system-err>
      </testcase>
      <testcase name="Test Cases/Search by Provider or Facility/PF_Shows Facilities Only" classname="Test Cases/Search by Provider or Facility/PF_Shows Facilities Only" status="PASSED">
         <system-out><![CDATA[2018-04-13 11:06:45 - [TEST_CASE][PASSED] - Test Cases/Search by Provider or Facility/PF_Shows Facilities Only: Test Cases/Search by Provider or Facility/PF_Shows Facilities Only

2018-04-13 11:06:45 - [TEST_STEP][PASSED] - openBrowser: Browser is opened with url: ''

2018-04-13 11:06:47 - [MESSAGE][PASSED] - Browser is opened with url: ''

2018-04-13 11:06:47 - [TEST_STEP][PASSED] - navigateToUrl: Navigate to 'http://dev.providerlookup.ipro.org/' successfully

2018-04-13 11:06:49 - [MESSAGE][PASSED] - Navigate to 'http://dev.providerlookup.ipro.org/' successfully

2018-04-13 11:06:49 - [TEST_STEP][PASSED] - click: Object: 'Object Repository/Page_PNDS (8)/a_Search by Provider or Facili' is clicked on

2018-04-13 11:06:50 - [MESSAGE][PASSED] - Object: 'Object Repository/Page_PNDS (8)/a_Search by Provider or Facili' is clicked on

2018-04-13 11:06:50 - [TEST_STEP][PASSED] - click: Object: 'Object Repository/Page_PNDS (8)/span_second-icon fa fa-check-s_1' is clicked on

2018-04-13 11:06:50 - [MESSAGE][PASSED] - Object: 'Object Repository/Page_PNDS (8)/span_second-icon fa fa-check-s_1' is clicked on

2018-04-13 11:06:50 - [TEST_STEP][PASSED] - setText: Text 'center' is set on object 'Object Repository/Page_PNDS (8)/input_data0PracticeProvidersit'

2018-04-13 11:06:50 - [MESSAGE][PASSED] - Text 'center' is set on object 'Object Repository/Page_PNDS (8)/input_data0PracticeProvidersit'

2018-04-13 11:06:50 - [TEST_STEP][PASSED] - click: Object: 'Object Repository/Page_PNDS (8)/button_Search_1' is clicked on

2018-04-13 11:06:56 - [MESSAGE][PASSED] - Object: 'Object Repository/Page_PNDS (8)/button_Search_1' is clicked on

2018-04-13 11:06:56 - [TEST_STEP][PASSED] - closeBrowser: Browser is closed

2018-04-13 11:06:56 - [MESSAGE][PASSED] - Browser is closed]]></system-out>
         <system-err><![CDATA[]]></system-err>
      </testcase>
      <system-out><![CDATA[2018-04-13 11:04:55 - [TEST_SUITE][FAILED] - Search by Provider or Facility: Test Cases/Search by Provider or Facility/PF_Last Name FAILED because (of) Unable to set text 'smith' of object 'Object Repository/Page_PNDS (10)/input_data0Providerlast_name' (Root cause: com.kms.katalon.core.webui.exception.WebElementNotFoundException: Web element with id: 'Object Repository/Page_PNDS (10)/input_data0Providerlast_name' located by 'By.xpath: //input[@name = 'data[0][Provider][last_name]' and @id = 'autoname1' and @placeholder = 'Smith' and @title = 'Enter last name' and @type = 'text']' not found)]]></system-out>
      <system-err><![CDATA[2018-04-13 11:04:55 - [TEST_SUITE][FAILED] - Search by Provider or Facility: Test Cases/Search by Provider or Facility/PF_Last Name FAILED because (of) Unable to set text 'smith' of object 'Object Repository/Page_PNDS (10)/input_data0Providerlast_name' (Root cause: com.kms.katalon.core.webui.exception.WebElementNotFoundException: Web element with id: 'Object Repository/Page_PNDS (10)/input_data0Providerlast_name' located by 'By.xpath: //input[@name = 'data[0][Provider][last_name]' and @id = 'autoname1' and @placeholder = 'Smith' and @title = 'Enter last name' and @type = 'text']' not found)]]></system-err>
   </testsuite>
</testsuites>
