<?xml version="1.0" encoding="UTF-8"?>
<testsuites name="Search by Health Plan" time="60" tests="7" failures="0" errors="0">
   <testsuite name="Search by Health Plan" tests="7" failures="0" errors="0" time="60" timestamp="2018-04-17 11:27:55" hostname="shawn - DESKTOP-VC1MT75" id="Test Suites/Search by Health Plan">
      <properties>
         <property name="deviceName" value=""/>
         <property name="devicePlatform" value=""/>
         <property name="logFolder" value="C:\\Users\\shawn\\Katalon Studio\\PNDS\\Reports\\Search by Health Plan\\20180417_112754"/>
         <property name="logFiles" value="C:\\Users\\shawn\\Katalon Studio\\PNDS\\Reports\\Search by Health Plan\\20180417_112754\\execution0.log"/>
         <property name="attachments" value=""/>
         <property name="hostName" value="shawn - DESKTOP-VC1MT75"/>
         <property name="os" value="Windows 10 64bit"/>
         <property name="katalonVersion" value="5.3.1.1"/>
         <property name="browser" value="Firefox 59.0"/>
         <property name="hostAddress" value="192.168.0.169"/>
         <property name="sessionId" value="5a7e93ec-900e-41c5-830a-025729ac23df"/>
         <property name="seleniumVersion" value="3.7.1"/>
         <property name="proxyInformation" value="ProxyInformation{proxyOption=NO_PROXY, proxyServerType=HTTP, password=, proxyServerAddress=, proxyServerPort=0}"/>
         <property name="platform" value="Windows 10"/>
      </properties>
      <testcase name="Test Cases/Search by Health Plan/HP_Advanced Search - Gender" classname="Test Cases/Search by Health Plan/HP_Advanced Search - Gender" status="PASSED">
         <system-out><![CDATA[2018-04-17 11:27:55 - [TEST_CASE][PASSED] - Test Cases/Search by Health Plan/HP_Advanced Search - Gender: Test Cases/Search by Health Plan/HP_Advanced Search - Gender

2018-04-17 11:27:55 - [TEST_STEP][PASSED] - openBrowser: Browser is opened with url: ''

2018-04-17 11:27:59 - [MESSAGE][PASSED] - Browser is opened with url: ''

2018-04-17 11:27:59 - [TEST_STEP][PASSED] - navigateToUrl: Navigate to 'https://pndslookup.health.ny.gov/' successfully

2018-04-17 11:28:00 - [MESSAGE][PASSED] - Navigate to 'https://pndslookup.health.ny.gov/' successfully

2018-04-17 11:28:00 - [TEST_STEP][PASSED] - click: Object: 'Object Repository/Page_PNDS (5)/a_Search by Health Plan' is clicked on

2018-04-17 11:28:00 - [MESSAGE][PASSED] - Object: 'Object Repository/Page_PNDS (5)/a_Search by Health Plan' is clicked on

2018-04-17 11:28:00 - [TEST_STEP][PASSED] - selectOptionByValue: All options with value '0001' are selected in object 'Object Repository/Page_PNDS (5)/select_--- Choose one ---Aetna'  using regular expression

2018-04-17 11:28:02 - [MESSAGE][PASSED] - All options with value '0001' are selected in object 'Object Repository/Page_PNDS (5)/select_--- Choose one ---Aetna'  using regular expression

2018-04-17 11:28:02 - [TEST_STEP][PASSED] - click: Object: 'Object Repository/Page_PNDS (5)/button_Advanced Search' is clicked on

2018-04-17 11:28:02 - [MESSAGE][PASSED] - Object: 'Object Repository/Page_PNDS (5)/button_Advanced Search' is clicked on

2018-04-17 11:28:02 - [TEST_STEP][PASSED] - click: Object: 'Object Repository/Page_PNDS (5)/span_second-icon fa fa-dot-cir' is clicked on

2018-04-17 11:28:03 - [MESSAGE][PASSED] - Object: 'Object Repository/Page_PNDS (5)/span_second-icon fa fa-dot-cir' is clicked on

2018-04-17 11:28:03 - [TEST_STEP][PASSED] - click: Object: 'Object Repository/Page_PNDS (5)/button_Search' is clicked on

2018-04-17 11:28:03 - [MESSAGE][PASSED] - Object: 'Object Repository/Page_PNDS (5)/button_Search' is clicked on

2018-04-17 11:28:03 - [TEST_STEP][PASSED] - click: Object: 'Object Repository/Page_PNDS (5)/button_Advanced Search' is clicked on

2018-04-17 11:28:04 - [MESSAGE][PASSED] - Object: 'Object Repository/Page_PNDS (5)/button_Advanced Search' is clicked on

2018-04-17 11:28:04 - [TEST_STEP][PASSED] - click: Object: 'Object Repository/Page_PNDS (5)/span_second-icon fa fa-dot-cir' is clicked on

2018-04-17 11:28:04 - [MESSAGE][PASSED] - Object: 'Object Repository/Page_PNDS (5)/span_second-icon fa fa-dot-cir' is clicked on

2018-04-17 11:28:04 - [TEST_STEP][PASSED] - click: Object: 'Object Repository/Page_PNDS (5)/button_Search' is clicked on

2018-04-17 11:28:04 - [MESSAGE][PASSED] - Object: 'Object Repository/Page_PNDS (5)/button_Search' is clicked on

2018-04-17 11:28:04 - [TEST_STEP][PASSED] - closeBrowser: Browser is closed

2018-04-17 11:28:04 - [MESSAGE][PASSED] - Browser is closed]]></system-out>
         <system-err><![CDATA[]]></system-err>
      </testcase>
      <testcase name="Test Cases/Search by Health Plan/HP_Advanced Search - Language" classname="Test Cases/Search by Health Plan/HP_Advanced Search - Language" status="PASSED">
         <system-out><![CDATA[2018-04-17 11:28:04 - [TEST_CASE][PASSED] - Test Cases/Search by Health Plan/HP_Advanced Search - Language: Test Cases/Search by Health Plan/HP_Advanced Search - Language

2018-04-17 11:28:05 - [TEST_STEP][PASSED] - openBrowser: Browser is opened with url: ''

2018-04-17 11:28:07 - [MESSAGE][PASSED] - Browser is opened with url: ''

2018-04-17 11:28:07 - [TEST_STEP][PASSED] - navigateToUrl: Navigate to 'https://pndslookup.health.ny.gov/' successfully

2018-04-17 11:28:08 - [MESSAGE][PASSED] - Navigate to 'https://pndslookup.health.ny.gov/' successfully

2018-04-17 11:28:08 - [TEST_STEP][PASSED] - click: Object: 'Object Repository/Page_PNDS (6)/a_Search by Health Plan' is clicked on

2018-04-17 11:28:08 - [MESSAGE][PASSED] - Object: 'Object Repository/Page_PNDS (6)/a_Search by Health Plan' is clicked on

2018-04-17 11:28:08 - [TEST_STEP][PASSED] - selectOptionByValue: All options with value '0001' are selected in object 'Object Repository/Page_PNDS (6)/select_--- Choose one ---Aetna'  using regular expression

2018-04-17 11:28:10 - [MESSAGE][PASSED] - All options with value '0001' are selected in object 'Object Repository/Page_PNDS (6)/select_--- Choose one ---Aetna'  using regular expression

2018-04-17 11:28:10 - [TEST_STEP][PASSED] - click: Object: 'Object Repository/Page_PNDS (6)/button_Advanced Search' is clicked on

2018-04-17 11:28:10 - [MESSAGE][PASSED] - Object: 'Object Repository/Page_PNDS (6)/button_Advanced Search' is clicked on

2018-04-17 11:28:10 - [TEST_STEP][PASSED] - selectOptionByValue: All options with value 'SPA' are selected in object 'Object Repository/Page_PNDS (6)/select_EnglishArabicBengaliBan'  using regular expression

2018-04-17 11:28:13 - [MESSAGE][PASSED] - All options with value 'SPA' are selected in object 'Object Repository/Page_PNDS (6)/select_EnglishArabicBengaliBan'  using regular expression

2018-04-17 11:28:13 - [TEST_STEP][PASSED] - click: Object: 'Object Repository/Page_PNDS (6)/button_Search' is clicked on

2018-04-17 11:28:13 - [MESSAGE][PASSED] - Object: 'Object Repository/Page_PNDS (6)/button_Search' is clicked on

2018-04-17 11:28:13 - [TEST_STEP][PASSED] - click: Object: 'Object Repository/Page_PNDS (6)/button_Advanced Search' is clicked on

2018-04-17 11:28:14 - [MESSAGE][PASSED] - Object: 'Object Repository/Page_PNDS (6)/button_Advanced Search' is clicked on

2018-04-17 11:28:14 - [TEST_STEP][PASSED] - selectOptionByValue: All options with value 'CHI' are selected in object 'Object Repository/Page_PNDS (6)/select_EnglishArabicBengaliBan'  using regular expression

2018-04-17 11:28:17 - [MESSAGE][PASSED] - All options with value 'CHI' are selected in object 'Object Repository/Page_PNDS (6)/select_EnglishArabicBengaliBan'  using regular expression

2018-04-17 11:28:17 - [TEST_STEP][PASSED] - click: Object: 'Object Repository/Page_PNDS (6)/button_Search' is clicked on

2018-04-17 11:28:17 - [MESSAGE][PASSED] - Object: 'Object Repository/Page_PNDS (6)/button_Search' is clicked on

2018-04-17 11:28:17 - [TEST_STEP][PASSED] - click: Object: 'Object Repository/Page_PNDS (6)/button_Advanced Search' is clicked on

2018-04-17 11:28:17 - [MESSAGE][PASSED] - Object: 'Object Repository/Page_PNDS (6)/button_Advanced Search' is clicked on

2018-04-17 11:28:17 - [TEST_STEP][PASSED] - selectOptionByValue: All options with value 'RUS' are selected in object 'Object Repository/Page_PNDS (6)/select_EnglishArabicBengaliBan'  using regular expression

2018-04-17 11:28:20 - [MESSAGE][PASSED] - All options with value 'RUS' are selected in object 'Object Repository/Page_PNDS (6)/select_EnglishArabicBengaliBan'  using regular expression

2018-04-17 11:28:20 - [TEST_STEP][PASSED] - click: Object: 'Object Repository/Page_PNDS (6)/button_Search' is clicked on

2018-04-17 11:28:21 - [MESSAGE][PASSED] - Object: 'Object Repository/Page_PNDS (6)/button_Search' is clicked on

2018-04-17 11:28:21 - [TEST_STEP][PASSED] - closeBrowser: Browser is closed

2018-04-17 11:28:21 - [MESSAGE][PASSED] - Browser is closed]]></system-out>
         <system-err><![CDATA[]]></system-err>
      </testcase>
      <testcase name="Test Cases/Search by Health Plan/HP_Advanced Search - Wheelchair" classname="Test Cases/Search by Health Plan/HP_Advanced Search - Wheelchair" status="PASSED">
         <system-out><![CDATA[2018-04-17 11:28:21 - [TEST_CASE][PASSED] - Test Cases/Search by Health Plan/HP_Advanced Search - Wheelchair: Test Cases/Search by Health Plan/HP_Advanced Search - Wheelchair

2018-04-17 11:28:21 - [TEST_STEP][PASSED] - openBrowser: Browser is opened with url: ''

2018-04-17 11:28:24 - [MESSAGE][PASSED] - Browser is opened with url: ''

2018-04-17 11:28:24 - [TEST_STEP][PASSED] - navigateToUrl: Navigate to 'https://pndslookup.health.ny.gov/providers/search' successfully

2018-04-17 11:28:25 - [MESSAGE][PASSED] - Navigate to 'https://pndslookup.health.ny.gov/providers/search' successfully

2018-04-17 11:28:25 - [TEST_STEP][PASSED] - click: Object: 'Object Repository/Page_PNDS (4)/a_Search by Health Plan' is clicked on

2018-04-17 11:28:25 - [MESSAGE][PASSED] - Object: 'Object Repository/Page_PNDS (4)/a_Search by Health Plan' is clicked on

2018-04-17 11:28:25 - [TEST_STEP][PASSED] - selectOptionByValue: All options with value '0001' are selected in object 'Object Repository/Page_PNDS (4)/select_--- Choose one ---Aetna'  using regular expression

2018-04-17 11:28:27 - [MESSAGE][PASSED] - All options with value '0001' are selected in object 'Object Repository/Page_PNDS (4)/select_--- Choose one ---Aetna'  using regular expression

2018-04-17 11:28:27 - [TEST_STEP][PASSED] - click: Object: 'Object Repository/Page_PNDS (4)/button_Advanced Search' is clicked on

2018-04-17 11:28:27 - [MESSAGE][PASSED] - Object: 'Object Repository/Page_PNDS (4)/button_Advanced Search' is clicked on

2018-04-17 11:28:27 - [TEST_STEP][PASSED] - click: Object: 'Object Repository/Page_PNDS (4)/span_second-icon fa fa-check-s' is clicked on

2018-04-17 11:28:27 - [MESSAGE][PASSED] - Object: 'Object Repository/Page_PNDS (4)/span_second-icon fa fa-check-s' is clicked on

2018-04-17 11:28:27 - [TEST_STEP][PASSED] - click: Object: 'Object Repository/Page_PNDS (4)/button_Search' is clicked on

2018-04-17 11:28:28 - [MESSAGE][PASSED] - Object: 'Object Repository/Page_PNDS (4)/button_Search' is clicked on

2018-04-17 11:28:28 - [TEST_STEP][PASSED] - closeBrowser: Browser is closed

2018-04-17 11:28:28 - [MESSAGE][PASSED] - Browser is closed]]></system-out>
         <system-err><![CDATA[]]></system-err>
      </testcase>
      <testcase name="Test Cases/Search by Health Plan/HP_Facilities Only" classname="Test Cases/Search by Health Plan/HP_Facilities Only" status="PASSED">
         <system-out><![CDATA[2018-04-17 11:28:28 - [TEST_CASE][PASSED] - Test Cases/Search by Health Plan/HP_Facilities Only: Test Cases/Search by Health Plan/HP_Facilities Only

2018-04-17 11:28:28 - [TEST_STEP][PASSED] - openBrowser: Browser is opened with url: ''

2018-04-17 11:28:31 - [MESSAGE][PASSED] - Browser is opened with url: ''

2018-04-17 11:28:31 - [TEST_STEP][PASSED] - navigateToUrl: Navigate to 'https://pndslookup.health.ny.gov/' successfully

2018-04-17 11:28:32 - [MESSAGE][PASSED] - Navigate to 'https://pndslookup.health.ny.gov/' successfully

2018-04-17 11:28:32 - [TEST_STEP][PASSED] - click: Object: 'Object Repository/Page_PNDS (1)/a_Search by Health Plan' is clicked on

2018-04-17 11:28:32 - [MESSAGE][PASSED] - Object: 'Object Repository/Page_PNDS (1)/a_Search by Health Plan' is clicked on

2018-04-17 11:28:32 - [TEST_STEP][PASSED] - selectOptionByValue: All options with value '0001' are selected in object 'Object Repository/Page_PNDS (1)/select_--- Choose one ---Aetna'  using regular expression

2018-04-17 11:28:34 - [MESSAGE][PASSED] - All options with value '0001' are selected in object 'Object Repository/Page_PNDS (1)/select_--- Choose one ---Aetna'  using regular expression

2018-04-17 11:28:34 - [TEST_STEP][PASSED] - click: Object: 'Object Repository/Page_PNDS (1)/span_second-icon fa fa-check-s' is clicked on

2018-04-17 11:28:34 - [MESSAGE][PASSED] - Object: 'Object Repository/Page_PNDS (1)/span_second-icon fa fa-check-s' is clicked on

2018-04-17 11:28:34 - [TEST_STEP][PASSED] - click: Object: 'Object Repository/Page_PNDS (1)/button_Search' is clicked on

2018-04-17 11:28:35 - [MESSAGE][PASSED] - Object: 'Object Repository/Page_PNDS (1)/button_Search' is clicked on

2018-04-17 11:28:35 - [TEST_STEP][PASSED] - closeBrowser: Browser is closed

2018-04-17 11:28:35 - [MESSAGE][PASSED] - Browser is closed]]></system-out>
         <system-err><![CDATA[]]></system-err>
      </testcase>
      <testcase name="Test Cases/Search by Health Plan/HP_Providers Only" classname="Test Cases/Search by Health Plan/HP_Providers Only" status="PASSED">
         <system-out><![CDATA[2018-04-17 11:28:35 - [TEST_CASE][PASSED] - Test Cases/Search by Health Plan/HP_Providers Only: Test Cases/Search by Health Plan/HP_Providers Only

2018-04-17 11:28:35 - [TEST_STEP][PASSED] - openBrowser: Browser is opened with url: ''

2018-04-17 11:28:37 - [MESSAGE][PASSED] - Browser is opened with url: ''

2018-04-17 11:28:37 - [TEST_STEP][PASSED] - navigateToUrl: Navigate to 'https://pndslookup.health.ny.gov/' successfully

2018-04-17 11:28:39 - [MESSAGE][PASSED] - Navigate to 'https://pndslookup.health.ny.gov/' successfully

2018-04-17 11:28:39 - [TEST_STEP][PASSED] - click: Object: 'Object Repository/Page_PNDS (2)/a_Search by Health Plan' is clicked on

2018-04-17 11:28:39 - [MESSAGE][PASSED] - Object: 'Object Repository/Page_PNDS (2)/a_Search by Health Plan' is clicked on

2018-04-17 11:28:39 - [TEST_STEP][PASSED] - selectOptionByValue: All options with value '0001' are selected in object 'Object Repository/Page_PNDS (2)/select_--- Choose one ---Aetna'  using regular expression

2018-04-17 11:28:41 - [MESSAGE][PASSED] - All options with value '0001' are selected in object 'Object Repository/Page_PNDS (2)/select_--- Choose one ---Aetna'  using regular expression

2018-04-17 11:28:41 - [TEST_STEP][PASSED] - click: Object: 'Object Repository/Page_PNDS (2)/span_second-icon fa fa-check-s' is clicked on

2018-04-17 11:28:41 - [MESSAGE][PASSED] - Object: 'Object Repository/Page_PNDS (2)/span_second-icon fa fa-check-s' is clicked on

2018-04-17 11:28:41 - [TEST_STEP][PASSED] - click: Object: 'Object Repository/Page_PNDS (2)/button_Search' is clicked on

2018-04-17 11:28:41 - [MESSAGE][PASSED] - Object: 'Object Repository/Page_PNDS (2)/button_Search' is clicked on

2018-04-17 11:28:41 - [TEST_STEP][PASSED] - closeBrowser: Browser is closed

2018-04-17 11:28:42 - [MESSAGE][PASSED] - Browser is closed]]></system-out>
         <system-err><![CDATA[]]></system-err>
      </testcase>
      <testcase name="Test Cases/Search by Health Plan/HP_Search by Health Plan name" classname="Test Cases/Search by Health Plan/HP_Search by Health Plan name" status="PASSED">
         <system-out><![CDATA[2018-04-17 11:28:42 - [TEST_CASE][PASSED] - Test Cases/Search by Health Plan/HP_Search by Health Plan name: Test Cases/Search by Health Plan/HP_Search by Health Plan name

2018-04-17 11:28:42 - [TEST_STEP][PASSED] - openBrowser: Browser is opened with url: ''

2018-04-17 11:28:44 - [MESSAGE][PASSED] - Browser is opened with url: ''

2018-04-17 11:28:44 - [TEST_STEP][PASSED] - navigateToUrl: Navigate to 'https://pndslookup.health.ny.gov/' successfully

2018-04-17 11:28:45 - [MESSAGE][PASSED] - Navigate to 'https://pndslookup.health.ny.gov/' successfully

2018-04-17 11:28:45 - [TEST_STEP][PASSED] - click: Object: 'Object Repository/Page_PNDS/a_Search by Health Plan' is clicked on

2018-04-17 11:28:46 - [MESSAGE][PASSED] - Object: 'Object Repository/Page_PNDS/a_Search by Health Plan' is clicked on

2018-04-17 11:28:46 - [TEST_STEP][PASSED] - selectOptionByValue: All options with value '0001' are selected in object 'Object Repository/Page_PNDS/select_--- Choose one ---Aetna'  using regular expression

2018-04-17 11:28:47 - [MESSAGE][PASSED] - All options with value '0001' are selected in object 'Object Repository/Page_PNDS/select_--- Choose one ---Aetna'  using regular expression

2018-04-17 11:28:47 - [TEST_STEP][PASSED] - click: Object: 'Object Repository/Page_PNDS/button_Search' is clicked on

2018-04-17 11:28:48 - [MESSAGE][PASSED] - Object: 'Object Repository/Page_PNDS/button_Search' is clicked on

2018-04-17 11:28:48 - [TEST_STEP][PASSED] - closeBrowser: Browser is closed

2018-04-17 11:28:48 - [MESSAGE][PASSED] - Browser is closed]]></system-out>
         <system-err><![CDATA[]]></system-err>
      </testcase>
      <testcase name="Test Cases/Search by Health Plan/HP_Zip code and Radius" classname="Test Cases/Search by Health Plan/HP_Zip code and Radius" status="PASSED">
         <system-out><![CDATA[2018-04-17 11:28:48 - [TEST_CASE][PASSED] - Test Cases/Search by Health Plan/HP_Zip code and Radius: Test Cases/Search by Health Plan/HP_Zip code and Radius

2018-04-17 11:28:48 - [TEST_STEP][PASSED] - openBrowser: Browser is opened with url: ''

2018-04-17 11:28:51 - [MESSAGE][PASSED] - Browser is opened with url: ''

2018-04-17 11:28:51 - [TEST_STEP][PASSED] - navigateToUrl: Navigate to 'https://pndslookup.health.ny.gov/' successfully

2018-04-17 11:28:52 - [MESSAGE][PASSED] - Navigate to 'https://pndslookup.health.ny.gov/' successfully

2018-04-17 11:28:52 - [TEST_STEP][PASSED] - click: Object: 'Object Repository/Page_PNDS (3)/a_Search by Health Plan' is clicked on

2018-04-17 11:28:52 - [MESSAGE][PASSED] - Object: 'Object Repository/Page_PNDS (3)/a_Search by Health Plan' is clicked on

2018-04-17 11:28:52 - [TEST_STEP][PASSED] - selectOptionByValue: All options with value '0001' are selected in object 'Object Repository/Page_PNDS (7)/select_--- Choose one ---Aetna'  using regular expression

2018-04-17 11:28:54 - [MESSAGE][PASSED] - All options with value '0001' are selected in object 'Object Repository/Page_PNDS (7)/select_--- Choose one ---Aetna'  using regular expression

2018-04-17 11:28:54 - [TEST_STEP][PASSED] - setText: Text '10010' is set on object 'Object Repository/Page_PNDS (3)/input_data0Practicezip_code'

2018-04-17 11:28:54 - [MESSAGE][PASSED] - Text '10010' is set on object 'Object Repository/Page_PNDS (3)/input_data0Practicezip_code'

2018-04-17 11:28:54 - [TEST_STEP][PASSED] - click: Object: 'Object Repository/Page_PNDS (3)/label_within' is clicked on

2018-04-17 11:28:54 - [MESSAGE][PASSED] - Object: 'Object Repository/Page_PNDS (3)/label_within' is clicked on

2018-04-17 11:28:54 - [TEST_STEP][PASSED] - setText: Text '1' is set on object 'Object Repository/Page_PNDS (3)/input_data0Practiceradius'

2018-04-17 11:28:54 - [MESSAGE][PASSED] - Text '1' is set on object 'Object Repository/Page_PNDS (3)/input_data0Practiceradius'

2018-04-17 11:28:54 - [TEST_STEP][PASSED] - click: Object: 'Object Repository/Page_PNDS (7)/button_Search' is clicked on

2018-04-17 11:28:55 - [MESSAGE][PASSED] - Object: 'Object Repository/Page_PNDS (7)/button_Search' is clicked on

2018-04-17 11:28:55 - [TEST_STEP][PASSED] - closeBrowser: Browser is closed

2018-04-17 11:28:55 - [MESSAGE][PASSED] - Browser is closed]]></system-out>
         <system-err><![CDATA[]]></system-err>
      </testcase>
      <system-out><![CDATA[2018-04-17 11:27:55 - [TEST_SUITE][PASSED] - Search by Health Plan: Test Cases/Search by Health Plan/HP_Zip code and Radius]]></system-out>
      <system-err><![CDATA[]]></system-err>
   </testsuite>
</testsuites>
