<?xml version="1.0" encoding="UTF-8"?>
<testsuites name="Search by Health Plan" time="99" tests="5" failures="2" errors="0">
   <testsuite name="Search by Health Plan" tests="5" failures="2" errors="0" time="99" timestamp="2018-04-18 11:03:52" hostname="shawn - DESKTOP-VC1MT75" id="Test Suites/Search by Health Plan">
      <properties>
         <property name="deviceName" value=""/>
         <property name="devicePlatform" value=""/>
         <property name="logFolder" value="C:\\Users\\shawn\\Katalon Studio\\PNDS\\Reports\\Search by Health Plan\\20180418_110349"/>
         <property name="logFiles" value="C:\\Users\\shawn\\Katalon Studio\\PNDS\\Reports\\Search by Health Plan\\20180418_110349\\execution0.log"/>
         <property name="attachments" value="C:\\Users\\shawn\\Katalon Studio\\PNDS\\Reports\\Search by Health Plan\\20180418_110349\\1524063855090.png, C:\\Users\\shawn\\Katalon Studio\\PNDS\\Reports\\Search by Health Plan\\20180418_110349\\1524063872524.png"/>
         <property name="hostName" value="shawn - DESKTOP-VC1MT75"/>
         <property name="os" value="Windows 10 64bit"/>
         <property name="katalonVersion" value="5.4.0.1"/>
         <property name="browser" value="Firefox 59.0"/>
         <property name="hostAddress" value="192.168.0.169"/>
         <property name="sessionId" value="ef11d8b2-416c-4b3e-b836-c3ee4a31a747"/>
         <property name="seleniumVersion" value="3.7.1"/>
         <property name="proxyInformation" value="ProxyInformation{proxyOption=NO_PROXY, proxyServerType=HTTP, password=, proxyServerAddress=, proxyServerPort=0}"/>
         <property name="platform" value="Windows 10"/>
      </properties>
      <testcase name="Test Cases/Search by Health Plan/HP_Advanced Search - Gender" classname="Test Cases/Search by Health Plan/HP_Advanced Search - Gender" status="FAILED">
         <failure type="FAILED" message="Unable to click on object 'Object Repository/Page_PNDS (5)/button_Advanced Search' (Root cause: org.openqa.selenium.ElementClickInterceptedException: Element &lt;button id=&quot;showAdvanced&quot; class=&quot;btn btn-info btn-fill btn-wd&quot; type=&quot;button&quot;> is not clickable at point (382,360.683349609375) because another element &lt;div id=&quot;loadingModal&quot; class=&quot;modal fade in&quot;> obscures it
Build info: version: '3.7.1', revision: '8a0099a', time: '2017-11-06T21:07:36.161Z'
System info: host: 'DESKTOP-VC1MT75', ip: '192.168.0.169', os.name: 'Windows 10', os.arch: 'amd64', os.version: '10.0', java.version: '1.8.0_102'
Driver info: com.kms.katalon.core.webui.driver.firefox.CGeckoDriver
Capabilities {acceptInsecureCerts: true, browserName: firefox, browserVersion: 59.0.2, javascriptEnabled: true, moz:accessibilityChecks: false, moz:headless: true, moz:processID: 5132, moz:profile: C:\Users\shawn\AppData\Loca..., moz:useNonSpecCompliantPointerOrigin: false, moz:webdriverClick: true, pageLoadStrategy: normal, platform: XP, platformName: XP, platformVersion: 10.0, proxy: Proxy(direct), rotatable: false, timeouts: {implicit: 0, pageLoad: 300000, script: 30000}}
Session ID: 66aec93e-c65d-45e5-9d0e-bfef2789cea8)"/>
         <system-out><![CDATA[2018-04-18 11:03:53 - [TEST_CASE][FAILED] - Test Cases/Search by Health Plan/HP_Advanced Search - Gender: Test Cases/Search by Health Plan/HP_Advanced Search - Gender FAILED because (of) Unable to click on object 'Object Repository/Page_PNDS (5)/button_Advanced Search' (Root cause: org.openqa.selenium.ElementClickInterceptedException: Element <button id="showAdvanced" class="btn btn-info btn-fill btn-wd" type="button"> is not clickable at point (382,360.683349609375) because another element <div id="loadingModal" class="modal fade in"> obscures it
Build info: version: '3.7.1', revision: '8a0099a', time: '2017-11-06T21:07:36.161Z'
System info: host: 'DESKTOP-VC1MT75', ip: '192.168.0.169', os.name: 'Windows 10', os.arch: 'amd64', os.version: '10.0', java.version: '1.8.0_102'
Driver info: com.kms.katalon.core.webui.driver.firefox.CGeckoDriver
Capabilities {acceptInsecureCerts: true, browserName: firefox, browserVersion: 59.0.2, javascriptEnabled: true, moz:accessibilityChecks: false, moz:headless: true, moz:processID: 5132, moz:profile: C:\Users\shawn\AppData\Loca..., moz:useNonSpecCompliantPointerOrigin: false, moz:webdriverClick: true, pageLoadStrategy: normal, platform: XP, platformName: XP, platformVersion: 10.0, proxy: Proxy(direct), rotatable: false, timeouts: {implicit: 0, pageLoad: 300000, script: 30000}}
Session ID: 66aec93e-c65d-45e5-9d0e-bfef2789cea8)

2018-04-18 11:03:54 - [TEST_STEP][PASSED] - openBrowser: Browser is opened with url: ''

2018-04-18 11:04:03 - [MESSAGE][PASSED] - Browser is opened with url: ''

2018-04-18 11:04:03 - [TEST_STEP][PASSED] - navigateToUrl: Navigate to 'https://pndslookup-prod.ipro.org/' successfully

2018-04-18 11:04:05 - [MESSAGE][PASSED] - Navigate to 'https://pndslookup-prod.ipro.org/' successfully

2018-04-18 11:04:05 - [TEST_STEP][PASSED] - click: Object: 'Object Repository/Page_PNDS (5)/a_Search by Health Plan' is clicked on

2018-04-18 11:04:06 - [MESSAGE][PASSED] - Object: 'Object Repository/Page_PNDS (5)/a_Search by Health Plan' is clicked on

2018-04-18 11:04:06 - [TEST_STEP][PASSED] - selectOptionByValue: All options with value '0001' are selected in object 'Object Repository/Page_PNDS (5)/select_--- Choose one ---Aetna'  using regular expression

2018-04-18 11:04:09 - [MESSAGE][PASSED] - All options with value '0001' are selected in object 'Object Repository/Page_PNDS (5)/select_--- Choose one ---Aetna'  using regular expression

2018-04-18 11:04:09 - [TEST_STEP][PASSED] - click: Object: 'Object Repository/Page_PNDS (5)/button_Advanced Search' is clicked on

2018-04-18 11:04:09 - [MESSAGE][PASSED] - Object: 'Object Repository/Page_PNDS (5)/button_Advanced Search' is clicked on

2018-04-18 11:04:09 - [TEST_STEP][PASSED] - click: Object: 'Object Repository/Page_PNDS (5)/span_second-icon fa fa-dot-cir' is clicked on

2018-04-18 11:04:09 - [MESSAGE][PASSED] - Object: 'Object Repository/Page_PNDS (5)/span_second-icon fa fa-dot-cir' is clicked on

2018-04-18 11:04:09 - [TEST_STEP][PASSED] - click: Object: 'Object Repository/Page_PNDS (5)/button_Search' is clicked on

2018-04-18 11:04:14 - [MESSAGE][PASSED] - Object: 'Object Repository/Page_PNDS (5)/button_Search' is clicked on

2018-04-18 11:04:14 - [TEST_STEP][FAILED] - click: Unable to click on object 'Object Repository/Page_PNDS (5)/button_Advanced Search' (Root cause: org.openqa.selenium.ElementClickInterceptedException: Element <button id="showAdvanced" class="btn btn-info btn-fill btn-wd" type="button"> is not clickable at point (382,360.683349609375) because another element <div id="loadingModal" class="modal fade in"> obscures it
Build info: version: '3.7.1', revision: '8a0099a', time: '2017-11-06T21:07:36.161Z'
System info: host: 'DESKTOP-VC1MT75', ip: '192.168.0.169', os.name: 'Windows 10', os.arch: 'amd64', os.version: '10.0', java.version: '1.8.0_102'
Driver info: com.kms.katalon.core.webui.driver.firefox.CGeckoDriver
Capabilities {acceptInsecureCerts: true, browserName: firefox, browserVersion: 59.0.2, javascriptEnabled: true, moz:accessibilityChecks: false, moz:headless: true, moz:processID: 5132, moz:profile: C:\Users\shawn\AppData\Loca..., moz:useNonSpecCompliantPointerOrigin: false, moz:webdriverClick: true, pageLoadStrategy: normal, platform: XP, platformName: XP, platformVersion: 10.0, proxy: Proxy(direct), rotatable: false, timeouts: {implicit: 0, pageLoad: 300000, script: 30000}}
Session ID: 66aec93e-c65d-45e5-9d0e-bfef2789cea8)

2018-04-18 11:04:15 - [MESSAGE][FAILED] - Unable to click on object 'Object Repository/Page_PNDS (5)/button_Advanced Search' (Root cause: org.openqa.selenium.ElementClickInterceptedException: Element <button id="showAdvanced" class="btn btn-info btn-fill btn-wd" type="button"> is not clickable at point (382,360.683349609375) because another element <div id="loadingModal" class="modal fade in"> obscures it
Build info: version: '3.7.1', revision: '8a0099a', time: '2017-11-06T21:07:36.161Z'
System info: host: 'DESKTOP-VC1MT75', ip: '192.168.0.169', os.name: 'Windows 10', os.arch: 'amd64', os.version: '10.0', java.version: '1.8.0_102'
Driver info: com.kms.katalon.core.webui.driver.firefox.CGeckoDriver
Capabilities {acceptInsecureCerts: true, browserName: firefox, browserVersion: 59.0.2, javascriptEnabled: true, moz:accessibilityChecks: false, moz:headless: true, moz:processID: 5132, moz:profile: C:\Users\shawn\AppData\Loca..., moz:useNonSpecCompliantPointerOrigin: false, moz:webdriverClick: true, pageLoadStrategy: normal, platform: XP, platformName: XP, platformVersion: 10.0, proxy: Proxy(direct), rotatable: false, timeouts: {implicit: 0, pageLoad: 300000, script: 30000}}
Session ID: 66aec93e-c65d-45e5-9d0e-bfef2789cea8)
[[ATTACHMENT|C:\\Users\\shawn\\Katalon Studio\\PNDS\\Reports\\Search by Health Plan\\20180418_110349\\1524063855090.png]]]]></system-out>
         <system-err><![CDATA[2018-04-18 11:03:53 - [TEST_CASE][FAILED] - Test Cases/Search by Health Plan/HP_Advanced Search - Gender: Test Cases/Search by Health Plan/HP_Advanced Search - Gender FAILED because (of) Unable to click on object 'Object Repository/Page_PNDS (5)/button_Advanced Search' (Root cause: org.openqa.selenium.ElementClickInterceptedException: Element <button id="showAdvanced" class="btn btn-info btn-fill btn-wd" type="button"> is not clickable at point (382,360.683349609375) because another element <div id="loadingModal" class="modal fade in"> obscures it
Build info: version: '3.7.1', revision: '8a0099a', time: '2017-11-06T21:07:36.161Z'
System info: host: 'DESKTOP-VC1MT75', ip: '192.168.0.169', os.name: 'Windows 10', os.arch: 'amd64', os.version: '10.0', java.version: '1.8.0_102'
Driver info: com.kms.katalon.core.webui.driver.firefox.CGeckoDriver
Capabilities {acceptInsecureCerts: true, browserName: firefox, browserVersion: 59.0.2, javascriptEnabled: true, moz:accessibilityChecks: false, moz:headless: true, moz:processID: 5132, moz:profile: C:\Users\shawn\AppData\Loca..., moz:useNonSpecCompliantPointerOrigin: false, moz:webdriverClick: true, pageLoadStrategy: normal, platform: XP, platformName: XP, platformVersion: 10.0, proxy: Proxy(direct), rotatable: false, timeouts: {implicit: 0, pageLoad: 300000, script: 30000}}
Session ID: 66aec93e-c65d-45e5-9d0e-bfef2789cea8)]]></system-err>
      </testcase>
      <testcase name="Test Cases/Search by Health Plan/HP_Advanced Search - Language" classname="Test Cases/Search by Health Plan/HP_Advanced Search - Language" status="FAILED">
         <failure type="FAILED" message="Unable to click on object 'Object Repository/Page_PNDS (6)/button_Advanced Search' (Root cause: org.openqa.selenium.ElementClickInterceptedException: Element &lt;button id=&quot;showAdvanced&quot; class=&quot;btn btn-info btn-fill btn-wd&quot; type=&quot;button&quot;> is not clickable at point (382,360.683349609375) because another element &lt;div id=&quot;loadingModal&quot; class=&quot;modal fade in&quot;> obscures it
Build info: version: '3.7.1', revision: '8a0099a', time: '2017-11-06T21:07:36.161Z'
System info: host: 'DESKTOP-VC1MT75', ip: '192.168.0.169', os.name: 'Windows 10', os.arch: 'amd64', os.version: '10.0', java.version: '1.8.0_102'
Driver info: com.kms.katalon.core.webui.driver.firefox.CGeckoDriver
Capabilities {acceptInsecureCerts: true, browserName: firefox, browserVersion: 59.0.2, javascriptEnabled: true, moz:accessibilityChecks: false, moz:headless: true, moz:processID: 16268, moz:profile: C:\Users\shawn\AppData\Loca..., moz:useNonSpecCompliantPointerOrigin: false, moz:webdriverClick: true, pageLoadStrategy: normal, platform: XP, platformName: XP, platformVersion: 10.0, proxy: Proxy(direct), rotatable: false, timeouts: {implicit: 0, pageLoad: 300000, script: 30000}}
Session ID: 3f0900df-bc48-48ac-b332-9f2805d1f835)"/>
         <system-out><![CDATA[2018-04-18 11:04:15 - [TEST_CASE][FAILED] - Test Cases/Search by Health Plan/HP_Advanced Search - Language: Test Cases/Search by Health Plan/HP_Advanced Search - Language FAILED because (of) Unable to click on object 'Object Repository/Page_PNDS (6)/button_Advanced Search' (Root cause: org.openqa.selenium.ElementClickInterceptedException: Element <button id="showAdvanced" class="btn btn-info btn-fill btn-wd" type="button"> is not clickable at point (382,360.683349609375) because another element <div id="loadingModal" class="modal fade in"> obscures it
Build info: version: '3.7.1', revision: '8a0099a', time: '2017-11-06T21:07:36.161Z'
System info: host: 'DESKTOP-VC1MT75', ip: '192.168.0.169', os.name: 'Windows 10', os.arch: 'amd64', os.version: '10.0', java.version: '1.8.0_102'
Driver info: com.kms.katalon.core.webui.driver.firefox.CGeckoDriver
Capabilities {acceptInsecureCerts: true, browserName: firefox, browserVersion: 59.0.2, javascriptEnabled: true, moz:accessibilityChecks: false, moz:headless: true, moz:processID: 16268, moz:profile: C:\Users\shawn\AppData\Loca..., moz:useNonSpecCompliantPointerOrigin: false, moz:webdriverClick: true, pageLoadStrategy: normal, platform: XP, platformName: XP, platformVersion: 10.0, proxy: Proxy(direct), rotatable: false, timeouts: {implicit: 0, pageLoad: 300000, script: 30000}}
Session ID: 3f0900df-bc48-48ac-b332-9f2805d1f835)

2018-04-18 11:04:15 - [TEST_STEP][PASSED] - openBrowser: Browser is opened with url: ''

2018-04-18 11:04:15 - [MESSAGE][WARNING] - A browser is already opened. Closing browser and opening a new one

2018-04-18 11:04:20 - [MESSAGE][PASSED] - Browser is opened with url: ''

2018-04-18 11:04:20 - [TEST_STEP][PASSED] - navigateToUrl: Navigate to 'https://pndslookup-prod.ipro.org/' successfully

2018-04-18 11:04:21 - [MESSAGE][PASSED] - Navigate to 'https://pndslookup-prod.ipro.org/' successfully

2018-04-18 11:04:21 - [TEST_STEP][PASSED] - click: Object: 'Object Repository/Page_PNDS (6)/a_Search by Health Plan' is clicked on

2018-04-18 11:04:21 - [MESSAGE][PASSED] - Object: 'Object Repository/Page_PNDS (6)/a_Search by Health Plan' is clicked on

2018-04-18 11:04:21 - [TEST_STEP][PASSED] - selectOptionByValue: All options with value '0001' are selected in object 'Object Repository/Page_PNDS (6)/select_--- Choose one ---Aetna'  using regular expression

2018-04-18 11:04:24 - [MESSAGE][PASSED] - All options with value '0001' are selected in object 'Object Repository/Page_PNDS (6)/select_--- Choose one ---Aetna'  using regular expression

2018-04-18 11:04:24 - [TEST_STEP][PASSED] - click: Object: 'Object Repository/Page_PNDS (6)/button_Advanced Search' is clicked on

2018-04-18 11:04:24 - [MESSAGE][PASSED] - Object: 'Object Repository/Page_PNDS (6)/button_Advanced Search' is clicked on

2018-04-18 11:04:24 - [TEST_STEP][PASSED] - selectOptionByValue: All options with value 'SPA' are selected in object 'Object Repository/Page_PNDS (6)/select_EnglishArabicBengaliBan'  using regular expression

2018-04-18 11:04:27 - [MESSAGE][PASSED] - All options with value 'SPA' are selected in object 'Object Repository/Page_PNDS (6)/select_EnglishArabicBengaliBan'  using regular expression

2018-04-18 11:04:27 - [TEST_STEP][PASSED] - click: Object: 'Object Repository/Page_PNDS (6)/button_Search' is clicked on

2018-04-18 11:04:32 - [MESSAGE][PASSED] - Object: 'Object Repository/Page_PNDS (6)/button_Search' is clicked on

2018-04-18 11:04:32 - [TEST_STEP][FAILED] - click: Unable to click on object 'Object Repository/Page_PNDS (6)/button_Advanced Search' (Root cause: org.openqa.selenium.ElementClickInterceptedException: Element <button id="showAdvanced" class="btn btn-info btn-fill btn-wd" type="button"> is not clickable at point (382,360.683349609375) because another element <div id="loadingModal" class="modal fade in"> obscures it
Build info: version: '3.7.1', revision: '8a0099a', time: '2017-11-06T21:07:36.161Z'
System info: host: 'DESKTOP-VC1MT75', ip: '192.168.0.169', os.name: 'Windows 10', os.arch: 'amd64', os.version: '10.0', java.version: '1.8.0_102'
Driver info: com.kms.katalon.core.webui.driver.firefox.CGeckoDriver
Capabilities {acceptInsecureCerts: true, browserName: firefox, browserVersion: 59.0.2, javascriptEnabled: true, moz:accessibilityChecks: false, moz:headless: true, moz:processID: 16268, moz:profile: C:\Users\shawn\AppData\Loca..., moz:useNonSpecCompliantPointerOrigin: false, moz:webdriverClick: true, pageLoadStrategy: normal, platform: XP, platformName: XP, platformVersion: 10.0, proxy: Proxy(direct), rotatable: false, timeouts: {implicit: 0, pageLoad: 300000, script: 30000}}
Session ID: 3f0900df-bc48-48ac-b332-9f2805d1f835)

2018-04-18 11:04:32 - [MESSAGE][FAILED] - Unable to click on object 'Object Repository/Page_PNDS (6)/button_Advanced Search' (Root cause: org.openqa.selenium.ElementClickInterceptedException: Element <button id="showAdvanced" class="btn btn-info btn-fill btn-wd" type="button"> is not clickable at point (382,360.683349609375) because another element <div id="loadingModal" class="modal fade in"> obscures it
Build info: version: '3.7.1', revision: '8a0099a', time: '2017-11-06T21:07:36.161Z'
System info: host: 'DESKTOP-VC1MT75', ip: '192.168.0.169', os.name: 'Windows 10', os.arch: 'amd64', os.version: '10.0', java.version: '1.8.0_102'
Driver info: com.kms.katalon.core.webui.driver.firefox.CGeckoDriver
Capabilities {acceptInsecureCerts: true, browserName: firefox, browserVersion: 59.0.2, javascriptEnabled: true, moz:accessibilityChecks: false, moz:headless: true, moz:processID: 16268, moz:profile: C:\Users\shawn\AppData\Loca..., moz:useNonSpecCompliantPointerOrigin: false, moz:webdriverClick: true, pageLoadStrategy: normal, platform: XP, platformName: XP, platformVersion: 10.0, proxy: Proxy(direct), rotatable: false, timeouts: {implicit: 0, pageLoad: 300000, script: 30000}}
Session ID: 3f0900df-bc48-48ac-b332-9f2805d1f835)
[[ATTACHMENT|C:\\Users\\shawn\\Katalon Studio\\PNDS\\Reports\\Search by Health Plan\\20180418_110349\\1524063872524.png]]]]></system-out>
         <system-err><![CDATA[2018-04-18 11:04:15 - [TEST_CASE][FAILED] - Test Cases/Search by Health Plan/HP_Advanced Search - Language: Test Cases/Search by Health Plan/HP_Advanced Search - Language FAILED because (of) Unable to click on object 'Object Repository/Page_PNDS (6)/button_Advanced Search' (Root cause: org.openqa.selenium.ElementClickInterceptedException: Element <button id="showAdvanced" class="btn btn-info btn-fill btn-wd" type="button"> is not clickable at point (382,360.683349609375) because another element <div id="loadingModal" class="modal fade in"> obscures it
Build info: version: '3.7.1', revision: '8a0099a', time: '2017-11-06T21:07:36.161Z'
System info: host: 'DESKTOP-VC1MT75', ip: '192.168.0.169', os.name: 'Windows 10', os.arch: 'amd64', os.version: '10.0', java.version: '1.8.0_102'
Driver info: com.kms.katalon.core.webui.driver.firefox.CGeckoDriver
Capabilities {acceptInsecureCerts: true, browserName: firefox, browserVersion: 59.0.2, javascriptEnabled: true, moz:accessibilityChecks: false, moz:headless: true, moz:processID: 16268, moz:profile: C:\Users\shawn\AppData\Loca..., moz:useNonSpecCompliantPointerOrigin: false, moz:webdriverClick: true, pageLoadStrategy: normal, platform: XP, platformName: XP, platformVersion: 10.0, proxy: Proxy(direct), rotatable: false, timeouts: {implicit: 0, pageLoad: 300000, script: 30000}}
Session ID: 3f0900df-bc48-48ac-b332-9f2805d1f835)]]></system-err>
      </testcase>
      <testcase name="Test Cases/Search by Health Plan/HP_Advanced Search - Wheelchair" classname="Test Cases/Search by Health Plan/HP_Advanced Search - Wheelchair" status="PASSED">
         <system-out><![CDATA[2018-04-18 11:04:32 - [TEST_CASE][PASSED] - Test Cases/Search by Health Plan/HP_Advanced Search - Wheelchair: Test Cases/Search by Health Plan/HP_Advanced Search - Wheelchair

2018-04-18 11:04:32 - [TEST_STEP][PASSED] - openBrowser: Browser is opened with url: ''

2018-04-18 11:04:32 - [MESSAGE][WARNING] - A browser is already opened. Closing browser and opening a new one

2018-04-18 11:04:36 - [MESSAGE][PASSED] - Browser is opened with url: ''

2018-04-18 11:04:36 - [TEST_STEP][PASSED] - navigateToUrl: Navigate to 'https://pndslookup-prod.ipro.org/' successfully

2018-04-18 11:04:37 - [MESSAGE][PASSED] - Navigate to 'https://pndslookup-prod.ipro.org/' successfully

2018-04-18 11:04:37 - [TEST_STEP][PASSED] - click: Object: 'Object Repository/Page_PNDS (4)/a_Search by Health Plan' is clicked on

2018-04-18 11:04:37 - [MESSAGE][PASSED] - Object: 'Object Repository/Page_PNDS (4)/a_Search by Health Plan' is clicked on

2018-04-18 11:04:37 - [TEST_STEP][PASSED] - selectOptionByValue: All options with value '0001' are selected in object 'Object Repository/Page_PNDS (4)/select_--- Choose one ---Aetna'  using regular expression

2018-04-18 11:04:39 - [MESSAGE][PASSED] - All options with value '0001' are selected in object 'Object Repository/Page_PNDS (4)/select_--- Choose one ---Aetna'  using regular expression

2018-04-18 11:04:39 - [TEST_STEP][PASSED] - click: Object: 'Object Repository/Page_PNDS (4)/button_Advanced Search' is clicked on

2018-04-18 11:04:40 - [MESSAGE][PASSED] - Object: 'Object Repository/Page_PNDS (4)/button_Advanced Search' is clicked on

2018-04-18 11:04:40 - [TEST_STEP][PASSED] - click: Object: 'Object Repository/Page_PNDS (4)/span_second-icon fa fa-check-s' is clicked on

2018-04-18 11:04:40 - [MESSAGE][PASSED] - Object: 'Object Repository/Page_PNDS (4)/span_second-icon fa fa-check-s' is clicked on

2018-04-18 11:04:40 - [TEST_STEP][PASSED] - click: Object: 'Object Repository/Page_PNDS (4)/button_Search' is clicked on

2018-04-18 11:04:45 - [MESSAGE][PASSED] - Object: 'Object Repository/Page_PNDS (4)/button_Search' is clicked on

2018-04-18 11:04:45 - [TEST_STEP][PASSED] - closeBrowser: Browser is closed

2018-04-18 11:04:45 - [MESSAGE][PASSED] - Browser is closed]]></system-out>
         <system-err><![CDATA[]]></system-err>
      </testcase>
      <testcase name="Test Cases/Search by Health Plan/HP_Facilities Only" classname="Test Cases/Search by Health Plan/HP_Facilities Only" status="PASSED">
         <system-out><![CDATA[2018-04-18 11:04:45 - [TEST_CASE][PASSED] - Test Cases/Search by Health Plan/HP_Facilities Only: Test Cases/Search by Health Plan/HP_Facilities Only

2018-04-18 11:04:46 - [TEST_STEP][PASSED] - openBrowser: Browser is opened with url: ''

2018-04-18 11:04:50 - [MESSAGE][PASSED] - Browser is opened with url: ''

2018-04-18 11:04:50 - [TEST_STEP][PASSED] - navigateToUrl: Navigate to 'https://pndslookup-prod.ipro.org/' successfully

2018-04-18 11:04:51 - [MESSAGE][PASSED] - Navigate to 'https://pndslookup-prod.ipro.org/' successfully

2018-04-18 11:04:51 - [TEST_STEP][PASSED] - click: Object: 'Object Repository/Page_PNDS (1)/a_Search by Health Plan' is clicked on

2018-04-18 11:04:51 - [MESSAGE][PASSED] - Object: 'Object Repository/Page_PNDS (1)/a_Search by Health Plan' is clicked on

2018-04-18 11:04:51 - [TEST_STEP][PASSED] - selectOptionByValue: All options with value '0001' are selected in object 'Object Repository/Page_PNDS (1)/select_--- Choose one ---Aetna'  using regular expression

2018-04-18 11:04:53 - [MESSAGE][PASSED] - All options with value '0001' are selected in object 'Object Repository/Page_PNDS (1)/select_--- Choose one ---Aetna'  using regular expression

2018-04-18 11:04:53 - [TEST_STEP][PASSED] - click: Object: 'Object Repository/Page_PNDS (1)/span_second-icon fa fa-check-s' is clicked on

2018-04-18 11:04:53 - [MESSAGE][PASSED] - Object: 'Object Repository/Page_PNDS (1)/span_second-icon fa fa-check-s' is clicked on

2018-04-18 11:04:53 - [TEST_STEP][PASSED] - click: Object: 'Object Repository/Page_PNDS (1)/button_Search' is clicked on

2018-04-18 11:04:58 - [MESSAGE][PASSED] - Object: 'Object Repository/Page_PNDS (1)/button_Search' is clicked on

2018-04-18 11:04:58 - [TEST_STEP][PASSED] - closeBrowser: Browser is closed

2018-04-18 11:04:59 - [MESSAGE][PASSED] - Browser is closed]]></system-out>
         <system-err><![CDATA[]]></system-err>
      </testcase>
      <testcase name="Test Cases/Search by Health Plan/HP_Providers Only" classname="Test Cases/Search by Health Plan/HP_Providers Only" status="PASSED">
         <system-out><![CDATA[2018-04-18 11:04:59 - [TEST_CASE][PASSED] - Test Cases/Search by Health Plan/HP_Providers Only: Test Cases/Search by Health Plan/HP_Providers Only

2018-04-18 11:04:59 - [TEST_STEP][PASSED] - openBrowser: Browser is opened with url: ''

2018-04-18 11:05:02 - [MESSAGE][PASSED] - Browser is opened with url: ''

2018-04-18 11:05:02 - [TEST_STEP][PASSED] - navigateToUrl: Navigate to 'https://pndslookup-prod.ipro.org/' successfully

2018-04-18 11:05:03 - [MESSAGE][PASSED] - Navigate to 'https://pndslookup-prod.ipro.org/' successfully

2018-04-18 11:05:03 - [TEST_STEP][PASSED] - click: Object: 'Object Repository/Page_PNDS (2)/a_Search by Health Plan' is clicked on

2018-04-18 11:05:03 - [MESSAGE][PASSED] - Object: 'Object Repository/Page_PNDS (2)/a_Search by Health Plan' is clicked on

2018-04-18 11:05:03 - [TEST_STEP][PASSED] - selectOptionByValue: All options with value '0001' are selected in object 'Object Repository/Page_PNDS (2)/select_--- Choose one ---Aetna'  using regular expression

2018-04-18 11:05:06 - [MESSAGE][PASSED] - All options with value '0001' are selected in object 'Object Repository/Page_PNDS (2)/select_--- Choose one ---Aetna'  using regular expression

2018-04-18 11:05:06 - [TEST_STEP][PASSED] - click: Object: 'Object Repository/Page_PNDS (2)/span_second-icon fa fa-check-s' is clicked on

2018-04-18 11:05:06 - [MESSAGE][PASSED] - Object: 'Object Repository/Page_PNDS (2)/span_second-icon fa fa-check-s' is clicked on

2018-04-18 11:05:06 - [TEST_STEP][PASSED] - click: Object: 'Object Repository/Page_PNDS (2)/button_Search' is clicked on

2018-04-18 11:05:11 - [MESSAGE][PASSED] - Object: 'Object Repository/Page_PNDS (2)/button_Search' is clicked on

2018-04-18 11:05:11 - [TEST_STEP][PASSED] - closeBrowser: Browser is closed

2018-04-18 11:05:11 - [MESSAGE][PASSED] - Browser is closed]]></system-out>
         <system-err><![CDATA[]]></system-err>
      </testcase>
      <testcase name="Test Cases/Search by Health Plan/HP_Search by Health Plan name" classname="Test Cases/Search by Health Plan/HP_Search by Health Plan name" status="PASSED">
         <system-out><![CDATA[2018-04-18 11:05:11 - [TEST_CASE][PASSED] - Test Cases/Search by Health Plan/HP_Search by Health Plan name: Test Cases/Search by Health Plan/HP_Search by Health Plan name

2018-04-18 11:05:11 - [TEST_STEP][PASSED] - openBrowser: Browser is opened with url: ''

2018-04-18 11:05:15 - [MESSAGE][PASSED] - Browser is opened with url: ''

2018-04-18 11:05:15 - [TEST_STEP][PASSED] - navigateToUrl: Navigate to 'https://pndslookup-prod.ipro.org/' successfully

2018-04-18 11:05:16 - [MESSAGE][PASSED] - Navigate to 'https://pndslookup-prod.ipro.org/' successfully

2018-04-18 11:05:16 - [TEST_STEP][PASSED] - click: Object: 'Object Repository/Page_PNDS/a_Search by Health Plan' is clicked on

2018-04-18 11:05:16 - [MESSAGE][PASSED] - Object: 'Object Repository/Page_PNDS/a_Search by Health Plan' is clicked on

2018-04-18 11:05:16 - [TEST_STEP][PASSED] - selectOptionByValue: All options with value '0001' are selected in object 'Object Repository/Page_PNDS/select_--- Choose one ---Aetna'  using regular expression

2018-04-18 11:05:18 - [MESSAGE][PASSED] - All options with value '0001' are selected in object 'Object Repository/Page_PNDS/select_--- Choose one ---Aetna'  using regular expression

2018-04-18 11:05:18 - [TEST_STEP][PASSED] - click: Object: 'Object Repository/Page_PNDS/button_Search' is clicked on

2018-04-18 11:05:19 - [MESSAGE][PASSED] - Object: 'Object Repository/Page_PNDS/button_Search' is clicked on

2018-04-18 11:05:19 - [TEST_STEP][PASSED] - closeBrowser: Browser is closed

2018-04-18 11:05:19 - [MESSAGE][PASSED] - Browser is closed]]></system-out>
         <system-err><![CDATA[]]></system-err>
      </testcase>
      <testcase name="Test Cases/Search by Health Plan/HP_Zip code and Radius" classname="Test Cases/Search by Health Plan/HP_Zip code and Radius" status="PASSED">
         <system-out><![CDATA[2018-04-18 11:05:19 - [TEST_CASE][PASSED] - Test Cases/Search by Health Plan/HP_Zip code and Radius: Test Cases/Search by Health Plan/HP_Zip code and Radius

2018-04-18 11:05:19 - [TEST_STEP][PASSED] - openBrowser: Browser is opened with url: ''

2018-04-18 11:05:22 - [MESSAGE][PASSED] - Browser is opened with url: ''

2018-04-18 11:05:22 - [TEST_STEP][PASSED] - navigateToUrl: Navigate to 'https://pndslookup-prod.ipro.org/' successfully

2018-04-18 11:05:23 - [MESSAGE][PASSED] - Navigate to 'https://pndslookup-prod.ipro.org/' successfully

2018-04-18 11:05:23 - [TEST_STEP][PASSED] - click: Object: 'Object Repository/Page_PNDS (3)/a_Search by Health Plan' is clicked on

2018-04-18 11:05:23 - [MESSAGE][PASSED] - Object: 'Object Repository/Page_PNDS (3)/a_Search by Health Plan' is clicked on

2018-04-18 11:05:23 - [TEST_STEP][PASSED] - selectOptionByValue: All options with value '0001' are selected in object 'Object Repository/Page_PNDS (7)/select_--- Choose one ---Aetna'  using regular expression

2018-04-18 11:05:25 - [MESSAGE][PASSED] - All options with value '0001' are selected in object 'Object Repository/Page_PNDS (7)/select_--- Choose one ---Aetna'  using regular expression

2018-04-18 11:05:25 - [TEST_STEP][PASSED] - setText: Text '10010' is set on object 'Object Repository/Page_PNDS (3)/input_data0Practicezip_code'

2018-04-18 11:05:25 - [MESSAGE][PASSED] - Text '10010' is set on object 'Object Repository/Page_PNDS (3)/input_data0Practicezip_code'

2018-04-18 11:05:25 - [TEST_STEP][PASSED] - click: Object: 'Object Repository/Page_PNDS (3)/label_within' is clicked on

2018-04-18 11:05:26 - [MESSAGE][PASSED] - Object: 'Object Repository/Page_PNDS (3)/label_within' is clicked on

2018-04-18 11:05:26 - [TEST_STEP][PASSED] - setText: Text '1' is set on object 'Object Repository/Page_PNDS (3)/input_data0Practiceradius'

2018-04-18 11:05:26 - [MESSAGE][PASSED] - Text '1' is set on object 'Object Repository/Page_PNDS (3)/input_data0Practiceradius'

2018-04-18 11:05:26 - [TEST_STEP][PASSED] - click: Object: 'Object Repository/Page_PNDS (7)/button_Search' is clicked on

2018-04-18 11:05:31 - [MESSAGE][PASSED] - Object: 'Object Repository/Page_PNDS (7)/button_Search' is clicked on

2018-04-18 11:05:31 - [TEST_STEP][PASSED] - closeBrowser: Browser is closed

2018-04-18 11:05:31 - [MESSAGE][PASSED] - Browser is closed]]></system-out>
         <system-err><![CDATA[]]></system-err>
      </testcase>
      <system-out><![CDATA[2018-04-18 11:03:52 - [TEST_SUITE][FAILED] - Search by Health Plan: Test Cases/Search by Health Plan/HP_Advanced Search - Gender FAILED because (of) Unable to click on object 'Object Repository/Page_PNDS (5)/button_Advanced Search' (Root cause: org.openqa.selenium.ElementClickInterceptedException: Element <button id="showAdvanced" class="btn btn-info btn-fill btn-wd" type="button"> is not clickable at point (382,360.683349609375) because another element <div id="loadingModal" class="modal fade in"> obscures it
Build info: version: '3.7.1', revision: '8a0099a', time: '2017-11-06T21:07:36.161Z'
System info: host: 'DESKTOP-VC1MT75', ip: '192.168.0.169', os.name: 'Windows 10', os.arch: 'amd64', os.version: '10.0', java.version: '1.8.0_102'
Driver info: com.kms.katalon.core.webui.driver.firefox.CGeckoDriver
Capabilities {acceptInsecureCerts: true, browserName: firefox, browserVersion: 59.0.2, javascriptEnabled: true, moz:accessibilityChecks: false, moz:headless: true, moz:processID: 5132, moz:profile: C:\Users\shawn\AppData\Loca..., moz:useNonSpecCompliantPointerOrigin: false, moz:webdriverClick: true, pageLoadStrategy: normal, platform: XP, platformName: XP, platformVersion: 10.0, proxy: Proxy(direct), rotatable: false, timeouts: {implicit: 0, pageLoad: 300000, script: 30000}}
Session ID: 66aec93e-c65d-45e5-9d0e-bfef2789cea8)]]></system-out>
      <system-err><![CDATA[2018-04-18 11:03:52 - [TEST_SUITE][FAILED] - Search by Health Plan: Test Cases/Search by Health Plan/HP_Advanced Search - Gender FAILED because (of) Unable to click on object 'Object Repository/Page_PNDS (5)/button_Advanced Search' (Root cause: org.openqa.selenium.ElementClickInterceptedException: Element <button id="showAdvanced" class="btn btn-info btn-fill btn-wd" type="button"> is not clickable at point (382,360.683349609375) because another element <div id="loadingModal" class="modal fade in"> obscures it
Build info: version: '3.7.1', revision: '8a0099a', time: '2017-11-06T21:07:36.161Z'
System info: host: 'DESKTOP-VC1MT75', ip: '192.168.0.169', os.name: 'Windows 10', os.arch: 'amd64', os.version: '10.0', java.version: '1.8.0_102'
Driver info: com.kms.katalon.core.webui.driver.firefox.CGeckoDriver
Capabilities {acceptInsecureCerts: true, browserName: firefox, browserVersion: 59.0.2, javascriptEnabled: true, moz:accessibilityChecks: false, moz:headless: true, moz:processID: 5132, moz:profile: C:\Users\shawn\AppData\Loca..., moz:useNonSpecCompliantPointerOrigin: false, moz:webdriverClick: true, pageLoadStrategy: normal, platform: XP, platformName: XP, platformVersion: 10.0, proxy: Proxy(direct), rotatable: false, timeouts: {implicit: 0, pageLoad: 300000, script: 30000}}
Session ID: 66aec93e-c65d-45e5-9d0e-bfef2789cea8)]]></system-err>
   </testsuite>
</testsuites>
