<?xml version="1.0" encoding="UTF-8"?>
<testsuites name="Health Plans and their Products" time="1014" tests="83" failures="1" errors="0">
   <testsuite name="Health Plans and their Products" tests="83" failures="1" errors="0" time="1014" timestamp="2018-04-17 09:23:28" hostname="shawn - DESKTOP-VC1MT75" id="Test Suites/Health Plans and their Products">
      <properties>
         <property name="deviceName" value=""/>
         <property name="devicePlatform" value=""/>
         <property name="logFolder" value="C:\\Users\\shawn\\Katalon Studio\\PNDS\\Reports\\Health Plans and their Products\\20180417_092326"/>
         <property name="logFiles" value="C:\\Users\\shawn\\Katalon Studio\\PNDS\\Reports\\Health Plans and their Products\\20180417_092326\\execution0.log"/>
         <property name="attachments" value="C:\\Users\\shawn\\Katalon Studio\\PNDS\\Reports\\Health Plans and their Products\\20180417_092326\\1523972422655.png"/>
         <property name="hostName" value="shawn - DESKTOP-VC1MT75"/>
         <property name="os" value="Windows 10 64bit"/>
         <property name="katalonVersion" value="5.3.1.1"/>
         <property name="browser" value="Firefox 59.0"/>
         <property name="hostAddress" value="192.168.254.184"/>
         <property name="sessionId" value="22f3de3a-2d4f-452f-855a-db271109e2b3"/>
         <property name="seleniumVersion" value="3.7.1"/>
         <property name="proxyInformation" value="ProxyInformation{proxyOption=NO_PROXY, proxyServerType=HTTP, password=, proxyServerAddress=, proxyServerPort=0}"/>
         <property name="platform" value="Windows 10"/>
      </properties>
      <testcase name="Test Cases/Health Plans and their Products/Aetna" classname="Test Cases/Health Plans and their Products/Aetna" status="PASSED">
         <system-out><![CDATA[2018-04-17 09:23:29 - [TEST_CASE][PASSED] - Test Cases/Health Plans and their Products/Aetna: Test Cases/Health Plans and their Products/Aetna

2018-04-17 09:23:29 - [TEST_STEP][PASSED] - openBrowser: Browser is opened with url: ''

2018-04-17 09:23:33 - [MESSAGE][PASSED] - Browser is opened with url: ''

2018-04-17 09:23:33 - [TEST_STEP][PASSED] - navigateToUrl: Navigate to 'http://dev.providerlookup.ipro.org/' successfully

2018-04-17 09:23:37 - [MESSAGE][PASSED] - Navigate to 'http://dev.providerlookup.ipro.org/' successfully

2018-04-17 09:23:37 - [TEST_STEP][PASSED] - click: Object: 'Object Repository/Plans and Products/Page_PNDS/a_Search by Health Plan' is clicked on

2018-04-17 09:23:38 - [MESSAGE][PASSED] - Object: 'Object Repository/Plans and Products/Page_PNDS/a_Search by Health Plan' is clicked on

2018-04-17 09:23:38 - [TEST_STEP][PASSED] - selectOptionByValue: All options with value '0001' are selected in object 'Object Repository/Plans and Products/Page_PNDS/select_--- Choose one ---Aetna'  using regular expression

2018-04-17 09:23:40 - [MESSAGE][PASSED] - All options with value '0001' are selected in object 'Object Repository/Plans and Products/Page_PNDS/select_--- Choose one ---Aetna'  using regular expression

2018-04-17 09:23:40 - [TEST_STEP][PASSED] - selectOptionByValue: All options with value 'fida' are selected in object 'Object Repository/Plans and Products/Page_PNDS/select_--- Choose One ---Aetna (1)'  using regular expression

2018-04-17 09:23:40 - [MESSAGE][PASSED] - All options with value 'fida' are selected in object 'Object Repository/Plans and Products/Page_PNDS/select_--- Choose One ---Aetna (1)'  using regular expression

2018-04-17 09:23:40 - [TEST_STEP][PASSED] - selectOptionByValue: All options with value 'partialcaps' are selected in object 'Object Repository/Plans and Products/Page_PNDS/select_--- Choose One ---Aetna (1)'  using regular expression

2018-04-17 09:23:41 - [MESSAGE][PASSED] - All options with value 'partialcaps' are selected in object 'Object Repository/Plans and Products/Page_PNDS/select_--- Choose One ---Aetna (1)'  using regular expression

2018-04-17 09:23:41 - [TEST_STEP][PASSED] - selectOptionByValue: All options with value 'nonmcovision' are selected in object 'Object Repository/Plans and Products/Page_PNDS/select_--- Choose One ---Aetna (1)'  using regular expression

2018-04-17 09:23:42 - [MESSAGE][PASSED] - All options with value 'nonmcovision' are selected in object 'Object Repository/Plans and Products/Page_PNDS/select_--- Choose One ---Aetna (1)'  using regular expression

2018-04-17 09:23:42 - [TEST_STEP][PASSED] - selectOptionByValue: All options with value 'nonmcomedical' are selected in object 'Object Repository/Plans and Products/Page_PNDS/select_--- Choose One ---Aetna (1)'  using regular expression

2018-04-17 09:23:42 - [MESSAGE][PASSED] - All options with value 'nonmcomedical' are selected in object 'Object Repository/Plans and Products/Page_PNDS/select_--- Choose One ---Aetna (1)'  using regular expression

2018-04-17 09:23:42 - [TEST_STEP][PASSED] - selectOptionByValue: All options with value 'nonmcomedical,skp_004' are selected in object 'Object Repository/Plans and Products/Page_PNDS/select_--- Choose One ---Aetna (1)'  using regular expression

2018-04-17 09:23:43 - [MESSAGE][PASSED] - All options with value 'nonmcomedical,skp_004' are selected in object 'Object Repository/Plans and Products/Page_PNDS/select_--- Choose One ---Aetna (1)'  using regular expression

2018-04-17 09:23:43 - [TEST_STEP][PASSED] - selectOptionByValue: All options with value 'nonmcomedical,skp_005' are selected in object 'Object Repository/Plans and Products/Page_PNDS/select_--- Choose One ---Aetna (1)'  using regular expression

2018-04-17 09:23:44 - [MESSAGE][PASSED] - All options with value 'nonmcomedical,skp_005' are selected in object 'Object Repository/Plans and Products/Page_PNDS/select_--- Choose One ---Aetna (1)'  using regular expression

2018-04-17 09:23:44 - [TEST_STEP][PASSED] - selectOptionByValue: All options with value 'nonmcodental' are selected in object 'Object Repository/Plans and Products/Page_PNDS/select_--- Choose One ---Aetna (1)'  using regular expression

2018-04-17 09:23:44 - [MESSAGE][PASSED] - All options with value 'nonmcodental' are selected in object 'Object Repository/Plans and Products/Page_PNDS/select_--- Choose One ---Aetna (1)'  using regular expression

2018-04-17 09:23:44 - [TEST_STEP][PASSED] - selectOptionByValue: All options with value 'nonmcodental,skp_007' are selected in object 'Object Repository/Plans and Products/Page_PNDS/select_--- Choose One ---Aetna (1)'  using regular expression

2018-04-17 09:23:45 - [MESSAGE][PASSED] - All options with value 'nonmcodental,skp_007' are selected in object 'Object Repository/Plans and Products/Page_PNDS/select_--- Choose One ---Aetna (1)'  using regular expression

2018-04-17 09:23:45 - [TEST_STEP][PASSED] - selectOptionByValue: All options with value 'nonmcomedical,skp_008' are selected in object 'Object Repository/Plans and Products/Page_PNDS/select_--- Choose One ---Aetna (1)'  using regular expression

2018-04-17 09:23:46 - [MESSAGE][PASSED] - All options with value 'nonmcomedical,skp_008' are selected in object 'Object Repository/Plans and Products/Page_PNDS/select_--- Choose One ---Aetna (1)'  using regular expression

2018-04-17 09:23:46 - [TEST_STEP][PASSED] - selectOptionByValue: All options with value 'nonmcomedical,skp_009' are selected in object 'Object Repository/Plans and Products/Page_PNDS/select_--- Choose One ---Aetna (1)'  using regular expression

2018-04-17 09:23:47 - [MESSAGE][PASSED] - All options with value 'nonmcomedical,skp_009' are selected in object 'Object Repository/Plans and Products/Page_PNDS/select_--- Choose One ---Aetna (1)'  using regular expression

2018-04-17 09:23:47 - [TEST_STEP][PASSED] - selectOptionByValue: All options with value 'nonmcomedical,skp_010' are selected in object 'Object Repository/Plans and Products/Page_PNDS/select_--- Choose One ---Aetna (1)'  using regular expression

2018-04-17 09:23:47 - [MESSAGE][PASSED] - All options with value 'nonmcomedical,skp_010' are selected in object 'Object Repository/Plans and Products/Page_PNDS/select_--- Choose One ---Aetna (1)'  using regular expression

2018-04-17 09:23:47 - [TEST_STEP][PASSED] - selectOptionByValue: All options with value 'nonmcomedical,skp_011' are selected in object 'Object Repository/Plans and Products/Page_PNDS/select_--- Choose One ---Aetna (1)'  using regular expression

2018-04-17 09:23:48 - [MESSAGE][PASSED] - All options with value 'nonmcomedical,skp_011' are selected in object 'Object Repository/Plans and Products/Page_PNDS/select_--- Choose One ---Aetna (1)'  using regular expression

2018-04-17 09:23:48 - [TEST_STEP][PASSED] - closeBrowser: Browser is closed

2018-04-17 09:23:48 - [MESSAGE][PASSED] - Browser is closed]]></system-out>
         <system-err><![CDATA[]]></system-err>
      </testcase>
      <testcase name="Test Cases/Health Plans and their Products/Affinity" classname="Test Cases/Health Plans and their Products/Affinity" status="PASSED">
         <system-out><![CDATA[2018-04-17 09:23:48 - [TEST_CASE][PASSED] - Test Cases/Health Plans and their Products/Affinity: Test Cases/Health Plans and their Products/Affinity

2018-04-17 09:23:49 - [TEST_STEP][PASSED] - openBrowser: Browser is opened with url: ''

2018-04-17 09:23:52 - [MESSAGE][PASSED] - Browser is opened with url: ''

2018-04-17 09:23:52 - [TEST_STEP][PASSED] - navigateToUrl: Navigate to 'http://dev.providerlookup.ipro.org/' successfully

2018-04-17 09:23:56 - [MESSAGE][PASSED] - Navigate to 'http://dev.providerlookup.ipro.org/' successfully

2018-04-17 09:23:56 - [TEST_STEP][PASSED] - click: Object: 'Object Repository/Plans and Products/Page_PNDS (1)/a_Search by Health Plan' is clicked on

2018-04-17 09:23:57 - [MESSAGE][PASSED] - Object: 'Object Repository/Plans and Products/Page_PNDS (1)/a_Search by Health Plan' is clicked on

2018-04-17 09:23:57 - [TEST_STEP][PASSED] - selectOptionByValue: All options with value '0006' are selected in object 'Object Repository/Plans and Products/Page_PNDS (1)/select_--- Choose one ---Aetna'  using regular expression

2018-04-17 09:23:58 - [MESSAGE][PASSED] - All options with value '0006' are selected in object 'Object Repository/Plans and Products/Page_PNDS (1)/select_--- Choose one ---Aetna'  using regular expression

2018-04-17 09:23:58 - [TEST_STEP][PASSED] - selectOptionByValue: All options with value 'chpprovider' are selected in object 'Object Repository/Plans and Products/Page_PNDS (1)/select_--- Choose One ---Affin'  using regular expression

2018-04-17 09:23:59 - [MESSAGE][PASSED] - All options with value 'chpprovider' are selected in object 'Object Repository/Plans and Products/Page_PNDS (1)/select_--- Choose One ---Affin'  using regular expression

2018-04-17 09:23:59 - [TEST_STEP][PASSED] - selectOptionByValue: All options with value 'bhp,bhpplus' are selected in object 'Object Repository/Plans and Products/Page_PNDS (1)/select_--- Choose One ---Affin'  using regular expression

2018-04-17 09:23:59 - [MESSAGE][PASSED] - All options with value 'bhp,bhpplus' are selected in object 'Object Repository/Plans and Products/Page_PNDS (1)/select_--- Choose One ---Affin'  using regular expression

2018-04-17 09:23:59 - [TEST_STEP][PASSED] - selectOptionByValue: All options with value 'harp' are selected in object 'Object Repository/Plans and Products/Page_PNDS (1)/select_--- Choose One ---Affin'  using regular expression

2018-04-17 09:24:00 - [MESSAGE][PASSED] - All options with value 'harp' are selected in object 'Object Repository/Plans and Products/Page_PNDS (1)/select_--- Choose One ---Affin'  using regular expression

2018-04-17 09:24:00 - [TEST_STEP][PASSED] - selectOptionByValue: All options with value 'medicaidprovider' are selected in object 'Object Repository/Plans and Products/Page_PNDS (1)/select_--- Choose One ---Affin'  using regular expression

2018-04-17 09:24:01 - [MESSAGE][PASSED] - All options with value 'medicaidprovider' are selected in object 'Object Repository/Plans and Products/Page_PNDS (1)/select_--- Choose One ---Affin'  using regular expression

2018-04-17 09:24:01 - [TEST_STEP][PASSED] - selectOptionByValue: All options with value 'medicaidadvantage' are selected in object 'Object Repository/Plans and Products/Page_PNDS (1)/select_--- Choose One ---Affin'  using regular expression

2018-04-17 09:24:01 - [MESSAGE][PASSED] - All options with value 'medicaidadvantage' are selected in object 'Object Repository/Plans and Products/Page_PNDS (1)/select_--- Choose One ---Affin'  using regular expression

2018-04-17 09:24:01 - [TEST_STEP][PASSED] - closeBrowser: Browser is closed

2018-04-17 09:24:01 - [MESSAGE][PASSED] - Browser is closed]]></system-out>
         <system-err><![CDATA[]]></system-err>
      </testcase>
      <testcase name="Test Cases/Health Plans and their Products/Agewell New York LLC" classname="Test Cases/Health Plans and their Products/Agewell New York LLC" status="PASSED">
         <system-out><![CDATA[2018-04-17 09:24:01 - [TEST_CASE][PASSED] - Test Cases/Health Plans and their Products/Agewell New York LLC: Test Cases/Health Plans and their Products/Agewell New York LLC

2018-04-17 09:24:01 - [TEST_STEP][PASSED] - openBrowser: Browser is opened with url: ''

2018-04-17 09:24:04 - [MESSAGE][PASSED] - Browser is opened with url: ''

2018-04-17 09:24:04 - [TEST_STEP][PASSED] - navigateToUrl: Navigate to 'http://dev.providerlookup.ipro.org/' successfully

2018-04-17 09:24:08 - [MESSAGE][PASSED] - Navigate to 'http://dev.providerlookup.ipro.org/' successfully

2018-04-17 09:24:08 - [TEST_STEP][PASSED] - click: Object: 'Object Repository/Plans and Products/Page_PNDS (2)/a_Search by Health Plan' is clicked on

2018-04-17 09:24:08 - [MESSAGE][PASSED] - Object: 'Object Repository/Plans and Products/Page_PNDS (2)/a_Search by Health Plan' is clicked on

2018-04-17 09:24:08 - [TEST_STEP][PASSED] - selectOptionByValue: All options with value '0007' are selected in object 'Object Repository/Plans and Products/Page_PNDS (2)/select_--- Choose one ---Aetna'  using regular expression

2018-04-17 09:24:10 - [MESSAGE][PASSED] - All options with value '0007' are selected in object 'Object Repository/Plans and Products/Page_PNDS (2)/select_--- Choose one ---Aetna'  using regular expression

2018-04-17 09:24:10 - [TEST_STEP][PASSED] - selectOptionByValue: All options with value 'fida' are selected in object 'Object Repository/Plans and Products/Page_PNDS (2)/select_--- Choose One ---AgeWe'  using regular expression

2018-04-17 09:24:11 - [MESSAGE][PASSED] - All options with value 'fida' are selected in object 'Object Repository/Plans and Products/Page_PNDS (2)/select_--- Choose One ---AgeWe'  using regular expression

2018-04-17 09:24:11 - [TEST_STEP][PASSED] - selectOptionByValue: All options with value 'partialcaps' are selected in object 'Object Repository/Plans and Products/Page_PNDS (2)/select_--- Choose One ---AgeWe'  using regular expression

2018-04-17 09:24:11 - [MESSAGE][PASSED] - All options with value 'partialcaps' are selected in object 'Object Repository/Plans and Products/Page_PNDS (2)/select_--- Choose One ---AgeWe'  using regular expression

2018-04-17 09:24:11 - [TEST_STEP][PASSED] - closeBrowser: Browser is closed

2018-04-17 09:24:11 - [MESSAGE][PASSED] - Browser is closed]]></system-out>
         <system-err><![CDATA[]]></system-err>
      </testcase>
      <testcase name="Test Cases/Health Plans and their Products/Alpha Care of New York Inc" classname="Test Cases/Health Plans and their Products/Alpha Care of New York Inc" status="PASSED">
         <system-out><![CDATA[2018-04-17 09:24:11 - [TEST_CASE][PASSED] - Test Cases/Health Plans and their Products/Alpha Care of New York Inc: Test Cases/Health Plans and their Products/Alpha Care of New York Inc

2018-04-17 09:24:11 - [TEST_STEP][PASSED] - openBrowser: Browser is opened with url: ''

2018-04-17 09:24:14 - [MESSAGE][PASSED] - Browser is opened with url: ''

2018-04-17 09:24:14 - [TEST_STEP][PASSED] - navigateToUrl: Navigate to 'http://dev.providerlookup.ipro.org/' successfully

2018-04-17 09:24:18 - [MESSAGE][PASSED] - Navigate to 'http://dev.providerlookup.ipro.org/' successfully

2018-04-17 09:24:18 - [TEST_STEP][PASSED] - click: Object: 'Object Repository/Plans and Products/Page_PNDS (3)/a_Search by Health Plan' is clicked on

2018-04-17 09:24:18 - [MESSAGE][PASSED] - Object: 'Object Repository/Plans and Products/Page_PNDS (3)/a_Search by Health Plan' is clicked on

2018-04-17 09:24:18 - [TEST_STEP][PASSED] - selectOptionByValue: All options with value '0008' are selected in object 'Object Repository/Plans and Products/Page_PNDS (3)/select_--- Choose one ---Aetna'  using regular expression

2018-04-17 09:24:20 - [MESSAGE][PASSED] - All options with value '0008' are selected in object 'Object Repository/Plans and Products/Page_PNDS (3)/select_--- Choose one ---Aetna'  using regular expression

2018-04-17 09:24:20 - [TEST_STEP][PASSED] - selectOptionByValue: All options with value 'partialcaps' are selected in object 'Object Repository/Plans and Products/Page_PNDS (3)/select_--- Choose One ---Alpha'  using regular expression

2018-04-17 09:24:21 - [MESSAGE][PASSED] - All options with value 'partialcaps' are selected in object 'Object Repository/Plans and Products/Page_PNDS (3)/select_--- Choose One ---Alpha'  using regular expression

2018-04-17 09:24:21 - [TEST_STEP][PASSED] - closeBrowser: Browser is closed

2018-04-17 09:24:21 - [MESSAGE][PASSED] - Browser is closed]]></system-out>
         <system-err><![CDATA[]]></system-err>
      </testcase>
      <testcase name="Test Cases/Health Plans and their Products/Ameritas" classname="Test Cases/Health Plans and their Products/Ameritas" status="PASSED">
         <system-out><![CDATA[2018-04-17 09:24:21 - [TEST_CASE][PASSED] - Test Cases/Health Plans and their Products/Ameritas: Test Cases/Health Plans and their Products/Ameritas

2018-04-17 09:24:21 - [TEST_STEP][PASSED] - openBrowser: Browser is opened with url: ''

2018-04-17 09:24:24 - [MESSAGE][PASSED] - Browser is opened with url: ''

2018-04-17 09:24:24 - [TEST_STEP][PASSED] - navigateToUrl: Navigate to 'http://dev.providerlookup.ipro.org/' successfully

2018-04-17 09:24:28 - [MESSAGE][PASSED] - Navigate to 'http://dev.providerlookup.ipro.org/' successfully

2018-04-17 09:24:28 - [TEST_STEP][PASSED] - click: Object: 'Object Repository/Plans and Products/Page_PNDS (4)/a_Search by Health Plan' is clicked on

2018-04-17 09:24:28 - [MESSAGE][PASSED] - Object: 'Object Repository/Plans and Products/Page_PNDS (4)/a_Search by Health Plan' is clicked on

2018-04-17 09:24:28 - [TEST_STEP][PASSED] - selectOptionByValue: All options with value '0010' are selected in object 'Object Repository/Plans and Products/Page_PNDS (4)/select_--- Choose one ---Aetna'  using regular expression

2018-04-17 09:24:30 - [MESSAGE][PASSED] - All options with value '0010' are selected in object 'Object Repository/Plans and Products/Page_PNDS (4)/select_--- Choose one ---Aetna'  using regular expression

2018-04-17 09:24:30 - [TEST_STEP][PASSED] - selectOptionByValue: All options with value 'nonmcodental' are selected in object 'Object Repository/Plans and Products/Page_PNDS (4)/select_--- Choose One ---Ameri'  using regular expression

2018-04-17 09:24:31 - [MESSAGE][PASSED] - All options with value 'nonmcodental' are selected in object 'Object Repository/Plans and Products/Page_PNDS (4)/select_--- Choose One ---Ameri'  using regular expression

2018-04-17 09:24:31 - [TEST_STEP][PASSED] - selectOptionByValue: All options with value 'nonmcodental,skp_001' are selected in object 'Object Repository/Plans and Products/Page_PNDS (4)/select_--- Choose One ---Ameri'  using regular expression

2018-04-17 09:24:31 - [MESSAGE][PASSED] - All options with value 'nonmcodental,skp_001' are selected in object 'Object Repository/Plans and Products/Page_PNDS (4)/select_--- Choose One ---Ameri'  using regular expression

2018-04-17 09:24:31 - [TEST_STEP][PASSED] - selectOptionByValue: All options with value 'nonmcodental,skp_002' are selected in object 'Object Repository/Plans and Products/Page_PNDS (4)/select_--- Choose One ---Ameri'  using regular expression

2018-04-17 09:24:32 - [MESSAGE][PASSED] - All options with value 'nonmcodental,skp_002' are selected in object 'Object Repository/Plans and Products/Page_PNDS (4)/select_--- Choose One ---Ameri'  using regular expression

2018-04-17 09:24:32 - [TEST_STEP][PASSED] - selectOptionByValue: All options with value 'nonmcovision' are selected in object 'Object Repository/Plans and Products/Page_PNDS (4)/select_--- Choose One ---Ameri'  using regular expression

2018-04-17 09:24:32 - [MESSAGE][PASSED] - All options with value 'nonmcovision' are selected in object 'Object Repository/Plans and Products/Page_PNDS (4)/select_--- Choose One ---Ameri'  using regular expression

2018-04-17 09:24:32 - [TEST_STEP][PASSED] - selectOptionByValue: All options with value 'nonmcovision,skp_004' are selected in object 'Object Repository/Plans and Products/Page_PNDS (4)/select_--- Choose One ---Ameri'  using regular expression

2018-04-17 09:24:33 - [MESSAGE][PASSED] - All options with value 'nonmcovision,skp_004' are selected in object 'Object Repository/Plans and Products/Page_PNDS (4)/select_--- Choose One ---Ameri'  using regular expression

2018-04-17 09:24:33 - [TEST_STEP][PASSED] - selectOptionByValue: All options with value 'nonmcovision,skp_005' are selected in object 'Object Repository/Plans and Products/Page_PNDS (4)/select_--- Choose One ---Ameri'  using regular expression

2018-04-17 09:24:34 - [MESSAGE][PASSED] - All options with value 'nonmcovision,skp_005' are selected in object 'Object Repository/Plans and Products/Page_PNDS (4)/select_--- Choose One ---Ameri'  using regular expression

2018-04-17 09:24:34 - [TEST_STEP][PASSED] - selectOptionByValue: All options with value 'nonmcovision,skp_006' are selected in object 'Object Repository/Plans and Products/Page_PNDS (4)/select_--- Choose One ---Ameri'  using regular expression

2018-04-17 09:24:34 - [MESSAGE][PASSED] - All options with value 'nonmcovision,skp_006' are selected in object 'Object Repository/Plans and Products/Page_PNDS (4)/select_--- Choose One ---Ameri'  using regular expression

2018-04-17 09:24:34 - [TEST_STEP][PASSED] - closeBrowser: Browser is closed

2018-04-17 09:24:35 - [MESSAGE][PASSED] - Browser is closed]]></system-out>
         <system-err><![CDATA[]]></system-err>
      </testcase>
      <testcase name="Test Cases/Health Plans and their Products/AmidaCare" classname="Test Cases/Health Plans and their Products/AmidaCare" status="PASSED">
         <system-out><![CDATA[2018-04-17 09:24:35 - [TEST_CASE][PASSED] - Test Cases/Health Plans and their Products/AmidaCare: Test Cases/Health Plans and their Products/AmidaCare

2018-04-17 09:24:35 - [TEST_STEP][PASSED] - openBrowser: Browser is opened with url: ''

2018-04-17 09:24:38 - [MESSAGE][PASSED] - Browser is opened with url: ''

2018-04-17 09:24:38 - [TEST_STEP][PASSED] - navigateToUrl: Navigate to 'http://dev.providerlookup.ipro.org/' successfully

2018-04-17 09:24:39 - [MESSAGE][PASSED] - Navigate to 'http://dev.providerlookup.ipro.org/' successfully

2018-04-17 09:24:39 - [TEST_STEP][PASSED] - click: Object: 'Object Repository/Plans and Products/Page_PNDS (5)/a_Search by Health Plan' is clicked on

2018-04-17 09:24:40 - [MESSAGE][PASSED] - Object: 'Object Repository/Plans and Products/Page_PNDS (5)/a_Search by Health Plan' is clicked on

2018-04-17 09:24:40 - [TEST_STEP][PASSED] - click: Object: 'Object Repository/Plans and Products/Page_PNDS (5)/div_Health Plan' is clicked on

2018-04-17 09:24:40 - [MESSAGE][PASSED] - Object: 'Object Repository/Plans and Products/Page_PNDS (5)/div_Health Plan' is clicked on

2018-04-17 09:24:40 - [TEST_STEP][PASSED] - selectOptionByValue: All options with value '0011' are selected in object 'Object Repository/Plans and Products/Page_PNDS (5)/select_--- Choose one ---Aetna'  using regular expression

2018-04-17 09:24:42 - [MESSAGE][PASSED] - All options with value '0011' are selected in object 'Object Repository/Plans and Products/Page_PNDS (5)/select_--- Choose one ---Aetna'  using regular expression

2018-04-17 09:24:42 - [TEST_STEP][PASSED] - selectOptionByValue: All options with value 'hivsnp' are selected in object 'Object Repository/Plans and Products/Page_PNDS (5)/select_--- Choose One ---Amida'  using regular expression

2018-04-17 09:24:43 - [MESSAGE][PASSED] - All options with value 'hivsnp' are selected in object 'Object Repository/Plans and Products/Page_PNDS (5)/select_--- Choose One ---Amida'  using regular expression

2018-04-17 09:24:43 - [TEST_STEP][PASSED] - closeBrowser: Browser is closed

2018-04-17 09:24:43 - [MESSAGE][PASSED] - Browser is closed]]></system-out>
         <system-err><![CDATA[]]></system-err>
      </testcase>
      <testcase name="Test Cases/Health Plans and their Products/ArchCare" classname="Test Cases/Health Plans and their Products/ArchCare" status="PASSED">
         <system-out><![CDATA[2018-04-17 09:24:43 - [TEST_CASE][PASSED] - Test Cases/Health Plans and their Products/ArchCare: Test Cases/Health Plans and their Products/ArchCare

2018-04-17 09:24:43 - [TEST_STEP][PASSED] - openBrowser: Browser is opened with url: ''

2018-04-17 09:24:46 - [MESSAGE][PASSED] - Browser is opened with url: ''

2018-04-17 09:24:46 - [TEST_STEP][PASSED] - navigateToUrl: Navigate to 'http://dev.providerlookup.ipro.org/' successfully

2018-04-17 09:24:48 - [MESSAGE][PASSED] - Navigate to 'http://dev.providerlookup.ipro.org/' successfully

2018-04-17 09:24:48 - [TEST_STEP][PASSED] - click: Object: 'Object Repository/Plans and Products/Page_PNDS (6)/a_Search by Health Plan' is clicked on

2018-04-17 09:24:49 - [MESSAGE][PASSED] - Object: 'Object Repository/Plans and Products/Page_PNDS (6)/a_Search by Health Plan' is clicked on

2018-04-17 09:24:49 - [TEST_STEP][PASSED] - selectOptionByValue: All options with value '0012' are selected in object 'Object Repository/Plans and Products/Page_PNDS (6)/select_--- Choose one ---Aetna'  using regular expression

2018-04-17 09:24:51 - [MESSAGE][PASSED] - All options with value '0012' are selected in object 'Object Repository/Plans and Products/Page_PNDS (6)/select_--- Choose one ---Aetna'  using regular expression

2018-04-17 09:24:51 - [TEST_STEP][PASSED] - selectOptionByValue: All options with value 'partialcaps' are selected in object 'Object Repository/Plans and Products/Page_PNDS (6)/select_--- Choose One ---ArchC'  using regular expression

2018-04-17 09:24:51 - [MESSAGE][PASSED] - All options with value 'partialcaps' are selected in object 'Object Repository/Plans and Products/Page_PNDS (6)/select_--- Choose One ---ArchC'  using regular expression

2018-04-17 09:24:51 - [TEST_STEP][PASSED] - selectOptionByValue: All options with value 'pace' are selected in object 'Object Repository/Plans and Products/Page_PNDS (6)/select_--- Choose One ---ArchC'  using regular expression

2018-04-17 09:24:52 - [MESSAGE][PASSED] - All options with value 'pace' are selected in object 'Object Repository/Plans and Products/Page_PNDS (6)/select_--- Choose One ---ArchC'  using regular expression

2018-04-17 09:24:52 - [TEST_STEP][PASSED] - closeBrowser: Browser is closed

2018-04-17 09:24:52 - [MESSAGE][PASSED] - Browser is closed]]></system-out>
         <system-err><![CDATA[]]></system-err>
      </testcase>
      <testcase name="Test Cases/Health Plans and their Products/Axa Equitable" classname="Test Cases/Health Plans and their Products/Axa Equitable" status="PASSED">
         <system-out><![CDATA[2018-04-17 09:24:52 - [TEST_CASE][PASSED] - Test Cases/Health Plans and their Products/Axa Equitable: Test Cases/Health Plans and their Products/Axa Equitable

2018-04-17 09:24:52 - [TEST_STEP][PASSED] - openBrowser: Browser is opened with url: ''

2018-04-17 09:24:55 - [MESSAGE][PASSED] - Browser is opened with url: ''

2018-04-17 09:24:55 - [TEST_STEP][PASSED] - navigateToUrl: Navigate to 'http://dev.providerlookup.ipro.org/' successfully

2018-04-17 09:24:57 - [MESSAGE][PASSED] - Navigate to 'http://dev.providerlookup.ipro.org/' successfully

2018-04-17 09:24:57 - [TEST_STEP][PASSED] - click: Object: 'Object Repository/Plans and Products/Page_PNDS (7)/a_Search by Health Plan' is clicked on

2018-04-17 09:24:58 - [MESSAGE][PASSED] - Object: 'Object Repository/Plans and Products/Page_PNDS (7)/a_Search by Health Plan' is clicked on

2018-04-17 09:24:58 - [TEST_STEP][PASSED] - selectOptionByValue: All options with value '0013' are selected in object 'Object Repository/Plans and Products/Page_PNDS (7)/select_--- Choose one ---Aetna'  using regular expression

2018-04-17 09:25:00 - [MESSAGE][PASSED] - All options with value '0013' are selected in object 'Object Repository/Plans and Products/Page_PNDS (7)/select_--- Choose one ---Aetna'  using regular expression

2018-04-17 09:25:00 - [TEST_STEP][PASSED] - selectOptionByValue: All options with value 'nonmcodental' are selected in object 'Object Repository/Plans and Products/Page_PNDS (7)/select_--- Choose One ---AXA E'  using regular expression

2018-04-17 09:25:00 - [MESSAGE][PASSED] - All options with value 'nonmcodental' are selected in object 'Object Repository/Plans and Products/Page_PNDS (7)/select_--- Choose One ---AXA E'  using regular expression

2018-04-17 09:25:00 - [TEST_STEP][PASSED] - selectOptionByValue: All options with value 'nonmcovision' are selected in object 'Object Repository/Plans and Products/Page_PNDS (7)/select_--- Choose One ---AXA E'  using regular expression

2018-04-17 09:25:01 - [MESSAGE][PASSED] - All options with value 'nonmcovision' are selected in object 'Object Repository/Plans and Products/Page_PNDS (7)/select_--- Choose One ---AXA E'  using regular expression

2018-04-17 09:25:01 - [TEST_STEP][PASSED] - closeBrowser: Browser is closed

2018-04-17 09:25:01 - [MESSAGE][PASSED] - Browser is closed]]></system-out>
         <system-err><![CDATA[]]></system-err>
      </testcase>
      <testcase name="Test Cases/Health Plans and their Products/Blue Cross Blue Shield" classname="Test Cases/Health Plans and their Products/Blue Cross Blue Shield" status="PASSED">
         <system-out><![CDATA[2018-04-17 09:25:01 - [TEST_CASE][PASSED] - Test Cases/Health Plans and their Products/Blue Cross Blue Shield: Test Cases/Health Plans and their Products/Blue Cross Blue Shield

2018-04-17 09:25:01 - [TEST_STEP][PASSED] - openBrowser: Browser is opened with url: ''

2018-04-17 09:25:04 - [MESSAGE][PASSED] - Browser is opened with url: ''

2018-04-17 09:25:04 - [TEST_STEP][PASSED] - navigateToUrl: Navigate to 'http://dev.providerlookup.ipro.org/' successfully

2018-04-17 09:25:06 - [MESSAGE][PASSED] - Navigate to 'http://dev.providerlookup.ipro.org/' successfully

2018-04-17 09:25:06 - [TEST_STEP][PASSED] - click: Object: 'Object Repository/Plans and Products/Page_PNDS (8)/a_Search by Health Plan' is clicked on

2018-04-17 09:25:08 - [MESSAGE][PASSED] - Object: 'Object Repository/Plans and Products/Page_PNDS (8)/a_Search by Health Plan' is clicked on

2018-04-17 09:25:08 - [TEST_STEP][PASSED] - selectOptionByValue: All options with value '0184' are selected in object 'Object Repository/Plans and Products/Page_PNDS (8)/select_--- Choose one ---Aetna'  using regular expression

2018-04-17 09:25:09 - [MESSAGE][PASSED] - All options with value '0184' are selected in object 'Object Repository/Plans and Products/Page_PNDS (8)/select_--- Choose one ---Aetna'  using regular expression

2018-04-17 09:25:09 - [TEST_STEP][PASSED] - selectOptionByValue: All options with value 'chpprovider' are selected in object 'Object Repository/Plans and Products/Page_PNDS (8)/select_--- Choose One ---BlueC'  using regular expression

2018-04-17 09:25:10 - [MESSAGE][PASSED] - All options with value 'chpprovider' are selected in object 'Object Repository/Plans and Products/Page_PNDS (8)/select_--- Choose One ---BlueC'  using regular expression

2018-04-17 09:25:10 - [TEST_STEP][PASSED] - selectOptionByValue: All options with value 'bhp' are selected in object 'Object Repository/Plans and Products/Page_PNDS (8)/select_--- Choose One ---BlueC'  using regular expression

2018-04-17 09:25:10 - [MESSAGE][PASSED] - All options with value 'bhp' are selected in object 'Object Repository/Plans and Products/Page_PNDS (8)/select_--- Choose One ---BlueC'  using regular expression

2018-04-17 09:25:10 - [TEST_STEP][PASSED] - selectOptionByValue: All options with value 'indivstsilver,indivstgold,indivstplatinum,indivstbronze,indivstbronze,indivchildonlybronze,indivstsilver,indivchildonlysilver,indivnonstsilver1,indivnonstsilver1,indivnonstsilver3,indivnonstsilver3,indivstgold,indivchildonlygold,indivnonstgold1,indivnonstgold1,indivstplatinum,indivchildonlyplatinum,indivnonstplatinum1,indivnonstplatinum1,indivnonstplatinum3,indivnonstplatinum3,indivnonstbronze1,indivnonstbronze1,indivnonstgold2,indivnonstgold2,indivnonstsilver2,indivnonstsilver2,indivnonstbronze2,indivnonstbronze2,indivstbronze,indivstbronze,indivnonstplatinum2,indivnonstplatinum2' are selected in object 'Object Repository/Plans and Products/Page_PNDS (8)/select_--- Choose One ---BlueC'  using regular expression

2018-04-17 09:25:11 - [MESSAGE][PASSED] - All options with value 'indivstsilver,indivstgold,indivstplatinum,indivstbronze,indivstbronze,indivchildonlybronze,indivstsilver,indivchildonlysilver,indivnonstsilver1,indivnonstsilver1,indivnonstsilver3,indivnonstsilver3,indivstgold,indivchildonlygold,indivnonstgold1,indivnonstgold1,indivstplatinum,indivchildonlyplatinum,indivnonstplatinum1,indivnonstplatinum1,indivnonstplatinum3,indivnonstplatinum3,indivnonstbronze1,indivnonstbronze1,indivnonstgold2,indivnonstgold2,indivnonstsilver2,indivnonstsilver2,indivnonstbronze2,indivnonstbronze2,indivstbronze,indivstbronze,indivnonstplatinum2,indivnonstplatinum2' are selected in object 'Object Repository/Plans and Products/Page_PNDS (8)/select_--- Choose One ---BlueC'  using regular expression

2018-04-17 09:25:11 - [TEST_STEP][PASSED] - selectOptionByValue: All options with value 'medicaidprovider' are selected in object 'Object Repository/Plans and Products/Page_PNDS (8)/select_--- Choose One ---BlueC'  using regular expression

2018-04-17 09:25:12 - [MESSAGE][PASSED] - All options with value 'medicaidprovider' are selected in object 'Object Repository/Plans and Products/Page_PNDS (8)/select_--- Choose One ---BlueC'  using regular expression

2018-04-17 09:25:12 - [TEST_STEP][PASSED] - selectOptionByValue: All options with value 'shopstbronze,shopstbronze,shopstbronze,shopstbronze,shopstsilver,shopstsilver,shopstsilver,shopstsilver,shopstgold,shopstgold,shopstgold,shopstgold,shopstplatinum,shopstplatinum,shopstplatinum,shopstplatinum,shopstplatinum,shopstplatinum,shopstplatinum,shopstplatinum,shopstbronze,shopstbronze,shopstbronze,shopstbronze,shopstsilver,shopstsilver,shopstsilver,shopstsilver,shopstgold,shopstgold,shopstgold,shopstgold,shopstplatinum,shopstplatinum,shopstplatinum,shopstplatinum,shopstplatinum,shopstplatinum,shopstplatinum,shopstplatinum' are selected in object 'Object Repository/Plans and Products/Page_PNDS (8)/select_--- Choose One ---BlueC'  using regular expression

2018-04-17 09:25:12 - [MESSAGE][PASSED] - All options with value 'shopstbronze,shopstbronze,shopstbronze,shopstbronze,shopstsilver,shopstsilver,shopstsilver,shopstsilver,shopstgold,shopstgold,shopstgold,shopstgold,shopstplatinum,shopstplatinum,shopstplatinum,shopstplatinum,shopstplatinum,shopstplatinum,shopstplatinum,shopstplatinum,shopstbronze,shopstbronze,shopstbronze,shopstbronze,shopstsilver,shopstsilver,shopstsilver,shopstsilver,shopstgold,shopstgold,shopstgold,shopstgold,shopstplatinum,shopstplatinum,shopstplatinum,shopstplatinum,shopstplatinum,shopstplatinum,shopstplatinum,shopstplatinum' are selected in object 'Object Repository/Plans and Products/Page_PNDS (8)/select_--- Choose One ---BlueC'  using regular expression

2018-04-17 09:25:12 - [TEST_STEP][PASSED] - selectOptionByValue: All options with value 'commercialprovider' are selected in object 'Object Repository/Plans and Products/Page_PNDS (8)/select_--- Choose One ---BlueC'  using regular expression

2018-04-17 09:25:13 - [MESSAGE][PASSED] - All options with value 'commercialprovider' are selected in object 'Object Repository/Plans and Products/Page_PNDS (8)/select_--- Choose One ---BlueC'  using regular expression

2018-04-17 09:25:13 - [TEST_STEP][PASSED] - selectOptionByValue: All options with value 'indivpeddentallow,indivfamdental' are selected in object 'Object Repository/Plans and Products/Page_PNDS (8)/select_--- Choose One ---BlueC'  using regular expression

2018-04-17 09:25:14 - [MESSAGE][PASSED] - All options with value 'indivpeddentallow,indivfamdental' are selected in object 'Object Repository/Plans and Products/Page_PNDS (8)/select_--- Choose One ---BlueC'  using regular expression

2018-04-17 09:25:14 - [TEST_STEP][PASSED] - selectOptionByValue: All options with value 'shoppeddentallow,shopfamdental' are selected in object 'Object Repository/Plans and Products/Page_PNDS (8)/select_--- Choose One ---BlueC'  using regular expression

2018-04-17 09:25:14 - [MESSAGE][PASSED] - All options with value 'shoppeddentallow,shopfamdental' are selected in object 'Object Repository/Plans and Products/Page_PNDS (8)/select_--- Choose One ---BlueC'  using regular expression

2018-04-17 09:25:14 - [TEST_STEP][PASSED] - selectOptionByValue: All options with value 'shopstbronze,shopstbronze,shopstbronze,shopstbronze,shopstsilver,shopstsilver,shopstsilver,shopstsilver,shopstgold,shopstgold,shopstgold,shopstgold,shopstplatinum,shopstplatinum,shopstplatinum,shopstplatinum,shopstplatinum,shopstplatinum,shopstplatinum,shopstplatinum,shopstbronze,shopstbronze,shopstbronze,shopstbronze,shopstsilver,shopstsilver,shopstsilver,shopstsilver,shopstgold,shopstgold,shopstgold,shopstgold,shopstplatinum,shopstplatinum,shopstplatinum,shopstplatinum,shopstplatinum,shopstplatinum,shopstplatinum,shopstplatinum,skp_008' are selected in object 'Object Repository/Plans and Products/Page_PNDS (8)/select_--- Choose One ---BlueC'  using regular expression

2018-04-17 09:25:15 - [MESSAGE][PASSED] - All options with value 'shopstbronze,shopstbronze,shopstbronze,shopstbronze,shopstsilver,shopstsilver,shopstsilver,shopstsilver,shopstgold,shopstgold,shopstgold,shopstgold,shopstplatinum,shopstplatinum,shopstplatinum,shopstplatinum,shopstplatinum,shopstplatinum,shopstplatinum,shopstplatinum,shopstbronze,shopstbronze,shopstbronze,shopstbronze,shopstsilver,shopstsilver,shopstsilver,shopstsilver,shopstgold,shopstgold,shopstgold,shopstgold,shopstplatinum,shopstplatinum,shopstplatinum,shopstplatinum,shopstplatinum,shopstplatinum,shopstplatinum,shopstplatinum,skp_008' are selected in object 'Object Repository/Plans and Products/Page_PNDS (8)/select_--- Choose One ---BlueC'  using regular expression

2018-04-17 09:25:15 - [TEST_STEP][PASSED] - selectOptionByValue: All options with value 'indivstbronze,indivstbronze,indivchildonlybronze,indivstsilver,indivchildonlysilver,indivstgold,indivchildonlygold,indivstplatinum,indivchildonlyplatinum,indivnonstplatinum1,indivnonstplatinum1,indivnonstgold1,indivnonstgold1,indivnonstsilver1,indivnonstsilver1,indivstbronze,indivstbronze,indivstsilver,indivstgold,indivstplatinum' are selected in object 'Object Repository/Plans and Products/Page_PNDS (8)/select_--- Choose One ---BlueC'  using regular expression

2018-04-17 09:25:16 - [MESSAGE][PASSED] - All options with value 'indivstbronze,indivstbronze,indivchildonlybronze,indivstsilver,indivchildonlysilver,indivstgold,indivchildonlygold,indivstplatinum,indivchildonlyplatinum,indivnonstplatinum1,indivnonstplatinum1,indivnonstgold1,indivnonstgold1,indivnonstsilver1,indivnonstsilver1,indivstbronze,indivstbronze,indivstsilver,indivstgold,indivstplatinum' are selected in object 'Object Repository/Plans and Products/Page_PNDS (8)/select_--- Choose One ---BlueC'  using regular expression

2018-04-17 09:25:16 - [TEST_STEP][PASSED] - closeBrowser: Browser is closed

2018-04-17 09:25:16 - [MESSAGE][PASSED] - Browser is closed]]></system-out>
         <system-err><![CDATA[]]></system-err>
      </testcase>
      <testcase name="Test Cases/Health Plans and their Products/Capital District" classname="Test Cases/Health Plans and their Products/Capital District" status="PASSED">
         <system-out><![CDATA[2018-04-17 09:25:16 - [TEST_CASE][PASSED] - Test Cases/Health Plans and their Products/Capital District: Test Cases/Health Plans and their Products/Capital District

2018-04-17 09:25:16 - [TEST_STEP][PASSED] - openBrowser: Browser is opened with url: ''

2018-04-17 09:25:19 - [MESSAGE][PASSED] - Browser is opened with url: ''

2018-04-17 09:25:19 - [TEST_STEP][PASSED] - navigateToUrl: Navigate to 'http://dev.providerlookup.ipro.org/' successfully

2018-04-17 09:25:21 - [MESSAGE][PASSED] - Navigate to 'http://dev.providerlookup.ipro.org/' successfully

2018-04-17 09:25:21 - [TEST_STEP][PASSED] - click: Object: 'Object Repository/Plans and Products/Page_PNDS (9)/a_Search by Health Plan' is clicked on

2018-04-17 09:25:22 - [MESSAGE][PASSED] - Object: 'Object Repository/Plans and Products/Page_PNDS (9)/a_Search by Health Plan' is clicked on

2018-04-17 09:25:22 - [TEST_STEP][PASSED] - selectOptionByValue: All options with value '0147' are selected in object 'Object Repository/Plans and Products/Page_PNDS (9)/select_--- Choose one ---Aetna'  using regular expression

2018-04-17 09:25:23 - [MESSAGE][PASSED] - All options with value '0147' are selected in object 'Object Repository/Plans and Products/Page_PNDS (9)/select_--- Choose one ---Aetna'  using regular expression

2018-04-17 09:25:23 - [TEST_STEP][PASSED] - selectOptionByValue: All options with value 'commercialprovider' are selected in object 'Object Repository/Plans and Products/Page_PNDS (9)/select_--- Choose One ---Capit'  using regular expression

2018-04-17 09:25:24 - [MESSAGE][PASSED] - All options with value 'commercialprovider' are selected in object 'Object Repository/Plans and Products/Page_PNDS (9)/select_--- Choose One ---Capit'  using regular expression

2018-04-17 09:25:24 - [TEST_STEP][PASSED] - selectOptionByValue: All options with value 'chpprovider' are selected in object 'Object Repository/Plans and Products/Page_PNDS (9)/select_--- Choose One ---Capit'  using regular expression

2018-04-17 09:25:24 - [MESSAGE][PASSED] - All options with value 'chpprovider' are selected in object 'Object Repository/Plans and Products/Page_PNDS (9)/select_--- Choose One ---Capit'  using regular expression

2018-04-17 09:25:24 - [TEST_STEP][PASSED] - selectOptionByValue: All options with value 'nonmcomedical' are selected in object 'Object Repository/Plans and Products/Page_PNDS (9)/select_--- Choose One ---Capit'  using regular expression

2018-04-17 09:25:25 - [MESSAGE][PASSED] - All options with value 'nonmcomedical' are selected in object 'Object Repository/Plans and Products/Page_PNDS (9)/select_--- Choose One ---Capit'  using regular expression

2018-04-17 09:25:25 - [TEST_STEP][PASSED] - selectOptionByValue: All options with value 'harp' are selected in object 'Object Repository/Plans and Products/Page_PNDS (9)/select_--- Choose One ---Capit'  using regular expression

2018-04-17 09:25:25 - [MESSAGE][PASSED] - All options with value 'harp' are selected in object 'Object Repository/Plans and Products/Page_PNDS (9)/select_--- Choose One ---Capit'  using regular expression

2018-04-17 09:25:25 - [TEST_STEP][PASSED] - selectOptionByValue: All options with value 'indivnonstsilver1,indivnonstsilver1,indivnonstsilver2,indivnonstsilver2,indivnonstbronze1,indivnonstbronze1,indivcatastrophic,indivstplatinum,indivstgold,indivstsilver,indivstbronze,indivstplatinum,indivstgold,indivstsilver,indivstbronze,indivchildonlybronze,indivchildonlygold,indivchildonlyplatinum,indivchildonlysilver,indivnonstplatinum1,indivnonstplatinum1,indivnonstgold1,indivnonstgold1' are selected in object 'Object Repository/Plans and Products/Page_PNDS (9)/select_--- Choose One ---Capit'  using regular expression

2018-04-17 09:25:26 - [MESSAGE][PASSED] - All options with value 'indivnonstsilver1,indivnonstsilver1,indivnonstsilver2,indivnonstsilver2,indivnonstbronze1,indivnonstbronze1,indivcatastrophic,indivstplatinum,indivstgold,indivstsilver,indivstbronze,indivstplatinum,indivstgold,indivstsilver,indivstbronze,indivchildonlybronze,indivchildonlygold,indivchildonlyplatinum,indivchildonlysilver,indivnonstplatinum1,indivnonstplatinum1,indivnonstgold1,indivnonstgold1' are selected in object 'Object Repository/Plans and Products/Page_PNDS (9)/select_--- Choose One ---Capit'  using regular expression

2018-04-17 09:25:26 - [TEST_STEP][PASSED] - selectOptionByValue: All options with value 'medicaidprovider' are selected in object 'Object Repository/Plans and Products/Page_PNDS (9)/select_--- Choose One ---Capit'  using regular expression

2018-04-17 09:25:27 - [MESSAGE][PASSED] - All options with value 'medicaidprovider' are selected in object 'Object Repository/Plans and Products/Page_PNDS (9)/select_--- Choose One ---Capit'  using regular expression

2018-04-17 09:25:27 - [TEST_STEP][PASSED] - closeBrowser: Browser is closed

2018-04-17 09:25:27 - [MESSAGE][PASSED] - Browser is closed]]></system-out>
         <system-err><![CDATA[]]></system-err>
      </testcase>
      <testcase name="Test Cases/Health Plans and their Products/Catholic Health" classname="Test Cases/Health Plans and their Products/Catholic Health" status="PASSED">
         <system-out><![CDATA[2018-04-17 09:25:27 - [TEST_CASE][PASSED] - Test Cases/Health Plans and their Products/Catholic Health: Test Cases/Health Plans and their Products/Catholic Health

2018-04-17 09:25:27 - [TEST_STEP][PASSED] - openBrowser: Browser is opened with url: ''

2018-04-17 09:25:30 - [MESSAGE][PASSED] - Browser is opened with url: ''

2018-04-17 09:25:30 - [TEST_STEP][PASSED] - navigateToUrl: Navigate to 'http://dev.providerlookup.ipro.org/' successfully

2018-04-17 09:25:32 - [MESSAGE][PASSED] - Navigate to 'http://dev.providerlookup.ipro.org/' successfully

2018-04-17 09:25:32 - [TEST_STEP][PASSED] - click: Object: 'Object Repository/Plans and Products/Page_PNDS (10)/a_Search by Health Plan' is clicked on

2018-04-17 09:25:33 - [MESSAGE][PASSED] - Object: 'Object Repository/Plans and Products/Page_PNDS (10)/a_Search by Health Plan' is clicked on

2018-04-17 09:25:33 - [TEST_STEP][PASSED] - selectOptionByValue: All options with value '0016' are selected in object 'Object Repository/Plans and Products/Page_PNDS (10)/select_--- Choose one ---Aetna'  using regular expression

2018-04-17 09:25:35 - [MESSAGE][PASSED] - All options with value '0016' are selected in object 'Object Repository/Plans and Products/Page_PNDS (10)/select_--- Choose one ---Aetna'  using regular expression

2018-04-17 09:25:35 - [TEST_STEP][PASSED] - selectOptionByValue: All options with value 'pace' are selected in object 'Object Repository/Plans and Products/Page_PNDS (10)/select_--- Choose One ---Catho'  using regular expression

2018-04-17 09:25:35 - [MESSAGE][PASSED] - All options with value 'pace' are selected in object 'Object Repository/Plans and Products/Page_PNDS (10)/select_--- Choose One ---Catho'  using regular expression

2018-04-17 09:25:35 - [TEST_STEP][PASSED] - closeBrowser: Browser is closed

2018-04-17 09:25:35 - [MESSAGE][PASSED] - Browser is closed]]></system-out>
         <system-err><![CDATA[]]></system-err>
      </testcase>
      <testcase name="Test Cases/Health Plans and their Products/Centerlight Health" classname="Test Cases/Health Plans and their Products/Centerlight Health" status="PASSED">
         <system-out><![CDATA[2018-04-17 09:25:35 - [TEST_CASE][PASSED] - Test Cases/Health Plans and their Products/Centerlight Health: Test Cases/Health Plans and their Products/Centerlight Health

2018-04-17 09:25:35 - [TEST_STEP][PASSED] - openBrowser: Browser is opened with url: ''

2018-04-17 09:25:38 - [MESSAGE][PASSED] - Browser is opened with url: ''

2018-04-17 09:25:38 - [TEST_STEP][PASSED] - navigateToUrl: Navigate to 'http://dev.providerlookup.ipro.org/' successfully

2018-04-17 09:25:40 - [MESSAGE][PASSED] - Navigate to 'http://dev.providerlookup.ipro.org/' successfully

2018-04-17 09:25:40 - [TEST_STEP][PASSED] - click: Object: 'Object Repository/Plans and Products/Page_PNDS (11)/a_Search by Health Plan' is clicked on

2018-04-17 09:25:42 - [MESSAGE][PASSED] - Object: 'Object Repository/Plans and Products/Page_PNDS (11)/a_Search by Health Plan' is clicked on

2018-04-17 09:25:42 - [TEST_STEP][PASSED] - selectOptionByValue: All options with value '0020' are selected in object 'Object Repository/Plans and Products/Page_PNDS (11)/select_--- Choose one ---Aetna'  using regular expression

2018-04-17 09:25:44 - [MESSAGE][PASSED] - All options with value '0020' are selected in object 'Object Repository/Plans and Products/Page_PNDS (11)/select_--- Choose one ---Aetna'  using regular expression

2018-04-17 09:25:44 - [TEST_STEP][PASSED] - selectOptionByValue: All options with value 'pace' are selected in object 'Object Repository/Plans and Products/Page_PNDS (11)/select_--- Choose One ---Cente'  using regular expression

2018-04-17 09:25:44 - [MESSAGE][PASSED] - All options with value 'pace' are selected in object 'Object Repository/Plans and Products/Page_PNDS (11)/select_--- Choose One ---Cente'  using regular expression

2018-04-17 09:25:44 - [TEST_STEP][PASSED] - closeBrowser: Browser is closed

2018-04-17 09:25:44 - [MESSAGE][PASSED] - Browser is closed]]></system-out>
         <system-err><![CDATA[]]></system-err>
      </testcase>
      <testcase name="Test Cases/Health Plans and their Products/Centers Plan for Healthy living" classname="Test Cases/Health Plans and their Products/Centers Plan for Healthy living" status="PASSED">
         <system-out><![CDATA[2018-04-17 09:25:44 - [TEST_CASE][PASSED] - Test Cases/Health Plans and their Products/Centers Plan for Healthy living: Test Cases/Health Plans and their Products/Centers Plan for Healthy living

2018-04-17 09:25:45 - [TEST_STEP][PASSED] - openBrowser: Browser is opened with url: ''

2018-04-17 09:25:48 - [MESSAGE][PASSED] - Browser is opened with url: ''

2018-04-17 09:25:48 - [TEST_STEP][PASSED] - navigateToUrl: Navigate to 'http://dev.providerlookup.ipro.org/' successfully

2018-04-17 09:25:49 - [MESSAGE][PASSED] - Navigate to 'http://dev.providerlookup.ipro.org/' successfully

2018-04-17 09:25:49 - [TEST_STEP][PASSED] - click: Object: 'Object Repository/Plans and Products/Page_PNDS (12)/a_Search by Health Plan' is clicked on

2018-04-17 09:25:50 - [MESSAGE][PASSED] - Object: 'Object Repository/Plans and Products/Page_PNDS (12)/a_Search by Health Plan' is clicked on

2018-04-17 09:25:50 - [TEST_STEP][PASSED] - selectOptionByValue: All options with value '0096' are selected in object 'Object Repository/Plans and Products/Page_PNDS (12)/select_--- Choose one ---Aetna'  using regular expression

2018-04-17 09:25:52 - [MESSAGE][PASSED] - All options with value '0096' are selected in object 'Object Repository/Plans and Products/Page_PNDS (12)/select_--- Choose one ---Aetna'  using regular expression

2018-04-17 09:25:52 - [TEST_STEP][PASSED] - selectOptionByValue: All options with value 'fida' are selected in object 'Object Repository/Plans and Products/Page_PNDS (12)/select_--- Choose One ---Cente'  using regular expression

2018-04-17 09:25:53 - [MESSAGE][PASSED] - All options with value 'fida' are selected in object 'Object Repository/Plans and Products/Page_PNDS (12)/select_--- Choose One ---Cente'  using regular expression

2018-04-17 09:25:53 - [TEST_STEP][PASSED] - selectOptionByValue: All options with value 'partialcaps' are selected in object 'Object Repository/Plans and Products/Page_PNDS (12)/select_--- Choose One ---Cente'  using regular expression

2018-04-17 09:25:53 - [MESSAGE][PASSED] - All options with value 'partialcaps' are selected in object 'Object Repository/Plans and Products/Page_PNDS (12)/select_--- Choose One ---Cente'  using regular expression

2018-04-17 09:25:53 - [TEST_STEP][PASSED] - closeBrowser: Browser is closed

2018-04-17 09:25:53 - [MESSAGE][PASSED] - Browser is closed]]></system-out>
         <system-err><![CDATA[]]></system-err>
      </testcase>
      <testcase name="Test Cases/Health Plans and their Products/Cigna" classname="Test Cases/Health Plans and their Products/Cigna" status="PASSED">
         <system-out><![CDATA[2018-04-17 09:25:53 - [TEST_CASE][PASSED] - Test Cases/Health Plans and their Products/Cigna: Test Cases/Health Plans and their Products/Cigna

2018-04-17 09:25:53 - [TEST_STEP][PASSED] - openBrowser: Browser is opened with url: ''

2018-04-17 09:25:56 - [MESSAGE][PASSED] - Browser is opened with url: ''

2018-04-17 09:25:56 - [TEST_STEP][PASSED] - navigateToUrl: Navigate to 'http://dev.providerlookup.ipro.org/' successfully

2018-04-17 09:25:58 - [MESSAGE][PASSED] - Navigate to 'http://dev.providerlookup.ipro.org/' successfully

2018-04-17 09:25:58 - [TEST_STEP][PASSED] - click: Object: 'Object Repository/Plans and Products/Page_PNDS (13)/a_Search by Health Plan' is clicked on

2018-04-17 09:25:59 - [MESSAGE][PASSED] - Object: 'Object Repository/Plans and Products/Page_PNDS (13)/a_Search by Health Plan' is clicked on

2018-04-17 09:25:59 - [TEST_STEP][PASSED] - selectOptionByValue: All options with value '0157' are selected in object 'Object Repository/Plans and Products/Page_PNDS (13)/select_--- Choose one ---Aetna'  using regular expression

2018-04-17 09:26:01 - [MESSAGE][PASSED] - All options with value '0157' are selected in object 'Object Repository/Plans and Products/Page_PNDS (13)/select_--- Choose one ---Aetna'  using regular expression

2018-04-17 09:26:01 - [TEST_STEP][PASSED] - selectOptionByValue: All options with value 'nonmcodental' are selected in object 'Object Repository/Plans and Products/Page_PNDS (13)/select_--- Choose One ---Cigna'  using regular expression

2018-04-17 09:26:02 - [MESSAGE][PASSED] - All options with value 'nonmcodental' are selected in object 'Object Repository/Plans and Products/Page_PNDS (13)/select_--- Choose One ---Cigna'  using regular expression

2018-04-17 09:26:02 - [TEST_STEP][PASSED] - selectOptionByValue: All options with value 'nonmcovision' are selected in object 'Object Repository/Plans and Products/Page_PNDS (13)/select_--- Choose One ---Cigna'  using regular expression

2018-04-17 09:26:02 - [MESSAGE][PASSED] - All options with value 'nonmcovision' are selected in object 'Object Repository/Plans and Products/Page_PNDS (13)/select_--- Choose One ---Cigna'  using regular expression

2018-04-17 09:26:02 - [TEST_STEP][PASSED] - selectOptionByValue: All options with value 'nonmcodental,skp_002' are selected in object 'Object Repository/Plans and Products/Page_PNDS (13)/select_--- Choose One ---Cigna'  using regular expression

2018-04-17 09:26:03 - [MESSAGE][PASSED] - All options with value 'nonmcodental,skp_002' are selected in object 'Object Repository/Plans and Products/Page_PNDS (13)/select_--- Choose One ---Cigna'  using regular expression

2018-04-17 09:26:03 - [TEST_STEP][PASSED] - selectOptionByValue: All options with value 'nonmcomedical' are selected in object 'Object Repository/Plans and Products/Page_PNDS (13)/select_--- Choose One ---Cigna'  using regular expression

2018-04-17 09:26:03 - [MESSAGE][PASSED] - All options with value 'nonmcomedical' are selected in object 'Object Repository/Plans and Products/Page_PNDS (13)/select_--- Choose One ---Cigna'  using regular expression

2018-04-17 09:26:03 - [TEST_STEP][PASSED] - selectOptionByValue: All options with value 'nonmcomedical,skp_004' are selected in object 'Object Repository/Plans and Products/Page_PNDS (13)/select_--- Choose One ---Cigna'  using regular expression

2018-04-17 09:26:04 - [MESSAGE][PASSED] - All options with value 'nonmcomedical,skp_004' are selected in object 'Object Repository/Plans and Products/Page_PNDS (13)/select_--- Choose One ---Cigna'  using regular expression

2018-04-17 09:26:04 - [TEST_STEP][PASSED] - selectOptionByValue: All options with value 'nonmcomedical,skp_005' are selected in object 'Object Repository/Plans and Products/Page_PNDS (13)/select_--- Choose One ---Cigna'  using regular expression

2018-04-17 09:26:04 - [MESSAGE][PASSED] - All options with value 'nonmcomedical,skp_005' are selected in object 'Object Repository/Plans and Products/Page_PNDS (13)/select_--- Choose One ---Cigna'  using regular expression

2018-04-17 09:26:04 - [TEST_STEP][PASSED] - closeBrowser: Browser is closed

2018-04-17 09:26:04 - [MESSAGE][PASSED] - Browser is closed]]></system-out>
         <system-err><![CDATA[]]></system-err>
      </testcase>
      <testcase name="Test Cases/Health Plans and their Products/Commercial Travelers" classname="Test Cases/Health Plans and their Products/Commercial Travelers" status="PASSED">
         <system-out><![CDATA[2018-04-17 09:26:04 - [TEST_CASE][PASSED] - Test Cases/Health Plans and their Products/Commercial Travelers: Test Cases/Health Plans and their Products/Commercial Travelers

2018-04-17 09:26:05 - [TEST_STEP][PASSED] - openBrowser: Browser is opened with url: ''

2018-04-17 09:26:08 - [MESSAGE][PASSED] - Browser is opened with url: ''

2018-04-17 09:26:08 - [TEST_STEP][PASSED] - navigateToUrl: Navigate to 'http://dev.providerlookup.ipro.org/' successfully

2018-04-17 09:26:09 - [MESSAGE][PASSED] - Navigate to 'http://dev.providerlookup.ipro.org/' successfully

2018-04-17 09:26:09 - [TEST_STEP][PASSED] - click: Object: 'Object Repository/Plans and Products/Page_PNDS (14)/a_Search by Health Plan' is clicked on

2018-04-17 09:26:10 - [MESSAGE][PASSED] - Object: 'Object Repository/Plans and Products/Page_PNDS (14)/a_Search by Health Plan' is clicked on

2018-04-17 09:26:10 - [TEST_STEP][PASSED] - selectOptionByValue: All options with value '0021' are selected in object 'Object Repository/Plans and Products/Page_PNDS (14)/select_--- Choose one ---Aetna'  using regular expression

2018-04-17 09:26:12 - [MESSAGE][PASSED] - All options with value '0021' are selected in object 'Object Repository/Plans and Products/Page_PNDS (14)/select_--- Choose one ---Aetna'  using regular expression

2018-04-17 09:26:12 - [TEST_STEP][PASSED] - selectOptionByValue: All options with value 'nonmcomedical' are selected in object 'Object Repository/Plans and Products/Page_PNDS (14)/select_--- Choose One ---Comme'  using regular expression

2018-04-17 09:26:13 - [MESSAGE][PASSED] - All options with value 'nonmcomedical' are selected in object 'Object Repository/Plans and Products/Page_PNDS (14)/select_--- Choose One ---Comme'  using regular expression

2018-04-17 09:26:13 - [TEST_STEP][PASSED] - selectOptionByValue: All options with value 'nonmcomedical,skp_001' are selected in object 'Object Repository/Plans and Products/Page_PNDS (14)/select_--- Choose One ---Comme'  using regular expression

2018-04-17 09:26:13 - [MESSAGE][PASSED] - All options with value 'nonmcomedical,skp_001' are selected in object 'Object Repository/Plans and Products/Page_PNDS (14)/select_--- Choose One ---Comme'  using regular expression

2018-04-17 09:26:13 - [TEST_STEP][PASSED] - selectOptionByValue: All options with value 'nonmcomedical,skp_002' are selected in object 'Object Repository/Plans and Products/Page_PNDS (14)/select_--- Choose One ---Comme'  using regular expression

2018-04-17 09:26:13 - [MESSAGE][PASSED] - All options with value 'nonmcomedical,skp_002' are selected in object 'Object Repository/Plans and Products/Page_PNDS (14)/select_--- Choose One ---Comme'  using regular expression

2018-04-17 09:26:13 - [TEST_STEP][PASSED] - closeBrowser: Browser is closed

2018-04-17 09:26:14 - [MESSAGE][PASSED] - Browser is closed]]></system-out>
         <system-err><![CDATA[]]></system-err>
      </testcase>
      <testcase name="Test Cases/Health Plans and their Products/Complete Senior Care" classname="Test Cases/Health Plans and their Products/Complete Senior Care" status="PASSED">
         <system-out><![CDATA[2018-04-17 09:26:14 - [TEST_CASE][PASSED] - Test Cases/Health Plans and their Products/Complete Senior Care: Test Cases/Health Plans and their Products/Complete Senior Care

2018-04-17 09:26:14 - [TEST_STEP][PASSED] - openBrowser: Browser is opened with url: ''

2018-04-17 09:26:17 - [MESSAGE][PASSED] - Browser is opened with url: ''

2018-04-17 09:26:17 - [TEST_STEP][PASSED] - navigateToUrl: Navigate to 'http://dev.providerlookup.ipro.org/' successfully

2018-04-17 09:26:18 - [MESSAGE][PASSED] - Navigate to 'http://dev.providerlookup.ipro.org/' successfully

2018-04-17 09:26:18 - [TEST_STEP][PASSED] - click: Object: 'Object Repository/Plans and Products/Page_PNDS (15)/a_Search by Health Plan' is clicked on

2018-04-17 09:26:19 - [MESSAGE][PASSED] - Object: 'Object Repository/Plans and Products/Page_PNDS (15)/a_Search by Health Plan' is clicked on

2018-04-17 09:26:19 - [TEST_STEP][PASSED] - selectOptionByValue: All options with value '0022' are selected in object 'Object Repository/Plans and Products/Page_PNDS (15)/select_--- Choose one ---Aetna'  using regular expression

2018-04-17 09:26:21 - [MESSAGE][PASSED] - All options with value '0022' are selected in object 'Object Repository/Plans and Products/Page_PNDS (15)/select_--- Choose one ---Aetna'  using regular expression

2018-04-17 09:26:21 - [TEST_STEP][PASSED] - selectOptionByValue: All options with value 'pace' are selected in object 'Object Repository/Plans and Products/Page_PNDS (15)/select_--- Choose One ---Compl'  using regular expression

2018-04-17 09:26:22 - [MESSAGE][PASSED] - All options with value 'pace' are selected in object 'Object Repository/Plans and Products/Page_PNDS (15)/select_--- Choose One ---Compl'  using regular expression

2018-04-17 09:26:22 - [TEST_STEP][PASSED] - closeBrowser: Browser is closed

2018-04-17 09:26:22 - [MESSAGE][PASSED] - Browser is closed]]></system-out>
         <system-err><![CDATA[]]></system-err>
      </testcase>
      <testcase name="Test Cases/Health Plans and their Products/Consolidated health" classname="Test Cases/Health Plans and their Products/Consolidated health" status="PASSED">
         <system-out><![CDATA[2018-04-17 09:26:22 - [TEST_CASE][PASSED] - Test Cases/Health Plans and their Products/Consolidated health: Test Cases/Health Plans and their Products/Consolidated health

2018-04-17 09:26:22 - [TEST_STEP][PASSED] - openBrowser: Browser is opened with url: ''

2018-04-17 09:26:25 - [MESSAGE][PASSED] - Browser is opened with url: ''

2018-04-17 09:26:25 - [TEST_STEP][PASSED] - navigateToUrl: Navigate to 'http://dev.providerlookup.ipro.org/' successfully

2018-04-17 09:26:28 - [MESSAGE][PASSED] - Navigate to 'http://dev.providerlookup.ipro.org/' successfully

2018-04-17 09:26:28 - [TEST_STEP][PASSED] - click: Object: 'Object Repository/Plans and Products/Page_PNDS (16)/a_Search by Health Plan' is clicked on

2018-04-17 09:26:29 - [MESSAGE][PASSED] - Object: 'Object Repository/Plans and Products/Page_PNDS (16)/a_Search by Health Plan' is clicked on

2018-04-17 09:26:29 - [TEST_STEP][PASSED] - selectOptionByValue: All options with value '0168' are selected in object 'Object Repository/Plans and Products/Page_PNDS (16)/select_--- Choose one ---Aetna'  using regular expression

2018-04-17 09:26:31 - [MESSAGE][PASSED] - All options with value '0168' are selected in object 'Object Repository/Plans and Products/Page_PNDS (16)/select_--- Choose one ---Aetna'  using regular expression

2018-04-17 09:26:31 - [TEST_STEP][PASSED] - selectOptionByValue: All options with value 'nonmcomedical' are selected in object 'Object Repository/Plans and Products/Page_PNDS (16)/select_--- Choose One ---Conso'  using regular expression

2018-04-17 09:26:31 - [MESSAGE][PASSED] - All options with value 'nonmcomedical' are selected in object 'Object Repository/Plans and Products/Page_PNDS (16)/select_--- Choose One ---Conso'  using regular expression

2018-04-17 09:26:31 - [TEST_STEP][PASSED] - selectOptionByValue: All options with value 'nonmcomedical,skp_001' are selected in object 'Object Repository/Plans and Products/Page_PNDS (16)/select_--- Choose One ---Conso'  using regular expression

2018-04-17 09:26:31 - [MESSAGE][PASSED] - All options with value 'nonmcomedical,skp_001' are selected in object 'Object Repository/Plans and Products/Page_PNDS (16)/select_--- Choose One ---Conso'  using regular expression

2018-04-17 09:26:31 - [TEST_STEP][PASSED] - selectOptionByValue: All options with value 'nonmcomedical,skp_002' are selected in object 'Object Repository/Plans and Products/Page_PNDS (16)/select_--- Choose One ---Conso'  using regular expression

2018-04-17 09:26:32 - [MESSAGE][PASSED] - All options with value 'nonmcomedical,skp_002' are selected in object 'Object Repository/Plans and Products/Page_PNDS (16)/select_--- Choose One ---Conso'  using regular expression

2018-04-17 09:26:32 - [TEST_STEP][PASSED] - closeBrowser: Browser is closed

2018-04-17 09:26:32 - [MESSAGE][PASSED] - Browser is closed]]></system-out>
         <system-err><![CDATA[]]></system-err>
      </testcase>
      <testcase name="Test Cases/Health Plans and their Products/CrystalRun" classname="Test Cases/Health Plans and their Products/CrystalRun" status="PASSED">
         <system-out><![CDATA[2018-04-17 09:26:32 - [TEST_CASE][PASSED] - Test Cases/Health Plans and their Products/CrystalRun: Test Cases/Health Plans and their Products/CrystalRun

2018-04-17 09:26:32 - [TEST_STEP][PASSED] - openBrowser: Browser is opened with url: ''

2018-04-17 09:26:35 - [MESSAGE][PASSED] - Browser is opened with url: ''

2018-04-17 09:26:35 - [TEST_STEP][PASSED] - navigateToUrl: Navigate to 'http://dev.providerlookup.ipro.org/' successfully

2018-04-17 09:26:39 - [MESSAGE][PASSED] - Navigate to 'http://dev.providerlookup.ipro.org/' successfully

2018-04-17 09:26:39 - [TEST_STEP][PASSED] - click: Object: 'Object Repository/Plans and Products/Page_PNDS (17)/a_Search by Health Plan' is clicked on

2018-04-17 09:26:40 - [MESSAGE][PASSED] - Object: 'Object Repository/Plans and Products/Page_PNDS (17)/a_Search by Health Plan' is clicked on

2018-04-17 09:26:40 - [TEST_STEP][PASSED] - selectOptionByValue: All options with value '0023' are selected in object 'Object Repository/Plans and Products/Page_PNDS (17)/select_--- Choose one ---Aetna'  using regular expression

2018-04-17 09:26:42 - [MESSAGE][PASSED] - All options with value '0023' are selected in object 'Object Repository/Plans and Products/Page_PNDS (17)/select_--- Choose one ---Aetna'  using regular expression

2018-04-17 09:26:42 - [TEST_STEP][PASSED] - selectOptionByValue: All options with value 'commercialprovider' are selected in object 'Object Repository/Plans and Products/Page_PNDS (17)/select_--- Choose One ---Cryst'  using regular expression

2018-04-17 09:26:43 - [MESSAGE][PASSED] - All options with value 'commercialprovider' are selected in object 'Object Repository/Plans and Products/Page_PNDS (17)/select_--- Choose One ---Cryst'  using regular expression

2018-04-17 09:26:43 - [TEST_STEP][PASSED] - selectOptionByValue: All options with value 'bhp,bhpplus' are selected in object 'Object Repository/Plans and Products/Page_PNDS (17)/select_--- Choose One ---Cryst'  using regular expression

2018-04-17 09:26:43 - [MESSAGE][PASSED] - All options with value 'bhp,bhpplus' are selected in object 'Object Repository/Plans and Products/Page_PNDS (17)/select_--- Choose One ---Cryst'  using regular expression

2018-04-17 09:26:43 - [TEST_STEP][PASSED] - selectOptionByValue: All options with value 'medicaidprovider' are selected in object 'Object Repository/Plans and Products/Page_PNDS (17)/select_--- Choose One ---Cryst'  using regular expression

2018-04-17 09:26:43 - [MESSAGE][PASSED] - All options with value 'medicaidprovider' are selected in object 'Object Repository/Plans and Products/Page_PNDS (17)/select_--- Choose One ---Cryst'  using regular expression

2018-04-17 09:26:43 - [TEST_STEP][PASSED] - closeBrowser: Browser is closed

2018-04-17 09:26:44 - [MESSAGE][PASSED] - Browser is closed]]></system-out>
         <system-err><![CDATA[]]></system-err>
      </testcase>
      <testcase name="Test Cases/Health Plans and their Products/Delaware American Life insurance" classname="Test Cases/Health Plans and their Products/Delaware American Life insurance" status="PASSED">
         <system-out><![CDATA[2018-04-17 09:26:44 - [TEST_CASE][PASSED] - Test Cases/Health Plans and their Products/Delaware American Life insurance: Test Cases/Health Plans and their Products/Delaware American Life insurance

2018-04-17 09:26:44 - [TEST_STEP][PASSED] - openBrowser: Browser is opened with url: ''

2018-04-17 09:26:47 - [MESSAGE][PASSED] - Browser is opened with url: ''

2018-04-17 09:26:47 - [TEST_STEP][PASSED] - navigateToUrl: Navigate to 'http://dev.providerlookup.ipro.org/' successfully

2018-04-17 09:26:51 - [MESSAGE][PASSED] - Navigate to 'http://dev.providerlookup.ipro.org/' successfully

2018-04-17 09:26:51 - [TEST_STEP][PASSED] - click: Object: 'Object Repository/Plans and Products/Page_PNDS (18)/a_Search by Health Plan' is clicked on

2018-04-17 09:26:52 - [MESSAGE][PASSED] - Object: 'Object Repository/Plans and Products/Page_PNDS (18)/a_Search by Health Plan' is clicked on

2018-04-17 09:26:52 - [TEST_STEP][PASSED] - selectOptionByValue: All options with value '0159' are selected in object 'Object Repository/Plans and Products/Page_PNDS (18)/select_--- Choose one ---Aetna'  using regular expression

2018-04-17 09:26:54 - [MESSAGE][PASSED] - All options with value '0159' are selected in object 'Object Repository/Plans and Products/Page_PNDS (18)/select_--- Choose one ---Aetna'  using regular expression

2018-04-17 09:26:54 - [TEST_STEP][PASSED] - selectOptionByValue: All options with value 'nonmcomedical' are selected in object 'Object Repository/Plans and Products/Page_PNDS (18)/select_--- Choose One ---Delaw'  using regular expression

2018-04-17 09:26:54 - [MESSAGE][PASSED] - All options with value 'nonmcomedical' are selected in object 'Object Repository/Plans and Products/Page_PNDS (18)/select_--- Choose One ---Delaw'  using regular expression

2018-04-17 09:26:54 - [TEST_STEP][PASSED] - selectOptionByValue: All options with value 'nonmcomedical,skp_001' are selected in object 'Object Repository/Plans and Products/Page_PNDS (18)/select_--- Choose One ---Delaw'  using regular expression

2018-04-17 09:26:55 - [MESSAGE][PASSED] - All options with value 'nonmcomedical,skp_001' are selected in object 'Object Repository/Plans and Products/Page_PNDS (18)/select_--- Choose One ---Delaw'  using regular expression

2018-04-17 09:26:55 - [TEST_STEP][PASSED] - selectOptionByValue: All options with value 'nonmcomedical,skp_002' are selected in object 'Object Repository/Plans and Products/Page_PNDS (18)/select_--- Choose One ---Delaw'  using regular expression

2018-04-17 09:26:55 - [MESSAGE][PASSED] - All options with value 'nonmcomedical,skp_002' are selected in object 'Object Repository/Plans and Products/Page_PNDS (18)/select_--- Choose One ---Delaw'  using regular expression

2018-04-17 09:26:55 - [TEST_STEP][PASSED] - selectOptionByValue: All options with value 'nonmcomedical,skp_003' are selected in object 'Object Repository/Plans and Products/Page_PNDS (18)/select_--- Choose One ---Delaw'  using regular expression

2018-04-17 09:26:56 - [MESSAGE][PASSED] - All options with value 'nonmcomedical,skp_003' are selected in object 'Object Repository/Plans and Products/Page_PNDS (18)/select_--- Choose One ---Delaw'  using regular expression

2018-04-17 09:26:56 - [TEST_STEP][PASSED] - closeBrowser: Browser is closed

2018-04-17 09:26:56 - [MESSAGE][PASSED] - Browser is closed]]></system-out>
         <system-err><![CDATA[]]></system-err>
      </testcase>
      <testcase name="Test Cases/Health Plans and their Products/Delta Dental of New York" classname="Test Cases/Health Plans and their Products/Delta Dental of New York" status="PASSED">
         <system-out><![CDATA[2018-04-17 09:26:56 - [TEST_CASE][PASSED] - Test Cases/Health Plans and their Products/Delta Dental of New York: Test Cases/Health Plans and their Products/Delta Dental of New York

2018-04-17 09:26:56 - [TEST_STEP][PASSED] - openBrowser: Browser is opened with url: ''

2018-04-17 09:26:59 - [MESSAGE][PASSED] - Browser is opened with url: ''

2018-04-17 09:26:59 - [TEST_STEP][PASSED] - navigateToUrl: Navigate to 'http://dev.providerlookup.ipro.org/' successfully

2018-04-17 09:27:03 - [MESSAGE][PASSED] - Navigate to 'http://dev.providerlookup.ipro.org/' successfully

2018-04-17 09:27:03 - [TEST_STEP][PASSED] - click: Object: 'Object Repository/Plans and Products/Page_PNDS (19)/a_Search by Health Plan' is clicked on

2018-04-17 09:27:04 - [MESSAGE][PASSED] - Object: 'Object Repository/Plans and Products/Page_PNDS (19)/a_Search by Health Plan' is clicked on

2018-04-17 09:27:04 - [TEST_STEP][PASSED] - selectOptionByValue: All options with value '0024' are selected in object 'Object Repository/Plans and Products/Page_PNDS (19)/select_--- Choose one ---Aetna'  using regular expression

2018-04-17 09:27:06 - [MESSAGE][PASSED] - All options with value '0024' are selected in object 'Object Repository/Plans and Products/Page_PNDS (19)/select_--- Choose one ---Aetna'  using regular expression

2018-04-17 09:27:06 - [TEST_STEP][PASSED] - selectOptionByValue: All options with value 'indivpeddentalhigh,indivadultdental' are selected in object 'Object Repository/Plans and Products/Page_PNDS (19)/select_--- Choose One ---Delta'  using regular expression

2018-04-17 09:27:07 - [MESSAGE][PASSED] - All options with value 'indivpeddentalhigh,indivadultdental' are selected in object 'Object Repository/Plans and Products/Page_PNDS (19)/select_--- Choose One ---Delta'  using regular expression

2018-04-17 09:27:07 - [TEST_STEP][PASSED] - selectOptionByValue: All options with value 'indivfamdental' are selected in object 'Object Repository/Plans and Products/Page_PNDS (19)/select_--- Choose One ---Delta'  using regular expression

2018-04-17 09:27:07 - [MESSAGE][PASSED] - All options with value 'indivfamdental' are selected in object 'Object Repository/Plans and Products/Page_PNDS (19)/select_--- Choose One ---Delta'  using regular expression

2018-04-17 09:27:07 - [TEST_STEP][PASSED] - selectOptionByValue: All options with value 'shopfamdental' are selected in object 'Object Repository/Plans and Products/Page_PNDS (19)/select_--- Choose One ---Delta'  using regular expression

2018-04-17 09:27:08 - [MESSAGE][PASSED] - All options with value 'shopfamdental' are selected in object 'Object Repository/Plans and Products/Page_PNDS (19)/select_--- Choose One ---Delta'  using regular expression

2018-04-17 09:27:08 - [TEST_STEP][PASSED] - selectOptionByValue: All options with value 'shoppeddentalhigh,shopadultdental' are selected in object 'Object Repository/Plans and Products/Page_PNDS (19)/select_--- Choose One ---Delta'  using regular expression

2018-04-17 09:27:08 - [MESSAGE][PASSED] - All options with value 'shoppeddentalhigh,shopadultdental' are selected in object 'Object Repository/Plans and Products/Page_PNDS (19)/select_--- Choose One ---Delta'  using regular expression

2018-04-17 09:27:08 - [TEST_STEP][PASSED] - selectOptionByValue: All options with value 'nonmcodental' are selected in object 'Object Repository/Plans and Products/Page_PNDS (19)/select_--- Choose One ---Delta'  using regular expression

2018-04-17 09:27:09 - [MESSAGE][PASSED] - All options with value 'nonmcodental' are selected in object 'Object Repository/Plans and Products/Page_PNDS (19)/select_--- Choose One ---Delta'  using regular expression

2018-04-17 09:27:09 - [TEST_STEP][PASSED] - closeBrowser: Browser is closed

2018-04-17 09:27:09 - [MESSAGE][PASSED] - Browser is closed]]></system-out>
         <system-err><![CDATA[]]></system-err>
      </testcase>
      <testcase name="Test Cases/Health Plans and their Products/Dental Health Alliance" classname="Test Cases/Health Plans and their Products/Dental Health Alliance" status="PASSED">
         <system-out><![CDATA[2018-04-17 09:27:09 - [TEST_CASE][PASSED] - Test Cases/Health Plans and their Products/Dental Health Alliance: Test Cases/Health Plans and their Products/Dental Health Alliance

2018-04-17 09:27:09 - [TEST_STEP][PASSED] - openBrowser: Browser is opened with url: ''

2018-04-17 09:27:12 - [MESSAGE][PASSED] - Browser is opened with url: ''

2018-04-17 09:27:12 - [TEST_STEP][PASSED] - navigateToUrl: Navigate to 'http://dev.providerlookup.ipro.org/' successfully

2018-04-17 09:27:16 - [MESSAGE][PASSED] - Navigate to 'http://dev.providerlookup.ipro.org/' successfully

2018-04-17 09:27:16 - [TEST_STEP][PASSED] - click: Object: 'Object Repository/Plans and Products/Page_PNDS (20)/a_Search by Health Plan' is clicked on

2018-04-17 09:27:17 - [MESSAGE][PASSED] - Object: 'Object Repository/Plans and Products/Page_PNDS (20)/a_Search by Health Plan' is clicked on

2018-04-17 09:27:17 - [TEST_STEP][PASSED] - selectOptionByValue: All options with value '0164' are selected in object 'Object Repository/Plans and Products/Page_PNDS (20)/select_--- Choose one ---Aetna'  using regular expression

2018-04-17 09:27:19 - [MESSAGE][PASSED] - All options with value '0164' are selected in object 'Object Repository/Plans and Products/Page_PNDS (20)/select_--- Choose one ---Aetna'  using regular expression

2018-04-17 09:27:19 - [TEST_STEP][PASSED] - selectOptionByValue: All options with value 'nonmcodental' are selected in object 'Object Repository/Plans and Products/Page_PNDS (20)/select_--- Choose One ---Denta'  using regular expression

2018-04-17 09:27:19 - [MESSAGE][PASSED] - All options with value 'nonmcodental' are selected in object 'Object Repository/Plans and Products/Page_PNDS (20)/select_--- Choose One ---Denta'  using regular expression

2018-04-17 09:27:19 - [TEST_STEP][PASSED] - closeBrowser: Browser is closed

2018-04-17 09:27:20 - [MESSAGE][PASSED] - Browser is closed]]></system-out>
         <system-err><![CDATA[]]></system-err>
      </testcase>
      <testcase name="Test Cases/Health Plans and their Products/DentCare" classname="Test Cases/Health Plans and their Products/DentCare" status="PASSED">
         <system-out><![CDATA[2018-04-17 09:27:20 - [TEST_CASE][PASSED] - Test Cases/Health Plans and their Products/DentCare: Test Cases/Health Plans and their Products/DentCare

2018-04-17 09:27:20 - [TEST_STEP][PASSED] - openBrowser: Browser is opened with url: ''

2018-04-17 09:27:23 - [MESSAGE][PASSED] - Browser is opened with url: ''

2018-04-17 09:27:23 - [TEST_STEP][PASSED] - navigateToUrl: Navigate to 'http://dev.providerlookup.ipro.org/' successfully

2018-04-17 09:27:27 - [MESSAGE][PASSED] - Navigate to 'http://dev.providerlookup.ipro.org/' successfully

2018-04-17 09:27:27 - [TEST_STEP][PASSED] - click: Object: 'Object Repository/Plans and Products/Page_PNDS (21)/a_Search by Health Plan' is clicked on

2018-04-17 09:27:28 - [MESSAGE][PASSED] - Object: 'Object Repository/Plans and Products/Page_PNDS (21)/a_Search by Health Plan' is clicked on

2018-04-17 09:27:28 - [TEST_STEP][PASSED] - selectOptionByValue: All options with value '0025' are selected in object 'Object Repository/Plans and Products/Page_PNDS (21)/select_--- Choose one ---Aetna'  using regular expression

2018-04-17 09:27:30 - [MESSAGE][PASSED] - All options with value '0025' are selected in object 'Object Repository/Plans and Products/Page_PNDS (21)/select_--- Choose one ---Aetna'  using regular expression

2018-04-17 09:27:30 - [TEST_STEP][PASSED] - selectOptionByValue: All options with value 'indivpeddentalhigh,indivpeddentallow,indivadultdental,indivfamdental' are selected in object 'Object Repository/Plans and Products/Page_PNDS (21)/select_--- Choose One ---Dentc'  using regular expression

2018-04-17 09:27:31 - [MESSAGE][PASSED] - All options with value 'indivpeddentalhigh,indivpeddentallow,indivadultdental,indivfamdental' are selected in object 'Object Repository/Plans and Products/Page_PNDS (21)/select_--- Choose One ---Dentc'  using regular expression

2018-04-17 09:27:31 - [TEST_STEP][PASSED] - selectOptionByValue: All options with value 'shoppeddentalhigh,shoppeddentallow,shopadultdental,shopfamdental' are selected in object 'Object Repository/Plans and Products/Page_PNDS (21)/select_--- Choose One ---Dentc'  using regular expression

2018-04-17 09:27:31 - [MESSAGE][PASSED] - All options with value 'shoppeddentalhigh,shoppeddentallow,shopadultdental,shopfamdental' are selected in object 'Object Repository/Plans and Products/Page_PNDS (21)/select_--- Choose One ---Dentc'  using regular expression

2018-04-17 09:27:31 - [TEST_STEP][PASSED] - closeBrowser: Browser is closed

2018-04-17 09:27:31 - [MESSAGE][PASSED] - Browser is closed]]></system-out>
         <system-err><![CDATA[]]></system-err>
      </testcase>
      <testcase name="Test Cases/Health Plans and their Products/Dentegra" classname="Test Cases/Health Plans and their Products/Dentegra" status="PASSED">
         <system-out><![CDATA[2018-04-17 09:27:31 - [TEST_CASE][PASSED] - Test Cases/Health Plans and their Products/Dentegra: Test Cases/Health Plans and their Products/Dentegra

2018-04-17 09:27:31 - [TEST_STEP][PASSED] - openBrowser: Browser is opened with url: ''

2018-04-17 09:27:34 - [MESSAGE][PASSED] - Browser is opened with url: ''

2018-04-17 09:27:34 - [TEST_STEP][PASSED] - navigateToUrl: Navigate to 'http://dev.providerlookup.ipro.org/' successfully

2018-04-17 09:27:38 - [MESSAGE][PASSED] - Navigate to 'http://dev.providerlookup.ipro.org/' successfully

2018-04-17 09:27:38 - [TEST_STEP][PASSED] - click: Object: 'Object Repository/Plans and Products/Page_PNDS (22)/a_Search by Health Plan' is clicked on

2018-04-17 09:27:39 - [MESSAGE][PASSED] - Object: 'Object Repository/Plans and Products/Page_PNDS (22)/a_Search by Health Plan' is clicked on

2018-04-17 09:27:39 - [TEST_STEP][PASSED] - selectOptionByValue: All options with value '0026' are selected in object 'Object Repository/Plans and Products/Page_PNDS (22)/select_--- Choose one ---Aetna'  using regular expression

2018-04-17 09:27:41 - [MESSAGE][PASSED] - All options with value '0026' are selected in object 'Object Repository/Plans and Products/Page_PNDS (22)/select_--- Choose one ---Aetna'  using regular expression

2018-04-17 09:27:41 - [TEST_STEP][PASSED] - selectOptionByValue: All options with value 'indivpeddentallow,indivadultdental' are selected in object 'Object Repository/Plans and Products/Page_PNDS (22)/select_--- Choose One ---Dente'  using regular expression

2018-04-17 09:27:42 - [MESSAGE][PASSED] - All options with value 'indivpeddentallow,indivadultdental' are selected in object 'Object Repository/Plans and Products/Page_PNDS (22)/select_--- Choose One ---Dente'  using regular expression

2018-04-17 09:27:42 - [TEST_STEP][PASSED] - closeBrowser: Browser is closed

2018-04-17 09:27:42 - [MESSAGE][PASSED] - Browser is closed

2018-04-17 09:27:42 - [TEST_STEP][PASSED] - openBrowser: Browser is opened with url: ''

2018-04-17 09:27:45 - [MESSAGE][PASSED] - Browser is opened with url: ''

2018-04-17 09:27:45 - [TEST_STEP][PASSED] - navigateToUrl: Navigate to 'http://dev.providerlookup.ipro.org/' successfully

2018-04-17 09:27:47 - [MESSAGE][PASSED] - Navigate to 'http://dev.providerlookup.ipro.org/' successfully

2018-04-17 09:27:47 - [TEST_STEP][PASSED] - click: Object: 'Object Repository/Plans and Products/Page_PNDS (23)/a_Search by Health Plan' is clicked on

2018-04-17 09:27:48 - [MESSAGE][PASSED] - Object: 'Object Repository/Plans and Products/Page_PNDS (23)/a_Search by Health Plan' is clicked on

2018-04-17 09:27:48 - [TEST_STEP][PASSED] - selectOptionByValue: All options with value '0027' are selected in object 'Object Repository/Plans and Products/Page_PNDS (23)/select_--- Choose one ---Aetna'  using regular expression

2018-04-17 09:27:50 - [MESSAGE][PASSED] - All options with value '0027' are selected in object 'Object Repository/Plans and Products/Page_PNDS (23)/select_--- Choose one ---Aetna'  using regular expression

2018-04-17 09:27:50 - [TEST_STEP][PASSED] - selectOptionByValue: All options with value 'nonmcovision' are selected in object 'Object Repository/Plans and Products/Page_PNDS (23)/select_--- Choose One ---Easte'  using regular expression

2018-04-17 09:27:50 - [MESSAGE][PASSED] - All options with value 'nonmcovision' are selected in object 'Object Repository/Plans and Products/Page_PNDS (23)/select_--- Choose One ---Easte'  using regular expression

2018-04-17 09:27:50 - [TEST_STEP][PASSED] - selectOptionByValue: All options with value 'nonmcovision,skp_001' are selected in object 'Object Repository/Plans and Products/Page_PNDS (23)/select_--- Choose One ---Easte'  using regular expression

2018-04-17 09:27:50 - [MESSAGE][PASSED] - All options with value 'nonmcovision,skp_001' are selected in object 'Object Repository/Plans and Products/Page_PNDS (23)/select_--- Choose One ---Easte'  using regular expression

2018-04-17 09:27:50 - [TEST_STEP][PASSED] - closeBrowser: Browser is closed

2018-04-17 09:27:51 - [MESSAGE][PASSED] - Browser is closed]]></system-out>
         <system-err><![CDATA[]]></system-err>
      </testcase>
      <testcase name="Test Cases/Health Plans and their Products/Eastern Vision Services" classname="Test Cases/Health Plans and their Products/Eastern Vision Services" status="PASSED">
         <system-out><![CDATA[2018-04-17 09:27:51 - [TEST_CASE][PASSED] - Test Cases/Health Plans and their Products/Eastern Vision Services: Test Cases/Health Plans and their Products/Eastern Vision Services

2018-04-17 09:27:51 - [TEST_STEP][PASSED] - openBrowser: Browser is opened with url: ''

2018-04-17 09:27:54 - [MESSAGE][PASSED] - Browser is opened with url: ''

2018-04-17 09:27:54 - [TEST_STEP][PASSED] - navigateToUrl: Navigate to 'http://dev.providerlookup.ipro.org/' successfully

2018-04-17 09:27:56 - [MESSAGE][PASSED] - Navigate to 'http://dev.providerlookup.ipro.org/' successfully

2018-04-17 09:27:56 - [TEST_STEP][PASSED] - click: Object: 'Object Repository/Plans and Products/Page_PNDS (28)/a_Search by Health Plan' is clicked on

2018-04-17 09:27:57 - [MESSAGE][PASSED] - Object: 'Object Repository/Plans and Products/Page_PNDS (28)/a_Search by Health Plan' is clicked on

2018-04-17 09:27:57 - [TEST_STEP][PASSED] - selectOptionByValue: All options with value '0027' are selected in object 'Object Repository/Plans and Products/Page_PNDS (28)/select_--- Choose one ---Aetna'  using regular expression

2018-04-17 09:27:59 - [MESSAGE][PASSED] - All options with value '0027' are selected in object 'Object Repository/Plans and Products/Page_PNDS (28)/select_--- Choose one ---Aetna'  using regular expression

2018-04-17 09:27:59 - [TEST_STEP][PASSED] - selectOptionByValue: All options with value 'nonmcovision' are selected in object 'Object Repository/Plans and Products/Page_PNDS (28)/select_--- Choose One ---Easte'  using regular expression

2018-04-17 09:27:59 - [MESSAGE][PASSED] - All options with value 'nonmcovision' are selected in object 'Object Repository/Plans and Products/Page_PNDS (28)/select_--- Choose One ---Easte'  using regular expression

2018-04-17 09:27:59 - [TEST_STEP][PASSED] - selectOptionByValue: All options with value 'nonmcovision,skp_001' are selected in object 'Object Repository/Plans and Products/Page_PNDS (28)/select_--- Choose One ---Easte'  using regular expression

2018-04-17 09:28:00 - [MESSAGE][PASSED] - All options with value 'nonmcovision,skp_001' are selected in object 'Object Repository/Plans and Products/Page_PNDS (28)/select_--- Choose One ---Easte'  using regular expression

2018-04-17 09:28:00 - [TEST_STEP][PASSED] - closeBrowser: Browser is closed

2018-04-17 09:28:00 - [MESSAGE][PASSED] - Browser is closed]]></system-out>
         <system-err><![CDATA[]]></system-err>
      </testcase>
      <testcase name="Test Cases/Health Plans and their Products/Eddy Senior Care" classname="Test Cases/Health Plans and their Products/Eddy Senior Care" status="PASSED">
         <system-out><![CDATA[2018-04-17 09:28:00 - [TEST_CASE][PASSED] - Test Cases/Health Plans and their Products/Eddy Senior Care: Test Cases/Health Plans and their Products/Eddy Senior Care

2018-04-17 09:28:00 - [TEST_STEP][PASSED] - openBrowser: Browser is opened with url: ''

2018-04-17 09:28:03 - [MESSAGE][PASSED] - Browser is opened with url: ''

2018-04-17 09:28:03 - [TEST_STEP][PASSED] - navigateToUrl: Navigate to 'http://dev.providerlookup.ipro.org/' successfully

2018-04-17 09:28:05 - [MESSAGE][PASSED] - Navigate to 'http://dev.providerlookup.ipro.org/' successfully

2018-04-17 09:28:05 - [TEST_STEP][PASSED] - click: Object: 'Object Repository/Plans and Products/Page_PNDS (24)/a_Search by Health Plan' is clicked on

2018-04-17 09:28:06 - [MESSAGE][PASSED] - Object: 'Object Repository/Plans and Products/Page_PNDS (24)/a_Search by Health Plan' is clicked on

2018-04-17 09:28:06 - [TEST_STEP][PASSED] - selectOptionByValue: All options with value '0028' are selected in object 'Object Repository/Plans and Products/Page_PNDS (24)/select_--- Choose one ---Aetna'  using regular expression

2018-04-17 09:28:08 - [MESSAGE][PASSED] - All options with value '0028' are selected in object 'Object Repository/Plans and Products/Page_PNDS (24)/select_--- Choose one ---Aetna'  using regular expression

2018-04-17 09:28:08 - [TEST_STEP][PASSED] - selectOptionByValue: All options with value 'pace' are selected in object 'Object Repository/Plans and Products/Page_PNDS (24)/select_--- Choose One ---Eddy'  using regular expression

2018-04-17 09:28:09 - [MESSAGE][PASSED] - All options with value 'pace' are selected in object 'Object Repository/Plans and Products/Page_PNDS (24)/select_--- Choose One ---Eddy'  using regular expression

2018-04-17 09:28:09 - [TEST_STEP][PASSED] - closeBrowser: Browser is closed

2018-04-17 09:28:09 - [MESSAGE][PASSED] - Browser is closed]]></system-out>
         <system-err><![CDATA[]]></system-err>
      </testcase>
      <testcase name="Test Cases/Health Plans and their Products/Elant Choice" classname="Test Cases/Health Plans and their Products/Elant Choice" status="PASSED">
         <system-out><![CDATA[2018-04-17 09:28:09 - [TEST_CASE][PASSED] - Test Cases/Health Plans and their Products/Elant Choice: Test Cases/Health Plans and their Products/Elant Choice

2018-04-17 09:28:09 - [TEST_STEP][PASSED] - openBrowser: Browser is opened with url: ''

2018-04-17 09:28:12 - [MESSAGE][PASSED] - Browser is opened with url: ''

2018-04-17 09:28:12 - [TEST_STEP][PASSED] - navigateToUrl: Navigate to 'http://dev.providerlookup.ipro.org/' successfully

2018-04-17 09:28:14 - [MESSAGE][PASSED] - Navigate to 'http://dev.providerlookup.ipro.org/' successfully

2018-04-17 09:28:14 - [TEST_STEP][PASSED] - click: Object: 'Object Repository/Plans and Products/Page_PNDS (25)/a_Search by Health Plan' is clicked on

2018-04-17 09:28:15 - [MESSAGE][PASSED] - Object: 'Object Repository/Plans and Products/Page_PNDS (25)/a_Search by Health Plan' is clicked on

2018-04-17 09:28:15 - [TEST_STEP][PASSED] - selectOptionByValue: All options with value '0029' are selected in object 'Object Repository/Plans and Products/Page_PNDS (25)/select_--- Choose one ---Aetna'  using regular expression

2018-04-17 09:28:17 - [MESSAGE][PASSED] - All options with value '0029' are selected in object 'Object Repository/Plans and Products/Page_PNDS (25)/select_--- Choose one ---Aetna'  using regular expression

2018-04-17 09:28:17 - [TEST_STEP][PASSED] - selectOptionByValue: All options with value 'partialcaps' are selected in object 'Object Repository/Plans and Products/Page_PNDS (25)/select_--- Choose One ---Elant'  using regular expression

2018-04-17 09:28:17 - [MESSAGE][PASSED] - All options with value 'partialcaps' are selected in object 'Object Repository/Plans and Products/Page_PNDS (25)/select_--- Choose One ---Elant'  using regular expression

2018-04-17 09:28:17 - [TEST_STEP][PASSED] - closeBrowser: Browser is closed

2018-04-17 09:28:18 - [MESSAGE][PASSED] - Browser is closed]]></system-out>
         <system-err><![CDATA[]]></system-err>
      </testcase>
      <testcase name="Test Cases/Health Plans and their Products/Elderplan Inc" classname="Test Cases/Health Plans and their Products/Elderplan Inc" status="PASSED">
         <system-out><![CDATA[2018-04-17 09:28:18 - [TEST_CASE][PASSED] - Test Cases/Health Plans and their Products/Elderplan Inc: Test Cases/Health Plans and their Products/Elderplan Inc

2018-04-17 09:28:18 - [TEST_STEP][PASSED] - openBrowser: Browser is opened with url: ''

2018-04-17 09:28:21 - [MESSAGE][PASSED] - Browser is opened with url: ''

2018-04-17 09:28:21 - [TEST_STEP][PASSED] - navigateToUrl: Navigate to 'http://dev.providerlookup.ipro.org/' successfully

2018-04-17 09:28:23 - [MESSAGE][PASSED] - Navigate to 'http://dev.providerlookup.ipro.org/' successfully

2018-04-17 09:28:23 - [TEST_STEP][PASSED] - click: Object: 'Object Repository/Plans and Products/Page_PNDS (26)/a_Search by Health Plan' is clicked on

2018-04-17 09:28:24 - [MESSAGE][PASSED] - Object: 'Object Repository/Plans and Products/Page_PNDS (26)/a_Search by Health Plan' is clicked on

2018-04-17 09:28:24 - [TEST_STEP][PASSED] - selectOptionByValue: All options with value '0030' are selected in object 'Object Repository/Plans and Products/Page_PNDS (26)/select_--- Choose one ---Aetna'  using regular expression

2018-04-17 09:28:26 - [MESSAGE][PASSED] - All options with value '0030' are selected in object 'Object Repository/Plans and Products/Page_PNDS (26)/select_--- Choose one ---Aetna'  using regular expression

2018-04-17 09:28:26 - [TEST_STEP][PASSED] - selectOptionByValue: All options with value 'fida' are selected in object 'Object Repository/Plans and Products/Page_PNDS (26)/select_--- Choose One ---Elder'  using regular expression

2018-04-17 09:28:27 - [MESSAGE][PASSED] - All options with value 'fida' are selected in object 'Object Repository/Plans and Products/Page_PNDS (26)/select_--- Choose One ---Elder'  using regular expression

2018-04-17 09:28:27 - [TEST_STEP][PASSED] - selectOptionByValue: All options with value 'partialcaps' are selected in object 'Object Repository/Plans and Products/Page_PNDS (26)/select_--- Choose One ---Elder'  using regular expression

2018-04-17 09:28:27 - [MESSAGE][PASSED] - All options with value 'partialcaps' are selected in object 'Object Repository/Plans and Products/Page_PNDS (26)/select_--- Choose One ---Elder'  using regular expression

2018-04-17 09:28:27 - [TEST_STEP][PASSED] - selectOptionByValue: All options with value 'map' are selected in object 'Object Repository/Plans and Products/Page_PNDS (26)/select_--- Choose One ---Elder'  using regular expression

2018-04-17 09:28:28 - [MESSAGE][PASSED] - All options with value 'map' are selected in object 'Object Repository/Plans and Products/Page_PNDS (26)/select_--- Choose One ---Elder'  using regular expression

2018-04-17 09:28:28 - [TEST_STEP][PASSED] - closeBrowser: Browser is closed

2018-04-17 09:28:28 - [MESSAGE][PASSED] - Browser is closed]]></system-out>
         <system-err><![CDATA[]]></system-err>
      </testcase>
      <testcase name="Test Cases/Health Plans and their Products/ElderServe Health" classname="Test Cases/Health Plans and their Products/ElderServe Health" status="PASSED">
         <system-out><![CDATA[2018-04-17 09:28:28 - [TEST_CASE][PASSED] - Test Cases/Health Plans and their Products/ElderServe Health: Test Cases/Health Plans and their Products/ElderServe Health

2018-04-17 09:28:28 - [TEST_STEP][PASSED] - openBrowser: Browser is opened with url: ''

2018-04-17 09:28:31 - [MESSAGE][PASSED] - Browser is opened with url: ''

2018-04-17 09:28:31 - [TEST_STEP][PASSED] - navigateToUrl: Navigate to 'http://dev.providerlookup.ipro.org/' successfully

2018-04-17 09:28:33 - [MESSAGE][PASSED] - Navigate to 'http://dev.providerlookup.ipro.org/' successfully

2018-04-17 09:28:33 - [TEST_STEP][PASSED] - click: Object: 'Object Repository/Plans and Products/Page_PNDS (27)/a_Search by Health Plan' is clicked on

2018-04-17 09:28:34 - [MESSAGE][PASSED] - Object: 'Object Repository/Plans and Products/Page_PNDS (27)/a_Search by Health Plan' is clicked on

2018-04-17 09:28:34 - [TEST_STEP][PASSED] - selectOptionByValue: All options with value '0031' are selected in object 'Object Repository/Plans and Products/Page_PNDS (27)/select_--- Choose one ---Aetna'  using regular expression

2018-04-17 09:28:36 - [MESSAGE][PASSED] - All options with value '0031' are selected in object 'Object Repository/Plans and Products/Page_PNDS (27)/select_--- Choose one ---Aetna'  using regular expression

2018-04-17 09:28:36 - [TEST_STEP][PASSED] - selectOptionByValue: All options with value 'fida' are selected in object 'Object Repository/Plans and Products/Page_PNDS (27)/select_--- Choose One ---Elder'  using regular expression

2018-04-17 09:28:36 - [MESSAGE][PASSED] - All options with value 'fida' are selected in object 'Object Repository/Plans and Products/Page_PNDS (27)/select_--- Choose One ---Elder'  using regular expression

2018-04-17 09:28:36 - [TEST_STEP][PASSED] - selectOptionByValue: All options with value 'partialcaps' are selected in object 'Object Repository/Plans and Products/Page_PNDS (27)/select_--- Choose One ---Elder'  using regular expression

2018-04-17 09:28:37 - [MESSAGE][PASSED] - All options with value 'partialcaps' are selected in object 'Object Repository/Plans and Products/Page_PNDS (27)/select_--- Choose One ---Elder'  using regular expression

2018-04-17 09:28:37 - [TEST_STEP][PASSED] - closeBrowser: Browser is closed

2018-04-17 09:28:37 - [MESSAGE][PASSED] - Browser is closed]]></system-out>
         <system-err><![CDATA[]]></system-err>
      </testcase>
      <testcase name="Test Cases/Health Plans and their Products/Emblem Health" classname="Test Cases/Health Plans and their Products/Emblem Health" status="PASSED">
         <system-out><![CDATA[2018-04-17 09:28:37 - [TEST_CASE][PASSED] - Test Cases/Health Plans and their Products/Emblem Health: Test Cases/Health Plans and their Products/Emblem Health

2018-04-17 09:28:37 - [TEST_STEP][PASSED] - openBrowser: Browser is opened with url: ''

2018-04-17 09:28:40 - [MESSAGE][PASSED] - Browser is opened with url: ''

2018-04-17 09:28:40 - [TEST_STEP][PASSED] - navigateToUrl: Navigate to 'http://dev.providerlookup.ipro.org/' successfully

2018-04-17 09:28:42 - [MESSAGE][PASSED] - Navigate to 'http://dev.providerlookup.ipro.org/' successfully

2018-04-17 09:28:42 - [TEST_STEP][PASSED] - click: Object: 'Object Repository/Plans and Products/Page_PNDS (29)/a_Search by Health Plan' is clicked on

2018-04-17 09:28:43 - [MESSAGE][PASSED] - Object: 'Object Repository/Plans and Products/Page_PNDS (29)/a_Search by Health Plan' is clicked on

2018-04-17 09:28:43 - [TEST_STEP][PASSED] - selectOptionByValue: All options with value '0050' are selected in object 'Object Repository/Plans and Products/Page_PNDS (29)/select_--- Choose one ---Aetna'  using regular expression

2018-04-17 09:28:45 - [MESSAGE][PASSED] - All options with value '0050' are selected in object 'Object Repository/Plans and Products/Page_PNDS (29)/select_--- Choose one ---Aetna'  using regular expression

2018-04-17 09:28:45 - [TEST_STEP][PASSED] - selectOptionByValue: All options with value 'chpprovider' are selected in object 'Object Repository/Plans and Products/Page_PNDS (29)/select_--- Choose One ---Emble'  using regular expression

2018-04-17 09:28:45 - [MESSAGE][PASSED] - All options with value 'chpprovider' are selected in object 'Object Repository/Plans and Products/Page_PNDS (29)/select_--- Choose One ---Emble'  using regular expression

2018-04-17 09:28:45 - [TEST_STEP][PASSED] - selectOptionByValue: All options with value 'bhp,bhpplus' are selected in object 'Object Repository/Plans and Products/Page_PNDS (29)/select_--- Choose One ---Emble'  using regular expression

2018-04-17 09:28:46 - [MESSAGE][PASSED] - All options with value 'bhp,bhpplus' are selected in object 'Object Repository/Plans and Products/Page_PNDS (29)/select_--- Choose One ---Emble'  using regular expression

2018-04-17 09:28:46 - [TEST_STEP][PASSED] - selectOptionByValue: All options with value 'harp' are selected in object 'Object Repository/Plans and Products/Page_PNDS (29)/select_--- Choose One ---Emble'  using regular expression

2018-04-17 09:28:46 - [MESSAGE][PASSED] - All options with value 'harp' are selected in object 'Object Repository/Plans and Products/Page_PNDS (29)/select_--- Choose One ---Emble'  using regular expression

2018-04-17 09:28:46 - [TEST_STEP][PASSED] - selectOptionByValue: All options with value 'indivstplatinum,indivstgold,indivstsilver,indivstbronze,indivcatastrophic,indivstbronze,indivchildonlybronze,indivstsilver,indivchildonlysilver,indivstgold,indivchildonlygold,indivstplatinum,indivchildonlyplatinum,indivnonstsilver1,indivnonstsilver1,indivchildonlysilver,indivnonstbronze1,indivnonstbronze1,indivchildonlybronze' are selected in object 'Object Repository/Plans and Products/Page_PNDS (29)/select_--- Choose One ---Emble'  using regular expression

2018-04-17 09:28:47 - [MESSAGE][PASSED] - All options with value 'indivstplatinum,indivstgold,indivstsilver,indivstbronze,indivcatastrophic,indivstbronze,indivchildonlybronze,indivstsilver,indivchildonlysilver,indivstgold,indivchildonlygold,indivstplatinum,indivchildonlyplatinum,indivnonstsilver1,indivnonstsilver1,indivchildonlysilver,indivnonstbronze1,indivnonstbronze1,indivchildonlybronze' are selected in object 'Object Repository/Plans and Products/Page_PNDS (29)/select_--- Choose One ---Emble'  using regular expression

2018-04-17 09:28:47 - [TEST_STEP][PASSED] - selectOptionByValue: All options with value 'medicaidprovider' are selected in object 'Object Repository/Plans and Products/Page_PNDS (29)/select_--- Choose One ---Emble'  using regular expression

2018-04-17 09:28:48 - [MESSAGE][PASSED] - All options with value 'medicaidprovider' are selected in object 'Object Repository/Plans and Products/Page_PNDS (29)/select_--- Choose One ---Emble'  using regular expression

2018-04-17 09:28:48 - [TEST_STEP][PASSED] - selectOptionByValue: All options with value 'nonmcodental' are selected in object 'Object Repository/Plans and Products/Page_PNDS (29)/select_--- Choose One ---Emble'  using regular expression

2018-04-17 09:28:48 - [MESSAGE][PASSED] - All options with value 'nonmcodental' are selected in object 'Object Repository/Plans and Products/Page_PNDS (29)/select_--- Choose One ---Emble'  using regular expression

2018-04-17 09:28:48 - [TEST_STEP][PASSED] - selectOptionByValue: All options with value 'nonmcomedical' are selected in object 'Object Repository/Plans and Products/Page_PNDS (29)/select_--- Choose One ---Emble'  using regular expression

2018-04-17 09:28:49 - [MESSAGE][PASSED] - All options with value 'nonmcomedical' are selected in object 'Object Repository/Plans and Products/Page_PNDS (29)/select_--- Choose One ---Emble'  using regular expression

2018-04-17 09:28:49 - [TEST_STEP][PASSED] - selectOptionByValue: All options with value 'commercialprovider' are selected in object 'Object Repository/Plans and Products/Page_PNDS (29)/select_--- Choose One ---Emble'  using regular expression

2018-04-17 09:28:49 - [MESSAGE][PASSED] - All options with value 'commercialprovider' are selected in object 'Object Repository/Plans and Products/Page_PNDS (29)/select_--- Choose One ---Emble'  using regular expression

2018-04-17 09:28:49 - [TEST_STEP][PASSED] - closeBrowser: Browser is closed

2018-04-17 09:28:50 - [MESSAGE][PASSED] - Browser is closed]]></system-out>
         <system-err><![CDATA[]]></system-err>
      </testcase>
      <testcase name="Test Cases/Health Plans and their Products/Empire BCBS" classname="Test Cases/Health Plans and their Products/Empire BCBS" status="PASSED">
         <system-out><![CDATA[2018-04-17 09:28:50 - [TEST_CASE][PASSED] - Test Cases/Health Plans and their Products/Empire BCBS: Test Cases/Health Plans and their Products/Empire BCBS

2018-04-17 09:28:50 - [TEST_STEP][PASSED] - openBrowser: Browser is opened with url: ''

2018-04-17 09:28:53 - [MESSAGE][PASSED] - Browser is opened with url: ''

2018-04-17 09:28:53 - [TEST_STEP][PASSED] - navigateToUrl: Navigate to 'http://dev.providerlookup.ipro.org/' successfully

2018-04-17 09:28:55 - [MESSAGE][PASSED] - Navigate to 'http://dev.providerlookup.ipro.org/' successfully

2018-04-17 09:28:55 - [TEST_STEP][PASSED] - click: Object: 'Object Repository/Plans and Products/Page_PNDS (30)/a_Search by Health Plan' is clicked on

2018-04-17 09:28:56 - [MESSAGE][PASSED] - Object: 'Object Repository/Plans and Products/Page_PNDS (30)/a_Search by Health Plan' is clicked on

2018-04-17 09:28:56 - [TEST_STEP][PASSED] - selectOptionByValue: All options with value '0057' are selected in object 'Object Repository/Plans and Products/Page_PNDS (30)/select_--- Choose one ---Aetna'  using regular expression

2018-04-17 09:28:58 - [MESSAGE][PASSED] - All options with value '0057' are selected in object 'Object Repository/Plans and Products/Page_PNDS (30)/select_--- Choose one ---Aetna'  using regular expression

2018-04-17 09:28:58 - [TEST_STEP][PASSED] - selectOptionByValue: All options with value 'indivpeddentalhigh,indivpeddentalhigh,indivadultdental,indivadultdental,indivfamdental,indivfamdental,indivfamdental,indivfamdental' are selected in object 'Object Repository/Plans and Products/Page_PNDS (30)/select_--- Choose One ---Empir'  using regular expression

2018-04-17 09:28:59 - [MESSAGE][PASSED] - All options with value 'indivpeddentalhigh,indivpeddentalhigh,indivadultdental,indivadultdental,indivfamdental,indivfamdental,indivfamdental,indivfamdental' are selected in object 'Object Repository/Plans and Products/Page_PNDS (30)/select_--- Choose One ---Empir'  using regular expression

2018-04-17 09:28:59 - [TEST_STEP][PASSED] - selectOptionByValue: All options with value 'indivstbronze,indivstbronze,indivnonstbronze1,indivnonstbronze1,indivstsilver,indivstsilver,indivnonstsilver1,indivnonstsilver1,indivstgold,indivstgold,indivstplatinum,indivstplatinum,indivcatastrophic,indivcatastrophic,indivstbronze,indivstbronze,indivnonstbronze1,indivnonstbronze1,indivstsilver,indivstsilver,indivnonstsilver1,indivnonstsilver1,indivstgold,indivstgold,indivstplatinum,indivstplatinum,indivchildonlybronze,indivchildonlybronze,indivchildonlysilver,indivchildonlysilver,indivchildonlygold,indivchildonlygold,indivchildonlyplatinum,indivchildonlyplatinum,indivnonstgold1,indivnonstgold1,indivnonstgold1,indivnonstgold1,indivnonstplatinum1,indivnonstplatinum1,indivnonstplatinum1,indivnonstplatinum1,indivnonstsilver2,indivnonstsilver2,indivnonstsilver2,indivnonstsilver2,indivnonstbronze2,indivnonstbronze2,indivnonstbronze2,indivnonstbronze2,indivnonstgold2' are selected in object 'Object Repository/Plans and Products/Page_PNDS (30)/select_--- Choose One ---Empir'  using regular expression

2018-04-17 09:29:00 - [MESSAGE][PASSED] - All options with value 'indivstbronze,indivstbronze,indivnonstbronze1,indivnonstbronze1,indivstsilver,indivstsilver,indivnonstsilver1,indivnonstsilver1,indivstgold,indivstgold,indivstplatinum,indivstplatinum,indivcatastrophic,indivcatastrophic,indivstbronze,indivstbronze,indivnonstbronze1,indivnonstbronze1,indivstsilver,indivstsilver,indivnonstsilver1,indivnonstsilver1,indivstgold,indivstgold,indivstplatinum,indivstplatinum,indivchildonlybronze,indivchildonlybronze,indivchildonlysilver,indivchildonlysilver,indivchildonlygold,indivchildonlygold,indivchildonlyplatinum,indivchildonlyplatinum,indivnonstgold1,indivnonstgold1,indivnonstgold1,indivnonstgold1,indivnonstplatinum1,indivnonstplatinum1,indivnonstplatinum1,indivnonstplatinum1,indivnonstsilver2,indivnonstsilver2,indivnonstsilver2,indivnonstsilver2,indivnonstbronze2,indivnonstbronze2,indivnonstbronze2,indivnonstbronze2,indivnonstgold2' are selected in object 'Object Repository/Plans and Products/Page_PNDS (30)/select_--- Choose One ---Empir'  using regular expression

2018-04-17 09:29:00 - [TEST_STEP][PASSED] - selectOptionByValue: All options with value 'commercialprovider' are selected in object 'Object Repository/Plans and Products/Page_PNDS (30)/select_--- Choose One ---Empir'  using regular expression

2018-04-17 09:29:01 - [MESSAGE][PASSED] - All options with value 'commercialprovider' are selected in object 'Object Repository/Plans and Products/Page_PNDS (30)/select_--- Choose One ---Empir'  using regular expression

2018-04-17 09:29:01 - [TEST_STEP][PASSED] - selectOptionByValue: All options with value 'chpprovider' are selected in object 'Object Repository/Plans and Products/Page_PNDS (30)/select_--- Choose One ---Empir'  using regular expression

2018-04-17 09:29:01 - [MESSAGE][PASSED] - All options with value 'chpprovider' are selected in object 'Object Repository/Plans and Products/Page_PNDS (30)/select_--- Choose One ---Empir'  using regular expression

2018-04-17 09:29:01 - [TEST_STEP][PASSED] - selectOptionByValue: All options with value 'bhp,bhpplus' are selected in object 'Object Repository/Plans and Products/Page_PNDS (30)/select_--- Choose One ---Empir'  using regular expression

2018-04-17 09:29:02 - [MESSAGE][PASSED] - All options with value 'bhp,bhpplus' are selected in object 'Object Repository/Plans and Products/Page_PNDS (30)/select_--- Choose One ---Empir'  using regular expression

2018-04-17 09:29:02 - [TEST_STEP][PASSED] - selectOptionByValue: All options with value 'harp' are selected in object 'Object Repository/Plans and Products/Page_PNDS (30)/select_--- Choose One ---Empir'  using regular expression

2018-04-17 09:29:03 - [MESSAGE][PASSED] - All options with value 'harp' are selected in object 'Object Repository/Plans and Products/Page_PNDS (30)/select_--- Choose One ---Empir'  using regular expression

2018-04-17 09:29:03 - [TEST_STEP][PASSED] - selectOptionByValue: All options with value 'partialcaps' are selected in object 'Object Repository/Plans and Products/Page_PNDS (30)/select_--- Choose One ---Empir'  using regular expression

2018-04-17 09:29:03 - [MESSAGE][PASSED] - All options with value 'partialcaps' are selected in object 'Object Repository/Plans and Products/Page_PNDS (30)/select_--- Choose One ---Empir'  using regular expression

2018-04-17 09:29:03 - [TEST_STEP][PASSED] - selectOptionByValue: All options with value 'medicaidprovider' are selected in object 'Object Repository/Plans and Products/Page_PNDS (30)/select_--- Choose One ---Empir'  using regular expression

2018-04-17 09:29:04 - [MESSAGE][PASSED] - All options with value 'medicaidprovider' are selected in object 'Object Repository/Plans and Products/Page_PNDS (30)/select_--- Choose One ---Empir'  using regular expression

2018-04-17 09:29:04 - [TEST_STEP][PASSED] - selectOptionByValue: All options with value 'medicaidadvantage' are selected in object 'Object Repository/Plans and Products/Page_PNDS (30)/select_--- Choose One ---Empir'  using regular expression

2018-04-17 09:29:05 - [MESSAGE][PASSED] - All options with value 'medicaidadvantage' are selected in object 'Object Repository/Plans and Products/Page_PNDS (30)/select_--- Choose One ---Empir'  using regular expression

2018-04-17 09:29:05 - [TEST_STEP][PASSED] - selectOptionByValue: All options with value 'map' are selected in object 'Object Repository/Plans and Products/Page_PNDS (30)/select_--- Choose One ---Empir'  using regular expression

2018-04-17 09:29:06 - [MESSAGE][PASSED] - All options with value 'map' are selected in object 'Object Repository/Plans and Products/Page_PNDS (30)/select_--- Choose One ---Empir'  using regular expression

2018-04-17 09:29:06 - [TEST_STEP][PASSED] - selectOptionByValue: All options with value 'nonmcomedical' are selected in object 'Object Repository/Plans and Products/Page_PNDS (30)/select_--- Choose One ---Empir'  using regular expression

2018-04-17 09:29:06 - [MESSAGE][PASSED] - All options with value 'nonmcomedical' are selected in object 'Object Repository/Plans and Products/Page_PNDS (30)/select_--- Choose One ---Empir'  using regular expression

2018-04-17 09:29:06 - [TEST_STEP][PASSED] - selectOptionByValue: All options with value 'nonmcovision' are selected in object 'Object Repository/Plans and Products/Page_PNDS (30)/select_--- Choose One ---Empir'  using regular expression

2018-04-17 09:29:07 - [MESSAGE][PASSED] - All options with value 'nonmcovision' are selected in object 'Object Repository/Plans and Products/Page_PNDS (30)/select_--- Choose One ---Empir'  using regular expression

2018-04-17 09:29:07 - [TEST_STEP][PASSED] - selectOptionByValue: All options with value 'nonmcomedical,skp_012' are selected in object 'Object Repository/Plans and Products/Page_PNDS (30)/select_--- Choose One ---Empir'  using regular expression

2018-04-17 09:29:08 - [MESSAGE][PASSED] - All options with value 'nonmcomedical,skp_012' are selected in object 'Object Repository/Plans and Products/Page_PNDS (30)/select_--- Choose One ---Empir'  using regular expression

2018-04-17 09:29:08 - [TEST_STEP][PASSED] - selectOptionByValue: All options with value 'nonmcomedical,skp_013' are selected in object 'Object Repository/Plans and Products/Page_PNDS (30)/select_--- Choose One ---Empir'  using regular expression

2018-04-17 09:29:09 - [MESSAGE][PASSED] - All options with value 'nonmcomedical,skp_013' are selected in object 'Object Repository/Plans and Products/Page_PNDS (30)/select_--- Choose One ---Empir'  using regular expression

2018-04-17 09:29:09 - [TEST_STEP][PASSED] - closeBrowser: Browser is closed

2018-04-17 09:29:09 - [MESSAGE][PASSED] - Browser is closed]]></system-out>
         <system-err><![CDATA[]]></system-err>
      </testcase>
      <testcase name="Test Cases/Health Plans and their Products/Excellus BlueCross BlueShield" classname="Test Cases/Health Plans and their Products/Excellus BlueCross BlueShield" status="PASSED">
         <system-out><![CDATA[2018-04-17 09:29:09 - [TEST_CASE][PASSED] - Test Cases/Health Plans and their Products/Excellus BlueCross BlueShield: Test Cases/Health Plans and their Products/Excellus BlueCross BlueShield

2018-04-17 09:29:09 - [TEST_STEP][PASSED] - openBrowser: Browser is opened with url: ''

2018-04-17 09:29:12 - [MESSAGE][PASSED] - Browser is opened with url: ''

2018-04-17 09:29:12 - [TEST_STEP][PASSED] - navigateToUrl: Navigate to 'http://dev.providerlookup.ipro.org/' successfully

2018-04-17 09:29:14 - [MESSAGE][PASSED] - Navigate to 'http://dev.providerlookup.ipro.org/' successfully

2018-04-17 09:29:14 - [TEST_STEP][PASSED] - click: Object: 'Object Repository/Plans and Products/Page_PNDS (31)/a_Search by Health Plan' is clicked on

2018-04-17 09:29:15 - [MESSAGE][PASSED] - Object: 'Object Repository/Plans and Products/Page_PNDS (31)/a_Search by Health Plan' is clicked on

2018-04-17 09:29:15 - [TEST_STEP][PASSED] - selectOptionByValue: All options with value '0038' are selected in object 'Object Repository/Plans and Products/Page_PNDS (31)/select_--- Choose one ---Aetna'  using regular expression

2018-04-17 09:29:17 - [MESSAGE][PASSED] - All options with value '0038' are selected in object 'Object Repository/Plans and Products/Page_PNDS (31)/select_--- Choose one ---Aetna'  using regular expression

2018-04-17 09:29:17 - [TEST_STEP][PASSED] - selectOptionByValue: All options with value 'chpprovider' are selected in object 'Object Repository/Plans and Products/Page_PNDS (31)/select_--- Choose One ---Excel'  using regular expression

2018-04-17 09:29:18 - [MESSAGE][PASSED] - All options with value 'chpprovider' are selected in object 'Object Repository/Plans and Products/Page_PNDS (31)/select_--- Choose One ---Excel'  using regular expression

2018-04-17 09:29:18 - [TEST_STEP][PASSED] - selectOptionByValue: All options with value 'bhp,bhpplus' are selected in object 'Object Repository/Plans and Products/Page_PNDS (31)/select_--- Choose One ---Excel'  using regular expression

2018-04-17 09:29:18 - [MESSAGE][PASSED] - All options with value 'bhp,bhpplus' are selected in object 'Object Repository/Plans and Products/Page_PNDS (31)/select_--- Choose One ---Excel'  using regular expression

2018-04-17 09:29:18 - [TEST_STEP][PASSED] - selectOptionByValue: All options with value 'harp' are selected in object 'Object Repository/Plans and Products/Page_PNDS (31)/select_--- Choose One ---Excel'  using regular expression

2018-04-17 09:29:19 - [MESSAGE][PASSED] - All options with value 'harp' are selected in object 'Object Repository/Plans and Products/Page_PNDS (31)/select_--- Choose One ---Excel'  using regular expression

2018-04-17 09:29:19 - [TEST_STEP][PASSED] - selectOptionByValue: All options with value 'indivnonstgold2,indivnonstgold2,indivnonstsilver2,indivnonstsilver2' are selected in object 'Object Repository/Plans and Products/Page_PNDS (31)/select_--- Choose One ---Excel'  using regular expression

2018-04-17 09:29:19 - [MESSAGE][PASSED] - All options with value 'indivnonstgold2,indivnonstgold2,indivnonstsilver2,indivnonstsilver2' are selected in object 'Object Repository/Plans and Products/Page_PNDS (31)/select_--- Choose One ---Excel'  using regular expression

2018-04-17 09:29:19 - [TEST_STEP][PASSED] - selectOptionByValue: All options with value 'indivnonstgold3,indivnonstgold3,indivnonstsilver3,indivnonstsilver3' are selected in object 'Object Repository/Plans and Products/Page_PNDS (31)/select_--- Choose One ---Excel'  using regular expression

2018-04-17 09:29:20 - [MESSAGE][PASSED] - All options with value 'indivnonstgold3,indivnonstgold3,indivnonstsilver3,indivnonstsilver3' are selected in object 'Object Repository/Plans and Products/Page_PNDS (31)/select_--- Choose One ---Excel'  using regular expression

2018-04-17 09:29:20 - [TEST_STEP][PASSED] - selectOptionByValue: All options with value 'indivstplatinum,indivstplatinum,indivchildonlyplatinum,indivnonstplatinum1,indivnonstplatinum1,indivstgold,indivstgold,indivchildonlygold,indivstsilver,indivstsilver,indivchildonlysilver,indivnonstgold1,indivnonstgold1,indivstbronze,indivstbronze,indivchildonlybronze,indivnonstsilver1,indivnonstsilver1,indivnonstbronze1,indivnonstbronze1,indivstbronze,indivstbronze,indivchildonlybronze,indivcatastrophic' are selected in object 'Object Repository/Plans and Products/Page_PNDS (31)/select_--- Choose One ---Excel'  using regular expression

2018-04-17 09:29:21 - [MESSAGE][PASSED] - All options with value 'indivstplatinum,indivstplatinum,indivchildonlyplatinum,indivnonstplatinum1,indivnonstplatinum1,indivstgold,indivstgold,indivchildonlygold,indivstsilver,indivstsilver,indivchildonlysilver,indivnonstgold1,indivnonstgold1,indivstbronze,indivstbronze,indivchildonlybronze,indivnonstsilver1,indivnonstsilver1,indivnonstbronze1,indivnonstbronze1,indivstbronze,indivstbronze,indivchildonlybronze,indivcatastrophic' are selected in object 'Object Repository/Plans and Products/Page_PNDS (31)/select_--- Choose One ---Excel'  using regular expression

2018-04-17 09:29:21 - [TEST_STEP][PASSED] - selectOptionByValue: All options with value 'medicaidprovider' are selected in object 'Object Repository/Plans and Products/Page_PNDS (31)/select_--- Choose One ---Excel'  using regular expression

2018-04-17 09:29:21 - [MESSAGE][PASSED] - All options with value 'medicaidprovider' are selected in object 'Object Repository/Plans and Products/Page_PNDS (31)/select_--- Choose One ---Excel'  using regular expression

2018-04-17 09:29:21 - [TEST_STEP][PASSED] - selectOptionByValue: All options with value 'shopstbronze,shopstplatinum,shopstplatinum,shopstplatinum,shopstplatinum,shopstplatinum,shopstplatinum,shopstplatinum,shopstplatinum,shopnonstplatinum1,shopnonstplatinum1,shopnonstplatinum1,shopnonstplatinum1,shopnonstplatinum1,shopnonstplatinum1,shopnonstplatinum1,shopnonstplatinum1,shopnonstplatinum2,shopnonstplatinum2,shopnonstplatinum2,shopnonstplatinum2,shopnonstplatinum2,shopnonstplatinum2,shopnonstplatinum2,shopnonstplatinum2,shopnonstgold1,shopnonstgold1,shopnonstgold1,shopnonstgold1,shopnonstgold1,shopnonstgold1,shopnonstgold1,shopnonstgold1,shopstplatinum,shopstplatinum,shopstplatinum,shopstplatinum,shopstplatinum,shopstplatinum,shopstplatinum,shopstplatinum,shopstsilver,shopstsilver,shopstsilver,shopstsilver,shopstsilver,shopstsilver,shopstsilver,shopstsilver,shopstgold,shopstgold,shopstgold,shopstgold,shopstgold,shopstgold,shopstgold,shopstgold,shopnonstgold2,shopnonstgold2,shopnonstgold2,shopnonstgold2,shopnonstgold2,shopnonstgold2,shopnonstgold2,shopnonstgold2,shopstbronze,shopstbronze,shopstbro' are selected in object 'Object Repository/Plans and Products/Page_PNDS (31)/select_--- Choose One ---Excel'  using regular expression

2018-04-17 09:29:22 - [MESSAGE][PASSED] - All options with value 'shopstbronze,shopstplatinum,shopstplatinum,shopstplatinum,shopstplatinum,shopstplatinum,shopstplatinum,shopstplatinum,shopstplatinum,shopnonstplatinum1,shopnonstplatinum1,shopnonstplatinum1,shopnonstplatinum1,shopnonstplatinum1,shopnonstplatinum1,shopnonstplatinum1,shopnonstplatinum1,shopnonstplatinum2,shopnonstplatinum2,shopnonstplatinum2,shopnonstplatinum2,shopnonstplatinum2,shopnonstplatinum2,shopnonstplatinum2,shopnonstplatinum2,shopnonstgold1,shopnonstgold1,shopnonstgold1,shopnonstgold1,shopnonstgold1,shopnonstgold1,shopnonstgold1,shopnonstgold1,shopstplatinum,shopstplatinum,shopstplatinum,shopstplatinum,shopstplatinum,shopstplatinum,shopstplatinum,shopstplatinum,shopstsilver,shopstsilver,shopstsilver,shopstsilver,shopstsilver,shopstsilver,shopstsilver,shopstsilver,shopstgold,shopstgold,shopstgold,shopstgold,shopstgold,shopstgold,shopstgold,shopstgold,shopnonstgold2,shopnonstgold2,shopnonstgold2,shopnonstgold2,shopnonstgold2,shopnonstgold2,shopnonstgold2,shopnonstgold2,shopstbronze,shopstbronze,shopstbro' are selected in object 'Object Repository/Plans and Products/Page_PNDS (31)/select_--- Choose One ---Excel'  using regular expression

2018-04-17 09:29:22 - [TEST_STEP][PASSED] - selectOptionByValue: All options with value 'commercialprovider' are selected in object 'Object Repository/Plans and Products/Page_PNDS (31)/select_--- Choose One ---Excel'  using regular expression

2018-04-17 09:29:23 - [MESSAGE][PASSED] - All options with value 'commercialprovider' are selected in object 'Object Repository/Plans and Products/Page_PNDS (31)/select_--- Choose One ---Excel'  using regular expression

2018-04-17 09:29:23 - [TEST_STEP][PASSED] - closeBrowser: Browser is closed

2018-04-17 09:29:23 - [MESSAGE][PASSED] - Browser is closed]]></system-out>
         <system-err><![CDATA[]]></system-err>
      </testcase>
      <testcase name="Test Cases/Health Plans and their Products/Extended MLTC" classname="Test Cases/Health Plans and their Products/Extended MLTC" status="PASSED">
         <system-out><![CDATA[2018-04-17 09:29:23 - [TEST_CASE][PASSED] - Test Cases/Health Plans and their Products/Extended MLTC: Test Cases/Health Plans and their Products/Extended MLTC

2018-04-17 09:29:23 - [TEST_STEP][PASSED] - openBrowser: Browser is opened with url: ''

2018-04-17 09:29:26 - [MESSAGE][PASSED] - Browser is opened with url: ''

2018-04-17 09:29:26 - [TEST_STEP][PASSED] - navigateToUrl: Navigate to 'http://dev.providerlookup.ipro.org/' successfully

2018-04-17 09:29:29 - [MESSAGE][PASSED] - Navigate to 'http://dev.providerlookup.ipro.org/' successfully

2018-04-17 09:29:29 - [TEST_STEP][PASSED] - click: Object: 'Object Repository/Plans and Products/Page_PNDS (32)/a_Search by Health Plan' is clicked on

2018-04-17 09:29:30 - [MESSAGE][PASSED] - Object: 'Object Repository/Plans and Products/Page_PNDS (32)/a_Search by Health Plan' is clicked on

2018-04-17 09:29:30 - [TEST_STEP][PASSED] - selectOptionByValue: All options with value '0042' are selected in object 'Object Repository/Plans and Products/Page_PNDS (32)/select_--- Choose one ---Aetna'  using regular expression

2018-04-17 09:29:33 - [MESSAGE][PASSED] - All options with value '0042' are selected in object 'Object Repository/Plans and Products/Page_PNDS (32)/select_--- Choose one ---Aetna'  using regular expression

2018-04-17 09:29:33 - [TEST_STEP][PASSED] - selectOptionByValue: All options with value 'partialcaps' are selected in object 'Object Repository/Plans and Products/Page_PNDS (32)/select_--- Choose One ---Exten'  using regular expression

2018-04-17 09:29:33 - [MESSAGE][PASSED] - All options with value 'partialcaps' are selected in object 'Object Repository/Plans and Products/Page_PNDS (32)/select_--- Choose One ---Exten'  using regular expression

2018-04-17 09:29:33 - [TEST_STEP][PASSED] - closeBrowser: Browser is closed

2018-04-17 09:29:33 - [MESSAGE][PASSED] - Browser is closed]]></system-out>
         <system-err><![CDATA[]]></system-err>
      </testcase>
      <testcase name="Test Cases/Health Plans and their Products/Fallon Health Weinberg" classname="Test Cases/Health Plans and their Products/Fallon Health Weinberg" status="PASSED">
         <system-out><![CDATA[2018-04-17 09:29:33 - [TEST_CASE][PASSED] - Test Cases/Health Plans and their Products/Fallon Health Weinberg: Test Cases/Health Plans and their Products/Fallon Health Weinberg

2018-04-17 09:29:33 - [TEST_STEP][PASSED] - openBrowser: Browser is opened with url: ''

2018-04-17 09:29:36 - [MESSAGE][PASSED] - Browser is opened with url: ''

2018-04-17 09:29:36 - [TEST_STEP][PASSED] - navigateToUrl: Navigate to 'http://dev.providerlookup.ipro.org/' successfully

2018-04-17 09:29:38 - [MESSAGE][PASSED] - Navigate to 'http://dev.providerlookup.ipro.org/' successfully

2018-04-17 09:29:38 - [TEST_STEP][PASSED] - click: Object: 'Object Repository/Plans and Products/Page_PNDS (33)/a_Search by Health Plan' is clicked on

2018-04-17 09:29:39 - [MESSAGE][PASSED] - Object: 'Object Repository/Plans and Products/Page_PNDS (33)/a_Search by Health Plan' is clicked on

2018-04-17 09:29:39 - [TEST_STEP][PASSED] - selectOptionByValue: All options with value '0043' are selected in object 'Object Repository/Plans and Products/Page_PNDS (33)/select_--- Choose one ---Aetna'  using regular expression

2018-04-17 09:29:41 - [MESSAGE][PASSED] - All options with value '0043' are selected in object 'Object Repository/Plans and Products/Page_PNDS (33)/select_--- Choose one ---Aetna'  using regular expression

2018-04-17 09:29:41 - [TEST_STEP][PASSED] - selectOptionByValue: All options with value 'partialcaps' are selected in object 'Object Repository/Plans and Products/Page_PNDS (33)/select_--- Choose One ---Fallo'  using regular expression

2018-04-17 09:29:42 - [MESSAGE][PASSED] - All options with value 'partialcaps' are selected in object 'Object Repository/Plans and Products/Page_PNDS (33)/select_--- Choose One ---Fallo'  using regular expression

2018-04-17 09:29:42 - [TEST_STEP][PASSED] - selectOptionByValue: All options with value 'pace' are selected in object 'Object Repository/Plans and Products/Page_PNDS (33)/select_--- Choose One ---Fallo'  using regular expression

2018-04-17 09:29:42 - [MESSAGE][PASSED] - All options with value 'pace' are selected in object 'Object Repository/Plans and Products/Page_PNDS (33)/select_--- Choose One ---Fallo'  using regular expression

2018-04-17 09:29:42 - [TEST_STEP][PASSED] - closeBrowser: Browser is closed

2018-04-17 09:29:42 - [MESSAGE][PASSED] - Browser is closed]]></system-out>
         <system-err><![CDATA[]]></system-err>
      </testcase>
      <testcase name="Test Cases/Health Plans and their Products/Fidelis" classname="Test Cases/Health Plans and their Products/Fidelis" status="PASSED">
         <system-out><![CDATA[2018-04-17 09:29:42 - [TEST_CASE][PASSED] - Test Cases/Health Plans and their Products/Fidelis: Test Cases/Health Plans and their Products/Fidelis

2018-04-17 09:29:42 - [TEST_STEP][PASSED] - openBrowser: Browser is opened with url: ''

2018-04-17 09:29:45 - [MESSAGE][PASSED] - Browser is opened with url: ''

2018-04-17 09:29:45 - [TEST_STEP][PASSED] - navigateToUrl: Navigate to 'http://dev.providerlookup.ipro.org/' successfully

2018-04-17 09:29:48 - [MESSAGE][PASSED] - Navigate to 'http://dev.providerlookup.ipro.org/' successfully

2018-04-17 09:29:48 - [TEST_STEP][PASSED] - click: Object: 'Object Repository/Plans and Products/Page_PNDS (34)/a_Search by Health Plan' is clicked on

2018-04-17 09:29:48 - [MESSAGE][PASSED] - Object: 'Object Repository/Plans and Products/Page_PNDS (34)/a_Search by Health Plan' is clicked on

2018-04-17 09:29:48 - [TEST_STEP][PASSED] - selectOptionByValue: All options with value '0044' are selected in object 'Object Repository/Plans and Products/Page_PNDS (34)/select_--- Choose one ---Aetna'  using regular expression

2018-04-17 09:29:50 - [MESSAGE][PASSED] - All options with value '0044' are selected in object 'Object Repository/Plans and Products/Page_PNDS (34)/select_--- Choose one ---Aetna'  using regular expression

2018-04-17 09:29:50 - [TEST_STEP][PASSED] - selectOptionByValue: All options with value 'chpprovider' are selected in object 'Object Repository/Plans and Products/Page_PNDS (34)/select_--- Choose One ---Fidel'  using regular expression

2018-04-17 09:29:51 - [MESSAGE][PASSED] - All options with value 'chpprovider' are selected in object 'Object Repository/Plans and Products/Page_PNDS (34)/select_--- Choose One ---Fidel'  using regular expression

2018-04-17 09:29:51 - [TEST_STEP][PASSED] - selectOptionByValue: All options with value 'bhp,bhpplus' are selected in object 'Object Repository/Plans and Products/Page_PNDS (34)/select_--- Choose One ---Fidel'  using regular expression

2018-04-17 09:29:52 - [MESSAGE][PASSED] - All options with value 'bhp,bhpplus' are selected in object 'Object Repository/Plans and Products/Page_PNDS (34)/select_--- Choose One ---Fidel'  using regular expression

2018-04-17 09:29:52 - [TEST_STEP][PASSED] - selectOptionByValue: All options with value 'fida' are selected in object 'Object Repository/Plans and Products/Page_PNDS (34)/select_--- Choose One ---Fidel'  using regular expression

2018-04-17 09:29:52 - [MESSAGE][PASSED] - All options with value 'fida' are selected in object 'Object Repository/Plans and Products/Page_PNDS (34)/select_--- Choose One ---Fidel'  using regular expression

2018-04-17 09:29:52 - [TEST_STEP][PASSED] - selectOptionByValue: All options with value 'harp' are selected in object 'Object Repository/Plans and Products/Page_PNDS (34)/select_--- Choose One ---Fidel'  using regular expression

2018-04-17 09:29:53 - [MESSAGE][PASSED] - All options with value 'harp' are selected in object 'Object Repository/Plans and Products/Page_PNDS (34)/select_--- Choose One ---Fidel'  using regular expression

2018-04-17 09:29:53 - [TEST_STEP][PASSED] - selectOptionByValue: All options with value 'indivstbronze,indivstsilver,indivstgold,indivstplatinum,indivchildonlybronze,indivchildonlysilver,indivchildonlygold,indivchildonlyplatinum,indivcatastrophic,indivstbronze,indivstsilver,indivstgold,indivstplatinum' are selected in object 'Object Repository/Plans and Products/Page_PNDS (34)/select_--- Choose One ---Fidel'  using regular expression

2018-04-17 09:29:53 - [MESSAGE][PASSED] - All options with value 'indivstbronze,indivstsilver,indivstgold,indivstplatinum,indivchildonlybronze,indivchildonlysilver,indivchildonlygold,indivchildonlyplatinum,indivcatastrophic,indivstbronze,indivstsilver,indivstgold,indivstplatinum' are selected in object 'Object Repository/Plans and Products/Page_PNDS (34)/select_--- Choose One ---Fidel'  using regular expression

2018-04-17 09:29:53 - [TEST_STEP][PASSED] - selectOptionByValue: All options with value 'partialcaps' are selected in object 'Object Repository/Plans and Products/Page_PNDS (34)/select_--- Choose One ---Fidel'  using regular expression

2018-04-17 09:29:54 - [MESSAGE][PASSED] - All options with value 'partialcaps' are selected in object 'Object Repository/Plans and Products/Page_PNDS (34)/select_--- Choose One ---Fidel'  using regular expression

2018-04-17 09:29:54 - [TEST_STEP][PASSED] - selectOptionByValue: All options with value 'medicaidprovider' are selected in object 'Object Repository/Plans and Products/Page_PNDS (34)/select_--- Choose One ---Fidel'  using regular expression

2018-04-17 09:29:55 - [MESSAGE][PASSED] - All options with value 'medicaidprovider' are selected in object 'Object Repository/Plans and Products/Page_PNDS (34)/select_--- Choose One ---Fidel'  using regular expression

2018-04-17 09:29:55 - [TEST_STEP][PASSED] - selectOptionByValue: All options with value 'medicaidadvantage' are selected in object 'Object Repository/Plans and Products/Page_PNDS (34)/select_--- Choose One ---Fidel'  using regular expression

2018-04-17 09:29:55 - [MESSAGE][PASSED] - All options with value 'medicaidadvantage' are selected in object 'Object Repository/Plans and Products/Page_PNDS (34)/select_--- Choose One ---Fidel'  using regular expression

2018-04-17 09:29:55 - [TEST_STEP][PASSED] - selectOptionByValue: All options with value 'map' are selected in object 'Object Repository/Plans and Products/Page_PNDS (34)/select_--- Choose One ---Fidel'  using regular expression

2018-04-17 09:29:56 - [MESSAGE][PASSED] - All options with value 'map' are selected in object 'Object Repository/Plans and Products/Page_PNDS (34)/select_--- Choose One ---Fidel'  using regular expression

2018-04-17 09:29:56 - [TEST_STEP][PASSED] - closeBrowser: Browser is closed

2018-04-17 09:29:56 - [MESSAGE][PASSED] - Browser is closed]]></system-out>
         <system-err><![CDATA[]]></system-err>
      </testcase>
      <testcase name="Test Cases/Health Plans and their Products/Fidelity Security" classname="Test Cases/Health Plans and their Products/Fidelity Security" status="PASSED">
         <system-out><![CDATA[2018-04-17 09:29:56 - [TEST_CASE][PASSED] - Test Cases/Health Plans and their Products/Fidelity Security: Test Cases/Health Plans and their Products/Fidelity Security

2018-04-17 09:29:56 - [TEST_STEP][PASSED] - openBrowser: Browser is opened with url: ''

2018-04-17 09:29:59 - [MESSAGE][PASSED] - Browser is opened with url: ''

2018-04-17 09:29:59 - [TEST_STEP][PASSED] - navigateToUrl: Navigate to 'http://dev.providerlookup.ipro.org/' successfully

2018-04-17 09:30:01 - [MESSAGE][PASSED] - Navigate to 'http://dev.providerlookup.ipro.org/' successfully

2018-04-17 09:30:01 - [TEST_STEP][PASSED] - click: Object: 'Object Repository/Plans and Products/Page_PNDS (35)/a_Search by Health Plan' is clicked on

2018-04-17 09:30:02 - [MESSAGE][PASSED] - Object: 'Object Repository/Plans and Products/Page_PNDS (35)/a_Search by Health Plan' is clicked on

2018-04-17 09:30:02 - [TEST_STEP][PASSED] - selectOptionByValue: All options with value '0045' are selected in object 'Object Repository/Plans and Products/Page_PNDS (35)/select_--- Choose one ---Aetna'  using regular expression

2018-04-17 09:30:04 - [MESSAGE][PASSED] - All options with value '0045' are selected in object 'Object Repository/Plans and Products/Page_PNDS (35)/select_--- Choose one ---Aetna'  using regular expression

2018-04-17 09:30:04 - [TEST_STEP][PASSED] - selectOptionByValue: All options with value 'nonmcovision' are selected in object 'Object Repository/Plans and Products/Page_PNDS (35)/select_--- Choose One ---Fidel'  using regular expression

2018-04-17 09:30:05 - [MESSAGE][PASSED] - All options with value 'nonmcovision' are selected in object 'Object Repository/Plans and Products/Page_PNDS (35)/select_--- Choose One ---Fidel'  using regular expression

2018-04-17 09:30:05 - [TEST_STEP][PASSED] - selectOptionByValue: All options with value 'nonmcovision,skp_001' are selected in object 'Object Repository/Plans and Products/Page_PNDS (35)/select_--- Choose One ---Fidel'  using regular expression

2018-04-17 09:30:05 - [MESSAGE][PASSED] - All options with value 'nonmcovision,skp_001' are selected in object 'Object Repository/Plans and Products/Page_PNDS (35)/select_--- Choose One ---Fidel'  using regular expression

2018-04-17 09:30:05 - [TEST_STEP][PASSED] - selectOptionByValue: All options with value 'nonmcovision,skp_002' are selected in object 'Object Repository/Plans and Products/Page_PNDS (35)/select_--- Choose One ---Fidel'  using regular expression

2018-04-17 09:30:06 - [MESSAGE][PASSED] - All options with value 'nonmcovision,skp_002' are selected in object 'Object Repository/Plans and Products/Page_PNDS (35)/select_--- Choose One ---Fidel'  using regular expression

2018-04-17 09:30:06 - [TEST_STEP][PASSED] - selectOptionByValue: All options with value 'nonmcovision,skp_003' are selected in object 'Object Repository/Plans and Products/Page_PNDS (35)/select_--- Choose One ---Fidel'  using regular expression

2018-04-17 09:30:06 - [MESSAGE][PASSED] - All options with value 'nonmcovision,skp_003' are selected in object 'Object Repository/Plans and Products/Page_PNDS (35)/select_--- Choose One ---Fidel'  using regular expression

2018-04-17 09:30:06 - [TEST_STEP][PASSED] - selectOptionByValue: All options with value 'nonmcovision,skp_004' are selected in object 'Object Repository/Plans and Products/Page_PNDS (35)/select_--- Choose One ---Fidel'  using regular expression

2018-04-17 09:30:07 - [MESSAGE][PASSED] - All options with value 'nonmcovision,skp_004' are selected in object 'Object Repository/Plans and Products/Page_PNDS (35)/select_--- Choose One ---Fidel'  using regular expression

2018-04-17 09:30:07 - [TEST_STEP][PASSED] - closeBrowser: Browser is closed

2018-04-17 09:30:07 - [MESSAGE][PASSED] - Browser is closed]]></system-out>
         <system-err><![CDATA[]]></system-err>
      </testcase>
      <testcase name="Test Cases/Health Plans and their Products/First Reliance" classname="Test Cases/Health Plans and their Products/First Reliance" status="PASSED">
         <system-out><![CDATA[2018-04-17 09:30:07 - [TEST_CASE][PASSED] - Test Cases/Health Plans and their Products/First Reliance: Test Cases/Health Plans and their Products/First Reliance

2018-04-17 09:30:07 - [TEST_STEP][PASSED] - openBrowser: Browser is opened with url: ''

2018-04-17 09:30:10 - [MESSAGE][PASSED] - Browser is opened with url: ''

2018-04-17 09:30:10 - [TEST_STEP][PASSED] - navigateToUrl: Navigate to 'http://dev.providerlookup.ipro.org/' successfully

2018-04-17 09:30:12 - [MESSAGE][PASSED] - Navigate to 'http://dev.providerlookup.ipro.org/' successfully

2018-04-17 09:30:12 - [TEST_STEP][PASSED] - click: Object: 'Object Repository/Plans and Products/Page_PNDS (36)/a_Search by Health Plan' is clicked on

2018-04-17 09:30:13 - [MESSAGE][PASSED] - Object: 'Object Repository/Plans and Products/Page_PNDS (36)/a_Search by Health Plan' is clicked on

2018-04-17 09:30:13 - [TEST_STEP][PASSED] - selectOptionByValue: All options with value '0138' are selected in object 'Object Repository/Plans and Products/Page_PNDS (36)/select_--- Choose one ---Aetna'  using regular expression

2018-04-17 09:30:15 - [MESSAGE][PASSED] - All options with value '0138' are selected in object 'Object Repository/Plans and Products/Page_PNDS (36)/select_--- Choose one ---Aetna'  using regular expression

2018-04-17 09:30:15 - [TEST_STEP][PASSED] - selectOptionByValue: All options with value 'nonmcodental' are selected in object 'Object Repository/Plans and Products/Page_PNDS (36)/select_--- Choose One ---First'  using regular expression

2018-04-17 09:30:16 - [MESSAGE][PASSED] - All options with value 'nonmcodental' are selected in object 'Object Repository/Plans and Products/Page_PNDS (36)/select_--- Choose One ---First'  using regular expression

2018-04-17 09:30:16 - [TEST_STEP][PASSED] - selectOptionByValue: All options with value 'nonmcovision' are selected in object 'Object Repository/Plans and Products/Page_PNDS (36)/select_--- Choose One ---First'  using regular expression

2018-04-17 09:30:16 - [MESSAGE][PASSED] - All options with value 'nonmcovision' are selected in object 'Object Repository/Plans and Products/Page_PNDS (36)/select_--- Choose One ---First'  using regular expression

2018-04-17 09:30:16 - [TEST_STEP][PASSED] - selectOptionByValue: All options with value 'nonmcovision,skp_002' are selected in object 'Object Repository/Plans and Products/Page_PNDS (36)/select_--- Choose One ---First'  using regular expression

2018-04-17 09:30:17 - [MESSAGE][PASSED] - All options with value 'nonmcovision,skp_002' are selected in object 'Object Repository/Plans and Products/Page_PNDS (36)/select_--- Choose One ---First'  using regular expression

2018-04-17 09:30:17 - [TEST_STEP][PASSED] - selectOptionByValue: All options with value 'nonmcodental,skp_003' are selected in object 'Object Repository/Plans and Products/Page_PNDS (36)/select_--- Choose One ---First'  using regular expression

2018-04-17 09:30:17 - [MESSAGE][PASSED] - All options with value 'nonmcodental,skp_003' are selected in object 'Object Repository/Plans and Products/Page_PNDS (36)/select_--- Choose One ---First'  using regular expression

2018-04-17 09:30:17 - [TEST_STEP][PASSED] - selectOptionByValue: All options with value 'nonmcovision,skp_004' are selected in object 'Object Repository/Plans and Products/Page_PNDS (36)/select_--- Choose One ---First'  using regular expression

2018-04-17 09:30:18 - [MESSAGE][PASSED] - All options with value 'nonmcovision,skp_004' are selected in object 'Object Repository/Plans and Products/Page_PNDS (36)/select_--- Choose One ---First'  using regular expression

2018-04-17 09:30:18 - [TEST_STEP][PASSED] - selectOptionByValue: All options with value 'nonmcovision,skp_005' are selected in object 'Object Repository/Plans and Products/Page_PNDS (36)/select_--- Choose One ---First'  using regular expression

2018-04-17 09:30:19 - [MESSAGE][PASSED] - All options with value 'nonmcovision,skp_005' are selected in object 'Object Repository/Plans and Products/Page_PNDS (36)/select_--- Choose One ---First'  using regular expression

2018-04-17 09:30:19 - [TEST_STEP][PASSED] - closeBrowser: Browser is closed

2018-04-17 09:30:19 - [MESSAGE][PASSED] - Browser is closed]]></system-out>
         <system-err><![CDATA[]]></system-err>
      </testcase>
      <testcase name="Test Cases/Health Plans and their Products/Gerber Life insurance" classname="Test Cases/Health Plans and their Products/Gerber Life insurance" status="PASSED">
         <system-out><![CDATA[2018-04-17 09:30:19 - [TEST_CASE][PASSED] - Test Cases/Health Plans and their Products/Gerber Life insurance: Test Cases/Health Plans and their Products/Gerber Life insurance

2018-04-17 09:30:19 - [TEST_STEP][PASSED] - openBrowser: Browser is opened with url: ''

2018-04-17 09:30:22 - [MESSAGE][PASSED] - Browser is opened with url: ''

2018-04-17 09:30:22 - [TEST_STEP][PASSED] - navigateToUrl: Navigate to 'http://dev.providerlookup.ipro.org/' successfully

2018-04-17 09:30:24 - [MESSAGE][PASSED] - Navigate to 'http://dev.providerlookup.ipro.org/' successfully

2018-04-17 09:30:24 - [TEST_STEP][PASSED] - click: Object: 'Object Repository/Plans and Products/Page_PNDS (37)/a_Search by Health Plan' is clicked on

2018-04-17 09:30:25 - [MESSAGE][PASSED] - Object: 'Object Repository/Plans and Products/Page_PNDS (37)/a_Search by Health Plan' is clicked on

2018-04-17 09:30:25 - [TEST_STEP][PASSED] - selectOptionByValue: All options with value '0046' are selected in object 'Object Repository/Plans and Products/Page_PNDS (37)/select_--- Choose one ---Aetna'  using regular expression

2018-04-17 09:30:27 - [MESSAGE][PASSED] - All options with value '0046' are selected in object 'Object Repository/Plans and Products/Page_PNDS (37)/select_--- Choose one ---Aetna'  using regular expression

2018-04-17 09:30:27 - [TEST_STEP][PASSED] - selectOptionByValue: All options with value 'nonmcovision' are selected in object 'Object Repository/Plans and Products/Page_PNDS (37)/select_--- Choose One ---Gerbe'  using regular expression

2018-04-17 09:30:27 - [MESSAGE][PASSED] - All options with value 'nonmcovision' are selected in object 'Object Repository/Plans and Products/Page_PNDS (37)/select_--- Choose One ---Gerbe'  using regular expression

2018-04-17 09:30:27 - [TEST_STEP][PASSED] - closeBrowser: Browser is closed

2018-04-17 09:30:27 - [MESSAGE][PASSED] - Browser is closed]]></system-out>
         <system-err><![CDATA[]]></system-err>
      </testcase>
      <testcase name="Test Cases/Health Plans and their Products/Guardian Life insurance" classname="Test Cases/Health Plans and their Products/Guardian Life insurance" status="PASSED">
         <system-out><![CDATA[2018-04-17 09:30:27 - [TEST_CASE][PASSED] - Test Cases/Health Plans and their Products/Guardian Life insurance: Test Cases/Health Plans and their Products/Guardian Life insurance

2018-04-17 09:30:28 - [TEST_STEP][PASSED] - openBrowser: Browser is opened with url: ''

2018-04-17 09:30:31 - [MESSAGE][PASSED] - Browser is opened with url: ''

2018-04-17 09:30:31 - [TEST_STEP][PASSED] - navigateToUrl: Navigate to 'http://dev.providerlookup.ipro.org/' successfully

2018-04-17 09:30:32 - [MESSAGE][PASSED] - Navigate to 'http://dev.providerlookup.ipro.org/' successfully

2018-04-17 09:30:32 - [TEST_STEP][PASSED] - click: Object: 'Object Repository/Plans and Products/Page_PNDS (38)/a_Search by Health Plan' is clicked on

2018-04-17 09:30:33 - [MESSAGE][PASSED] - Object: 'Object Repository/Plans and Products/Page_PNDS (38)/a_Search by Health Plan' is clicked on

2018-04-17 09:30:33 - [TEST_STEP][PASSED] - selectOptionByValue: All options with value '0047' are selected in object 'Object Repository/Plans and Products/Page_PNDS (38)/select_--- Choose one ---Aetna'  using regular expression

2018-04-17 09:30:36 - [MESSAGE][PASSED] - All options with value '0047' are selected in object 'Object Repository/Plans and Products/Page_PNDS (38)/select_--- Choose one ---Aetna'  using regular expression

2018-04-17 09:30:36 - [TEST_STEP][PASSED] - selectOptionByValue: All options with value 'nonmcodental' are selected in object 'Object Repository/Plans and Products/Page_PNDS (38)/select_--- Choose One ---Guard'  using regular expression

2018-04-17 09:30:36 - [MESSAGE][PASSED] - All options with value 'nonmcodental' are selected in object 'Object Repository/Plans and Products/Page_PNDS (38)/select_--- Choose One ---Guard'  using regular expression

2018-04-17 09:30:36 - [TEST_STEP][PASSED] - selectOptionByValue: All options with value 'indivfamdental,indivpeddentallow' are selected in object 'Object Repository/Plans and Products/Page_PNDS (38)/select_--- Choose One ---Guard'  using regular expression

2018-04-17 09:30:36 - [MESSAGE][PASSED] - All options with value 'indivfamdental,indivpeddentallow' are selected in object 'Object Repository/Plans and Products/Page_PNDS (38)/select_--- Choose One ---Guard'  using regular expression

2018-04-17 09:30:36 - [TEST_STEP][PASSED] - selectOptionByValue: All options with value 'indivadultdental,indivpeddentalhigh' are selected in object 'Object Repository/Plans and Products/Page_PNDS (38)/select_--- Choose One ---Guard'  using regular expression

2018-04-17 09:30:37 - [MESSAGE][PASSED] - All options with value 'indivadultdental,indivpeddentalhigh' are selected in object 'Object Repository/Plans and Products/Page_PNDS (38)/select_--- Choose One ---Guard'  using regular expression

2018-04-17 09:30:37 - [TEST_STEP][PASSED] - selectOptionByValue: All options with value 'shopadultdental,shopfamdental,shoppeddentalhigh,shoppeddentallow' are selected in object 'Object Repository/Plans and Products/Page_PNDS (38)/select_--- Choose One ---Guard'  using regular expression

2018-04-17 09:30:37 - [MESSAGE][PASSED] - All options with value 'shopadultdental,shopfamdental,shoppeddentalhigh,shoppeddentallow' are selected in object 'Object Repository/Plans and Products/Page_PNDS (38)/select_--- Choose One ---Guard'  using regular expression

2018-04-17 09:30:37 - [TEST_STEP][PASSED] - closeBrowser: Browser is closed

2018-04-17 09:30:38 - [MESSAGE][PASSED] - Browser is closed]]></system-out>
         <system-err><![CDATA[]]></system-err>
      </testcase>
      <testcase name="Test Cases/Health Plans and their Products/Guildnet" classname="Test Cases/Health Plans and their Products/Guildnet" status="PASSED">
         <system-out><![CDATA[2018-04-17 09:30:38 - [TEST_CASE][PASSED] - Test Cases/Health Plans and their Products/Guildnet: Test Cases/Health Plans and their Products/Guildnet

2018-04-17 09:30:38 - [TEST_STEP][PASSED] - openBrowser: Browser is opened with url: ''

2018-04-17 09:30:40 - [MESSAGE][PASSED] - Browser is opened with url: ''

2018-04-17 09:30:40 - [TEST_STEP][PASSED] - navigateToUrl: Navigate to 'http://dev.providerlookup.ipro.org/' successfully

2018-04-17 09:30:42 - [MESSAGE][PASSED] - Navigate to 'http://dev.providerlookup.ipro.org/' successfully

2018-04-17 09:30:42 - [TEST_STEP][PASSED] - click: Object: 'Object Repository/Plans and Products/Page_PNDS (39)/a_Search by Health Plan' is clicked on

2018-04-17 09:30:43 - [MESSAGE][PASSED] - Object: 'Object Repository/Plans and Products/Page_PNDS (39)/a_Search by Health Plan' is clicked on

2018-04-17 09:30:43 - [TEST_STEP][PASSED] - selectOptionByValue: All options with value '0048' are selected in object 'Object Repository/Plans and Products/Page_PNDS (39)/select_--- Choose one ---Aetna'  using regular expression

2018-04-17 09:30:45 - [MESSAGE][PASSED] - All options with value '0048' are selected in object 'Object Repository/Plans and Products/Page_PNDS (39)/select_--- Choose one ---Aetna'  using regular expression

2018-04-17 09:30:45 - [TEST_STEP][PASSED] - selectOptionByValue: All options with value 'fida' are selected in object 'Object Repository/Plans and Products/Page_PNDS (39)/select_--- Choose One ---Guild'  using regular expression

2018-04-17 09:30:46 - [MESSAGE][PASSED] - All options with value 'fida' are selected in object 'Object Repository/Plans and Products/Page_PNDS (39)/select_--- Choose One ---Guild'  using regular expression

2018-04-17 09:30:46 - [TEST_STEP][PASSED] - selectOptionByValue: All options with value 'partialcaps' are selected in object 'Object Repository/Plans and Products/Page_PNDS (39)/select_--- Choose One ---Guild'  using regular expression

2018-04-17 09:30:46 - [MESSAGE][PASSED] - All options with value 'partialcaps' are selected in object 'Object Repository/Plans and Products/Page_PNDS (39)/select_--- Choose One ---Guild'  using regular expression

2018-04-17 09:30:46 - [TEST_STEP][PASSED] - selectOptionByValue: All options with value 'medicaidadvantage' are selected in object 'Object Repository/Plans and Products/Page_PNDS (39)/select_--- Choose One ---Guild'  using regular expression

2018-04-17 09:30:47 - [MESSAGE][PASSED] - All options with value 'medicaidadvantage' are selected in object 'Object Repository/Plans and Products/Page_PNDS (39)/select_--- Choose One ---Guild'  using regular expression

2018-04-17 09:30:47 - [TEST_STEP][PASSED] - selectOptionByValue: All options with value 'map' are selected in object 'Object Repository/Plans and Products/Page_PNDS (39)/select_--- Choose One ---Guild'  using regular expression

2018-04-17 09:30:47 - [MESSAGE][PASSED] - All options with value 'map' are selected in object 'Object Repository/Plans and Products/Page_PNDS (39)/select_--- Choose One ---Guild'  using regular expression

2018-04-17 09:30:47 - [TEST_STEP][PASSED] - closeBrowser: Browser is closed

2018-04-17 09:30:47 - [MESSAGE][PASSED] - Browser is closed]]></system-out>
         <system-err><![CDATA[]]></system-err>
      </testcase>
      <testcase name="Test Cases/Health Plans and their Products/Hamaspik Choice" classname="Test Cases/Health Plans and their Products/Hamaspik Choice" status="PASSED">
         <system-out><![CDATA[2018-04-17 09:30:47 - [TEST_CASE][PASSED] - Test Cases/Health Plans and their Products/Hamaspik Choice: Test Cases/Health Plans and their Products/Hamaspik Choice

2018-04-17 09:30:47 - [TEST_STEP][PASSED] - openBrowser: Browser is opened with url: ''

2018-04-17 09:30:50 - [MESSAGE][PASSED] - Browser is opened with url: ''

2018-04-17 09:30:50 - [TEST_STEP][PASSED] - navigateToUrl: Navigate to 'http://dev.providerlookup.ipro.org/' successfully

2018-04-17 09:30:52 - [MESSAGE][PASSED] - Navigate to 'http://dev.providerlookup.ipro.org/' successfully

2018-04-17 09:30:52 - [TEST_STEP][PASSED] - click: Object: 'Object Repository/Plans and Products/Page_PNDS (40)/a_Search by Health Plan' is clicked on

2018-04-17 09:30:53 - [MESSAGE][PASSED] - Object: 'Object Repository/Plans and Products/Page_PNDS (40)/a_Search by Health Plan' is clicked on

2018-04-17 09:30:53 - [TEST_STEP][PASSED] - selectOptionByValue: All options with value '0049' are selected in object 'Object Repository/Plans and Products/Page_PNDS (40)/select_--- Choose one ---Aetna'  using regular expression

2018-04-17 09:30:55 - [MESSAGE][PASSED] - All options with value '0049' are selected in object 'Object Repository/Plans and Products/Page_PNDS (40)/select_--- Choose one ---Aetna'  using regular expression

2018-04-17 09:30:55 - [TEST_STEP][PASSED] - selectOptionByValue: All options with value 'partialcaps' are selected in object 'Object Repository/Plans and Products/Page_PNDS (40)/select_--- Choose One ---Hamas'  using regular expression

2018-04-17 09:30:56 - [MESSAGE][PASSED] - All options with value 'partialcaps' are selected in object 'Object Repository/Plans and Products/Page_PNDS (40)/select_--- Choose One ---Hamas'  using regular expression

2018-04-17 09:30:56 - [TEST_STEP][PASSED] - closeBrowser: Browser is closed

2018-04-17 09:30:56 - [MESSAGE][PASSED] - Browser is closed]]></system-out>
         <system-err><![CDATA[]]></system-err>
      </testcase>
      <testcase name="Test Cases/Health Plans and their Products/Health Plex" classname="Test Cases/Health Plans and their Products/Health Plex" status="PASSED">
         <system-out><![CDATA[2018-04-17 09:30:56 - [TEST_CASE][PASSED] - Test Cases/Health Plans and their Products/Health Plex: Test Cases/Health Plans and their Products/Health Plex

2018-04-17 09:30:56 - [TEST_STEP][PASSED] - openBrowser: Browser is opened with url: ''

2018-04-17 09:30:59 - [MESSAGE][PASSED] - Browser is opened with url: ''

2018-04-17 09:30:59 - [TEST_STEP][PASSED] - navigateToUrl: Navigate to 'http://dev.providerlookup.ipro.org/' successfully

2018-04-17 09:31:01 - [MESSAGE][PASSED] - Navigate to 'http://dev.providerlookup.ipro.org/' successfully

2018-04-17 09:31:01 - [TEST_STEP][PASSED] - click: Object: 'Object Repository/Plans and Products/Page_PNDS (41)/a_Search by Health Plan' is clicked on

2018-04-17 09:31:02 - [MESSAGE][PASSED] - Object: 'Object Repository/Plans and Products/Page_PNDS (41)/a_Search by Health Plan' is clicked on

2018-04-17 09:31:02 - [TEST_STEP][PASSED] - selectOptionByValue: All options with value '0056' are selected in object 'Object Repository/Plans and Products/Page_PNDS (41)/select_--- Choose one ---Aetna'  using regular expression

2018-04-17 09:31:04 - [MESSAGE][PASSED] - All options with value '0056' are selected in object 'Object Repository/Plans and Products/Page_PNDS (41)/select_--- Choose one ---Aetna'  using regular expression

2018-04-17 09:31:04 - [TEST_STEP][PASSED] - selectOptionByValue: All options with value 'shopadultdental,shoppeddentallow,shopfamdental' are selected in object 'Object Repository/Plans and Products/Page_PNDS (41)/select_--- Choose One ---Healt'  using regular expression

2018-04-17 09:31:05 - [MESSAGE][PASSED] - All options with value 'shopadultdental,shoppeddentallow,shopfamdental' are selected in object 'Object Repository/Plans and Products/Page_PNDS (41)/select_--- Choose One ---Healt'  using regular expression

2018-04-17 09:31:05 - [TEST_STEP][PASSED] - selectOptionByValue: All options with value 'indivadultdental,indivpeddentallow,indivfamdental' are selected in object 'Object Repository/Plans and Products/Page_PNDS (41)/select_--- Choose One ---Healt'  using regular expression

2018-04-17 09:31:05 - [MESSAGE][PASSED] - All options with value 'indivadultdental,indivpeddentallow,indivfamdental' are selected in object 'Object Repository/Plans and Products/Page_PNDS (41)/select_--- Choose One ---Healt'  using regular expression

2018-04-17 09:31:05 - [TEST_STEP][PASSED] - closeBrowser: Browser is closed

2018-04-17 09:31:05 - [MESSAGE][PASSED] - Browser is closed]]></system-out>
         <system-err><![CDATA[]]></system-err>
      </testcase>
      <testcase name="Test Cases/Health Plans and their Products/HealthFirst" classname="Test Cases/Health Plans and their Products/HealthFirst" status="PASSED">
         <system-out><![CDATA[2018-04-17 09:31:05 - [TEST_CASE][PASSED] - Test Cases/Health Plans and their Products/HealthFirst: Test Cases/Health Plans and their Products/HealthFirst

2018-04-17 09:31:06 - [TEST_STEP][PASSED] - openBrowser: Browser is opened with url: ''

2018-04-17 09:31:09 - [MESSAGE][PASSED] - Browser is opened with url: ''

2018-04-17 09:31:09 - [TEST_STEP][PASSED] - navigateToUrl: Navigate to 'http://dev.providerlookup.ipro.org/' successfully

2018-04-17 09:31:10 - [MESSAGE][PASSED] - Navigate to 'http://dev.providerlookup.ipro.org/' successfully

2018-04-17 09:31:10 - [TEST_STEP][PASSED] - click: Object: 'Object Repository/Plans and Products/Page_PNDS (42)/a_Search by Health Plan' is clicked on

2018-04-17 09:31:11 - [MESSAGE][PASSED] - Object: 'Object Repository/Plans and Products/Page_PNDS (42)/a_Search by Health Plan' is clicked on

2018-04-17 09:31:11 - [TEST_STEP][PASSED] - selectOptionByValue: All options with value '0052' are selected in object 'Object Repository/Plans and Products/Page_PNDS (42)/select_--- Choose one ---Aetna'  using regular expression

2018-04-17 09:31:14 - [MESSAGE][PASSED] - All options with value '0052' are selected in object 'Object Repository/Plans and Products/Page_PNDS (42)/select_--- Choose one ---Aetna'  using regular expression

2018-04-17 09:31:14 - [TEST_STEP][PASSED] - selectOptionByValue: All options with value 'chpprovider' are selected in object 'Object Repository/Plans and Products/Page_PNDS (42)/select_--- Choose One ---Healt'  using regular expression

2018-04-17 09:31:14 - [MESSAGE][PASSED] - All options with value 'chpprovider' are selected in object 'Object Repository/Plans and Products/Page_PNDS (42)/select_--- Choose One ---Healt'  using regular expression

2018-04-17 09:31:14 - [TEST_STEP][PASSED] - selectOptionByValue: All options with value 'bhp,bhpplus' are selected in object 'Object Repository/Plans and Products/Page_PNDS (42)/select_--- Choose One ---Healt'  using regular expression

2018-04-17 09:31:15 - [MESSAGE][PASSED] - All options with value 'bhp,bhpplus' are selected in object 'Object Repository/Plans and Products/Page_PNDS (42)/select_--- Choose One ---Healt'  using regular expression

2018-04-17 09:31:15 - [TEST_STEP][PASSED] - selectOptionByValue: All options with value 'fida' are selected in object 'Object Repository/Plans and Products/Page_PNDS (42)/select_--- Choose One ---Healt'  using regular expression

2018-04-17 09:31:15 - [MESSAGE][PASSED] - All options with value 'fida' are selected in object 'Object Repository/Plans and Products/Page_PNDS (42)/select_--- Choose One ---Healt'  using regular expression

2018-04-17 09:31:15 - [TEST_STEP][PASSED] - selectOptionByValue: All options with value 'harp' are selected in object 'Object Repository/Plans and Products/Page_PNDS (42)/select_--- Choose One ---Healt'  using regular expression

2018-04-17 09:31:16 - [MESSAGE][PASSED] - All options with value 'harp' are selected in object 'Object Repository/Plans and Products/Page_PNDS (42)/select_--- Choose One ---Healt'  using regular expression

2018-04-17 09:31:16 - [TEST_STEP][PASSED] - selectOptionByValue: All options with value 'indivstbronze,indivstbronze,indivstsilver,indivstsilver,indivstgold,indivstgold,indivstplatinum,indivstplatinum,indivcatastrophic,indivchildonlybronze,indivchildonlysilver,indivchildonlygold,indivchildonlyplatinum,indivnonstbronze1,indivnonstbronze1,indivnonstsilver1,indivnonstsilver1,indivnonstgold1,indivnonstgold1,indivnonstplatinum1,indivnonstplatinum1' are selected in object 'Object Repository/Plans and Products/Page_PNDS (42)/select_--- Choose One ---Healt'  using regular expression

2018-04-17 09:31:16 - [MESSAGE][PASSED] - All options with value 'indivstbronze,indivstbronze,indivstsilver,indivstsilver,indivstgold,indivstgold,indivstplatinum,indivstplatinum,indivcatastrophic,indivchildonlybronze,indivchildonlysilver,indivchildonlygold,indivchildonlyplatinum,indivnonstbronze1,indivnonstbronze1,indivnonstsilver1,indivnonstsilver1,indivnonstgold1,indivnonstgold1,indivnonstplatinum1,indivnonstplatinum1' are selected in object 'Object Repository/Plans and Products/Page_PNDS (42)/select_--- Choose One ---Healt'  using regular expression

2018-04-17 09:31:16 - [TEST_STEP][PASSED] - selectOptionByValue: All options with value 'partialcaps' are selected in object 'Object Repository/Plans and Products/Page_PNDS (42)/select_--- Choose One ---Healt'  using regular expression

2018-04-17 09:31:17 - [MESSAGE][PASSED] - All options with value 'partialcaps' are selected in object 'Object Repository/Plans and Products/Page_PNDS (42)/select_--- Choose One ---Healt'  using regular expression

2018-04-17 09:31:17 - [TEST_STEP][PASSED] - selectOptionByValue: All options with value 'medicaidprovider' are selected in object 'Object Repository/Plans and Products/Page_PNDS (42)/select_--- Choose One ---Healt'  using regular expression

2018-04-17 09:31:18 - [MESSAGE][PASSED] - All options with value 'medicaidprovider' are selected in object 'Object Repository/Plans and Products/Page_PNDS (42)/select_--- Choose One ---Healt'  using regular expression

2018-04-17 09:31:18 - [TEST_STEP][PASSED] - selectOptionByValue: All options with value 'map' are selected in object 'Object Repository/Plans and Products/Page_PNDS (42)/select_--- Choose One ---Healt'  using regular expression

2018-04-17 09:31:18 - [MESSAGE][PASSED] - All options with value 'map' are selected in object 'Object Repository/Plans and Products/Page_PNDS (42)/select_--- Choose One ---Healt'  using regular expression

2018-04-17 09:31:18 - [TEST_STEP][PASSED] - selectOptionByValue: All options with value 'nonmcomedical' are selected in object 'Object Repository/Plans and Products/Page_PNDS (42)/select_--- Choose One ---Healt'  using regular expression

2018-04-17 09:31:19 - [MESSAGE][PASSED] - All options with value 'nonmcomedical' are selected in object 'Object Repository/Plans and Products/Page_PNDS (42)/select_--- Choose One ---Healt'  using regular expression

2018-04-17 09:31:19 - [TEST_STEP][PASSED] - selectOptionByValue: All options with value 'commercialprovider' are selected in object 'Object Repository/Plans and Products/Page_PNDS (42)/select_--- Choose One ---Healt'  using regular expression

2018-04-17 09:31:20 - [MESSAGE][PASSED] - All options with value 'commercialprovider' are selected in object 'Object Repository/Plans and Products/Page_PNDS (42)/select_--- Choose One ---Healt'  using regular expression

2018-04-17 09:31:20 - [TEST_STEP][PASSED] - closeBrowser: Browser is closed

2018-04-17 09:31:20 - [MESSAGE][PASSED] - Browser is closed]]></system-out>
         <system-err><![CDATA[]]></system-err>
      </testcase>
      <testcase name="Test Cases/Health Plans and their Products/Humana" classname="Test Cases/Health Plans and their Products/Humana" status="PASSED">
         <system-out><![CDATA[2018-04-17 09:31:20 - [TEST_CASE][PASSED] - Test Cases/Health Plans and their Products/Humana: Test Cases/Health Plans and their Products/Humana

2018-04-17 09:31:20 - [TEST_STEP][PASSED] - openBrowser: Browser is opened with url: ''

2018-04-17 09:31:23 - [MESSAGE][PASSED] - Browser is opened with url: ''

2018-04-17 09:31:23 - [TEST_STEP][PASSED] - navigateToUrl: Navigate to 'http://dev.providerlookup.ipro.org/' successfully

2018-04-17 09:31:25 - [MESSAGE][PASSED] - Navigate to 'http://dev.providerlookup.ipro.org/' successfully

2018-04-17 09:31:25 - [TEST_STEP][PASSED] - click: Object: 'Object Repository/Plans and Products/Page_PNDS (43)/a_Search by Health Plan' is clicked on

2018-04-17 09:31:26 - [MESSAGE][PASSED] - Object: 'Object Repository/Plans and Products/Page_PNDS (43)/a_Search by Health Plan' is clicked on

2018-04-17 09:31:26 - [TEST_STEP][PASSED] - selectOptionByValue: All options with value '0161' are selected in object 'Object Repository/Plans and Products/Page_PNDS (43)/select_--- Choose one ---Aetna'  using regular expression

2018-04-17 09:31:29 - [MESSAGE][PASSED] - All options with value '0161' are selected in object 'Object Repository/Plans and Products/Page_PNDS (43)/select_--- Choose one ---Aetna'  using regular expression

2018-04-17 09:31:29 - [TEST_STEP][PASSED] - selectOptionByValue: All options with value 'nonmcodental' are selected in object 'Object Repository/Plans and Products/Page_PNDS (43)/select_--- Choose One ---Human'  using regular expression

2018-04-17 09:31:29 - [MESSAGE][PASSED] - All options with value 'nonmcodental' are selected in object 'Object Repository/Plans and Products/Page_PNDS (43)/select_--- Choose One ---Human'  using regular expression

2018-04-17 09:31:29 - [TEST_STEP][PASSED] - selectOptionByValue: All options with value 'nonmcovision' are selected in object 'Object Repository/Plans and Products/Page_PNDS (43)/select_--- Choose One ---Human'  using regular expression

2018-04-17 09:31:29 - [MESSAGE][PASSED] - All options with value 'nonmcovision' are selected in object 'Object Repository/Plans and Products/Page_PNDS (43)/select_--- Choose One ---Human'  using regular expression

2018-04-17 09:31:29 - [TEST_STEP][PASSED] - selectOptionByValue: All options with value 'nonmcovision,skp_002' are selected in object 'Object Repository/Plans and Products/Page_PNDS (43)/select_--- Choose One ---Human'  using regular expression

2018-04-17 09:31:30 - [MESSAGE][PASSED] - All options with value 'nonmcovision,skp_002' are selected in object 'Object Repository/Plans and Products/Page_PNDS (43)/select_--- Choose One ---Human'  using regular expression

2018-04-17 09:31:30 - [TEST_STEP][PASSED] - closeBrowser: Browser is closed

2018-04-17 09:31:30 - [MESSAGE][PASSED] - Browser is closed]]></system-out>
         <system-err><![CDATA[]]></system-err>
      </testcase>
      <testcase name="Test Cases/Health Plans and their Products/Icircle" classname="Test Cases/Health Plans and their Products/Icircle" status="PASSED">
         <system-out><![CDATA[2018-04-17 09:31:30 - [TEST_CASE][PASSED] - Test Cases/Health Plans and their Products/Icircle: Test Cases/Health Plans and their Products/Icircle

2018-04-17 09:31:30 - [TEST_STEP][PASSED] - openBrowser: Browser is opened with url: ''

2018-04-17 09:31:33 - [MESSAGE][PASSED] - Browser is opened with url: ''

2018-04-17 09:31:33 - [TEST_STEP][PASSED] - navigateToUrl: Navigate to 'http://dev.providerlookup.ipro.org/' successfully

2018-04-17 09:31:35 - [MESSAGE][PASSED] - Navigate to 'http://dev.providerlookup.ipro.org/' successfully

2018-04-17 09:31:35 - [TEST_STEP][PASSED] - click: Object: 'Object Repository/Plans and Products/Page_PNDS (44)/a_Search by Health Plan' is clicked on

2018-04-17 09:31:36 - [MESSAGE][PASSED] - Object: 'Object Repository/Plans and Products/Page_PNDS (44)/a_Search by Health Plan' is clicked on

2018-04-17 09:31:36 - [TEST_STEP][PASSED] - selectOptionByValue: All options with value '0058' are selected in object 'Object Repository/Plans and Products/Page_PNDS (44)/select_--- Choose one ---Aetna'  using regular expression

2018-04-17 09:31:39 - [MESSAGE][PASSED] - All options with value '0058' are selected in object 'Object Repository/Plans and Products/Page_PNDS (44)/select_--- Choose one ---Aetna'  using regular expression

2018-04-17 09:31:39 - [TEST_STEP][PASSED] - selectOptionByValue: All options with value 'partialcaps' are selected in object 'Object Repository/Plans and Products/Page_PNDS (44)/select_--- Choose One ---ICirc'  using regular expression

2018-04-17 09:31:39 - [MESSAGE][PASSED] - All options with value 'partialcaps' are selected in object 'Object Repository/Plans and Products/Page_PNDS (44)/select_--- Choose One ---ICirc'  using regular expression

2018-04-17 09:31:39 - [TEST_STEP][PASSED] - closeBrowser: Browser is closed

2018-04-17 09:31:39 - [MESSAGE][PASSED] - Browser is closed]]></system-out>
         <system-err><![CDATA[]]></system-err>
      </testcase>
      <testcase name="Test Cases/Health Plans and their Products/Independence American Insurance Company" classname="Test Cases/Health Plans and their Products/Independence American Insurance Company" status="PASSED">
         <system-out><![CDATA[2018-04-17 09:31:39 - [TEST_CASE][PASSED] - Test Cases/Health Plans and their Products/Independence American Insurance Company: Test Cases/Health Plans and their Products/Independence American Insurance Company

2018-04-17 09:31:39 - [TEST_STEP][PASSED] - openBrowser: Browser is opened with url: ''

2018-04-17 09:31:42 - [MESSAGE][PASSED] - Browser is opened with url: ''

2018-04-17 09:31:42 - [TEST_STEP][PASSED] - navigateToUrl: Navigate to 'http://dev.providerlookup.ipro.org/' successfully

2018-04-17 09:31:44 - [MESSAGE][PASSED] - Navigate to 'http://dev.providerlookup.ipro.org/' successfully

2018-04-17 09:31:44 - [TEST_STEP][PASSED] - click: Object: 'Object Repository/Plans and Products/Page_PNDS (45)/a_Search by Health Plan' is clicked on

2018-04-17 09:31:45 - [MESSAGE][PASSED] - Object: 'Object Repository/Plans and Products/Page_PNDS (45)/a_Search by Health Plan' is clicked on

2018-04-17 09:31:45 - [TEST_STEP][PASSED] - selectOptionByValue: All options with value '0134' are selected in object 'Object Repository/Plans and Products/Page_PNDS (45)/select_--- Choose one ---Aetna'  using regular expression

2018-04-17 09:31:47 - [MESSAGE][PASSED] - All options with value '0134' are selected in object 'Object Repository/Plans and Products/Page_PNDS (45)/select_--- Choose one ---Aetna'  using regular expression

2018-04-17 09:31:47 - [TEST_STEP][PASSED] - selectOptionByValue: All options with value 'nonmcovision' are selected in object 'Object Repository/Plans and Products/Page_PNDS (45)/select_--- Choose One ---Indep'  using regular expression

2018-04-17 09:31:48 - [MESSAGE][PASSED] - All options with value 'nonmcovision' are selected in object 'Object Repository/Plans and Products/Page_PNDS (45)/select_--- Choose One ---Indep'  using regular expression

2018-04-17 09:31:48 - [TEST_STEP][PASSED] - selectOptionByValue: All options with value 'nonmcodental' are selected in object 'Object Repository/Plans and Products/Page_PNDS (45)/select_--- Choose One ---Indep'  using regular expression

2018-04-17 09:31:48 - [MESSAGE][PASSED] - All options with value 'nonmcodental' are selected in object 'Object Repository/Plans and Products/Page_PNDS (45)/select_--- Choose One ---Indep'  using regular expression

2018-04-17 09:31:48 - [TEST_STEP][PASSED] - closeBrowser: Browser is closed

2018-04-17 09:31:49 - [MESSAGE][PASSED] - Browser is closed]]></system-out>
         <system-err><![CDATA[]]></system-err>
      </testcase>
      <testcase name="Test Cases/Health Plans and their Products/Independent Health Benefits" classname="Test Cases/Health Plans and their Products/Independent Health Benefits" status="PASSED">
         <system-out><![CDATA[2018-04-17 09:31:49 - [TEST_CASE][PASSED] - Test Cases/Health Plans and their Products/Independent Health Benefits: Test Cases/Health Plans and their Products/Independent Health Benefits

2018-04-17 09:31:49 - [TEST_STEP][PASSED] - openBrowser: Browser is opened with url: ''

2018-04-17 09:31:52 - [MESSAGE][PASSED] - Browser is opened with url: ''

2018-04-17 09:31:52 - [TEST_STEP][PASSED] - navigateToUrl: Navigate to 'http://dev.providerlookup.ipro.org/' successfully

2018-04-17 09:31:53 - [MESSAGE][PASSED] - Navigate to 'http://dev.providerlookup.ipro.org/' successfully

2018-04-17 09:31:53 - [TEST_STEP][PASSED] - click: Object: 'Object Repository/Plans and Products/Page_PNDS (46)/a_Search by Health Plan' is clicked on

2018-04-17 09:31:54 - [MESSAGE][PASSED] - Object: 'Object Repository/Plans and Products/Page_PNDS (46)/a_Search by Health Plan' is clicked on

2018-04-17 09:31:54 - [TEST_STEP][PASSED] - selectOptionByValue: All options with value '0060' are selected in object 'Object Repository/Plans and Products/Page_PNDS (46)/select_--- Choose one ---Aetna'  using regular expression

2018-04-17 09:31:57 - [MESSAGE][PASSED] - All options with value '0060' are selected in object 'Object Repository/Plans and Products/Page_PNDS (46)/select_--- Choose one ---Aetna'  using regular expression

2018-04-17 09:31:57 - [TEST_STEP][PASSED] - selectOptionByValue: All options with value 'chpprovider' are selected in object 'Object Repository/Plans and Products/Page_PNDS (46)/select_--- Choose One ---Indep'  using regular expression

2018-04-17 09:31:57 - [MESSAGE][PASSED] - All options with value 'chpprovider' are selected in object 'Object Repository/Plans and Products/Page_PNDS (46)/select_--- Choose One ---Indep'  using regular expression

2018-04-17 09:31:57 - [TEST_STEP][PASSED] - selectOptionByValue: All options with value 'bhp' are selected in object 'Object Repository/Plans and Products/Page_PNDS (46)/select_--- Choose One ---Indep'  using regular expression

2018-04-17 09:31:58 - [MESSAGE][PASSED] - All options with value 'bhp' are selected in object 'Object Repository/Plans and Products/Page_PNDS (46)/select_--- Choose One ---Indep'  using regular expression

2018-04-17 09:31:58 - [TEST_STEP][PASSED] - selectOptionByValue: All options with value 'harp' are selected in object 'Object Repository/Plans and Products/Page_PNDS (46)/select_--- Choose One ---Indep'  using regular expression

2018-04-17 09:31:58 - [MESSAGE][PASSED] - All options with value 'harp' are selected in object 'Object Repository/Plans and Products/Page_PNDS (46)/select_--- Choose One ---Indep'  using regular expression

2018-04-17 09:31:58 - [TEST_STEP][PASSED] - selectOptionByValue: All options with value 'indivnonstplatinum2,indivnonstplatinum2,indivnonstgold2,indivnonstgold2' are selected in object 'Object Repository/Plans and Products/Page_PNDS (46)/select_--- Choose One ---Indep'  using regular expression

2018-04-17 09:31:59 - [MESSAGE][PASSED] - All options with value 'indivnonstplatinum2,indivnonstplatinum2,indivnonstgold2,indivnonstgold2' are selected in object 'Object Repository/Plans and Products/Page_PNDS (46)/select_--- Choose One ---Indep'  using regular expression

2018-04-17 09:31:59 - [TEST_STEP][PASSED] - selectOptionByValue: All options with value 'indivstplatinum,indivstplatinum,indivchildonlyplatinum,indivnonstplatinum1,indivnonstplatinum1,indivstgold,indivstgold,indivchildonlygold,indivnonstgold1,indivnonstgold1,indivstsilver,indivstsilver,indivchildonlysilver,indivnonstsilver1,indivnonstsilver1,indivcatastrophic,indivnonstbronze2,indivstbronze,indivstbronze,indivchildonlybronze,indivnonstbronze1,indivnonstbronze1' are selected in object 'Object Repository/Plans and Products/Page_PNDS (46)/select_--- Choose One ---Indep'  using regular expression

2018-04-17 09:32:00 - [MESSAGE][PASSED] - All options with value 'indivstplatinum,indivstplatinum,indivchildonlyplatinum,indivnonstplatinum1,indivnonstplatinum1,indivstgold,indivstgold,indivchildonlygold,indivnonstgold1,indivnonstgold1,indivstsilver,indivstsilver,indivchildonlysilver,indivnonstsilver1,indivnonstsilver1,indivcatastrophic,indivnonstbronze2,indivstbronze,indivstbronze,indivchildonlybronze,indivnonstbronze1,indivnonstbronze1' are selected in object 'Object Repository/Plans and Products/Page_PNDS (46)/select_--- Choose One ---Indep'  using regular expression

2018-04-17 09:32:00 - [TEST_STEP][PASSED] - selectOptionByValue: All options with value 'medicaidprovider' are selected in object 'Object Repository/Plans and Products/Page_PNDS (46)/select_--- Choose One ---Indep'  using regular expression

2018-04-17 09:32:00 - [MESSAGE][PASSED] - All options with value 'medicaidprovider' are selected in object 'Object Repository/Plans and Products/Page_PNDS (46)/select_--- Choose One ---Indep'  using regular expression

2018-04-17 09:32:00 - [TEST_STEP][PASSED] - selectOptionByValue: All options with value 'shopnonstplatinum2,shopnonstplatinum2,shopnonstplatinum2,shopnonstplatinum2,shopnonstplatinum2,shopnonstplatinum2,shopnonstplatinum2,shopnonstplatinum2,shopnonstgold2,shopnonstgold2,shopnonstgold2,shopnonstgold2,shopnonstgold2,shopnonstgold2,shopnonstgold2,shopnonstgold2,shopnonstsilver2,shopnonstsilver2,shopnonstsilver2,shopnonstsilver2,shopnonstsilver2,shopnonstsilver2,shopnonstsilver2,shopnonstsilver2' are selected in object 'Object Repository/Plans and Products/Page_PNDS (46)/select_--- Choose One ---Indep'  using regular expression

2018-04-17 09:32:01 - [MESSAGE][PASSED] - All options with value 'shopnonstplatinum2,shopnonstplatinum2,shopnonstplatinum2,shopnonstplatinum2,shopnonstplatinum2,shopnonstplatinum2,shopnonstplatinum2,shopnonstplatinum2,shopnonstgold2,shopnonstgold2,shopnonstgold2,shopnonstgold2,shopnonstgold2,shopnonstgold2,shopnonstgold2,shopnonstgold2,shopnonstsilver2,shopnonstsilver2,shopnonstsilver2,shopnonstsilver2,shopnonstsilver2,shopnonstsilver2,shopnonstsilver2,shopnonstsilver2' are selected in object 'Object Repository/Plans and Products/Page_PNDS (46)/select_--- Choose One ---Indep'  using regular expression

2018-04-17 09:32:01 - [TEST_STEP][PASSED] - selectOptionByValue: All options with value 'shopstplatinum,shopstplatinum,shopstplatinum,shopstplatinum,shopstplatinum,shopstplatinum,shopstplatinum,shopstplatinum,shopnonstplatinum3,shopnonstplatinum3,shopnonstplatinum3,shopnonstplatinum3,shopnonstplatinum3,shopnonstplatinum3,shopnonstplatinum3,shopnonstplatinum3,shopnonstplatinum1,shopnonstplatinum1,shopnonstplatinum1,shopnonstplatinum1,shopnonstplatinum1,shopnonstplatinum1,shopnonstplatinum1,shopnonstplatinum1,shopstgold,shopstgold,shopstgold,shopstgold,shopstgold,shopstgold,shopstgold,shopstgold,shopnonstgold1,shopnonstgold1,shopnonstgold1,shopnonstgold1,shopnonstgold1,shopnonstgold1,shopnonstgold1,shopnonstgold1,shopstsilver,shopstsilver,shopstsilver,shopstsilver,shopstsilver,shopstsilver,shopstsilver,shopstsilver,shopnonstsilver1,shopnonstsilver1,shopnonstsilver1,shopnonstsilver1,shopnonstsilver1,shopnonstsilver1,shopnonstsilver1,shopnonstsilver1,shopnonstsilver3,shopnonstsilver3,shopnonstsilver3,shopnonstsilver3,shopnonstsilver3,shopnonstsilver3,shopnonstsilver3,shopnonstsilver3,shopstbronze,sho' are selected in object 'Object Repository/Plans and Products/Page_PNDS (46)/select_--- Choose One ---Indep'  using regular expression

2018-04-17 09:32:02 - [MESSAGE][PASSED] - All options with value 'shopstplatinum,shopstplatinum,shopstplatinum,shopstplatinum,shopstplatinum,shopstplatinum,shopstplatinum,shopstplatinum,shopnonstplatinum3,shopnonstplatinum3,shopnonstplatinum3,shopnonstplatinum3,shopnonstplatinum3,shopnonstplatinum3,shopnonstplatinum3,shopnonstplatinum3,shopnonstplatinum1,shopnonstplatinum1,shopnonstplatinum1,shopnonstplatinum1,shopnonstplatinum1,shopnonstplatinum1,shopnonstplatinum1,shopnonstplatinum1,shopstgold,shopstgold,shopstgold,shopstgold,shopstgold,shopstgold,shopstgold,shopstgold,shopnonstgold1,shopnonstgold1,shopnonstgold1,shopnonstgold1,shopnonstgold1,shopnonstgold1,shopnonstgold1,shopnonstgold1,shopstsilver,shopstsilver,shopstsilver,shopstsilver,shopstsilver,shopstsilver,shopstsilver,shopstsilver,shopnonstsilver1,shopnonstsilver1,shopnonstsilver1,shopnonstsilver1,shopnonstsilver1,shopnonstsilver1,shopnonstsilver1,shopnonstsilver1,shopnonstsilver3,shopnonstsilver3,shopnonstsilver3,shopnonstsilver3,shopnonstsilver3,shopnonstsilver3,shopnonstsilver3,shopnonstsilver3,shopstbronze,sho' are selected in object 'Object Repository/Plans and Products/Page_PNDS (46)/select_--- Choose One ---Indep'  using regular expression

2018-04-17 09:32:02 - [TEST_STEP][PASSED] - selectOptionByValue: All options with value 'commercialprovider' are selected in object 'Object Repository/Plans and Products/Page_PNDS (46)/select_--- Choose One ---Indep'  using regular expression

2018-04-17 09:32:02 - [MESSAGE][PASSED] - All options with value 'commercialprovider' are selected in object 'Object Repository/Plans and Products/Page_PNDS (46)/select_--- Choose One ---Indep'  using regular expression

2018-04-17 09:32:02 - [TEST_STEP][PASSED] - closeBrowser: Browser is closed

2018-04-17 09:32:02 - [MESSAGE][PASSED] - Browser is closed]]></system-out>
         <system-err><![CDATA[]]></system-err>
      </testcase>
      <testcase name="Test Cases/Health Plans and their Products/Independent Living for Seniors" classname="Test Cases/Health Plans and their Products/Independent Living for Seniors" status="PASSED">
         <system-out><![CDATA[2018-04-17 09:32:02 - [TEST_CASE][PASSED] - Test Cases/Health Plans and their Products/Independent Living for Seniors: Test Cases/Health Plans and their Products/Independent Living for Seniors

2018-04-17 09:32:03 - [TEST_STEP][PASSED] - openBrowser: Browser is opened with url: ''

2018-04-17 09:32:06 - [MESSAGE][PASSED] - Browser is opened with url: ''

2018-04-17 09:32:06 - [TEST_STEP][PASSED] - navigateToUrl: Navigate to 'http://dev.providerlookup.ipro.org/' successfully

2018-04-17 09:32:10 - [MESSAGE][PASSED] - Navigate to 'http://dev.providerlookup.ipro.org/' successfully

2018-04-17 09:32:10 - [TEST_STEP][PASSED] - click: Object: 'Object Repository/Plans and Products/Page_PNDS (47)/a_Search by Health Plan' is clicked on

2018-04-17 09:32:11 - [MESSAGE][PASSED] - Object: 'Object Repository/Plans and Products/Page_PNDS (47)/a_Search by Health Plan' is clicked on

2018-04-17 09:32:11 - [TEST_STEP][PASSED] - selectOptionByValue: All options with value '0061' are selected in object 'Object Repository/Plans and Products/Page_PNDS (47)/select_--- Choose one ---Aetna'  using regular expression

2018-04-17 09:32:14 - [MESSAGE][PASSED] - All options with value '0061' are selected in object 'Object Repository/Plans and Products/Page_PNDS (47)/select_--- Choose one ---Aetna'  using regular expression

2018-04-17 09:32:14 - [TEST_STEP][PASSED] - selectOptionByValue: All options with value 'pace' are selected in object 'Object Repository/Plans and Products/Page_PNDS (47)/select_--- Choose One ---Indep'  using regular expression

2018-04-17 09:32:14 - [MESSAGE][PASSED] - All options with value 'pace' are selected in object 'Object Repository/Plans and Products/Page_PNDS (47)/select_--- Choose One ---Indep'  using regular expression

2018-04-17 09:32:14 - [TEST_STEP][PASSED] - closeBrowser: Browser is closed

2018-04-17 09:32:14 - [MESSAGE][PASSED] - Browser is closed]]></system-out>
         <system-err><![CDATA[]]></system-err>
      </testcase>
      <testcase name="Test Cases/Health Plans and their Products/Integra MLTC inc" classname="Test Cases/Health Plans and their Products/Integra MLTC inc" status="PASSED">
         <system-out><![CDATA[2018-04-17 09:32:14 - [TEST_CASE][PASSED] - Test Cases/Health Plans and their Products/Integra MLTC inc: Test Cases/Health Plans and their Products/Integra MLTC inc

2018-04-17 09:32:14 - [TEST_STEP][PASSED] - openBrowser: Browser is opened with url: ''

2018-04-17 09:32:17 - [MESSAGE][PASSED] - Browser is opened with url: ''

2018-04-17 09:32:17 - [TEST_STEP][PASSED] - navigateToUrl: Navigate to 'http://dev.providerlookup.ipro.org/' successfully

2018-04-17 09:32:20 - [MESSAGE][PASSED] - Navigate to 'http://dev.providerlookup.ipro.org/' successfully

2018-04-17 09:32:20 - [TEST_STEP][PASSED] - click: Object: 'Object Repository/Plans and Products/Page_PNDS (48)/a_Search by Health Plan' is clicked on

2018-04-17 09:32:22 - [MESSAGE][PASSED] - Object: 'Object Repository/Plans and Products/Page_PNDS (48)/a_Search by Health Plan' is clicked on

2018-04-17 09:32:22 - [TEST_STEP][PASSED] - selectOptionByValue: All options with value '0062' are selected in object 'Object Repository/Plans and Products/Page_PNDS (48)/select_--- Choose one ---Aetna'  using regular expression

2018-04-17 09:32:24 - [MESSAGE][PASSED] - All options with value '0062' are selected in object 'Object Repository/Plans and Products/Page_PNDS (48)/select_--- Choose one ---Aetna'  using regular expression

2018-04-17 09:32:24 - [TEST_STEP][PASSED] - selectOptionByValue: All options with value 'partialcaps' are selected in object 'Object Repository/Plans and Products/Page_PNDS (48)/select_--- Choose One ---Integ'  using regular expression

2018-04-17 09:32:25 - [MESSAGE][PASSED] - All options with value 'partialcaps' are selected in object 'Object Repository/Plans and Products/Page_PNDS (48)/select_--- Choose One ---Integ'  using regular expression

2018-04-17 09:32:25 - [TEST_STEP][PASSED] - closeBrowser: Browser is closed

2018-04-17 09:32:25 - [MESSAGE][PASSED] - Browser is closed]]></system-out>
         <system-err><![CDATA[]]></system-err>
      </testcase>
      <testcase name="Test Cases/Health Plans and their Products/Jefferson-Lewis et. al School Employees HealthCare" classname="Test Cases/Health Plans and their Products/Jefferson-Lewis et. al School Employees HealthCare" status="PASSED">
         <system-out><![CDATA[2018-04-17 09:32:25 - [TEST_CASE][PASSED] - Test Cases/Health Plans and their Products/Jefferson-Lewis et. al School Employees HealthCare: Test Cases/Health Plans and their Products/Jefferson-Lewis et. al School Employees HealthCare

2018-04-17 09:32:25 - [TEST_STEP][PASSED] - openBrowser: Browser is opened with url: ''

2018-04-17 09:32:28 - [MESSAGE][PASSED] - Browser is opened with url: ''

2018-04-17 09:32:28 - [TEST_STEP][PASSED] - navigateToUrl: Navigate to 'http://dev.providerlookup.ipro.org/' successfully

2018-04-17 09:32:30 - [MESSAGE][PASSED] - Navigate to 'http://dev.providerlookup.ipro.org/' successfully

2018-04-17 09:32:30 - [TEST_STEP][PASSED] - click: Object: 'Object Repository/Plans and Products/Page_PNDS (49)/a_Search by Health Plan' is clicked on

2018-04-17 09:32:31 - [MESSAGE][PASSED] - Object: 'Object Repository/Plans and Products/Page_PNDS (49)/a_Search by Health Plan' is clicked on

2018-04-17 09:32:31 - [TEST_STEP][PASSED] - selectOptionByValue: All options with value '0063' are selected in object 'Object Repository/Plans and Products/Page_PNDS (49)/select_--- Choose one ---Aetna'  using regular expression

2018-04-17 09:32:33 - [MESSAGE][PASSED] - All options with value '0063' are selected in object 'Object Repository/Plans and Products/Page_PNDS (49)/select_--- Choose one ---Aetna'  using regular expression

2018-04-17 09:32:33 - [TEST_STEP][PASSED] - selectOptionByValue: All options with value 'nonmcomedical' are selected in object 'Object Repository/Plans and Products/Page_PNDS (49)/select_--- Choose One ---Jeffe'  using regular expression

2018-04-17 09:32:33 - [MESSAGE][PASSED] - All options with value 'nonmcomedical' are selected in object 'Object Repository/Plans and Products/Page_PNDS (49)/select_--- Choose One ---Jeffe'  using regular expression

2018-04-17 09:32:33 - [TEST_STEP][PASSED] - closeBrowser: Browser is closed

2018-04-17 09:32:34 - [MESSAGE][PASSED] - Browser is closed]]></system-out>
         <system-err><![CDATA[]]></system-err>
      </testcase>
      <testcase name="Test Cases/Health Plans and their Products/Kalos Health" classname="Test Cases/Health Plans and their Products/Kalos Health" status="PASSED">
         <system-out><![CDATA[2018-04-17 09:32:34 - [TEST_CASE][PASSED] - Test Cases/Health Plans and their Products/Kalos Health: Test Cases/Health Plans and their Products/Kalos Health

2018-04-17 09:32:34 - [TEST_STEP][PASSED] - openBrowser: Browser is opened with url: ''

2018-04-17 09:32:37 - [MESSAGE][PASSED] - Browser is opened with url: ''

2018-04-17 09:32:37 - [TEST_STEP][PASSED] - navigateToUrl: Navigate to 'http://dev.providerlookup.ipro.org/' successfully

2018-04-17 09:32:39 - [MESSAGE][PASSED] - Navigate to 'http://dev.providerlookup.ipro.org/' successfully

2018-04-17 09:32:39 - [TEST_STEP][PASSED] - click: Object: 'Object Repository/Plans and Products/Page_PNDS (50)/a_Search by Health Plan' is clicked on

2018-04-17 09:32:39 - [MESSAGE][PASSED] - Object: 'Object Repository/Plans and Products/Page_PNDS (50)/a_Search by Health Plan' is clicked on

2018-04-17 09:32:39 - [TEST_STEP][PASSED] - selectOptionByValue: All options with value '0037' are selected in object 'Object Repository/Plans and Products/Page_PNDS (50)/select_--- Choose one ---Aetna'  using regular expression

2018-04-17 09:32:42 - [MESSAGE][PASSED] - All options with value '0037' are selected in object 'Object Repository/Plans and Products/Page_PNDS (50)/select_--- Choose one ---Aetna'  using regular expression

2018-04-17 09:32:42 - [TEST_STEP][PASSED] - selectOptionByValue: All options with value 'partialcaps' are selected in object 'Object Repository/Plans and Products/Page_PNDS (50)/select_--- Choose One ---Kalos'  using regular expression

2018-04-17 09:32:42 - [MESSAGE][PASSED] - All options with value 'partialcaps' are selected in object 'Object Repository/Plans and Products/Page_PNDS (50)/select_--- Choose One ---Kalos'  using regular expression

2018-04-17 09:32:42 - [TEST_STEP][PASSED] - closeBrowser: Browser is closed

2018-04-17 09:32:43 - [MESSAGE][PASSED] - Browser is closed]]></system-out>
         <system-err><![CDATA[]]></system-err>
      </testcase>
      <testcase name="Test Cases/Health Plans and their Products/Lincoln Life and Annuity Company" classname="Test Cases/Health Plans and their Products/Lincoln Life and Annuity Company" status="PASSED">
         <system-out><![CDATA[2018-04-17 09:32:43 - [TEST_CASE][PASSED] - Test Cases/Health Plans and their Products/Lincoln Life and Annuity Company: Test Cases/Health Plans and their Products/Lincoln Life and Annuity Company

2018-04-17 09:32:43 - [TEST_STEP][PASSED] - openBrowser: Browser is opened with url: ''

2018-04-17 09:32:46 - [MESSAGE][PASSED] - Browser is opened with url: ''

2018-04-17 09:32:46 - [TEST_STEP][PASSED] - navigateToUrl: Navigate to 'http://dev.providerlookup.ipro.org/' successfully

2018-04-17 09:32:48 - [MESSAGE][PASSED] - Navigate to 'http://dev.providerlookup.ipro.org/' successfully

2018-04-17 09:32:48 - [TEST_STEP][PASSED] - click: Object: 'Object Repository/Plans and Products/Page_PNDS (51)/a_Search by Health Plan' is clicked on

2018-04-17 09:32:48 - [MESSAGE][PASSED] - Object: 'Object Repository/Plans and Products/Page_PNDS (51)/a_Search by Health Plan' is clicked on

2018-04-17 09:32:48 - [TEST_STEP][PASSED] - selectOptionByValue: All options with value '0166' are selected in object 'Object Repository/Plans and Products/Page_PNDS (51)/select_--- Choose one ---Aetna'  using regular expression

2018-04-17 09:32:51 - [MESSAGE][PASSED] - All options with value '0166' are selected in object 'Object Repository/Plans and Products/Page_PNDS (51)/select_--- Choose one ---Aetna'  using regular expression

2018-04-17 09:32:51 - [TEST_STEP][PASSED] - selectOptionByValue: All options with value 'nonmcodental' are selected in object 'Object Repository/Plans and Products/Page_PNDS (51)/select_--- Choose One ---Linco'  using regular expression

2018-04-17 09:32:51 - [MESSAGE][PASSED] - All options with value 'nonmcodental' are selected in object 'Object Repository/Plans and Products/Page_PNDS (51)/select_--- Choose One ---Linco'  using regular expression

2018-04-17 09:32:51 - [TEST_STEP][PASSED] - selectOptionByValue: All options with value 'nonmcodental,skp_001' are selected in object 'Object Repository/Plans and Products/Page_PNDS (51)/select_--- Choose One ---Linco'  using regular expression

2018-04-17 09:32:52 - [MESSAGE][PASSED] - All options with value 'nonmcodental,skp_001' are selected in object 'Object Repository/Plans and Products/Page_PNDS (51)/select_--- Choose One ---Linco'  using regular expression

2018-04-17 09:32:52 - [TEST_STEP][PASSED] - selectOptionByValue: All options with value 'nonmcodental,skp_002' are selected in object 'Object Repository/Plans and Products/Page_PNDS (51)/select_--- Choose One ---Linco'  using regular expression

2018-04-17 09:32:52 - [MESSAGE][PASSED] - All options with value 'nonmcodental,skp_002' are selected in object 'Object Repository/Plans and Products/Page_PNDS (51)/select_--- Choose One ---Linco'  using regular expression

2018-04-17 09:32:52 - [TEST_STEP][PASSED] - closeBrowser: Browser is closed

2018-04-17 09:32:52 - [MESSAGE][PASSED] - Browser is closed]]></system-out>
         <system-err><![CDATA[]]></system-err>
      </testcase>
      <testcase name="Test Cases/Health Plans and their Products/Met Life" classname="Test Cases/Health Plans and their Products/Met Life" status="PASSED">
         <system-out><![CDATA[2018-04-17 09:32:52 - [TEST_CASE][PASSED] - Test Cases/Health Plans and their Products/Met Life: Test Cases/Health Plans and their Products/Met Life

2018-04-17 09:32:53 - [TEST_STEP][PASSED] - openBrowser: Browser is opened with url: ''

2018-04-17 09:32:56 - [MESSAGE][PASSED] - Browser is opened with url: ''

2018-04-17 09:32:56 - [TEST_STEP][PASSED] - navigateToUrl: Navigate to 'http://dev.providerlookup.ipro.org/' successfully

2018-04-17 09:32:57 - [MESSAGE][PASSED] - Navigate to 'http://dev.providerlookup.ipro.org/' successfully

2018-04-17 09:32:57 - [TEST_STEP][PASSED] - click: Object: 'Object Repository/Plans and Products/Page_PNDS (52)/a_Search by Health Plan' is clicked on

2018-04-17 09:32:58 - [MESSAGE][PASSED] - Object: 'Object Repository/Plans and Products/Page_PNDS (52)/a_Search by Health Plan' is clicked on

2018-04-17 09:32:58 - [TEST_STEP][PASSED] - selectOptionByValue: All options with value '0192' are selected in object 'Object Repository/Plans and Products/Page_PNDS (52)/select_--- Choose one ---Aetna'  using regular expression

2018-04-17 09:33:01 - [MESSAGE][PASSED] - All options with value '0192' are selected in object 'Object Repository/Plans and Products/Page_PNDS (52)/select_--- Choose one ---Aetna'  using regular expression

2018-04-17 09:33:01 - [TEST_STEP][PASSED] - selectOptionByValue: All options with value 'nonmcodental' are selected in object 'Object Repository/Plans and Products/Page_PNDS (52)/select_--- Choose One ---Met L'  using regular expression

2018-04-17 09:33:01 - [MESSAGE][PASSED] - All options with value 'nonmcodental' are selected in object 'Object Repository/Plans and Products/Page_PNDS (52)/select_--- Choose One ---Met L'  using regular expression

2018-04-17 09:33:01 - [TEST_STEP][PASSED] - selectOptionByValue: All options with value 'nonmcodental,skp_001' are selected in object 'Object Repository/Plans and Products/Page_PNDS (52)/select_--- Choose One ---Met L'  using regular expression

2018-04-17 09:33:02 - [MESSAGE][PASSED] - All options with value 'nonmcodental,skp_001' are selected in object 'Object Repository/Plans and Products/Page_PNDS (52)/select_--- Choose One ---Met L'  using regular expression

2018-04-17 09:33:02 - [TEST_STEP][PASSED] - closeBrowser: Browser is closed

2018-04-17 09:33:02 - [MESSAGE][PASSED] - Browser is closed]]></system-out>
         <system-err><![CDATA[]]></system-err>
      </testcase>
      <testcase name="Test Cases/Health Plans and their Products/MetroPlus" classname="Test Cases/Health Plans and their Products/MetroPlus" status="PASSED">
         <system-out><![CDATA[2018-04-17 09:33:02 - [TEST_CASE][PASSED] - Test Cases/Health Plans and their Products/MetroPlus: Test Cases/Health Plans and their Products/MetroPlus

2018-04-17 09:33:02 - [TEST_STEP][PASSED] - openBrowser: Browser is opened with url: ''

2018-04-17 09:33:05 - [MESSAGE][PASSED] - Browser is opened with url: ''

2018-04-17 09:33:05 - [TEST_STEP][PASSED] - navigateToUrl: Navigate to 'http://dev.providerlookup.ipro.org/' successfully

2018-04-17 09:33:07 - [MESSAGE][PASSED] - Navigate to 'http://dev.providerlookup.ipro.org/' successfully

2018-04-17 09:33:07 - [TEST_STEP][PASSED] - click: Object: 'Object Repository/Plans and Products/Page_PNDS (53)/a_Search by Health Plan' is clicked on

2018-04-17 09:33:08 - [MESSAGE][PASSED] - Object: 'Object Repository/Plans and Products/Page_PNDS (53)/a_Search by Health Plan' is clicked on

2018-04-17 09:33:08 - [TEST_STEP][PASSED] - selectOptionByValue: All options with value '0066' are selected in object 'Object Repository/Plans and Products/Page_PNDS (53)/select_--- Choose one ---Aetna'  using regular expression

2018-04-17 09:33:10 - [MESSAGE][PASSED] - All options with value '0066' are selected in object 'Object Repository/Plans and Products/Page_PNDS (53)/select_--- Choose one ---Aetna'  using regular expression

2018-04-17 09:33:10 - [TEST_STEP][PASSED] - selectOptionByValue: All options with value 'chpprovider' are selected in object 'Object Repository/Plans and Products/Page_PNDS (53)/select_--- Choose One ---Metro'  using regular expression

2018-04-17 09:33:11 - [MESSAGE][PASSED] - All options with value 'chpprovider' are selected in object 'Object Repository/Plans and Products/Page_PNDS (53)/select_--- Choose One ---Metro'  using regular expression

2018-04-17 09:33:11 - [TEST_STEP][PASSED] - selectOptionByValue: All options with value 'bhp,bhpplus' are selected in object 'Object Repository/Plans and Products/Page_PNDS (53)/select_--- Choose One ---Metro'  using regular expression

2018-04-17 09:33:11 - [MESSAGE][PASSED] - All options with value 'bhp,bhpplus' are selected in object 'Object Repository/Plans and Products/Page_PNDS (53)/select_--- Choose One ---Metro'  using regular expression

2018-04-17 09:33:11 - [TEST_STEP][PASSED] - selectOptionByValue: All options with value 'fida' are selected in object 'Object Repository/Plans and Products/Page_PNDS (53)/select_--- Choose One ---Metro'  using regular expression

2018-04-17 09:33:12 - [MESSAGE][PASSED] - All options with value 'fida' are selected in object 'Object Repository/Plans and Products/Page_PNDS (53)/select_--- Choose One ---Metro'  using regular expression

2018-04-17 09:33:12 - [TEST_STEP][PASSED] - selectOptionByValue: All options with value 'harp' are selected in object 'Object Repository/Plans and Products/Page_PNDS (53)/select_--- Choose One ---Metro'  using regular expression

2018-04-17 09:33:13 - [MESSAGE][PASSED] - All options with value 'harp' are selected in object 'Object Repository/Plans and Products/Page_PNDS (53)/select_--- Choose One ---Metro'  using regular expression

2018-04-17 09:33:13 - [TEST_STEP][PASSED] - selectOptionByValue: All options with value 'hivsnp' are selected in object 'Object Repository/Plans and Products/Page_PNDS (53)/select_--- Choose One ---Metro'  using regular expression

2018-04-17 09:33:13 - [MESSAGE][PASSED] - All options with value 'hivsnp' are selected in object 'Object Repository/Plans and Products/Page_PNDS (53)/select_--- Choose One ---Metro'  using regular expression

2018-04-17 09:33:13 - [TEST_STEP][PASSED] - selectOptionByValue: All options with value 'indivchildonlybronze,indivchildonlysilver,indivchildonlygold,indivchildonlyplatinum,indivstsilver,indivstsilver,indivnonstsilver1,indivnonstsilver1,indivstgold,indivstgold,indivstplatinum,indivstplatinum,indivcatastrophic,indivnonstbronze1,indivnonstbronze1,indivnonstgold1,indivnonstgold1,indivnonstplatinum1,indivnonstplatinum1,indivstgold,indivstgold,indivnonstgold2,indivnonstgold2,indivstsilver,indivstsilver,indivnonstsilver2,indivnonstsilver2,indivnonstbronze2,indivnonstbronze2,indivchildonlysilver,indivchildonlygold,indivchildonlybronze,indivstbronze,indivstbronze' are selected in object 'Object Repository/Plans and Products/Page_PNDS (53)/select_--- Choose One ---Metro'  using regular expression

2018-04-17 09:33:14 - [MESSAGE][PASSED] - All options with value 'indivchildonlybronze,indivchildonlysilver,indivchildonlygold,indivchildonlyplatinum,indivstsilver,indivstsilver,indivnonstsilver1,indivnonstsilver1,indivstgold,indivstgold,indivstplatinum,indivstplatinum,indivcatastrophic,indivnonstbronze1,indivnonstbronze1,indivnonstgold1,indivnonstgold1,indivnonstplatinum1,indivnonstplatinum1,indivstgold,indivstgold,indivnonstgold2,indivnonstgold2,indivstsilver,indivstsilver,indivnonstsilver2,indivnonstsilver2,indivnonstbronze2,indivnonstbronze2,indivchildonlysilver,indivchildonlygold,indivchildonlybronze,indivstbronze,indivstbronze' are selected in object 'Object Repository/Plans and Products/Page_PNDS (53)/select_--- Choose One ---Metro'  using regular expression

2018-04-17 09:33:14 - [TEST_STEP][PASSED] - selectOptionByValue: All options with value 'partialcaps' are selected in object 'Object Repository/Plans and Products/Page_PNDS (53)/select_--- Choose One ---Metro'  using regular expression

2018-04-17 09:33:14 - [MESSAGE][PASSED] - All options with value 'partialcaps' are selected in object 'Object Repository/Plans and Products/Page_PNDS (53)/select_--- Choose One ---Metro'  using regular expression

2018-04-17 09:33:14 - [TEST_STEP][PASSED] - selectOptionByValue: All options with value 'medicaidprovider' are selected in object 'Object Repository/Plans and Products/Page_PNDS (53)/select_--- Choose One ---Metro'  using regular expression

2018-04-17 09:33:15 - [MESSAGE][PASSED] - All options with value 'medicaidprovider' are selected in object 'Object Repository/Plans and Products/Page_PNDS (53)/select_--- Choose One ---Metro'  using regular expression

2018-04-17 09:33:15 - [TEST_STEP][PASSED] - selectOptionByValue: All options with value 'medicaidadvantage' are selected in object 'Object Repository/Plans and Products/Page_PNDS (53)/select_--- Choose One ---Metro'  using regular expression

2018-04-17 09:33:16 - [MESSAGE][PASSED] - All options with value 'medicaidadvantage' are selected in object 'Object Repository/Plans and Products/Page_PNDS (53)/select_--- Choose One ---Metro'  using regular expression

2018-04-17 09:33:16 - [TEST_STEP][PASSED] - selectOptionByValue: All options with value 'shopstbronze,shopstsilver,shopstsilver,shopstsilver,shopstsilver,shopnonstsilver1,shopnonstsilver1,shopnonstsilver1,shopnonstsilver1,shopstgold,shopstgold,shopstgold,shopstgold,shopstgold,shopstgold,shopstgold,shopstgold,shopstplatinum,shopstplatinum,shopstplatinum,shopstplatinum,shopstplatinum,shopstplatinum,shopstplatinum,shopstplatinum,shopstbronze,shopstbronze,shopstbronze,shopstbronze,shopstbronze,shopstbronze,shopstbronze' are selected in object 'Object Repository/Plans and Products/Page_PNDS (53)/select_--- Choose One ---Metro'  using regular expression

2018-04-17 09:33:16 - [MESSAGE][PASSED] - All options with value 'shopstbronze,shopstsilver,shopstsilver,shopstsilver,shopstsilver,shopnonstsilver1,shopnonstsilver1,shopnonstsilver1,shopnonstsilver1,shopstgold,shopstgold,shopstgold,shopstgold,shopstgold,shopstgold,shopstgold,shopstgold,shopstplatinum,shopstplatinum,shopstplatinum,shopstplatinum,shopstplatinum,shopstplatinum,shopstplatinum,shopstplatinum,shopstbronze,shopstbronze,shopstbronze,shopstbronze,shopstbronze,shopstbronze,shopstbronze' are selected in object 'Object Repository/Plans and Products/Page_PNDS (53)/select_--- Choose One ---Metro'  using regular expression

2018-04-17 09:33:16 - [TEST_STEP][PASSED] - closeBrowser: Browser is closed

2018-04-17 09:33:17 - [MESSAGE][PASSED] - Browser is closed]]></system-out>
         <system-err><![CDATA[]]></system-err>
      </testcase>
      <testcase name="Test Cases/Health Plans and their Products/Molina" classname="Test Cases/Health Plans and their Products/Molina" status="PASSED">
         <system-out><![CDATA[2018-04-17 09:33:17 - [TEST_CASE][PASSED] - Test Cases/Health Plans and their Products/Molina: Test Cases/Health Plans and their Products/Molina

2018-04-17 09:33:17 - [TEST_STEP][PASSED] - openBrowser: Browser is opened with url: ''

2018-04-17 09:33:20 - [MESSAGE][PASSED] - Browser is opened with url: ''

2018-04-17 09:33:20 - [TEST_STEP][PASSED] - navigateToUrl: Navigate to 'http://dev.providerlookup.ipro.org/' successfully

2018-04-17 09:33:24 - [MESSAGE][PASSED] - Navigate to 'http://dev.providerlookup.ipro.org/' successfully

2018-04-17 09:33:24 - [TEST_STEP][PASSED] - click: Object: 'Object Repository/Plans and Products/Page_PNDS (54)/a_Search by Health Plan' is clicked on

2018-04-17 09:33:25 - [MESSAGE][PASSED] - Object: 'Object Repository/Plans and Products/Page_PNDS (54)/a_Search by Health Plan' is clicked on

2018-04-17 09:33:25 - [TEST_STEP][PASSED] - selectOptionByValue: All options with value '0086' are selected in object 'Object Repository/Plans and Products/Page_PNDS (54)/select_--- Choose one ---Aetna'  using regular expression

2018-04-17 09:33:28 - [MESSAGE][PASSED] - All options with value '0086' are selected in object 'Object Repository/Plans and Products/Page_PNDS (54)/select_--- Choose one ---Aetna'  using regular expression

2018-04-17 09:33:28 - [TEST_STEP][PASSED] - selectOptionByValue: All options with value 'chpprovider' are selected in object 'Object Repository/Plans and Products/Page_PNDS (54)/select_--- Choose One ---Molin'  using regular expression

2018-04-17 09:33:28 - [MESSAGE][PASSED] - All options with value 'chpprovider' are selected in object 'Object Repository/Plans and Products/Page_PNDS (54)/select_--- Choose One ---Molin'  using regular expression

2018-04-17 09:33:28 - [TEST_STEP][PASSED] - selectOptionByValue: All options with value 'bhp,bhpplus' are selected in object 'Object Repository/Plans and Products/Page_PNDS (54)/select_--- Choose One ---Molin'  using regular expression

2018-04-17 09:33:29 - [MESSAGE][PASSED] - All options with value 'bhp,bhpplus' are selected in object 'Object Repository/Plans and Products/Page_PNDS (54)/select_--- Choose One ---Molin'  using regular expression

2018-04-17 09:33:29 - [TEST_STEP][PASSED] - selectOptionByValue: All options with value 'harp' are selected in object 'Object Repository/Plans and Products/Page_PNDS (54)/select_--- Choose One ---Molin'  using regular expression

2018-04-17 09:33:29 - [MESSAGE][PASSED] - All options with value 'harp' are selected in object 'Object Repository/Plans and Products/Page_PNDS (54)/select_--- Choose One ---Molin'  using regular expression

2018-04-17 09:33:29 - [TEST_STEP][PASSED] - selectOptionByValue: All options with value 'medicaidprovider' are selected in object 'Object Repository/Plans and Products/Page_PNDS (54)/select_--- Choose One ---Molin'  using regular expression

2018-04-17 09:33:30 - [MESSAGE][PASSED] - All options with value 'medicaidprovider' are selected in object 'Object Repository/Plans and Products/Page_PNDS (54)/select_--- Choose One ---Molin'  using regular expression

2018-04-17 09:33:30 - [TEST_STEP][PASSED] - closeBrowser: Browser is closed

2018-04-17 09:33:30 - [MESSAGE][PASSED] - Browser is closed]]></system-out>
         <system-err><![CDATA[]]></system-err>
      </testcase>
      <testcase name="Test Cases/Health Plans and their Products/Montefiore Diamond Care" classname="Test Cases/Health Plans and their Products/Montefiore Diamond Care" status="PASSED">
         <system-out><![CDATA[2018-04-17 09:33:30 - [TEST_CASE][PASSED] - Test Cases/Health Plans and their Products/Montefiore Diamond Care: Test Cases/Health Plans and their Products/Montefiore Diamond Care

2018-04-17 09:33:30 - [TEST_STEP][PASSED] - openBrowser: Browser is opened with url: ''

2018-04-17 09:33:33 - [MESSAGE][PASSED] - Browser is opened with url: ''

2018-04-17 09:33:33 - [TEST_STEP][PASSED] - navigateToUrl: Navigate to 'http://dev.providerlookup.ipro.org/' successfully

2018-04-17 09:33:36 - [MESSAGE][PASSED] - Navigate to 'http://dev.providerlookup.ipro.org/' successfully

2018-04-17 09:33:36 - [TEST_STEP][PASSED] - click: Object: 'Object Repository/Plans and Products/Page_PNDS (55)/a_Search by Health Plan' is clicked on

2018-04-17 09:33:37 - [MESSAGE][PASSED] - Object: 'Object Repository/Plans and Products/Page_PNDS (55)/a_Search by Health Plan' is clicked on

2018-04-17 09:33:37 - [TEST_STEP][PASSED] - selectOptionByValue: All options with value '0068' are selected in object 'Object Repository/Plans and Products/Page_PNDS (55)/select_--- Choose one ---Aetna'  using regular expression

2018-04-17 09:33:39 - [MESSAGE][PASSED] - All options with value '0068' are selected in object 'Object Repository/Plans and Products/Page_PNDS (55)/select_--- Choose one ---Aetna'  using regular expression

2018-04-17 09:33:39 - [TEST_STEP][PASSED] - selectOptionByValue: All options with value 'partialcaps' are selected in object 'Object Repository/Plans and Products/Page_PNDS (55)/select_--- Choose One ---Monte'  using regular expression

2018-04-17 09:33:39 - [MESSAGE][PASSED] - All options with value 'partialcaps' are selected in object 'Object Repository/Plans and Products/Page_PNDS (55)/select_--- Choose One ---Monte'  using regular expression

2018-04-17 09:33:39 - [TEST_STEP][PASSED] - closeBrowser: Browser is closed

2018-04-17 09:33:40 - [MESSAGE][PASSED] - Browser is closed]]></system-out>
         <system-err><![CDATA[]]></system-err>
      </testcase>
      <testcase name="Test Cases/Health Plans and their Products/MVP Health Care" classname="Test Cases/Health Plans and their Products/MVP Health Care" status="PASSED">
         <system-out><![CDATA[2018-04-17 09:33:40 - [TEST_CASE][PASSED] - Test Cases/Health Plans and their Products/MVP Health Care: Test Cases/Health Plans and their Products/MVP Health Care

2018-04-17 09:33:40 - [TEST_STEP][PASSED] - openBrowser: Browser is opened with url: ''

2018-04-17 09:33:43 - [MESSAGE][PASSED] - Browser is opened with url: ''

2018-04-17 09:33:43 - [TEST_STEP][PASSED] - navigateToUrl: Navigate to 'http://dev.providerlookup.ipro.org/' successfully

2018-04-17 09:33:45 - [MESSAGE][PASSED] - Navigate to 'http://dev.providerlookup.ipro.org/' successfully

2018-04-17 09:33:45 - [TEST_STEP][PASSED] - click: Object: 'Object Repository/Plans and Products/Page_PNDS (56)/a_Search by Health Plan' is clicked on

2018-04-17 09:33:46 - [MESSAGE][PASSED] - Object: 'Object Repository/Plans and Products/Page_PNDS (56)/a_Search by Health Plan' is clicked on

2018-04-17 09:33:46 - [TEST_STEP][PASSED] - selectOptionByValue: All options with value '0069' are selected in object 'Object Repository/Plans and Products/Page_PNDS (56)/select_--- Choose one ---Aetna'  using regular expression

2018-04-17 09:33:48 - [MESSAGE][PASSED] - All options with value '0069' are selected in object 'Object Repository/Plans and Products/Page_PNDS (56)/select_--- Choose one ---Aetna'  using regular expression

2018-04-17 09:33:48 - [TEST_STEP][PASSED] - selectOptionByValue: All options with value 'chpprovider' are selected in object 'Object Repository/Plans and Products/Page_PNDS (56)/select_--- Choose One ---MVP H'  using regular expression

2018-04-17 09:33:49 - [MESSAGE][PASSED] - All options with value 'chpprovider' are selected in object 'Object Repository/Plans and Products/Page_PNDS (56)/select_--- Choose One ---MVP H'  using regular expression

2018-04-17 09:33:49 - [TEST_STEP][PASSED] - selectOptionByValue: All options with value 'bhp' are selected in object 'Object Repository/Plans and Products/Page_PNDS (56)/select_--- Choose One ---MVP H'  using regular expression

2018-04-17 09:33:49 - [MESSAGE][PASSED] - All options with value 'bhp' are selected in object 'Object Repository/Plans and Products/Page_PNDS (56)/select_--- Choose One ---MVP H'  using regular expression

2018-04-17 09:33:49 - [TEST_STEP][PASSED] - selectOptionByValue: All options with value 'harp' are selected in object 'Object Repository/Plans and Products/Page_PNDS (56)/select_--- Choose One ---MVP H'  using regular expression

2018-04-17 09:33:50 - [MESSAGE][PASSED] - All options with value 'harp' are selected in object 'Object Repository/Plans and Products/Page_PNDS (56)/select_--- Choose One ---MVP H'  using regular expression

2018-04-17 09:33:50 - [TEST_STEP][PASSED] - selectOptionByValue: All options with value 'indivnonstplatinum3,indivnonstplatinum3,indivnonstgold3,indivnonstgold3' are selected in object 'Object Repository/Plans and Products/Page_PNDS (56)/select_--- Choose One ---MVP H'  using regular expression

2018-04-17 09:33:50 - [MESSAGE][PASSED] - All options with value 'indivnonstplatinum3,indivnonstplatinum3,indivnonstgold3,indivnonstgold3' are selected in object 'Object Repository/Plans and Products/Page_PNDS (56)/select_--- Choose One ---MVP H'  using regular expression

2018-04-17 09:33:50 - [TEST_STEP][PASSED] - selectOptionByValue: All options with value 'indivstbronze,indivstbronze,indivstsilver,indivstsilver,indivstgold,indivstgold,indivstplatinum,indivstplatinum,indivstbronze,indivstbronze,indivstgold,indivstgold,indivstsilver,indivstsilver,indivnonstbronze2,indivnonstsilver2,indivnonstgold1,indivnonstplatinum1,indivnonstbronze1,indivnonstsilver1,indivnonstplatinum2,indivnonstbronze2,indivnonstsilver1,indivnonstsilver2,indivnonstgold1,indivnonstplatinum1,indivnonstplatinum2,indivnonstbronze1,indivchildonlybronze,indivchildonlysilver,indivchildonlygold,indivchildonlyplatinum,indivchildonlybronze,indivchildonlygold,indivchildonlysilver,indivnonstbronze3,indivnonstsilver3,indivnonstgold2,indivnonstbronze3,indivnonstsilver3,indivnonstgold2,indivcatastrophic' are selected in object 'Object Repository/Plans and Products/Page_PNDS (56)/select_--- Choose One ---MVP H'  using regular expression

2018-04-17 09:33:51 - [MESSAGE][PASSED] - All options with value 'indivstbronze,indivstbronze,indivstsilver,indivstsilver,indivstgold,indivstgold,indivstplatinum,indivstplatinum,indivstbronze,indivstbronze,indivstgold,indivstgold,indivstsilver,indivstsilver,indivnonstbronze2,indivnonstsilver2,indivnonstgold1,indivnonstplatinum1,indivnonstbronze1,indivnonstsilver1,indivnonstplatinum2,indivnonstbronze2,indivnonstsilver1,indivnonstsilver2,indivnonstgold1,indivnonstplatinum1,indivnonstplatinum2,indivnonstbronze1,indivchildonlybronze,indivchildonlysilver,indivchildonlygold,indivchildonlyplatinum,indivchildonlybronze,indivchildonlygold,indivchildonlysilver,indivnonstbronze3,indivnonstsilver3,indivnonstgold2,indivnonstbronze3,indivnonstsilver3,indivnonstgold2,indivcatastrophic' are selected in object 'Object Repository/Plans and Products/Page_PNDS (56)/select_--- Choose One ---MVP H'  using regular expression

2018-04-17 09:33:51 - [TEST_STEP][PASSED] - selectOptionByValue: All options with value 'medicaidprovider' are selected in object 'Object Repository/Plans and Products/Page_PNDS (56)/select_--- Choose One ---MVP H'  using regular expression

2018-04-17 09:33:51 - [MESSAGE][PASSED] - All options with value 'medicaidprovider' are selected in object 'Object Repository/Plans and Products/Page_PNDS (56)/select_--- Choose One ---MVP H'  using regular expression

2018-04-17 09:33:51 - [TEST_STEP][PASSED] - selectOptionByValue: All options with value 'shopstbronze,shopstbronze,shopstsilver,shopstsilver,shopstgold,shopstgold,shopstplatinum,shopstplatinum,shopstbronze,shopstbronze,shopstsilver,shopstsilver,shopstgold,shopstgold,shopstplatinum,shopstplatinum,shopstbronze,shopstbronze,shopstsilver,shopstsilver,shopstgold,shopstgold,shopstplatinum,shopstplatinum,shopstbronze,shopstbronze,shopstsilver,shopstsilver,shopstgold,shopstgold,shopstplatinum,shopstplatinum,shopstbronze,shopstbronze,shopstbronze,shopstbronze,shopstbronze,shopstbronze,shopstbronze,shopstbronze,shopstgold,shopstgold,shopstgold,shopstgold,shopstgold,shopstgold,shopstgold,shopstgold,shopstsilver,shopstsilver,shopstsilver,shopstsilver,shopstsilver,shopstsilver,shopstsilver,shopstsilver,shopnonstbronze2,shopnonstsilver2,shopnonstgold1,shopnonstplatinum1,shopnonstbronze1,shopnonstsilver1,shopnonstplatinum2,shopnonstbronze2,shopnonstsilver2,shopnonstgold1,shopnonstplatinum1,shopnonstbronze1,shopnonstsilver1,shopnonstplatinum2,shopnonstbronze2,shopnonstbronze2,shopnonstsilver1,shopnonstsilver1,sh' are selected in object 'Object Repository/Plans and Products/Page_PNDS (56)/select_--- Choose One ---MVP H'  using regular expression

2018-04-17 09:33:52 - [MESSAGE][PASSED] - All options with value 'shopstbronze,shopstbronze,shopstsilver,shopstsilver,shopstgold,shopstgold,shopstplatinum,shopstplatinum,shopstbronze,shopstbronze,shopstsilver,shopstsilver,shopstgold,shopstgold,shopstplatinum,shopstplatinum,shopstbronze,shopstbronze,shopstsilver,shopstsilver,shopstgold,shopstgold,shopstplatinum,shopstplatinum,shopstbronze,shopstbronze,shopstsilver,shopstsilver,shopstgold,shopstgold,shopstplatinum,shopstplatinum,shopstbronze,shopstbronze,shopstbronze,shopstbronze,shopstbronze,shopstbronze,shopstbronze,shopstbronze,shopstgold,shopstgold,shopstgold,shopstgold,shopstgold,shopstgold,shopstgold,shopstgold,shopstsilver,shopstsilver,shopstsilver,shopstsilver,shopstsilver,shopstsilver,shopstsilver,shopstsilver,shopnonstbronze2,shopnonstsilver2,shopnonstgold1,shopnonstplatinum1,shopnonstbronze1,shopnonstsilver1,shopnonstplatinum2,shopnonstbronze2,shopnonstsilver2,shopnonstgold1,shopnonstplatinum1,shopnonstbronze1,shopnonstsilver1,shopnonstplatinum2,shopnonstbronze2,shopnonstbronze2,shopnonstsilver1,shopnonstsilver1,sh' are selected in object 'Object Repository/Plans and Products/Page_PNDS (56)/select_--- Choose One ---MVP H'  using regular expression

2018-04-17 09:33:52 - [TEST_STEP][PASSED] - selectOptionByValue: All options with value 'commercialprovider' are selected in object 'Object Repository/Plans and Products/Page_PNDS (56)/select_--- Choose One ---MVP H'  using regular expression

2018-04-17 09:33:53 - [MESSAGE][PASSED] - All options with value 'commercialprovider' are selected in object 'Object Repository/Plans and Products/Page_PNDS (56)/select_--- Choose One ---MVP H'  using regular expression

2018-04-17 09:33:53 - [TEST_STEP][PASSED] - closeBrowser: Browser is closed

2018-04-17 09:33:53 - [MESSAGE][PASSED] - Browser is closed]]></system-out>
         <system-err><![CDATA[]]></system-err>
      </testcase>
      <testcase name="Test Cases/Health Plans and their Products/Nationwide Life Insurance" classname="Test Cases/Health Plans and their Products/Nationwide Life Insurance" status="PASSED">
         <system-out><![CDATA[2018-04-17 09:33:53 - [TEST_CASE][PASSED] - Test Cases/Health Plans and their Products/Nationwide Life Insurance: Test Cases/Health Plans and their Products/Nationwide Life Insurance

2018-04-17 09:33:53 - [TEST_STEP][PASSED] - openBrowser: Browser is opened with url: ''

2018-04-17 09:33:56 - [MESSAGE][PASSED] - Browser is opened with url: ''

2018-04-17 09:33:56 - [TEST_STEP][PASSED] - navigateToUrl: Navigate to 'http://dev.providerlookup.ipro.org/' successfully

2018-04-17 09:33:58 - [MESSAGE][PASSED] - Navigate to 'http://dev.providerlookup.ipro.org/' successfully

2018-04-17 09:33:58 - [TEST_STEP][PASSED] - click: Object: 'Object Repository/Plans and Products/Page_PNDS (57)/a_Search by Health Plan' is clicked on

2018-04-17 09:33:59 - [MESSAGE][PASSED] - Object: 'Object Repository/Plans and Products/Page_PNDS (57)/a_Search by Health Plan' is clicked on

2018-04-17 09:33:59 - [TEST_STEP][PASSED] - selectOptionByValue: All options with value '0193' are selected in object 'Object Repository/Plans and Products/Page_PNDS (57)/select_--- Choose one ---Aetna'  using regular expression

2018-04-17 09:34:02 - [MESSAGE][PASSED] - All options with value '0193' are selected in object 'Object Repository/Plans and Products/Page_PNDS (57)/select_--- Choose one ---Aetna'  using regular expression

2018-04-17 09:34:02 - [TEST_STEP][PASSED] - click: Object: 'Object Repository/Plans and Products/Page_PNDS (57)/div_Product                ---' is clicked on

2018-04-17 09:34:02 - [MESSAGE][PASSED] - Object: 'Object Repository/Plans and Products/Page_PNDS (57)/div_Product                ---' is clicked on

2018-04-17 09:34:02 - [TEST_STEP][PASSED] - selectOptionByValue: All options with value 'nonmcodental' are selected in object 'Object Repository/Plans and Products/Page_PNDS (57)/select_--- Choose One ---Natio'  using regular expression

2018-04-17 09:34:02 - [MESSAGE][PASSED] - All options with value 'nonmcodental' are selected in object 'Object Repository/Plans and Products/Page_PNDS (57)/select_--- Choose One ---Natio'  using regular expression

2018-04-17 09:34:02 - [TEST_STEP][PASSED] - closeBrowser: Browser is closed

2018-04-17 09:34:03 - [MESSAGE][PASSED] - Browser is closed]]></system-out>
         <system-err><![CDATA[]]></system-err>
      </testcase>
      <testcase name="Test Cases/Health Plans and their Products/Niagara Advantage LLC" classname="Test Cases/Health Plans and their Products/Niagara Advantage LLC" status="PASSED">
         <system-out><![CDATA[2018-04-17 09:34:03 - [TEST_CASE][PASSED] - Test Cases/Health Plans and their Products/Niagara Advantage LLC: Test Cases/Health Plans and their Products/Niagara Advantage LLC

2018-04-17 09:34:03 - [TEST_STEP][PASSED] - openBrowser: Browser is opened with url: ''

2018-04-17 09:34:05 - [MESSAGE][PASSED] - Browser is opened with url: ''

2018-04-17 09:34:05 - [TEST_STEP][PASSED] - navigateToUrl: Navigate to 'http://dev.providerlookup.ipro.org/' successfully

2018-04-17 09:34:07 - [MESSAGE][PASSED] - Navigate to 'http://dev.providerlookup.ipro.org/' successfully

2018-04-17 09:34:07 - [TEST_STEP][PASSED] - click: Object: 'Object Repository/Plans and Products/Page_PNDS (58)/a_Search by Health Plan' is clicked on

2018-04-17 09:34:09 - [MESSAGE][PASSED] - Object: 'Object Repository/Plans and Products/Page_PNDS (58)/a_Search by Health Plan' is clicked on

2018-04-17 09:34:09 - [TEST_STEP][PASSED] - selectOptionByValue: All options with value '0072' are selected in object 'Object Repository/Plans and Products/Page_PNDS (58)/select_--- Choose one ---Aetna'  using regular expression

2018-04-17 09:34:12 - [MESSAGE][PASSED] - All options with value '0072' are selected in object 'Object Repository/Plans and Products/Page_PNDS (58)/select_--- Choose one ---Aetna'  using regular expression

2018-04-17 09:34:12 - [TEST_STEP][PASSED] - selectOptionByValue: All options with value 'partialcaps' are selected in object 'Object Repository/Plans and Products/Page_PNDS (58)/select_--- Choose One ---Niaga'  using regular expression

2018-04-17 09:34:12 - [MESSAGE][PASSED] - All options with value 'partialcaps' are selected in object 'Object Repository/Plans and Products/Page_PNDS (58)/select_--- Choose One ---Niaga'  using regular expression

2018-04-17 09:34:12 - [TEST_STEP][PASSED] - closeBrowser: Browser is closed

2018-04-17 09:34:12 - [MESSAGE][PASSED] - Browser is closed]]></system-out>
         <system-err><![CDATA[]]></system-err>
      </testcase>
      <testcase name="Test Cases/Health Plans and their Products/Nippon Life Insurance" classname="Test Cases/Health Plans and their Products/Nippon Life Insurance" status="PASSED">
         <system-out><![CDATA[2018-04-17 09:34:12 - [TEST_CASE][PASSED] - Test Cases/Health Plans and their Products/Nippon Life Insurance: Test Cases/Health Plans and their Products/Nippon Life Insurance

2018-04-17 09:34:12 - [TEST_STEP][PASSED] - openBrowser: Browser is opened with url: ''

2018-04-17 09:34:15 - [MESSAGE][PASSED] - Browser is opened with url: ''

2018-04-17 09:34:15 - [TEST_STEP][PASSED] - navigateToUrl: Navigate to 'http://dev.providerlookup.ipro.org/' successfully

2018-04-17 09:34:17 - [MESSAGE][PASSED] - Navigate to 'http://dev.providerlookup.ipro.org/' successfully

2018-04-17 09:34:17 - [TEST_STEP][PASSED] - click: Object: 'Object Repository/Plans and Products/Page_PNDS (59)/a_Search by Health Plan' is clicked on

2018-04-17 09:34:18 - [MESSAGE][PASSED] - Object: 'Object Repository/Plans and Products/Page_PNDS (59)/a_Search by Health Plan' is clicked on

2018-04-17 09:34:18 - [TEST_STEP][PASSED] - selectOptionByValue: All options with value '0073' are selected in object 'Object Repository/Plans and Products/Page_PNDS (59)/select_--- Choose one ---Aetna'  using regular expression

2018-04-17 09:34:21 - [MESSAGE][PASSED] - All options with value '0073' are selected in object 'Object Repository/Plans and Products/Page_PNDS (59)/select_--- Choose one ---Aetna'  using regular expression

2018-04-17 09:34:21 - [TEST_STEP][PASSED] - selectOptionByValue: All options with value 'nonmcodental' are selected in object 'Object Repository/Plans and Products/Page_PNDS (59)/select_--- Choose One ---Nippo'  using regular expression

2018-04-17 09:34:21 - [MESSAGE][PASSED] - All options with value 'nonmcodental' are selected in object 'Object Repository/Plans and Products/Page_PNDS (59)/select_--- Choose One ---Nippo'  using regular expression

2018-04-17 09:34:21 - [TEST_STEP][PASSED] - selectOptionByValue: All options with value 'nonmcomedical' are selected in object 'Object Repository/Plans and Products/Page_PNDS (59)/select_--- Choose One ---Nippo'  using regular expression

2018-04-17 09:34:22 - [MESSAGE][PASSED] - All options with value 'nonmcomedical' are selected in object 'Object Repository/Plans and Products/Page_PNDS (59)/select_--- Choose One ---Nippo'  using regular expression

2018-04-17 09:34:22 - [TEST_STEP][PASSED] - selectOptionByValue: All options with value 'nonmcodental,skp_002' are selected in object 'Object Repository/Plans and Products/Page_PNDS (59)/select_--- Choose One ---Nippo'  using regular expression

2018-04-17 09:34:22 - [MESSAGE][PASSED] - All options with value 'nonmcodental,skp_002' are selected in object 'Object Repository/Plans and Products/Page_PNDS (59)/select_--- Choose One ---Nippo'  using regular expression

2018-04-17 09:34:22 - [TEST_STEP][PASSED] - selectOptionByValue: All options with value 'nonmcovision' are selected in object 'Object Repository/Plans and Products/Page_PNDS (59)/select_--- Choose One ---Nippo'  using regular expression

2018-04-17 09:34:23 - [MESSAGE][PASSED] - All options with value 'nonmcovision' are selected in object 'Object Repository/Plans and Products/Page_PNDS (59)/select_--- Choose One ---Nippo'  using regular expression

2018-04-17 09:34:23 - [TEST_STEP][PASSED] - selectOptionByValue: All options with value 'nonmcomedical,skp_004' are selected in object 'Object Repository/Plans and Products/Page_PNDS (59)/select_--- Choose One ---Nippo'  using regular expression

2018-04-17 09:34:23 - [MESSAGE][PASSED] - All options with value 'nonmcomedical,skp_004' are selected in object 'Object Repository/Plans and Products/Page_PNDS (59)/select_--- Choose One ---Nippo'  using regular expression

2018-04-17 09:34:23 - [TEST_STEP][PASSED] - closeBrowser: Browser is closed

2018-04-17 09:34:23 - [MESSAGE][PASSED] - Browser is closed]]></system-out>
         <system-err><![CDATA[]]></system-err>
      </testcase>
      <testcase name="Test Cases/Health Plans and their Products/North Shore LIJ, CareConnect" classname="Test Cases/Health Plans and their Products/North Shore LIJ, CareConnect" status="PASSED">
         <system-out><![CDATA[2018-04-17 09:34:23 - [TEST_CASE][PASSED] - Test Cases/Health Plans and their Products/North Shore LIJ, CareConnect: Test Cases/Health Plans and their Products/North Shore LIJ, CareConnect

2018-04-17 09:34:24 - [TEST_STEP][PASSED] - openBrowser: Browser is opened with url: ''

2018-04-17 09:34:27 - [MESSAGE][PASSED] - Browser is opened with url: ''

2018-04-17 09:34:27 - [TEST_STEP][PASSED] - navigateToUrl: Navigate to 'http://dev.providerlookup.ipro.org/' successfully

2018-04-17 09:34:30 - [MESSAGE][PASSED] - Navigate to 'http://dev.providerlookup.ipro.org/' successfully

2018-04-17 09:34:30 - [TEST_STEP][PASSED] - click: Object: 'Object Repository/Plans and Products/Page_PNDS (60)/a_Search by Health Plan' is clicked on

2018-04-17 09:34:31 - [MESSAGE][PASSED] - Object: 'Object Repository/Plans and Products/Page_PNDS (60)/a_Search by Health Plan' is clicked on

2018-04-17 09:34:31 - [TEST_STEP][PASSED] - selectOptionByValue: All options with value '0074' are selected in object 'Object Repository/Plans and Products/Page_PNDS (60)/select_--- Choose one ---Aetna'  using regular expression

2018-04-17 09:34:34 - [MESSAGE][PASSED] - All options with value '0074' are selected in object 'Object Repository/Plans and Products/Page_PNDS (60)/select_--- Choose one ---Aetna'  using regular expression

2018-04-17 09:34:34 - [TEST_STEP][PASSED] - selectOptionByValue: All options with value 'partialcaps' are selected in object 'Object Repository/Plans and Products/Page_PNDS (60)/select_--- Choose One ---North'  using regular expression

2018-04-17 09:34:34 - [MESSAGE][PASSED] - All options with value 'partialcaps' are selected in object 'Object Repository/Plans and Products/Page_PNDS (60)/select_--- Choose One ---North'  using regular expression

2018-04-17 09:34:34 - [TEST_STEP][PASSED] - closeBrowser: Browser is closed

2018-04-17 09:34:35 - [MESSAGE][PASSED] - Browser is closed]]></system-out>
         <system-err><![CDATA[]]></system-err>
      </testcase>
      <testcase name="Test Cases/Health Plans and their Products/Oscar" classname="Test Cases/Health Plans and their Products/Oscar" status="PASSED">
         <system-out><![CDATA[2018-04-17 09:34:35 - [TEST_CASE][PASSED] - Test Cases/Health Plans and their Products/Oscar: Test Cases/Health Plans and their Products/Oscar

2018-04-17 09:34:35 - [TEST_STEP][PASSED] - openBrowser: Browser is opened with url: ''

2018-04-17 09:34:38 - [MESSAGE][PASSED] - Browser is opened with url: ''

2018-04-17 09:34:38 - [TEST_STEP][PASSED] - navigateToUrl: Navigate to 'http://dev.providerlookup.ipro.org/' successfully

2018-04-17 09:34:40 - [MESSAGE][PASSED] - Navigate to 'http://dev.providerlookup.ipro.org/' successfully

2018-04-17 09:34:40 - [TEST_STEP][PASSED] - click: Object: 'Object Repository/Plans and Products/Page_PNDS (61)/a_Search by Health Plan' is clicked on

2018-04-17 09:34:41 - [MESSAGE][PASSED] - Object: 'Object Repository/Plans and Products/Page_PNDS (61)/a_Search by Health Plan' is clicked on

2018-04-17 09:34:41 - [TEST_STEP][PASSED] - selectOptionByValue: All options with value '0075' are selected in object 'Object Repository/Plans and Products/Page_PNDS (61)/select_--- Choose one ---Aetna'  using regular expression

2018-04-17 09:34:43 - [MESSAGE][PASSED] - All options with value '0075' are selected in object 'Object Repository/Plans and Products/Page_PNDS (61)/select_--- Choose one ---Aetna'  using regular expression

2018-04-17 09:34:43 - [TEST_STEP][PASSED] - selectOptionByValue: All options with value 'indivstplatinum,indivstplatinum,indivstgold,indivstgold,indivstsilver,indivstsilver,indivstbronze,indivstbronze,indivchildonlyplatinum,indivchildonlygold,indivchildonlybronze,indivchildonlysilver,indivcatastrophic,indivnonstbronze1,indivnonstbronze1,indivnonstsilver1,indivnonstsilver1,indivnonstgold1,indivnonstgold1,indivnonstplatinum1,indivnonstplatinum1,indivnonstbronze2,indivnonstbronze2,indivnonstsilver2,indivnonstsilver2,indivnonstgold2,indivnonstgold2' are selected in object 'Object Repository/Plans and Products/Page_PNDS (61)/select_--- Choose One ---Oscar'  using regular expression

2018-04-17 09:34:44 - [MESSAGE][PASSED] - All options with value 'indivstplatinum,indivstplatinum,indivstgold,indivstgold,indivstsilver,indivstsilver,indivstbronze,indivstbronze,indivchildonlyplatinum,indivchildonlygold,indivchildonlybronze,indivchildonlysilver,indivcatastrophic,indivnonstbronze1,indivnonstbronze1,indivnonstsilver1,indivnonstsilver1,indivnonstgold1,indivnonstgold1,indivnonstplatinum1,indivnonstplatinum1,indivnonstbronze2,indivnonstbronze2,indivnonstsilver2,indivnonstsilver2,indivnonstgold2,indivnonstgold2' are selected in object 'Object Repository/Plans and Products/Page_PNDS (61)/select_--- Choose One ---Oscar'  using regular expression

2018-04-17 09:34:44 - [TEST_STEP][PASSED] - closeBrowser: Browser is closed

2018-04-17 09:34:44 - [MESSAGE][PASSED] - Browser is closed]]></system-out>
         <system-err><![CDATA[]]></system-err>
      </testcase>
      <testcase name="Test Cases/Health Plans and their Products/Oxford HealthPlans NY" classname="Test Cases/Health Plans and their Products/Oxford HealthPlans NY" status="PASSED">
         <system-out><![CDATA[2018-04-17 09:34:44 - [TEST_CASE][PASSED] - Test Cases/Health Plans and their Products/Oxford HealthPlans NY: Test Cases/Health Plans and their Products/Oxford HealthPlans NY

2018-04-17 09:34:44 - [TEST_STEP][PASSED] - openBrowser: Browser is opened with url: ''

2018-04-17 09:34:47 - [MESSAGE][PASSED] - Browser is opened with url: ''

2018-04-17 09:34:47 - [TEST_STEP][PASSED] - navigateToUrl: Navigate to 'http://dev.providerlookup.ipro.org/' successfully

2018-04-17 09:34:49 - [MESSAGE][PASSED] - Navigate to 'http://dev.providerlookup.ipro.org/' successfully

2018-04-17 09:34:49 - [TEST_STEP][PASSED] - click: Object: 'Object Repository/Plans and Products/Page_PNDS (62)/a_Search by Health Plan' is clicked on

2018-04-17 09:34:50 - [MESSAGE][PASSED] - Object: 'Object Repository/Plans and Products/Page_PNDS (62)/a_Search by Health Plan' is clicked on

2018-04-17 09:34:50 - [TEST_STEP][PASSED] - selectOptionByValue: All options with value '0076' are selected in object 'Object Repository/Plans and Products/Page_PNDS (62)/select_--- Choose one ---Aetna'  using regular expression

2018-04-17 09:34:52 - [MESSAGE][PASSED] - All options with value '0076' are selected in object 'Object Repository/Plans and Products/Page_PNDS (62)/select_--- Choose one ---Aetna'  using regular expression

2018-04-17 09:34:52 - [TEST_STEP][PASSED] - selectOptionByValue: All options with value 'nonmcomedical' are selected in object 'Object Repository/Plans and Products/Page_PNDS (62)/select_--- Choose One ---Oxfor'  using regular expression

2018-04-17 09:34:53 - [MESSAGE][PASSED] - All options with value 'nonmcomedical' are selected in object 'Object Repository/Plans and Products/Page_PNDS (62)/select_--- Choose One ---Oxfor'  using regular expression

2018-04-17 09:34:53 - [TEST_STEP][PASSED] - selectOptionByValue: All options with value 'nonmcomedical,skp_001' are selected in object 'Object Repository/Plans and Products/Page_PNDS (62)/select_--- Choose One ---Oxfor'  using regular expression

2018-04-17 09:34:53 - [MESSAGE][PASSED] - All options with value 'nonmcomedical,skp_001' are selected in object 'Object Repository/Plans and Products/Page_PNDS (62)/select_--- Choose One ---Oxfor'  using regular expression

2018-04-17 09:34:53 - [TEST_STEP][PASSED] - selectOptionByValue: All options with value 'commercialprovider' are selected in object 'Object Repository/Plans and Products/Page_PNDS (62)/select_--- Choose One ---Oxfor'  using regular expression

2018-04-17 09:34:54 - [MESSAGE][PASSED] - All options with value 'commercialprovider' are selected in object 'Object Repository/Plans and Products/Page_PNDS (62)/select_--- Choose One ---Oxfor'  using regular expression

2018-04-17 09:34:54 - [TEST_STEP][PASSED] - closeBrowser: Browser is closed

2018-04-17 09:34:54 - [MESSAGE][PASSED] - Browser is closed]]></system-out>
         <system-err><![CDATA[]]></system-err>
      </testcase>
      <testcase name="Test Cases/Health Plans and their Products/Pace CNY" classname="Test Cases/Health Plans and their Products/Pace CNY" status="PASSED">
         <system-out><![CDATA[2018-04-17 09:34:54 - [TEST_CASE][PASSED] - Test Cases/Health Plans and their Products/Pace CNY: Test Cases/Health Plans and their Products/Pace CNY

2018-04-17 09:34:54 - [TEST_STEP][PASSED] - openBrowser: Browser is opened with url: ''

2018-04-17 09:34:57 - [MESSAGE][PASSED] - Browser is opened with url: ''

2018-04-17 09:34:57 - [TEST_STEP][PASSED] - navigateToUrl: Navigate to 'http://dev.providerlookup.ipro.org/' successfully

2018-04-17 09:34:59 - [MESSAGE][PASSED] - Navigate to 'http://dev.providerlookup.ipro.org/' successfully

2018-04-17 09:34:59 - [TEST_STEP][PASSED] - click: Object: 'Object Repository/Plans and Products/Page_PNDS (63)/a_Search by Health Plan' is clicked on

2018-04-17 09:35:00 - [MESSAGE][PASSED] - Object: 'Object Repository/Plans and Products/Page_PNDS (63)/a_Search by Health Plan' is clicked on

2018-04-17 09:35:00 - [TEST_STEP][PASSED] - selectOptionByValue: All options with value '0077' are selected in object 'Object Repository/Plans and Products/Page_PNDS (63)/select_--- Choose one ---Aetna'  using regular expression

2018-04-17 09:35:02 - [MESSAGE][PASSED] - All options with value '0077' are selected in object 'Object Repository/Plans and Products/Page_PNDS (63)/select_--- Choose one ---Aetna'  using regular expression

2018-04-17 09:35:02 - [TEST_STEP][PASSED] - selectOptionByValue: All options with value 'pace' are selected in object 'Object Repository/Plans and Products/Page_PNDS (63)/select_--- Choose One ---PACE'  using regular expression

2018-04-17 09:35:03 - [MESSAGE][PASSED] - All options with value 'pace' are selected in object 'Object Repository/Plans and Products/Page_PNDS (63)/select_--- Choose One ---PACE'  using regular expression

2018-04-17 09:35:03 - [TEST_STEP][PASSED] - closeBrowser: Browser is closed

2018-04-17 09:35:03 - [MESSAGE][PASSED] - Browser is closed]]></system-out>
         <system-err><![CDATA[]]></system-err>
      </testcase>
      <testcase name="Test Cases/Health Plans and their Products/Physicians Mutual Insurance Company" classname="Test Cases/Health Plans and their Products/Physicians Mutual Insurance Company" status="PASSED">
         <system-out><![CDATA[2018-04-17 09:35:03 - [TEST_CASE][PASSED] - Test Cases/Health Plans and their Products/Physicians Mutual Insurance Company: Test Cases/Health Plans and their Products/Physicians Mutual Insurance Company

2018-04-17 09:35:03 - [TEST_STEP][PASSED] - openBrowser: Browser is opened with url: ''

2018-04-17 09:35:06 - [MESSAGE][PASSED] - Browser is opened with url: ''

2018-04-17 09:35:06 - [TEST_STEP][PASSED] - navigateToUrl: Navigate to 'http://dev.providerlookup.ipro.org/' successfully

2018-04-17 09:35:08 - [MESSAGE][PASSED] - Navigate to 'http://dev.providerlookup.ipro.org/' successfully

2018-04-17 09:35:08 - [TEST_STEP][PASSED] - click: Object: 'Object Repository/Plans and Products/Page_PNDS (64)/a_Search by Health Plan' is clicked on

2018-04-17 09:35:09 - [MESSAGE][PASSED] - Object: 'Object Repository/Plans and Products/Page_PNDS (64)/a_Search by Health Plan' is clicked on

2018-04-17 09:35:09 - [TEST_STEP][PASSED] - selectOptionByValue: All options with value '0177' are selected in object 'Object Repository/Plans and Products/Page_PNDS (64)/select_--- Choose one ---Aetna'  using regular expression

2018-04-17 09:35:11 - [MESSAGE][PASSED] - All options with value '0177' are selected in object 'Object Repository/Plans and Products/Page_PNDS (64)/select_--- Choose one ---Aetna'  using regular expression

2018-04-17 09:35:11 - [TEST_STEP][PASSED] - selectOptionByValue: All options with value 'nonmcodental' are selected in object 'Object Repository/Plans and Products/Page_PNDS (64)/select_--- Choose One ---Physi'  using regular expression

2018-04-17 09:35:12 - [MESSAGE][PASSED] - All options with value 'nonmcodental' are selected in object 'Object Repository/Plans and Products/Page_PNDS (64)/select_--- Choose One ---Physi'  using regular expression

2018-04-17 09:35:12 - [TEST_STEP][PASSED] - closeBrowser: Browser is closed

2018-04-17 09:35:12 - [MESSAGE][PASSED] - Browser is closed]]></system-out>
         <system-err><![CDATA[]]></system-err>
      </testcase>
      <testcase name="Test Cases/Health Plans and their Products/Prime Health Choice" classname="Test Cases/Health Plans and their Products/Prime Health Choice" status="PASSED">
         <system-out><![CDATA[2018-04-17 09:35:12 - [TEST_CASE][PASSED] - Test Cases/Health Plans and their Products/Prime Health Choice: Test Cases/Health Plans and their Products/Prime Health Choice

2018-04-17 09:35:12 - [TEST_STEP][PASSED] - openBrowser: Browser is opened with url: ''

2018-04-17 09:35:15 - [MESSAGE][PASSED] - Browser is opened with url: ''

2018-04-17 09:35:15 - [TEST_STEP][PASSED] - navigateToUrl: Navigate to 'http://dev.providerlookup.ipro.org/' successfully

2018-04-17 09:35:17 - [MESSAGE][PASSED] - Navigate to 'http://dev.providerlookup.ipro.org/' successfully

2018-04-17 09:35:17 - [TEST_STEP][PASSED] - click: Object: 'Object Repository/Plans and Products/Page_PNDS (65)/a_Search by Health Plan' is clicked on

2018-04-17 09:35:18 - [MESSAGE][PASSED] - Object: 'Object Repository/Plans and Products/Page_PNDS (65)/a_Search by Health Plan' is clicked on

2018-04-17 09:35:18 - [TEST_STEP][PASSED] - selectOptionByValue: All options with value '0079' are selected in object 'Object Repository/Plans and Products/Page_PNDS (65)/select_--- Choose one ---Aetna'  using regular expression

2018-04-17 09:35:20 - [MESSAGE][PASSED] - All options with value '0079' are selected in object 'Object Repository/Plans and Products/Page_PNDS (65)/select_--- Choose one ---Aetna'  using regular expression

2018-04-17 09:35:20 - [TEST_STEP][PASSED] - selectOptionByValue: All options with value 'partialcaps' are selected in object 'Object Repository/Plans and Products/Page_PNDS (65)/select_--- Choose One ---Prime'  using regular expression

2018-04-17 09:35:21 - [MESSAGE][PASSED] - All options with value 'partialcaps' are selected in object 'Object Repository/Plans and Products/Page_PNDS (65)/select_--- Choose One ---Prime'  using regular expression

2018-04-17 09:35:21 - [TEST_STEP][PASSED] - closeBrowser: Browser is closed

2018-04-17 09:35:21 - [MESSAGE][PASSED] - Browser is closed]]></system-out>
         <system-err><![CDATA[]]></system-err>
      </testcase>
      <testcase name="Test Cases/Health Plans and their Products/Provident Life" classname="Test Cases/Health Plans and their Products/Provident Life" status="PASSED">
         <system-out><![CDATA[2018-04-17 09:35:21 - [TEST_CASE][PASSED] - Test Cases/Health Plans and their Products/Provident Life: Test Cases/Health Plans and their Products/Provident Life

2018-04-17 09:35:21 - [TEST_STEP][PASSED] - openBrowser: Browser is opened with url: ''

2018-04-17 09:35:24 - [MESSAGE][PASSED] - Browser is opened with url: ''

2018-04-17 09:35:24 - [TEST_STEP][PASSED] - navigateToUrl: Navigate to 'http://dev.providerlookup.ipro.org/' successfully

2018-04-17 09:35:27 - [MESSAGE][PASSED] - Navigate to 'http://dev.providerlookup.ipro.org/' successfully

2018-04-17 09:35:27 - [TEST_STEP][PASSED] - click: Object: 'Object Repository/Plans and Products/Page_PNDS (66)/a_Search by Health Plan' is clicked on

2018-04-17 09:35:28 - [MESSAGE][PASSED] - Object: 'Object Repository/Plans and Products/Page_PNDS (66)/a_Search by Health Plan' is clicked on

2018-04-17 09:35:28 - [TEST_STEP][PASSED] - selectOptionByValue: All options with value '0145' are selected in object 'Object Repository/Plans and Products/Page_PNDS (66)/select_--- Choose one ---Aetna'  using regular expression

2018-04-17 09:35:30 - [MESSAGE][PASSED] - All options with value '0145' are selected in object 'Object Repository/Plans and Products/Page_PNDS (66)/select_--- Choose one ---Aetna'  using regular expression

2018-04-17 09:35:30 - [TEST_STEP][PASSED] - selectOptionByValue: All options with value 'nonmcodental' are selected in object 'Object Repository/Plans and Products/Page_PNDS (66)/select_--- Choose One ---Provi'  using regular expression

2018-04-17 09:35:31 - [MESSAGE][PASSED] - All options with value 'nonmcodental' are selected in object 'Object Repository/Plans and Products/Page_PNDS (66)/select_--- Choose One ---Provi'  using regular expression

2018-04-17 09:35:31 - [TEST_STEP][PASSED] - selectOptionByValue: All options with value 'nonmcovision' are selected in object 'Object Repository/Plans and Products/Page_PNDS (66)/select_--- Choose One ---Provi'  using regular expression

2018-04-17 09:35:31 - [MESSAGE][PASSED] - All options with value 'nonmcovision' are selected in object 'Object Repository/Plans and Products/Page_PNDS (66)/select_--- Choose One ---Provi'  using regular expression

2018-04-17 09:35:31 - [TEST_STEP][PASSED] - closeBrowser: Browser is closed

2018-04-17 09:35:32 - [MESSAGE][PASSED] - Browser is closed]]></system-out>
         <system-err><![CDATA[]]></system-err>
      </testcase>
      <testcase name="Test Cases/Health Plans and their Products/Renaissance Health" classname="Test Cases/Health Plans and their Products/Renaissance Health" status="PASSED">
         <system-out><![CDATA[2018-04-17 09:35:32 - [TEST_CASE][PASSED] - Test Cases/Health Plans and their Products/Renaissance Health: Test Cases/Health Plans and their Products/Renaissance Health

2018-04-17 09:35:32 - [TEST_STEP][PASSED] - openBrowser: Browser is opened with url: ''

2018-04-17 09:35:35 - [MESSAGE][PASSED] - Browser is opened with url: ''

2018-04-17 09:35:35 - [TEST_STEP][PASSED] - navigateToUrl: Navigate to 'http://dev.providerlookup.ipro.org/' successfully

2018-04-17 09:35:36 - [MESSAGE][PASSED] - Navigate to 'http://dev.providerlookup.ipro.org/' successfully

2018-04-17 09:35:36 - [TEST_STEP][PASSED] - click: Object: 'Object Repository/Plans and Products/Page_PNDS (67)/a_Search by Health Plan' is clicked on

2018-04-17 09:35:37 - [MESSAGE][PASSED] - Object: 'Object Repository/Plans and Products/Page_PNDS (67)/a_Search by Health Plan' is clicked on

2018-04-17 09:35:37 - [TEST_STEP][PASSED] - selectOptionByValue: All options with value '0080' are selected in object 'Object Repository/Plans and Products/Page_PNDS (67)/select_--- Choose one ---Aetna'  using regular expression

2018-04-17 09:35:40 - [MESSAGE][PASSED] - All options with value '0080' are selected in object 'Object Repository/Plans and Products/Page_PNDS (67)/select_--- Choose one ---Aetna'  using regular expression

2018-04-17 09:35:40 - [TEST_STEP][PASSED] - selectOptionByValue: All options with value 'nonmcodental' are selected in object 'Object Repository/Plans and Products/Page_PNDS (67)/select_--- Choose One ---Renai'  using regular expression

2018-04-17 09:35:40 - [MESSAGE][PASSED] - All options with value 'nonmcodental' are selected in object 'Object Repository/Plans and Products/Page_PNDS (67)/select_--- Choose One ---Renai'  using regular expression

2018-04-17 09:35:40 - [TEST_STEP][PASSED] - selectOptionByValue: All options with value 'nonmcovision' are selected in object 'Object Repository/Plans and Products/Page_PNDS (67)/select_--- Choose One ---Renai'  using regular expression

2018-04-17 09:35:41 - [MESSAGE][PASSED] - All options with value 'nonmcovision' are selected in object 'Object Repository/Plans and Products/Page_PNDS (67)/select_--- Choose One ---Renai'  using regular expression

2018-04-17 09:35:41 - [TEST_STEP][PASSED] - closeBrowser: Browser is closed

2018-04-17 09:35:41 - [MESSAGE][PASSED] - Browser is closed]]></system-out>
         <system-err><![CDATA[]]></system-err>
      </testcase>
      <testcase name="Test Cases/Health Plans and their Products/Senior Network Health" classname="Test Cases/Health Plans and their Products/Senior Network Health" status="PASSED">
         <system-out><![CDATA[2018-04-17 09:35:41 - [TEST_CASE][PASSED] - Test Cases/Health Plans and their Products/Senior Network Health: Test Cases/Health Plans and their Products/Senior Network Health

2018-04-17 09:35:41 - [TEST_STEP][PASSED] - openBrowser: Browser is opened with url: ''

2018-04-17 09:35:44 - [MESSAGE][PASSED] - Browser is opened with url: ''

2018-04-17 09:35:44 - [TEST_STEP][PASSED] - navigateToUrl: Navigate to 'http://dev.providerlookup.ipro.org/' successfully

2018-04-17 09:35:46 - [MESSAGE][PASSED] - Navigate to 'http://dev.providerlookup.ipro.org/' successfully

2018-04-17 09:35:46 - [TEST_STEP][PASSED] - click: Object: 'Object Repository/Plans and Products/Page_PNDS (68)/a_Search by Health Plan' is clicked on

2018-04-17 09:35:46 - [MESSAGE][PASSED] - Object: 'Object Repository/Plans and Products/Page_PNDS (68)/a_Search by Health Plan' is clicked on

2018-04-17 09:35:46 - [TEST_STEP][PASSED] - selectOptionByValue: All options with value '0083' are selected in object 'Object Repository/Plans and Products/Page_PNDS (68)/select_--- Choose one ---Aetna'  using regular expression

2018-04-17 09:35:49 - [MESSAGE][PASSED] - All options with value '0083' are selected in object 'Object Repository/Plans and Products/Page_PNDS (68)/select_--- Choose one ---Aetna'  using regular expression

2018-04-17 09:35:49 - [TEST_STEP][PASSED] - selectOptionByValue: All options with value 'partialcaps' are selected in object 'Object Repository/Plans and Products/Page_PNDS (68)/select_--- Choose One ---Senio'  using regular expression

2018-04-17 09:35:49 - [MESSAGE][PASSED] - All options with value 'partialcaps' are selected in object 'Object Repository/Plans and Products/Page_PNDS (68)/select_--- Choose One ---Senio'  using regular expression

2018-04-17 09:35:49 - [TEST_STEP][PASSED] - closeBrowser: Browser is closed

2018-04-17 09:35:50 - [MESSAGE][PASSED] - Browser is closed]]></system-out>
         <system-err><![CDATA[]]></system-err>
      </testcase>
      <testcase name="Test Cases/Health Plans and their Products/Senior Whole Health" classname="Test Cases/Health Plans and their Products/Senior Whole Health" status="PASSED">
         <system-out><![CDATA[2018-04-17 09:35:50 - [TEST_CASE][PASSED] - Test Cases/Health Plans and their Products/Senior Whole Health: Test Cases/Health Plans and their Products/Senior Whole Health

2018-04-17 09:35:50 - [TEST_STEP][PASSED] - openBrowser: Browser is opened with url: ''

2018-04-17 09:35:53 - [MESSAGE][PASSED] - Browser is opened with url: ''

2018-04-17 09:35:53 - [TEST_STEP][PASSED] - navigateToUrl: Navigate to 'http://dev.providerlookup.ipro.org/' successfully

2018-04-17 09:35:55 - [MESSAGE][PASSED] - Navigate to 'http://dev.providerlookup.ipro.org/' successfully

2018-04-17 09:35:55 - [TEST_STEP][PASSED] - click: Object: 'Object Repository/Plans and Products/Page_PNDS (69)/a_Search by Health Plan' is clicked on

2018-04-17 09:35:55 - [MESSAGE][PASSED] - Object: 'Object Repository/Plans and Products/Page_PNDS (69)/a_Search by Health Plan' is clicked on

2018-04-17 09:35:55 - [TEST_STEP][PASSED] - selectOptionByValue: All options with value '0115' are selected in object 'Object Repository/Plans and Products/Page_PNDS (69)/select_--- Choose one ---Aetna'  using regular expression

2018-04-17 09:35:58 - [MESSAGE][PASSED] - All options with value '0115' are selected in object 'Object Repository/Plans and Products/Page_PNDS (69)/select_--- Choose one ---Aetna'  using regular expression

2018-04-17 09:35:58 - [TEST_STEP][PASSED] - selectOptionByValue: All options with value 'partialcaps' are selected in object 'Object Repository/Plans and Products/Page_PNDS (69)/select_--- Choose One ---Senio'  using regular expression

2018-04-17 09:35:58 - [MESSAGE][PASSED] - All options with value 'partialcaps' are selected in object 'Object Repository/Plans and Products/Page_PNDS (69)/select_--- Choose One ---Senio'  using regular expression

2018-04-17 09:35:58 - [TEST_STEP][PASSED] - selectOptionByValue: All options with value 'fida' are selected in object 'Object Repository/Plans and Products/Page_PNDS (69)/select_--- Choose One ---Senio'  using regular expression

2018-04-17 09:35:59 - [MESSAGE][PASSED] - All options with value 'fida' are selected in object 'Object Repository/Plans and Products/Page_PNDS (69)/select_--- Choose One ---Senio'  using regular expression

2018-04-17 09:35:59 - [TEST_STEP][PASSED] - selectOptionByValue: All options with value 'map' are selected in object 'Object Repository/Plans and Products/Page_PNDS (69)/select_--- Choose One ---Senio'  using regular expression

2018-04-17 09:35:59 - [MESSAGE][PASSED] - All options with value 'map' are selected in object 'Object Repository/Plans and Products/Page_PNDS (69)/select_--- Choose One ---Senio'  using regular expression

2018-04-17 09:35:59 - [TEST_STEP][PASSED] - closeBrowser: Browser is closed

2018-04-17 09:36:00 - [MESSAGE][PASSED] - Browser is closed]]></system-out>
         <system-err><![CDATA[]]></system-err>
      </testcase>
      <testcase name="Test Cases/Health Plans and their Products/Shelter Point Life Insurance" classname="Test Cases/Health Plans and their Products/Shelter Point Life Insurance" status="PASSED">
         <system-out><![CDATA[2018-04-17 09:36:00 - [TEST_CASE][PASSED] - Test Cases/Health Plans and their Products/Shelter Point Life Insurance: Test Cases/Health Plans and their Products/Shelter Point Life Insurance

2018-04-17 09:36:00 - [TEST_STEP][PASSED] - openBrowser: Browser is opened with url: ''

2018-04-17 09:36:03 - [MESSAGE][PASSED] - Browser is opened with url: ''

2018-04-17 09:36:03 - [TEST_STEP][PASSED] - navigateToUrl: Navigate to 'http://dev.providerlookup.ipro.org/' successfully

2018-04-17 09:36:04 - [MESSAGE][PASSED] - Navigate to 'http://dev.providerlookup.ipro.org/' successfully

2018-04-17 09:36:04 - [TEST_STEP][PASSED] - click: Object: 'Object Repository/Plans and Products/Page_PNDS (70)/a_Search by Health Plan' is clicked on

2018-04-17 09:36:05 - [MESSAGE][PASSED] - Object: 'Object Repository/Plans and Products/Page_PNDS (70)/a_Search by Health Plan' is clicked on

2018-04-17 09:36:05 - [TEST_STEP][PASSED] - selectOptionByValue: All options with value '0160' are selected in object 'Object Repository/Plans and Products/Page_PNDS (70)/select_--- Choose one ---Aetna'  using regular expression

2018-04-17 09:36:08 - [MESSAGE][PASSED] - All options with value '0160' are selected in object 'Object Repository/Plans and Products/Page_PNDS (70)/select_--- Choose one ---Aetna'  using regular expression

2018-04-17 09:36:08 - [TEST_STEP][PASSED] - selectOptionByValue: All options with value 'nonmcovision' are selected in object 'Object Repository/Plans and Products/Page_PNDS (70)/select_--- Choose One ---Shelt'  using regular expression

2018-04-17 09:36:08 - [MESSAGE][PASSED] - All options with value 'nonmcovision' are selected in object 'Object Repository/Plans and Products/Page_PNDS (70)/select_--- Choose One ---Shelt'  using regular expression

2018-04-17 09:36:08 - [TEST_STEP][PASSED] - selectOptionByValue: All options with value 'nonmcodental' are selected in object 'Object Repository/Plans and Products/Page_PNDS (70)/select_--- Choose One ---Shelt'  using regular expression

2018-04-17 09:36:09 - [MESSAGE][PASSED] - All options with value 'nonmcodental' are selected in object 'Object Repository/Plans and Products/Page_PNDS (70)/select_--- Choose One ---Shelt'  using regular expression

2018-04-17 09:36:09 - [TEST_STEP][PASSED] - selectOptionByValue: All options with value 'nonmcovision,skp_002' are selected in object 'Object Repository/Plans and Products/Page_PNDS (70)/select_--- Choose One ---Shelt'  using regular expression

2018-04-17 09:36:09 - [MESSAGE][PASSED] - All options with value 'nonmcovision,skp_002' are selected in object 'Object Repository/Plans and Products/Page_PNDS (70)/select_--- Choose One ---Shelt'  using regular expression

2018-04-17 09:36:09 - [TEST_STEP][PASSED] - selectOptionByValue: All options with value 'nonmcodental,skp_003' are selected in object 'Object Repository/Plans and Products/Page_PNDS (70)/select_--- Choose One ---Shelt'  using regular expression

2018-04-17 09:36:10 - [MESSAGE][PASSED] - All options with value 'nonmcodental,skp_003' are selected in object 'Object Repository/Plans and Products/Page_PNDS (70)/select_--- Choose One ---Shelt'  using regular expression

2018-04-17 09:36:10 - [TEST_STEP][PASSED] - closeBrowser: Browser is closed

2018-04-17 09:36:10 - [MESSAGE][PASSED] - Browser is closed]]></system-out>
         <system-err><![CDATA[]]></system-err>
      </testcase>
      <testcase name="Test Cases/Health Plans and their Products/Solstice" classname="Test Cases/Health Plans and their Products/Solstice" status="PASSED">
         <system-out><![CDATA[2018-04-17 09:36:10 - [TEST_CASE][PASSED] - Test Cases/Health Plans and their Products/Solstice: Test Cases/Health Plans and their Products/Solstice

2018-04-17 09:36:10 - [TEST_STEP][PASSED] - openBrowser: Browser is opened with url: ''

2018-04-17 09:36:13 - [MESSAGE][PASSED] - Browser is opened with url: ''

2018-04-17 09:36:13 - [TEST_STEP][PASSED] - navigateToUrl: Navigate to 'http://dev.providerlookup.ipro.org/' successfully

2018-04-17 09:36:15 - [MESSAGE][PASSED] - Navigate to 'http://dev.providerlookup.ipro.org/' successfully

2018-04-17 09:36:15 - [TEST_STEP][PASSED] - click: Object: 'Object Repository/Plans and Products/Page_PNDS (71)/a_Search by Health Plan' is clicked on

2018-04-17 09:36:16 - [MESSAGE][PASSED] - Object: 'Object Repository/Plans and Products/Page_PNDS (71)/a_Search by Health Plan' is clicked on

2018-04-17 09:36:16 - [TEST_STEP][PASSED] - selectOptionByValue: All options with value '0084' are selected in object 'Object Repository/Plans and Products/Page_PNDS (71)/select_--- Choose one ---Aetna'  using regular expression

2018-04-17 09:36:18 - [MESSAGE][PASSED] - All options with value '0084' are selected in object 'Object Repository/Plans and Products/Page_PNDS (71)/select_--- Choose one ---Aetna'  using regular expression

2018-04-17 09:36:18 - [TEST_STEP][PASSED] - selectOptionByValue: All options with value 'indivpeddentalhigh,indivfamdental,indivadultdental' are selected in object 'Object Repository/Plans and Products/Page_PNDS (71)/select_--- Choose One ---Solst'  using regular expression

2018-04-17 09:36:19 - [MESSAGE][PASSED] - All options with value 'indivpeddentalhigh,indivfamdental,indivadultdental' are selected in object 'Object Repository/Plans and Products/Page_PNDS (71)/select_--- Choose One ---Solst'  using regular expression

2018-04-17 09:36:19 - [TEST_STEP][PASSED] - selectOptionByValue: All options with value 'shoppeddentalhigh,shopfamdental,shopadultdental,shoppeddentallow' are selected in object 'Object Repository/Plans and Products/Page_PNDS (71)/select_--- Choose One ---Solst'  using regular expression

2018-04-17 09:36:19 - [MESSAGE][PASSED] - All options with value 'shoppeddentalhigh,shopfamdental,shopadultdental,shoppeddentallow' are selected in object 'Object Repository/Plans and Products/Page_PNDS (71)/select_--- Choose One ---Solst'  using regular expression

2018-04-17 09:36:19 - [TEST_STEP][PASSED] - closeBrowser: Browser is closed

2018-04-17 09:36:19 - [MESSAGE][PASSED] - Browser is closed]]></system-out>
         <system-err><![CDATA[]]></system-err>
      </testcase>
      <testcase name="Test Cases/Health Plans and their Products/Standard" classname="Test Cases/Health Plans and their Products/Standard" status="PASSED">
         <system-out><![CDATA[2018-04-17 09:36:19 - [TEST_CASE][PASSED] - Test Cases/Health Plans and their Products/Standard: Test Cases/Health Plans and their Products/Standard

2018-04-17 09:36:20 - [TEST_STEP][PASSED] - openBrowser: Browser is opened with url: ''

2018-04-17 09:36:23 - [MESSAGE][PASSED] - Browser is opened with url: ''

2018-04-17 09:36:23 - [TEST_STEP][PASSED] - navigateToUrl: Navigate to 'http://dev.providerlookup.ipro.org/' successfully

2018-04-17 09:36:24 - [MESSAGE][PASSED] - Navigate to 'http://dev.providerlookup.ipro.org/' successfully

2018-04-17 09:36:24 - [TEST_STEP][PASSED] - click: Object: 'Object Repository/Plans and Products/Page_PNDS (72)/a_Search by Health Plan' is clicked on

2018-04-17 09:36:25 - [MESSAGE][PASSED] - Object: 'Object Repository/Plans and Products/Page_PNDS (72)/a_Search by Health Plan' is clicked on

2018-04-17 09:36:25 - [TEST_STEP][PASSED] - selectOptionByValue: All options with value '0139' are selected in object 'Object Repository/Plans and Products/Page_PNDS (72)/select_--- Choose one ---Aetna'  using regular expression

2018-04-17 09:36:28 - [MESSAGE][PASSED] - All options with value '0139' are selected in object 'Object Repository/Plans and Products/Page_PNDS (72)/select_--- Choose one ---Aetna'  using regular expression

2018-04-17 09:36:28 - [TEST_STEP][PASSED] - selectOptionByValue: All options with value 'nonmcodental' are selected in object 'Object Repository/Plans and Products/Page_PNDS (72)/select_--- Choose One ---Stand'  using regular expression

2018-04-17 09:36:28 - [MESSAGE][PASSED] - All options with value 'nonmcodental' are selected in object 'Object Repository/Plans and Products/Page_PNDS (72)/select_--- Choose One ---Stand'  using regular expression

2018-04-17 09:36:28 - [TEST_STEP][PASSED] - selectOptionByValue: All options with value 'nonmcovision' are selected in object 'Object Repository/Plans and Products/Page_PNDS (72)/select_--- Choose One ---Stand'  using regular expression

2018-04-17 09:36:29 - [MESSAGE][PASSED] - All options with value 'nonmcovision' are selected in object 'Object Repository/Plans and Products/Page_PNDS (72)/select_--- Choose One ---Stand'  using regular expression

2018-04-17 09:36:29 - [TEST_STEP][PASSED] - selectOptionByValue: All options with value 'nonmcovision,skp_002' are selected in object 'Object Repository/Plans and Products/Page_PNDS (72)/select_--- Choose One ---Stand'  using regular expression

2018-04-17 09:36:29 - [MESSAGE][PASSED] - All options with value 'nonmcovision,skp_002' are selected in object 'Object Repository/Plans and Products/Page_PNDS (72)/select_--- Choose One ---Stand'  using regular expression

2018-04-17 09:36:29 - [TEST_STEP][PASSED] - selectOptionByValue: All options with value 'nonmcodental,skp_003' are selected in object 'Object Repository/Plans and Products/Page_PNDS (72)/select_--- Choose One ---Stand'  using regular expression

2018-04-17 09:36:30 - [MESSAGE][PASSED] - All options with value 'nonmcodental,skp_003' are selected in object 'Object Repository/Plans and Products/Page_PNDS (72)/select_--- Choose One ---Stand'  using regular expression

2018-04-17 09:36:30 - [TEST_STEP][PASSED] - selectOptionByValue: All options with value 'nonmcovision,skp_004' are selected in object 'Object Repository/Plans and Products/Page_PNDS (72)/select_--- Choose One ---Stand'  using regular expression

2018-04-17 09:36:30 - [MESSAGE][PASSED] - All options with value 'nonmcovision,skp_004' are selected in object 'Object Repository/Plans and Products/Page_PNDS (72)/select_--- Choose One ---Stand'  using regular expression

2018-04-17 09:36:30 - [TEST_STEP][PASSED] - selectOptionByValue: All options with value 'nonmcovision,skp_005' are selected in object 'Object Repository/Plans and Products/Page_PNDS (72)/select_--- Choose One ---Stand'  using regular expression

2018-04-17 09:36:31 - [MESSAGE][PASSED] - All options with value 'nonmcovision,skp_005' are selected in object 'Object Repository/Plans and Products/Page_PNDS (72)/select_--- Choose One ---Stand'  using regular expression

2018-04-17 09:36:31 - [TEST_STEP][PASSED] - closeBrowser: Browser is closed

2018-04-17 09:36:31 - [MESSAGE][PASSED] - Browser is closed]]></system-out>
         <system-err><![CDATA[]]></system-err>
      </testcase>
      <testcase name="Test Cases/Health Plans and their Products/Sun Life and Health" classname="Test Cases/Health Plans and their Products/Sun Life and Health" status="PASSED">
         <system-out><![CDATA[2018-04-17 09:36:31 - [TEST_CASE][PASSED] - Test Cases/Health Plans and their Products/Sun Life and Health: Test Cases/Health Plans and their Products/Sun Life and Health

2018-04-17 09:36:31 - [TEST_STEP][PASSED] - openBrowser: Browser is opened with url: ''

2018-04-17 09:36:34 - [MESSAGE][PASSED] - Browser is opened with url: ''

2018-04-17 09:36:34 - [TEST_STEP][PASSED] - navigateToUrl: Navigate to 'http://dev.providerlookup.ipro.org/' successfully

2018-04-17 09:36:36 - [MESSAGE][PASSED] - Navigate to 'http://dev.providerlookup.ipro.org/' successfully

2018-04-17 09:36:36 - [TEST_STEP][PASSED] - click: Object: 'Object Repository/Plans and Products/Page_PNDS (73)/a_Search by Health Plan' is clicked on

2018-04-17 09:36:37 - [MESSAGE][PASSED] - Object: 'Object Repository/Plans and Products/Page_PNDS (73)/a_Search by Health Plan' is clicked on

2018-04-17 09:36:37 - [TEST_STEP][PASSED] - selectOptionByValue: All options with value '0162' are selected in object 'Object Repository/Plans and Products/Page_PNDS (73)/select_--- Choose one ---Aetna'  using regular expression

2018-04-17 09:36:39 - [MESSAGE][PASSED] - All options with value '0162' are selected in object 'Object Repository/Plans and Products/Page_PNDS (73)/select_--- Choose one ---Aetna'  using regular expression

2018-04-17 09:36:39 - [TEST_STEP][PASSED] - selectOptionByValue: All options with value 'nonmcodental' are selected in object 'Object Repository/Plans and Products/Page_PNDS (73)/select_--- Choose One ---Sun L'  using regular expression

2018-04-17 09:36:40 - [MESSAGE][PASSED] - All options with value 'nonmcodental' are selected in object 'Object Repository/Plans and Products/Page_PNDS (73)/select_--- Choose One ---Sun L'  using regular expression

2018-04-17 09:36:40 - [TEST_STEP][PASSED] - selectOptionByValue: All options with value 'nonmcodental,skp_001' are selected in object 'Object Repository/Plans and Products/Page_PNDS (73)/select_--- Choose One ---Sun L'  using regular expression

2018-04-17 09:36:40 - [MESSAGE][PASSED] - All options with value 'nonmcodental,skp_001' are selected in object 'Object Repository/Plans and Products/Page_PNDS (73)/select_--- Choose One ---Sun L'  using regular expression

2018-04-17 09:36:40 - [TEST_STEP][PASSED] - closeBrowser: Browser is closed

2018-04-17 09:36:40 - [MESSAGE][PASSED] - Browser is closed]]></system-out>
         <system-err><![CDATA[]]></system-err>
      </testcase>
      <testcase name="Test Cases/Health Plans and their Products/The Paul Revere" classname="Test Cases/Health Plans and their Products/The Paul Revere" status="PASSED">
         <system-out><![CDATA[2018-04-17 09:36:40 - [TEST_CASE][PASSED] - Test Cases/Health Plans and their Products/The Paul Revere: Test Cases/Health Plans and their Products/The Paul Revere

2018-04-17 09:36:40 - [TEST_STEP][PASSED] - openBrowser: Browser is opened with url: ''

2018-04-17 09:36:43 - [MESSAGE][PASSED] - Browser is opened with url: ''

2018-04-17 09:36:43 - [TEST_STEP][PASSED] - navigateToUrl: Navigate to 'http://dev.providerlookup.ipro.org/' successfully

2018-04-17 09:36:45 - [MESSAGE][PASSED] - Navigate to 'http://dev.providerlookup.ipro.org/' successfully

2018-04-17 09:36:45 - [TEST_STEP][PASSED] - click: Object: 'Object Repository/Plans and Products/Page_PNDS (74)/a_Search by Health Plan' is clicked on

2018-04-17 09:36:46 - [MESSAGE][PASSED] - Object: 'Object Repository/Plans and Products/Page_PNDS (74)/a_Search by Health Plan' is clicked on

2018-04-17 09:36:46 - [TEST_STEP][PASSED] - selectOptionByValue: All options with value '0182' are selected in object 'Object Repository/Plans and Products/Page_PNDS (74)/select_--- Choose one ---Aetna'  using regular expression

2018-04-17 09:36:49 - [MESSAGE][PASSED] - All options with value '0182' are selected in object 'Object Repository/Plans and Products/Page_PNDS (74)/select_--- Choose one ---Aetna'  using regular expression

2018-04-17 09:36:49 - [TEST_STEP][PASSED] - selectOptionByValue: All options with value 'nonmcodental' are selected in object 'Object Repository/Plans and Products/Page_PNDS (74)/select_--- Choose One ---The P'  using regular expression

2018-04-17 09:36:49 - [MESSAGE][PASSED] - All options with value 'nonmcodental' are selected in object 'Object Repository/Plans and Products/Page_PNDS (74)/select_--- Choose One ---The P'  using regular expression

2018-04-17 09:36:49 - [TEST_STEP][PASSED] - selectOptionByValue: All options with value 'nonmcovision' are selected in object 'Object Repository/Plans and Products/Page_PNDS (74)/select_--- Choose One ---The P'  using regular expression

2018-04-17 09:36:50 - [MESSAGE][PASSED] - All options with value 'nonmcovision' are selected in object 'Object Repository/Plans and Products/Page_PNDS (74)/select_--- Choose One ---The P'  using regular expression

2018-04-17 09:36:50 - [TEST_STEP][PASSED] - closeBrowser: Browser is closed

2018-04-17 09:36:50 - [MESSAGE][PASSED] - Browser is closed]]></system-out>
         <system-err><![CDATA[]]></system-err>
      </testcase>
      <testcase name="Test Cases/Health Plans and their Products/Total Senior Care" classname="Test Cases/Health Plans and their Products/Total Senior Care" status="PASSED">
         <system-out><![CDATA[2018-04-17 09:36:50 - [TEST_CASE][PASSED] - Test Cases/Health Plans and their Products/Total Senior Care: Test Cases/Health Plans and their Products/Total Senior Care

2018-04-17 09:36:50 - [TEST_STEP][PASSED] - openBrowser: Browser is opened with url: ''

2018-04-17 09:36:53 - [MESSAGE][PASSED] - Browser is opened with url: ''

2018-04-17 09:36:53 - [TEST_STEP][PASSED] - navigateToUrl: Navigate to 'http://dev.providerlookup.ipro.org/' successfully

2018-04-17 09:36:55 - [MESSAGE][PASSED] - Navigate to 'http://dev.providerlookup.ipro.org/' successfully

2018-04-17 09:36:55 - [TEST_STEP][PASSED] - click: Object: 'Object Repository/Plans and Products/Page_PNDS (75)/a_Search by Health Plan' is clicked on

2018-04-17 09:36:56 - [MESSAGE][PASSED] - Object: 'Object Repository/Plans and Products/Page_PNDS (75)/a_Search by Health Plan' is clicked on

2018-04-17 09:36:56 - [TEST_STEP][PASSED] - selectOptionByValue: All options with value '0087' are selected in object 'Object Repository/Plans and Products/Page_PNDS (75)/select_--- Choose one ---Aetna'  using regular expression

2018-04-17 09:36:59 - [MESSAGE][PASSED] - All options with value '0087' are selected in object 'Object Repository/Plans and Products/Page_PNDS (75)/select_--- Choose one ---Aetna'  using regular expression

2018-04-17 09:36:59 - [TEST_STEP][PASSED] - selectOptionByValue: All options with value 'pace' are selected in object 'Object Repository/Plans and Products/Page_PNDS (75)/select_--- Choose One ---Total'  using regular expression

2018-04-17 09:36:59 - [MESSAGE][PASSED] - All options with value 'pace' are selected in object 'Object Repository/Plans and Products/Page_PNDS (75)/select_--- Choose One ---Total'  using regular expression

2018-04-17 09:36:59 - [TEST_STEP][PASSED] - closeBrowser: Browser is closed

2018-04-17 09:36:59 - [MESSAGE][PASSED] - Browser is closed]]></system-out>
         <system-err><![CDATA[]]></system-err>
      </testcase>
      <testcase name="Test Cases/Health Plans and their Products/United Concordia" classname="Test Cases/Health Plans and their Products/United Concordia" status="PASSED">
         <system-out><![CDATA[2018-04-17 09:36:59 - [TEST_CASE][PASSED] - Test Cases/Health Plans and their Products/United Concordia: Test Cases/Health Plans and their Products/United Concordia

2018-04-17 09:36:59 - [TEST_STEP][PASSED] - openBrowser: Browser is opened with url: ''

2018-04-17 09:37:02 - [MESSAGE][PASSED] - Browser is opened with url: ''

2018-04-17 09:37:02 - [TEST_STEP][PASSED] - navigateToUrl: Navigate to 'http://dev.providerlookup.ipro.org/' successfully

2018-04-17 09:37:04 - [MESSAGE][PASSED] - Navigate to 'http://dev.providerlookup.ipro.org/' successfully

2018-04-17 09:37:04 - [TEST_STEP][PASSED] - click: Object: 'Object Repository/Plans and Products/Page_PNDS (76)/a_Search by Health Plan' is clicked on

2018-04-17 09:37:05 - [MESSAGE][PASSED] - Object: 'Object Repository/Plans and Products/Page_PNDS (76)/a_Search by Health Plan' is clicked on

2018-04-17 09:37:05 - [TEST_STEP][PASSED] - selectOptionByValue: All options with value '0116' are selected in object 'Object Repository/Plans and Products/Page_PNDS (76)/select_--- Choose one ---Aetna'  using regular expression

2018-04-17 09:37:08 - [MESSAGE][PASSED] - All options with value '0116' are selected in object 'Object Repository/Plans and Products/Page_PNDS (76)/select_--- Choose one ---Aetna'  using regular expression

2018-04-17 09:37:08 - [TEST_STEP][PASSED] - selectOptionByValue: All options with value 'nonmcodental' are selected in object 'Object Repository/Plans and Products/Page_PNDS (76)/select_--- Choose One ---Unite'  using regular expression

2018-04-17 09:37:09 - [MESSAGE][PASSED] - All options with value 'nonmcodental' are selected in object 'Object Repository/Plans and Products/Page_PNDS (76)/select_--- Choose One ---Unite'  using regular expression

2018-04-17 09:37:09 - [TEST_STEP][PASSED] - closeBrowser: Browser is closed

2018-04-17 09:37:09 - [MESSAGE][PASSED] - Browser is closed]]></system-out>
         <system-err><![CDATA[]]></system-err>
      </testcase>
      <testcase name="Test Cases/Health Plans and their Products/United Healthcare" classname="Test Cases/Health Plans and their Products/United Healthcare" status="PASSED">
         <system-out><![CDATA[2018-04-17 09:37:09 - [TEST_CASE][PASSED] - Test Cases/Health Plans and their Products/United Healthcare: Test Cases/Health Plans and their Products/United Healthcare

2018-04-17 09:37:09 - [TEST_STEP][PASSED] - openBrowser: Browser is opened with url: ''

2018-04-17 09:37:11 - [MESSAGE][PASSED] - Browser is opened with url: ''

2018-04-17 09:37:11 - [TEST_STEP][PASSED] - navigateToUrl: Navigate to 'http://dev.providerlookup.ipro.org/' successfully

2018-04-17 09:37:13 - [MESSAGE][PASSED] - Navigate to 'http://dev.providerlookup.ipro.org/' successfully

2018-04-17 09:37:13 - [TEST_STEP][PASSED] - click: Object: 'Object Repository/Plans and Products/Page_PNDS (77)/a_Search by Health Plan' is clicked on

2018-04-17 09:37:14 - [MESSAGE][PASSED] - Object: 'Object Repository/Plans and Products/Page_PNDS (77)/a_Search by Health Plan' is clicked on

2018-04-17 09:37:14 - [TEST_STEP][PASSED] - selectOptionByValue: All options with value '0148' are selected in object 'Object Repository/Plans and Products/Page_PNDS (77)/select_--- Choose one ---Aetna'  using regular expression

2018-04-17 09:37:17 - [MESSAGE][PASSED] - All options with value '0148' are selected in object 'Object Repository/Plans and Products/Page_PNDS (77)/select_--- Choose one ---Aetna'  using regular expression

2018-04-17 09:37:17 - [TEST_STEP][PASSED] - selectOptionByValue: All options with value 'nonmcomedical' are selected in object 'Object Repository/Plans and Products/Page_PNDS (77)/select_--- Choose One ---Unite'  using regular expression

2018-04-17 09:37:18 - [MESSAGE][PASSED] - All options with value 'nonmcomedical' are selected in object 'Object Repository/Plans and Products/Page_PNDS (77)/select_--- Choose One ---Unite'  using regular expression

2018-04-17 09:37:18 - [TEST_STEP][PASSED] - selectOptionByValue: All options with value 'chpprovider' are selected in object 'Object Repository/Plans and Products/Page_PNDS (77)/select_--- Choose One ---Unite'  using regular expression

2018-04-17 09:37:18 - [MESSAGE][PASSED] - All options with value 'chpprovider' are selected in object 'Object Repository/Plans and Products/Page_PNDS (77)/select_--- Choose One ---Unite'  using regular expression

2018-04-17 09:37:18 - [TEST_STEP][PASSED] - selectOptionByValue: All options with value 'nonmcomedical,skp_002' are selected in object 'Object Repository/Plans and Products/Page_PNDS (77)/select_--- Choose One ---Unite'  using regular expression

2018-04-17 09:37:19 - [MESSAGE][PASSED] - All options with value 'nonmcomedical,skp_002' are selected in object 'Object Repository/Plans and Products/Page_PNDS (77)/select_--- Choose One ---Unite'  using regular expression

2018-04-17 09:37:19 - [TEST_STEP][PASSED] - selectOptionByValue: All options with value 'nonmcomedical,skp_003' are selected in object 'Object Repository/Plans and Products/Page_PNDS (77)/select_--- Choose One ---Unite'  using regular expression

2018-04-17 09:37:20 - [MESSAGE][PASSED] - All options with value 'nonmcomedical,skp_003' are selected in object 'Object Repository/Plans and Products/Page_PNDS (77)/select_--- Choose One ---Unite'  using regular expression

2018-04-17 09:37:20 - [TEST_STEP][PASSED] - selectOptionByValue: All options with value 'nonmcomedical,skp_004' are selected in object 'Object Repository/Plans and Products/Page_PNDS (77)/select_--- Choose One ---Unite'  using regular expression

2018-04-17 09:37:20 - [MESSAGE][PASSED] - All options with value 'nonmcomedical,skp_004' are selected in object 'Object Repository/Plans and Products/Page_PNDS (77)/select_--- Choose One ---Unite'  using regular expression

2018-04-17 09:37:20 - [TEST_STEP][PASSED] - selectOptionByValue: All options with value 'nonmcomedical,skp_005' are selected in object 'Object Repository/Plans and Products/Page_PNDS (77)/select_--- Choose One ---Unite'  using regular expression

2018-04-17 09:37:21 - [MESSAGE][PASSED] - All options with value 'nonmcomedical,skp_005' are selected in object 'Object Repository/Plans and Products/Page_PNDS (77)/select_--- Choose One ---Unite'  using regular expression

2018-04-17 09:37:21 - [TEST_STEP][PASSED] - selectOptionByValue: All options with value 'nonmcodental' are selected in object 'Object Repository/Plans and Products/Page_PNDS (77)/select_--- Choose One ---Unite'  using regular expression

2018-04-17 09:37:22 - [MESSAGE][PASSED] - All options with value 'nonmcodental' are selected in object 'Object Repository/Plans and Products/Page_PNDS (77)/select_--- Choose One ---Unite'  using regular expression

2018-04-17 09:37:22 - [TEST_STEP][PASSED] - selectOptionByValue: All options with value 'nonmcodental,skp_007' are selected in object 'Object Repository/Plans and Products/Page_PNDS (77)/select_--- Choose One ---Unite'  using regular expression

2018-04-17 09:37:23 - [MESSAGE][PASSED] - All options with value 'nonmcodental,skp_007' are selected in object 'Object Repository/Plans and Products/Page_PNDS (77)/select_--- Choose One ---Unite'  using regular expression

2018-04-17 09:37:23 - [TEST_STEP][PASSED] - selectOptionByValue: All options with value 'nonmcomedical,skp_008' are selected in object 'Object Repository/Plans and Products/Page_PNDS (77)/select_--- Choose One ---Unite'  using regular expression

2018-04-17 09:37:23 - [MESSAGE][PASSED] - All options with value 'nonmcomedical,skp_008' are selected in object 'Object Repository/Plans and Products/Page_PNDS (77)/select_--- Choose One ---Unite'  using regular expression

2018-04-17 09:37:23 - [TEST_STEP][PASSED] - selectOptionByValue: All options with value 'bhp,bhpplus' are selected in object 'Object Repository/Plans and Products/Page_PNDS (77)/select_--- Choose One ---Unite'  using regular expression

2018-04-17 09:37:24 - [MESSAGE][PASSED] - All options with value 'bhp,bhpplus' are selected in object 'Object Repository/Plans and Products/Page_PNDS (77)/select_--- Choose One ---Unite'  using regular expression

2018-04-17 09:37:24 - [TEST_STEP][PASSED] - selectOptionByValue: All options with value 'harp' are selected in object 'Object Repository/Plans and Products/Page_PNDS (77)/select_--- Choose One ---Unite'  using regular expression

2018-04-17 09:37:25 - [MESSAGE][PASSED] - All options with value 'harp' are selected in object 'Object Repository/Plans and Products/Page_PNDS (77)/select_--- Choose One ---Unite'  using regular expression

2018-04-17 09:37:25 - [TEST_STEP][PASSED] - selectOptionByValue: All options with value 'indivstplatinum,indivstplatinum,indivstgold,indivstgold,indivstsilver,indivstsilver,indivstbronze,indivstbronze,indivcatastrophic,indivchildonlyplatinum,indivchildonlygold,indivchildonlysilver,indivchildonlybronze,indivnonstsilver2,indivnonstsilver2,indivchildonlysilver,indivnonstbronze1,indivnonstbronze1,indivchildonlybronze,indivnonstsilver1' are selected in object 'Object Repository/Plans and Products/Page_PNDS (77)/select_--- Choose One ---Unite'  using regular expression

2018-04-17 09:37:26 - [MESSAGE][PASSED] - All options with value 'indivstplatinum,indivstplatinum,indivstgold,indivstgold,indivstsilver,indivstsilver,indivstbronze,indivstbronze,indivcatastrophic,indivchildonlyplatinum,indivchildonlygold,indivchildonlysilver,indivchildonlybronze,indivnonstsilver2,indivnonstsilver2,indivchildonlysilver,indivnonstbronze1,indivnonstbronze1,indivchildonlybronze,indivnonstsilver1' are selected in object 'Object Repository/Plans and Products/Page_PNDS (77)/select_--- Choose One ---Unite'  using regular expression

2018-04-17 09:37:26 - [TEST_STEP][PASSED] - selectOptionByValue: All options with value 'partialcaps' are selected in object 'Object Repository/Plans and Products/Page_PNDS (77)/select_--- Choose One ---Unite'  using regular expression

2018-04-17 09:37:27 - [MESSAGE][PASSED] - All options with value 'partialcaps' are selected in object 'Object Repository/Plans and Products/Page_PNDS (77)/select_--- Choose One ---Unite'  using regular expression

2018-04-17 09:37:27 - [TEST_STEP][PASSED] - selectOptionByValue: All options with value 'medicaidprovider' are selected in object 'Object Repository/Plans and Products/Page_PNDS (77)/select_--- Choose One ---Unite'  using regular expression

2018-04-17 09:37:28 - [MESSAGE][PASSED] - All options with value 'medicaidprovider' are selected in object 'Object Repository/Plans and Products/Page_PNDS (77)/select_--- Choose One ---Unite'  using regular expression

2018-04-17 09:37:28 - [TEST_STEP][PASSED] - selectOptionByValue: All options with value 'medicaidadvantage' are selected in object 'Object Repository/Plans and Products/Page_PNDS (77)/select_--- Choose One ---Unite'  using regular expression

2018-04-17 09:37:28 - [MESSAGE][PASSED] - All options with value 'medicaidadvantage' are selected in object 'Object Repository/Plans and Products/Page_PNDS (77)/select_--- Choose One ---Unite'  using regular expression

2018-04-17 09:37:28 - [TEST_STEP][PASSED] - selectOptionByValue: All options with value 'nonmcomedical,skp_015' are selected in object 'Object Repository/Plans and Products/Page_PNDS (77)/select_--- Choose One ---Unite'  using regular expression

2018-04-17 09:37:29 - [MESSAGE][PASSED] - All options with value 'nonmcomedical,skp_015' are selected in object 'Object Repository/Plans and Products/Page_PNDS (77)/select_--- Choose One ---Unite'  using regular expression

2018-04-17 09:37:29 - [TEST_STEP][PASSED] - selectOptionByValue: All options with value 'nonmcomedical,skp_016' are selected in object 'Object Repository/Plans and Products/Page_PNDS (77)/select_--- Choose One ---Unite'  using regular expression

2018-04-17 09:37:30 - [MESSAGE][PASSED] - All options with value 'nonmcomedical,skp_016' are selected in object 'Object Repository/Plans and Products/Page_PNDS (77)/select_--- Choose One ---Unite'  using regular expression

2018-04-17 09:37:30 - [TEST_STEP][PASSED] - closeBrowser: Browser is closed

2018-04-17 09:37:30 - [MESSAGE][PASSED] - Browser is closed]]></system-out>
         <system-err><![CDATA[]]></system-err>
      </testcase>
      <testcase name="Test Cases/Health Plans and their Products/Univera HealthCare" classname="Test Cases/Health Plans and their Products/Univera HealthCare" status="PASSED">
         <system-out><![CDATA[2018-04-17 09:37:30 - [TEST_CASE][PASSED] - Test Cases/Health Plans and their Products/Univera HealthCare: Test Cases/Health Plans and their Products/Univera HealthCare

2018-04-17 09:37:30 - [TEST_STEP][PASSED] - openBrowser: Browser is opened with url: ''

2018-04-17 09:37:33 - [MESSAGE][PASSED] - Browser is opened with url: ''

2018-04-17 09:37:33 - [TEST_STEP][PASSED] - navigateToUrl: Navigate to 'http://dev.providerlookup.ipro.org/' successfully

2018-04-17 09:37:35 - [MESSAGE][PASSED] - Navigate to 'http://dev.providerlookup.ipro.org/' successfully

2018-04-17 09:37:35 - [TEST_STEP][PASSED] - click: Object: 'Object Repository/Plans and Products/Page_PNDS (78)/a_Search by Health Plan' is clicked on

2018-04-17 09:37:36 - [MESSAGE][PASSED] - Object: 'Object Repository/Plans and Products/Page_PNDS (78)/a_Search by Health Plan' is clicked on

2018-04-17 09:37:36 - [TEST_STEP][PASSED] - selectOptionByValue: All options with value '0041' are selected in object 'Object Repository/Plans and Products/Page_PNDS (78)/select_--- Choose one ---Aetna'  using regular expression

2018-04-17 09:37:38 - [MESSAGE][PASSED] - All options with value '0041' are selected in object 'Object Repository/Plans and Products/Page_PNDS (78)/select_--- Choose one ---Aetna'  using regular expression

2018-04-17 09:37:38 - [TEST_STEP][PASSED] - selectOptionByValue: All options with value 'chpprovider' are selected in object 'Object Repository/Plans and Products/Page_PNDS (78)/select_--- Choose One ---Unive'  using regular expression

2018-04-17 09:37:39 - [MESSAGE][PASSED] - All options with value 'chpprovider' are selected in object 'Object Repository/Plans and Products/Page_PNDS (78)/select_--- Choose One ---Unive'  using regular expression

2018-04-17 09:37:39 - [TEST_STEP][PASSED] - selectOptionByValue: All options with value 'commercialprovider' are selected in object 'Object Repository/Plans and Products/Page_PNDS (78)/select_--- Choose One ---Unive'  using regular expression

2018-04-17 09:37:39 - [MESSAGE][PASSED] - All options with value 'commercialprovider' are selected in object 'Object Repository/Plans and Products/Page_PNDS (78)/select_--- Choose One ---Unive'  using regular expression

2018-04-17 09:37:39 - [TEST_STEP][PASSED] - selectOptionByValue: All options with value 'bhp,bhpplus' are selected in object 'Object Repository/Plans and Products/Page_PNDS (78)/select_--- Choose One ---Unive'  using regular expression

2018-04-17 09:37:40 - [MESSAGE][PASSED] - All options with value 'bhp,bhpplus' are selected in object 'Object Repository/Plans and Products/Page_PNDS (78)/select_--- Choose One ---Unive'  using regular expression

2018-04-17 09:37:40 - [TEST_STEP][PASSED] - selectOptionByValue: All options with value 'harp' are selected in object 'Object Repository/Plans and Products/Page_PNDS (78)/select_--- Choose One ---Unive'  using regular expression

2018-04-17 09:37:41 - [MESSAGE][PASSED] - All options with value 'harp' are selected in object 'Object Repository/Plans and Products/Page_PNDS (78)/select_--- Choose One ---Unive'  using regular expression

2018-04-17 09:37:41 - [TEST_STEP][PASSED] - selectOptionByValue: All options with value 'indivstplatinum,indivstplatinum,indivchildonlyplatinum,indivnonstplatinum1,indivnonstplatinum1,indivstgold,indivstgold,indivchildonlygold,indivstsilver,indivstsilver,indivchildonlysilver,indivnonstgold1,indivnonstgold1,indivstbronze,indivstbronze,indivchildonlybronze,indivnonstsilver1,indivnonstsilver1,indivnonstbronze1,indivnonstbronze1,indivstbronze,indivstbronze,indivchildonlybronze,indivcatastrophic' are selected in object 'Object Repository/Plans and Products/Page_PNDS (78)/select_--- Choose One ---Unive'  using regular expression

2018-04-17 09:37:41 - [MESSAGE][PASSED] - All options with value 'indivstplatinum,indivstplatinum,indivchildonlyplatinum,indivnonstplatinum1,indivnonstplatinum1,indivstgold,indivstgold,indivchildonlygold,indivstsilver,indivstsilver,indivchildonlysilver,indivnonstgold1,indivnonstgold1,indivstbronze,indivstbronze,indivchildonlybronze,indivnonstsilver1,indivnonstsilver1,indivnonstbronze1,indivnonstbronze1,indivstbronze,indivstbronze,indivchildonlybronze,indivcatastrophic' are selected in object 'Object Repository/Plans and Products/Page_PNDS (78)/select_--- Choose One ---Unive'  using regular expression

2018-04-17 09:37:41 - [TEST_STEP][PASSED] - selectOptionByValue: All options with value 'medicaidprovider' are selected in object 'Object Repository/Plans and Products/Page_PNDS (78)/select_--- Choose One ---Unive'  using regular expression

2018-04-17 09:37:42 - [MESSAGE][PASSED] - All options with value 'medicaidprovider' are selected in object 'Object Repository/Plans and Products/Page_PNDS (78)/select_--- Choose One ---Unive'  using regular expression

2018-04-17 09:37:42 - [TEST_STEP][PASSED] - selectOptionByValue: All options with value 'shopstplatinum,shopstplatinum,shopstplatinum,shopstplatinum,shopstplatinum,shopstplatinum,shopstplatinum,shopstplatinum,shopstplatinum,shopstplatinum,shopstplatinum,shopstplatinum,shopstplatinum,shopstplatinum,shopstplatinum,shopstplatinum,shopstsilver,shopstsilver,shopstsilver,shopstsilver,shopstsilver,shopstsilver,shopstsilver,shopstsilver,shopstgold,shopstgold,shopstgold,shopstgold,shopstgold,shopstgold,shopstgold,shopstgold,shopstbronze,shopstbronze,shopstbronze,shopstbronze,shopstbronze,shopstbronze,shopstbronze,shopstbronze,shopstbronze,shopstbronze,shopstbronze,shopstbronze,shopstbronze,shopstbronze,shopstbronze,shopstbronze' are selected in object 'Object Repository/Plans and Products/Page_PNDS (78)/select_--- Choose One ---Unive'  using regular expression

2018-04-17 09:37:42 - [MESSAGE][PASSED] - All options with value 'shopstplatinum,shopstplatinum,shopstplatinum,shopstplatinum,shopstplatinum,shopstplatinum,shopstplatinum,shopstplatinum,shopstplatinum,shopstplatinum,shopstplatinum,shopstplatinum,shopstplatinum,shopstplatinum,shopstplatinum,shopstplatinum,shopstsilver,shopstsilver,shopstsilver,shopstsilver,shopstsilver,shopstsilver,shopstsilver,shopstsilver,shopstgold,shopstgold,shopstgold,shopstgold,shopstgold,shopstgold,shopstgold,shopstgold,shopstbronze,shopstbronze,shopstbronze,shopstbronze,shopstbronze,shopstbronze,shopstbronze,shopstbronze,shopstbronze,shopstbronze,shopstbronze,shopstbronze,shopstbronze,shopstbronze,shopstbronze,shopstbronze' are selected in object 'Object Repository/Plans and Products/Page_PNDS (78)/select_--- Choose One ---Unive'  using regular expression

2018-04-17 09:37:42 - [TEST_STEP][PASSED] - closeBrowser: Browser is closed

2018-04-17 09:37:43 - [MESSAGE][PASSED] - Browser is closed]]></system-out>
         <system-err><![CDATA[]]></system-err>
      </testcase>
      <testcase name="Test Cases/Health Plans and their Products/VillageCare Max" classname="Test Cases/Health Plans and their Products/VillageCare Max" status="PASSED">
         <system-out><![CDATA[2018-04-17 09:37:43 - [TEST_CASE][PASSED] - Test Cases/Health Plans and their Products/VillageCare Max: Test Cases/Health Plans and their Products/VillageCare Max

2018-04-17 09:37:43 - [TEST_STEP][PASSED] - openBrowser: Browser is opened with url: ''

2018-04-17 09:37:46 - [MESSAGE][PASSED] - Browser is opened with url: ''

2018-04-17 09:37:46 - [TEST_STEP][PASSED] - navigateToUrl: Navigate to 'http://dev.providerlookup.ipro.org/' successfully

2018-04-17 09:37:48 - [MESSAGE][PASSED] - Navigate to 'http://dev.providerlookup.ipro.org/' successfully

2018-04-17 09:37:48 - [TEST_STEP][PASSED] - click: Object: 'Object Repository/Plans and Products/Page_PNDS (79)/a_Search by Health Plan' is clicked on

2018-04-17 09:37:49 - [MESSAGE][PASSED] - Object: 'Object Repository/Plans and Products/Page_PNDS (79)/a_Search by Health Plan' is clicked on

2018-04-17 09:37:49 - [TEST_STEP][PASSED] - selectOptionByValue: All options with value '0090' are selected in object 'Object Repository/Plans and Products/Page_PNDS (79)/select_--- Choose one ---Aetna'  using regular expression

2018-04-17 09:37:52 - [MESSAGE][PASSED] - All options with value '0090' are selected in object 'Object Repository/Plans and Products/Page_PNDS (79)/select_--- Choose one ---Aetna'  using regular expression

2018-04-17 09:37:52 - [TEST_STEP][PASSED] - selectOptionByValue: All options with value 'map' are selected in object 'Object Repository/Plans and Products/Page_PNDS (79)/select_--- Choose One ---Villa'  using regular expression

2018-04-17 09:37:52 - [MESSAGE][PASSED] - All options with value 'map' are selected in object 'Object Repository/Plans and Products/Page_PNDS (79)/select_--- Choose One ---Villa'  using regular expression

2018-04-17 09:37:52 - [TEST_STEP][PASSED] - selectOptionByValue: All options with value 'fida' are selected in object 'Object Repository/Plans and Products/Page_PNDS (79)/select_--- Choose One ---Villa'  using regular expression

2018-04-17 09:37:53 - [MESSAGE][PASSED] - All options with value 'fida' are selected in object 'Object Repository/Plans and Products/Page_PNDS (79)/select_--- Choose One ---Villa'  using regular expression

2018-04-17 09:37:53 - [TEST_STEP][PASSED] - selectOptionByValue: All options with value 'partialcaps' are selected in object 'Object Repository/Plans and Products/Page_PNDS (79)/select_--- Choose One ---Villa'  using regular expression

2018-04-17 09:37:53 - [MESSAGE][PASSED] - All options with value 'partialcaps' are selected in object 'Object Repository/Plans and Products/Page_PNDS (79)/select_--- Choose One ---Villa'  using regular expression

2018-04-17 09:37:53 - [TEST_STEP][PASSED] - closeBrowser: Browser is closed

2018-04-17 09:37:53 - [MESSAGE][PASSED] - Browser is closed]]></system-out>
         <system-err><![CDATA[]]></system-err>
      </testcase>
      <testcase name="Test Cases/Health Plans and their Products/VNA Homecare Options LLC" classname="Test Cases/Health Plans and their Products/VNA Homecare Options LLC" status="PASSED">
         <system-out><![CDATA[2018-04-17 09:37:53 - [TEST_CASE][PASSED] - Test Cases/Health Plans and their Products/VNA Homecare Options LLC: Test Cases/Health Plans and their Products/VNA Homecare Options LLC

2018-04-17 09:37:53 - [TEST_STEP][PASSED] - openBrowser: Browser is opened with url: ''

2018-04-17 09:37:56 - [MESSAGE][PASSED] - Browser is opened with url: ''

2018-04-17 09:37:56 - [TEST_STEP][PASSED] - navigateToUrl: Navigate to 'http://dev.providerlookup.ipro.org/' successfully

2018-04-17 09:37:58 - [MESSAGE][PASSED] - Navigate to 'http://dev.providerlookup.ipro.org/' successfully

2018-04-17 09:37:58 - [TEST_STEP][PASSED] - click: Object: 'Object Repository/Plans and Products/Page_PNDS (80)/a_Search by Health Plan' is clicked on

2018-04-17 09:37:59 - [MESSAGE][PASSED] - Object: 'Object Repository/Plans and Products/Page_PNDS (80)/a_Search by Health Plan' is clicked on

2018-04-17 09:37:59 - [TEST_STEP][PASSED] - selectOptionByValue: All options with value '0091' are selected in object 'Object Repository/Plans and Products/Page_PNDS (80)/select_--- Choose one ---Aetna'  using regular expression

2018-04-17 09:38:02 - [MESSAGE][PASSED] - All options with value '0091' are selected in object 'Object Repository/Plans and Products/Page_PNDS (80)/select_--- Choose one ---Aetna'  using regular expression

2018-04-17 09:38:02 - [TEST_STEP][PASSED] - selectOptionByValue: All options with value 'partialcaps' are selected in object 'Object Repository/Plans and Products/Page_PNDS (80)/select_--- Choose One ---VNA H'  using regular expression

2018-04-17 09:38:02 - [MESSAGE][PASSED] - All options with value 'partialcaps' are selected in object 'Object Repository/Plans and Products/Page_PNDS (80)/select_--- Choose One ---VNA H'  using regular expression

2018-04-17 09:38:02 - [TEST_STEP][PASSED] - closeBrowser: Browser is closed

2018-04-17 09:38:02 - [MESSAGE][PASSED] - Browser is closed]]></system-out>
         <system-err><![CDATA[]]></system-err>
      </testcase>
      <testcase name="Test Cases/Health Plans and their Products/VNS Choice" classname="Test Cases/Health Plans and their Products/VNS Choice" status="PASSED">
         <system-out><![CDATA[2018-04-17 09:38:02 - [TEST_CASE][PASSED] - Test Cases/Health Plans and their Products/VNS Choice: Test Cases/Health Plans and their Products/VNS Choice

2018-04-17 09:38:02 - [TEST_STEP][PASSED] - openBrowser: Browser is opened with url: ''

2018-04-17 09:38:05 - [MESSAGE][PASSED] - Browser is opened with url: ''

2018-04-17 09:38:05 - [TEST_STEP][PASSED] - navigateToUrl: Navigate to 'http://dev.providerlookup.ipro.org/' successfully

2018-04-17 09:38:07 - [MESSAGE][PASSED] - Navigate to 'http://dev.providerlookup.ipro.org/' successfully

2018-04-17 09:38:07 - [TEST_STEP][PASSED] - click: Object: 'Object Repository/Plans and Products/Page_PNDS (81)/a_Search by Health Plan' is clicked on

2018-04-17 09:38:07 - [MESSAGE][PASSED] - Object: 'Object Repository/Plans and Products/Page_PNDS (81)/a_Search by Health Plan' is clicked on

2018-04-17 09:38:07 - [TEST_STEP][PASSED] - selectOptionByValue: All options with value '0092' are selected in object 'Object Repository/Plans and Products/Page_PNDS (81)/select_--- Choose one ---Aetna'  using regular expression

2018-04-17 09:38:10 - [MESSAGE][PASSED] - All options with value '0092' are selected in object 'Object Repository/Plans and Products/Page_PNDS (81)/select_--- Choose one ---Aetna'  using regular expression

2018-04-17 09:38:10 - [TEST_STEP][PASSED] - selectOptionByValue: All options with value 'fida' are selected in object 'Object Repository/Plans and Products/Page_PNDS (81)/select_--- Choose One ---VNS C'  using regular expression

2018-04-17 09:38:11 - [MESSAGE][PASSED] - All options with value 'fida' are selected in object 'Object Repository/Plans and Products/Page_PNDS (81)/select_--- Choose One ---VNS C'  using regular expression

2018-04-17 09:38:11 - [TEST_STEP][PASSED] - selectOptionByValue: All options with value 'hivsnp' are selected in object 'Object Repository/Plans and Products/Page_PNDS (81)/select_--- Choose One ---VNS C'  using regular expression

2018-04-17 09:38:11 - [MESSAGE][PASSED] - All options with value 'hivsnp' are selected in object 'Object Repository/Plans and Products/Page_PNDS (81)/select_--- Choose One ---VNS C'  using regular expression

2018-04-17 09:38:11 - [TEST_STEP][PASSED] - selectOptionByValue: All options with value 'partialcaps' are selected in object 'Object Repository/Plans and Products/Page_PNDS (81)/select_--- Choose One ---VNS C'  using regular expression

2018-04-17 09:38:12 - [MESSAGE][PASSED] - All options with value 'partialcaps' are selected in object 'Object Repository/Plans and Products/Page_PNDS (81)/select_--- Choose One ---VNS C'  using regular expression

2018-04-17 09:38:12 - [TEST_STEP][PASSED] - selectOptionByValue: All options with value 'medicaidadvantage' are selected in object 'Object Repository/Plans and Products/Page_PNDS (81)/select_--- Choose One ---VNS C'  using regular expression

2018-04-17 09:38:12 - [MESSAGE][PASSED] - All options with value 'medicaidadvantage' are selected in object 'Object Repository/Plans and Products/Page_PNDS (81)/select_--- Choose One ---VNS C'  using regular expression

2018-04-17 09:38:12 - [TEST_STEP][PASSED] - selectOptionByValue: All options with value 'map' are selected in object 'Object Repository/Plans and Products/Page_PNDS (81)/select_--- Choose One ---VNS C'  using regular expression

2018-04-17 09:38:13 - [MESSAGE][PASSED] - All options with value 'map' are selected in object 'Object Repository/Plans and Products/Page_PNDS (81)/select_--- Choose One ---VNS C'  using regular expression

2018-04-17 09:38:13 - [TEST_STEP][PASSED] - closeBrowser: Browser is closed

2018-04-17 09:38:13 - [MESSAGE][PASSED] - Browser is closed]]></system-out>
         <system-err><![CDATA[]]></system-err>
      </testcase>
      <testcase name="Test Cases/Health Plans and their Products/Wellcare of New York" classname="Test Cases/Health Plans and their Products/Wellcare of New York" status="PASSED">
         <system-out><![CDATA[2018-04-17 09:38:13 - [TEST_CASE][PASSED] - Test Cases/Health Plans and their Products/Wellcare of New York: Test Cases/Health Plans and their Products/Wellcare of New York

2018-04-17 09:38:13 - [TEST_STEP][PASSED] - openBrowser: Browser is opened with url: ''

2018-04-17 09:38:16 - [MESSAGE][PASSED] - Browser is opened with url: ''

2018-04-17 09:38:16 - [TEST_STEP][PASSED] - navigateToUrl: Navigate to 'http://dev.providerlookup.ipro.org/' successfully

2018-04-17 09:38:17 - [MESSAGE][PASSED] - Navigate to 'http://dev.providerlookup.ipro.org/' successfully

2018-04-17 09:38:17 - [TEST_STEP][PASSED] - click: Object: 'Object Repository/Plans and Products/Page_PNDS (82)/a_Search by Health Plan' is clicked on

2018-04-17 09:38:18 - [MESSAGE][PASSED] - Object: 'Object Repository/Plans and Products/Page_PNDS (82)/a_Search by Health Plan' is clicked on

2018-04-17 09:38:18 - [TEST_STEP][PASSED] - selectOptionByValue: All options with value '0093' are selected in object 'Object Repository/Plans and Products/Page_PNDS (82)/select_--- Choose one ---Aetna'  using regular expression

2018-04-17 09:38:21 - [MESSAGE][PASSED] - All options with value '0093' are selected in object 'Object Repository/Plans and Products/Page_PNDS (82)/select_--- Choose one ---Aetna'  using regular expression

2018-04-17 09:38:21 - [TEST_STEP][PASSED] - selectOptionByValue: All options with value 'chpprovider' are selected in object 'Object Repository/Plans and Products/Page_PNDS (82)/select_--- Choose One ---WellC'  using regular expression

2018-04-17 09:38:22 - [MESSAGE][PASSED] - All options with value 'chpprovider' are selected in object 'Object Repository/Plans and Products/Page_PNDS (82)/select_--- Choose One ---WellC'  using regular expression

2018-04-17 09:38:22 - [TEST_STEP][PASSED] - selectOptionByValue: All options with value 'bhp,bhpplus' are selected in object 'Object Repository/Plans and Products/Page_PNDS (82)/select_--- Choose One ---WellC'  using regular expression

2018-04-17 09:38:22 - [MESSAGE][PASSED] - All options with value 'bhp,bhpplus' are selected in object 'Object Repository/Plans and Products/Page_PNDS (82)/select_--- Choose One ---WellC'  using regular expression

2018-04-17 09:38:22 - [TEST_STEP][PASSED] - selectOptionByValue: All options with value 'partialcaps' are selected in object 'Object Repository/Plans and Products/Page_PNDS (82)/select_--- Choose One ---WellC'  using regular expression

2018-04-17 09:38:23 - [MESSAGE][PASSED] - All options with value 'partialcaps' are selected in object 'Object Repository/Plans and Products/Page_PNDS (82)/select_--- Choose One ---WellC'  using regular expression

2018-04-17 09:38:23 - [TEST_STEP][PASSED] - selectOptionByValue: All options with value 'medicaidprovider' are selected in object 'Object Repository/Plans and Products/Page_PNDS (82)/select_--- Choose One ---WellC'  using regular expression

2018-04-17 09:38:23 - [MESSAGE][PASSED] - All options with value 'medicaidprovider' are selected in object 'Object Repository/Plans and Products/Page_PNDS (82)/select_--- Choose One ---WellC'  using regular expression

2018-04-17 09:38:23 - [TEST_STEP][PASSED] - selectOptionByValue: All options with value 'medicaidadvantage' are selected in object 'Object Repository/Plans and Products/Page_PNDS (82)/select_--- Choose One ---WellC'  using regular expression

2018-04-17 09:38:24 - [MESSAGE][PASSED] - All options with value 'medicaidadvantage' are selected in object 'Object Repository/Plans and Products/Page_PNDS (82)/select_--- Choose One ---WellC'  using regular expression

2018-04-17 09:38:24 - [TEST_STEP][PASSED] - closeBrowser: Browser is closed

2018-04-17 09:38:24 - [MESSAGE][PASSED] - Browser is closed]]></system-out>
         <system-err><![CDATA[]]></system-err>
      </testcase>
      <testcase name="Test Cases/Health Plans and their Products/YourCare Health Plan" classname="Test Cases/Health Plans and their Products/YourCare Health Plan" status="PASSED">
         <system-out><![CDATA[2018-04-17 09:38:24 - [TEST_CASE][PASSED] - Test Cases/Health Plans and their Products/YourCare Health Plan: Test Cases/Health Plans and their Products/YourCare Health Plan

2018-04-17 09:38:24 - [TEST_STEP][PASSED] - openBrowser: Browser is opened with url: ''

2018-04-17 09:38:27 - [MESSAGE][PASSED] - Browser is opened with url: ''

2018-04-17 09:38:27 - [TEST_STEP][PASSED] - navigateToUrl: Navigate to 'http://dev.providerlookup.ipro.org/' successfully

2018-04-17 09:38:29 - [MESSAGE][PASSED] - Navigate to 'http://dev.providerlookup.ipro.org/' successfully

2018-04-17 09:38:29 - [TEST_STEP][PASSED] - click: Object: 'Object Repository/Plans and Products/Page_PNDS (83)/a_Search by Health Plan' is clicked on

2018-04-17 09:38:30 - [MESSAGE][PASSED] - Object: 'Object Repository/Plans and Products/Page_PNDS (83)/a_Search by Health Plan' is clicked on

2018-04-17 09:38:30 - [TEST_STEP][PASSED] - selectOptionByValue: All options with value '0094' are selected in object 'Object Repository/Plans and Products/Page_PNDS (83)/select_--- Choose one ---Aetna'  using regular expression

2018-04-17 09:38:33 - [MESSAGE][PASSED] - All options with value '0094' are selected in object 'Object Repository/Plans and Products/Page_PNDS (83)/select_--- Choose one ---Aetna'  using regular expression

2018-04-17 09:38:33 - [TEST_STEP][PASSED] - selectOptionByValue: All options with value 'chpprovider' are selected in object 'Object Repository/Plans and Products/Page_PNDS (83)/select_--- Choose One ---YourC'  using regular expression

2018-04-17 09:38:34 - [MESSAGE][PASSED] - All options with value 'chpprovider' are selected in object 'Object Repository/Plans and Products/Page_PNDS (83)/select_--- Choose One ---YourC'  using regular expression

2018-04-17 09:38:34 - [TEST_STEP][PASSED] - selectOptionByValue: All options with value 'bhp,bhpplus' are selected in object 'Object Repository/Plans and Products/Page_PNDS (83)/select_--- Choose One ---YourC'  using regular expression

2018-04-17 09:38:34 - [MESSAGE][PASSED] - All options with value 'bhp,bhpplus' are selected in object 'Object Repository/Plans and Products/Page_PNDS (83)/select_--- Choose One ---YourC'  using regular expression

2018-04-17 09:38:34 - [TEST_STEP][PASSED] - selectOptionByValue: All options with value 'harp' are selected in object 'Object Repository/Plans and Products/Page_PNDS (83)/select_--- Choose One ---YourC'  using regular expression

2018-04-17 09:38:35 - [MESSAGE][PASSED] - All options with value 'harp' are selected in object 'Object Repository/Plans and Products/Page_PNDS (83)/select_--- Choose One ---YourC'  using regular expression

2018-04-17 09:38:35 - [TEST_STEP][PASSED] - selectOptionByValue: All options with value 'medicaidprovider' are selected in object 'Object Repository/Plans and Products/Page_PNDS (83)/select_--- Choose One ---YourC'  using regular expression

2018-04-17 09:38:35 - [MESSAGE][PASSED] - All options with value 'medicaidprovider' are selected in object 'Object Repository/Plans and Products/Page_PNDS (83)/select_--- Choose One ---YourC'  using regular expression

2018-04-17 09:38:35 - [TEST_STEP][PASSED] - closeBrowser: Browser is closed

2018-04-17 09:38:35 - [MESSAGE][PASSED] - Browser is closed]]></system-out>
         <system-err><![CDATA[]]></system-err>
      </testcase>
      <testcase name="Test Cases/Health Plans and their Products/1 All Plans and Products" classname="Test Cases/Health Plans and their Products/1 All Plans and Products" status="FAILED">
         <failure type="FAILED" message="Unable to select option by value '--- Choose One ---' of object 'Object Repository/Plans and Products/Page_PNDS (84)/select_--- Choose One ---Emble'  using regular expression (Root cause: No option matched.)"/>
         <system-out><![CDATA[2018-04-17 09:38:35 - [TEST_CASE][FAILED] - Test Cases/Health Plans and their Products/1 All Plans and Products: Test Cases/Health Plans and their Products/1 All Plans and Products FAILED because (of) Unable to select option by value '--- Choose One ---' of object 'Object Repository/Plans and Products/Page_PNDS (84)/select_--- Choose One ---Emble'  using regular expression (Root cause: No option matched.)

2018-04-17 09:38:36 - [TEST_STEP][PASSED] - openBrowser: Browser is opened with url: ''

2018-04-17 09:38:38 - [MESSAGE][PASSED] - Browser is opened with url: ''

2018-04-17 09:38:38 - [TEST_STEP][PASSED] - navigateToUrl: Navigate to 'http://dev.providerlookup.ipro.org/' successfully

2018-04-17 09:38:40 - [MESSAGE][PASSED] - Navigate to 'http://dev.providerlookup.ipro.org/' successfully

2018-04-17 09:38:40 - [TEST_STEP][PASSED] - click: Object: 'Object Repository/Plans and Products/Page_PNDS (84)/a_Search by Health Plan' is clicked on

2018-04-17 09:38:41 - [MESSAGE][PASSED] - Object: 'Object Repository/Plans and Products/Page_PNDS (84)/a_Search by Health Plan' is clicked on

2018-04-17 09:38:41 - [TEST_STEP][PASSED] - selectOptionByValue: All options with value '0001' are selected in object 'Object Repository/Plans and Products/Page_PNDS (84)/select_--- Choose one ---Aetna'  using regular expression

2018-04-17 09:38:43 - [MESSAGE][PASSED] - All options with value '0001' are selected in object 'Object Repository/Plans and Products/Page_PNDS (84)/select_--- Choose one ---Aetna'  using regular expression

2018-04-17 09:38:43 - [TEST_STEP][PASSED] - selectOptionByValue: All options with value 'fida' are selected in object 'Object Repository/Plans and Products/Page_PNDS (84)/select_--- Choose One ---Aetna (1)'  using regular expression

2018-04-17 09:38:43 - [MESSAGE][PASSED] - All options with value 'fida' are selected in object 'Object Repository/Plans and Products/Page_PNDS (84)/select_--- Choose One ---Aetna (1)'  using regular expression

2018-04-17 09:38:43 - [TEST_STEP][PASSED] - selectOptionByValue: All options with value 'partialcaps' are selected in object 'Object Repository/Plans and Products/Page_PNDS (84)/select_--- Choose One ---Aetna (1)'  using regular expression

2018-04-17 09:38:44 - [MESSAGE][PASSED] - All options with value 'partialcaps' are selected in object 'Object Repository/Plans and Products/Page_PNDS (84)/select_--- Choose One ---Aetna (1)'  using regular expression

2018-04-17 09:38:44 - [TEST_STEP][PASSED] - selectOptionByValue: All options with value 'nonmcovision' are selected in object 'Object Repository/Plans and Products/Page_PNDS (84)/select_--- Choose One ---Aetna (1)'  using regular expression

2018-04-17 09:38:44 - [MESSAGE][PASSED] - All options with value 'nonmcovision' are selected in object 'Object Repository/Plans and Products/Page_PNDS (84)/select_--- Choose One ---Aetna (1)'  using regular expression

2018-04-17 09:38:44 - [TEST_STEP][PASSED] - selectOptionByValue: All options with value 'nonmcomedical' are selected in object 'Object Repository/Plans and Products/Page_PNDS (84)/select_--- Choose One ---Aetna (1)'  using regular expression

2018-04-17 09:38:45 - [MESSAGE][PASSED] - All options with value 'nonmcomedical' are selected in object 'Object Repository/Plans and Products/Page_PNDS (84)/select_--- Choose One ---Aetna (1)'  using regular expression

2018-04-17 09:38:45 - [TEST_STEP][PASSED] - selectOptionByValue: All options with value 'nonmcomedical,skp_004' are selected in object 'Object Repository/Plans and Products/Page_PNDS (84)/select_--- Choose One ---Aetna (1)'  using regular expression

2018-04-17 09:38:46 - [MESSAGE][PASSED] - All options with value 'nonmcomedical,skp_004' are selected in object 'Object Repository/Plans and Products/Page_PNDS (84)/select_--- Choose One ---Aetna (1)'  using regular expression

2018-04-17 09:38:46 - [TEST_STEP][PASSED] - selectOptionByValue: All options with value 'nonmcomedical,skp_005' are selected in object 'Object Repository/Plans and Products/Page_PNDS (84)/select_--- Choose One ---Aetna (1)'  using regular expression

2018-04-17 09:38:46 - [MESSAGE][PASSED] - All options with value 'nonmcomedical,skp_005' are selected in object 'Object Repository/Plans and Products/Page_PNDS (84)/select_--- Choose One ---Aetna (1)'  using regular expression

2018-04-17 09:38:46 - [TEST_STEP][PASSED] - selectOptionByValue: All options with value 'nonmcodental' are selected in object 'Object Repository/Plans and Products/Page_PNDS (84)/select_--- Choose One ---Aetna (1)'  using regular expression

2018-04-17 09:38:47 - [MESSAGE][PASSED] - All options with value 'nonmcodental' are selected in object 'Object Repository/Plans and Products/Page_PNDS (84)/select_--- Choose One ---Aetna (1)'  using regular expression

2018-04-17 09:38:47 - [TEST_STEP][PASSED] - selectOptionByValue: All options with value 'nonmcodental,skp_007' are selected in object 'Object Repository/Plans and Products/Page_PNDS (84)/select_--- Choose One ---Aetna (1)'  using regular expression

2018-04-17 09:38:48 - [MESSAGE][PASSED] - All options with value 'nonmcodental,skp_007' are selected in object 'Object Repository/Plans and Products/Page_PNDS (84)/select_--- Choose One ---Aetna (1)'  using regular expression

2018-04-17 09:38:48 - [TEST_STEP][PASSED] - selectOptionByValue: All options with value 'nonmcomedical,skp_008' are selected in object 'Object Repository/Plans and Products/Page_PNDS (84)/select_--- Choose One ---Aetna (1)'  using regular expression

2018-04-17 09:38:48 - [MESSAGE][PASSED] - All options with value 'nonmcomedical,skp_008' are selected in object 'Object Repository/Plans and Products/Page_PNDS (84)/select_--- Choose One ---Aetna (1)'  using regular expression

2018-04-17 09:38:48 - [TEST_STEP][PASSED] - selectOptionByValue: All options with value 'nonmcomedical,skp_009' are selected in object 'Object Repository/Plans and Products/Page_PNDS (84)/select_--- Choose One ---Aetna (1)'  using regular expression

2018-04-17 09:38:49 - [MESSAGE][PASSED] - All options with value 'nonmcomedical,skp_009' are selected in object 'Object Repository/Plans and Products/Page_PNDS (84)/select_--- Choose One ---Aetna (1)'  using regular expression

2018-04-17 09:38:49 - [TEST_STEP][PASSED] - selectOptionByValue: All options with value 'nonmcomedical,skp_010' are selected in object 'Object Repository/Plans and Products/Page_PNDS (84)/select_--- Choose One ---Aetna (1)'  using regular expression

2018-04-17 09:38:50 - [MESSAGE][PASSED] - All options with value 'nonmcomedical,skp_010' are selected in object 'Object Repository/Plans and Products/Page_PNDS (84)/select_--- Choose One ---Aetna (1)'  using regular expression

2018-04-17 09:38:50 - [TEST_STEP][PASSED] - selectOptionByValue: All options with value 'nonmcomedical,skp_011' are selected in object 'Object Repository/Plans and Products/Page_PNDS (84)/select_--- Choose One ---Aetna (1)'  using regular expression

2018-04-17 09:38:51 - [MESSAGE][PASSED] - All options with value 'nonmcomedical,skp_011' are selected in object 'Object Repository/Plans and Products/Page_PNDS (84)/select_--- Choose One ---Aetna (1)'  using regular expression

2018-04-17 09:38:51 - [TEST_STEP][PASSED] - selectOptionByValue: All options with value '0006' are selected in object 'Object Repository/Plans and Products/Page_PNDS (84)/select_--- Choose one ---Aetna'  using regular expression

2018-04-17 09:38:52 - [MESSAGE][PASSED] - All options with value '0006' are selected in object 'Object Repository/Plans and Products/Page_PNDS (84)/select_--- Choose one ---Aetna'  using regular expression

2018-04-17 09:38:52 - [TEST_STEP][PASSED] - selectOptionByValue: All options with value 'chpprovider' are selected in object 'Object Repository/Plans and Products/Page_PNDS (84)/select_--- Choose One ---Affin'  using regular expression

2018-04-17 09:38:53 - [MESSAGE][PASSED] - All options with value 'chpprovider' are selected in object 'Object Repository/Plans and Products/Page_PNDS (84)/select_--- Choose One ---Affin'  using regular expression

2018-04-17 09:38:53 - [TEST_STEP][PASSED] - selectOptionByValue: All options with value 'bhp,bhpplus' are selected in object 'Object Repository/Plans and Products/Page_PNDS (84)/select_--- Choose One ---Affin'  using regular expression

2018-04-17 09:38:53 - [MESSAGE][PASSED] - All options with value 'bhp,bhpplus' are selected in object 'Object Repository/Plans and Products/Page_PNDS (84)/select_--- Choose One ---Affin'  using regular expression

2018-04-17 09:38:53 - [TEST_STEP][PASSED] - selectOptionByValue: All options with value 'harp' are selected in object 'Object Repository/Plans and Products/Page_PNDS (84)/select_--- Choose One ---Affin'  using regular expression

2018-04-17 09:38:54 - [MESSAGE][PASSED] - All options with value 'harp' are selected in object 'Object Repository/Plans and Products/Page_PNDS (84)/select_--- Choose One ---Affin'  using regular expression

2018-04-17 09:38:54 - [TEST_STEP][PASSED] - selectOptionByValue: All options with value 'medicaidprovider' are selected in object 'Object Repository/Plans and Products/Page_PNDS (84)/select_--- Choose One ---Affin'  using regular expression

2018-04-17 09:38:54 - [MESSAGE][PASSED] - All options with value 'medicaidprovider' are selected in object 'Object Repository/Plans and Products/Page_PNDS (84)/select_--- Choose One ---Affin'  using regular expression

2018-04-17 09:38:54 - [TEST_STEP][PASSED] - selectOptionByValue: All options with value 'medicaidadvantage' are selected in object 'Object Repository/Plans and Products/Page_PNDS (84)/select_--- Choose One ---Affin'  using regular expression

2018-04-17 09:38:55 - [MESSAGE][PASSED] - All options with value 'medicaidadvantage' are selected in object 'Object Repository/Plans and Products/Page_PNDS (84)/select_--- Choose One ---Affin'  using regular expression

2018-04-17 09:38:55 - [TEST_STEP][PASSED] - selectOptionByValue: All options with value '0007' are selected in object 'Object Repository/Plans and Products/Page_PNDS (84)/select_--- Choose one ---Aetna'  using regular expression

2018-04-17 09:38:57 - [MESSAGE][PASSED] - All options with value '0007' are selected in object 'Object Repository/Plans and Products/Page_PNDS (84)/select_--- Choose one ---Aetna'  using regular expression

2018-04-17 09:38:57 - [TEST_STEP][PASSED] - selectOptionByValue: All options with value 'fida' are selected in object 'Object Repository/Plans and Products/Page_PNDS (84)/select_--- Choose One ---AgeWe'  using regular expression

2018-04-17 09:38:57 - [MESSAGE][PASSED] - All options with value 'fida' are selected in object 'Object Repository/Plans and Products/Page_PNDS (84)/select_--- Choose One ---AgeWe'  using regular expression

2018-04-17 09:38:57 - [TEST_STEP][PASSED] - selectOptionByValue: All options with value 'partialcaps' are selected in object 'Object Repository/Plans and Products/Page_PNDS (84)/select_--- Choose One ---AgeWe'  using regular expression

2018-04-17 09:38:57 - [MESSAGE][PASSED] - All options with value 'partialcaps' are selected in object 'Object Repository/Plans and Products/Page_PNDS (84)/select_--- Choose One ---AgeWe'  using regular expression

2018-04-17 09:38:57 - [TEST_STEP][PASSED] - selectOptionByValue: All options with value '0008' are selected in object 'Object Repository/Plans and Products/Page_PNDS (84)/select_--- Choose one ---Aetna'  using regular expression

2018-04-17 09:38:59 - [MESSAGE][PASSED] - All options with value '0008' are selected in object 'Object Repository/Plans and Products/Page_PNDS (84)/select_--- Choose one ---Aetna'  using regular expression

2018-04-17 09:38:59 - [TEST_STEP][PASSED] - selectOptionByValue: All options with value 'partialcaps' are selected in object 'Object Repository/Plans and Products/Page_PNDS (84)/select_--- Choose One ---Alpha'  using regular expression

2018-04-17 09:39:00 - [MESSAGE][PASSED] - All options with value 'partialcaps' are selected in object 'Object Repository/Plans and Products/Page_PNDS (84)/select_--- Choose One ---Alpha'  using regular expression

2018-04-17 09:39:00 - [TEST_STEP][PASSED] - selectOptionByValue: All options with value '0010' are selected in object 'Object Repository/Plans and Products/Page_PNDS (84)/select_--- Choose one ---Aetna'  using regular expression

2018-04-17 09:39:01 - [MESSAGE][PASSED] - All options with value '0010' are selected in object 'Object Repository/Plans and Products/Page_PNDS (84)/select_--- Choose one ---Aetna'  using regular expression

2018-04-17 09:39:01 - [TEST_STEP][PASSED] - selectOptionByValue: All options with value 'nonmcodental' are selected in object 'Object Repository/Plans and Products/Page_PNDS (84)/select_--- Choose One ---Ameri'  using regular expression

2018-04-17 09:39:02 - [MESSAGE][PASSED] - All options with value 'nonmcodental' are selected in object 'Object Repository/Plans and Products/Page_PNDS (84)/select_--- Choose One ---Ameri'  using regular expression

2018-04-17 09:39:02 - [TEST_STEP][PASSED] - selectOptionByValue: All options with value 'nonmcodental,skp_001' are selected in object 'Object Repository/Plans and Products/Page_PNDS (84)/select_--- Choose One ---Ameri'  using regular expression

2018-04-17 09:39:02 - [MESSAGE][PASSED] - All options with value 'nonmcodental,skp_001' are selected in object 'Object Repository/Plans and Products/Page_PNDS (84)/select_--- Choose One ---Ameri'  using regular expression

2018-04-17 09:39:02 - [TEST_STEP][PASSED] - selectOptionByValue: All options with value 'nonmcodental,skp_002' are selected in object 'Object Repository/Plans and Products/Page_PNDS (84)/select_--- Choose One ---Ameri'  using regular expression

2018-04-17 09:39:03 - [MESSAGE][PASSED] - All options with value 'nonmcodental,skp_002' are selected in object 'Object Repository/Plans and Products/Page_PNDS (84)/select_--- Choose One ---Ameri'  using regular expression

2018-04-17 09:39:03 - [TEST_STEP][PASSED] - selectOptionByValue: All options with value 'nonmcovision' are selected in object 'Object Repository/Plans and Products/Page_PNDS (84)/select_--- Choose One ---Ameri'  using regular expression

2018-04-17 09:39:03 - [MESSAGE][PASSED] - All options with value 'nonmcovision' are selected in object 'Object Repository/Plans and Products/Page_PNDS (84)/select_--- Choose One ---Ameri'  using regular expression

2018-04-17 09:39:03 - [TEST_STEP][PASSED] - selectOptionByValue: All options with value 'nonmcovision,skp_004' are selected in object 'Object Repository/Plans and Products/Page_PNDS (84)/select_--- Choose One ---Ameri'  using regular expression

2018-04-17 09:39:04 - [MESSAGE][PASSED] - All options with value 'nonmcovision,skp_004' are selected in object 'Object Repository/Plans and Products/Page_PNDS (84)/select_--- Choose One ---Ameri'  using regular expression

2018-04-17 09:39:04 - [TEST_STEP][PASSED] - selectOptionByValue: All options with value 'nonmcovision,skp_005' are selected in object 'Object Repository/Plans and Products/Page_PNDS (84)/select_--- Choose One ---Ameri'  using regular expression

2018-04-17 09:39:04 - [MESSAGE][PASSED] - All options with value 'nonmcovision,skp_005' are selected in object 'Object Repository/Plans and Products/Page_PNDS (84)/select_--- Choose One ---Ameri'  using regular expression

2018-04-17 09:39:04 - [TEST_STEP][PASSED] - selectOptionByValue: All options with value 'nonmcovision,skp_006' are selected in object 'Object Repository/Plans and Products/Page_PNDS (84)/select_--- Choose One ---Ameri'  using regular expression

2018-04-17 09:39:05 - [MESSAGE][PASSED] - All options with value 'nonmcovision,skp_006' are selected in object 'Object Repository/Plans and Products/Page_PNDS (84)/select_--- Choose One ---Ameri'  using regular expression

2018-04-17 09:39:05 - [TEST_STEP][PASSED] - selectOptionByValue: All options with value '0011' are selected in object 'Object Repository/Plans and Products/Page_PNDS (84)/select_--- Choose one ---Aetna'  using regular expression

2018-04-17 09:39:07 - [MESSAGE][PASSED] - All options with value '0011' are selected in object 'Object Repository/Plans and Products/Page_PNDS (84)/select_--- Choose one ---Aetna'  using regular expression

2018-04-17 09:39:07 - [TEST_STEP][PASSED] - selectOptionByValue: All options with value 'hivsnp' are selected in object 'Object Repository/Plans and Products/Page_PNDS (84)/select_--- Choose One ---Amida'  using regular expression

2018-04-17 09:39:07 - [MESSAGE][PASSED] - All options with value 'hivsnp' are selected in object 'Object Repository/Plans and Products/Page_PNDS (84)/select_--- Choose One ---Amida'  using regular expression

2018-04-17 09:39:07 - [TEST_STEP][PASSED] - selectOptionByValue: All options with value '0012' are selected in object 'Object Repository/Plans and Products/Page_PNDS (84)/select_--- Choose one ---Aetna'  using regular expression

2018-04-17 09:39:09 - [MESSAGE][PASSED] - All options with value '0012' are selected in object 'Object Repository/Plans and Products/Page_PNDS (84)/select_--- Choose one ---Aetna'  using regular expression

2018-04-17 09:39:09 - [TEST_STEP][PASSED] - selectOptionByValue: All options with value 'partialcaps' are selected in object 'Object Repository/Plans and Products/Page_PNDS (84)/select_--- Choose One ---ArchC'  using regular expression

2018-04-17 09:39:10 - [MESSAGE][PASSED] - All options with value 'partialcaps' are selected in object 'Object Repository/Plans and Products/Page_PNDS (84)/select_--- Choose One ---ArchC'  using regular expression

2018-04-17 09:39:10 - [TEST_STEP][PASSED] - selectOptionByValue: All options with value 'pace' are selected in object 'Object Repository/Plans and Products/Page_PNDS (84)/select_--- Choose One ---ArchC'  using regular expression

2018-04-17 09:39:10 - [MESSAGE][PASSED] - All options with value 'pace' are selected in object 'Object Repository/Plans and Products/Page_PNDS (84)/select_--- Choose One ---ArchC'  using regular expression

2018-04-17 09:39:10 - [TEST_STEP][PASSED] - selectOptionByValue: All options with value '0013' are selected in object 'Object Repository/Plans and Products/Page_PNDS (84)/select_--- Choose one ---Aetna'  using regular expression

2018-04-17 09:39:12 - [MESSAGE][PASSED] - All options with value '0013' are selected in object 'Object Repository/Plans and Products/Page_PNDS (84)/select_--- Choose one ---Aetna'  using regular expression

2018-04-17 09:39:12 - [TEST_STEP][PASSED] - selectOptionByValue: All options with value 'nonmcodental' are selected in object 'Object Repository/Plans and Products/Page_PNDS (84)/select_--- Choose One ---AXA E'  using regular expression

2018-04-17 09:39:12 - [MESSAGE][PASSED] - All options with value 'nonmcodental' are selected in object 'Object Repository/Plans and Products/Page_PNDS (84)/select_--- Choose One ---AXA E'  using regular expression

2018-04-17 09:39:12 - [TEST_STEP][PASSED] - selectOptionByValue: All options with value 'nonmcovision' are selected in object 'Object Repository/Plans and Products/Page_PNDS (84)/select_--- Choose One ---AXA E'  using regular expression

2018-04-17 09:39:13 - [MESSAGE][PASSED] - All options with value 'nonmcovision' are selected in object 'Object Repository/Plans and Products/Page_PNDS (84)/select_--- Choose One ---AXA E'  using regular expression

2018-04-17 09:39:13 - [TEST_STEP][PASSED] - selectOptionByValue: All options with value '0184' are selected in object 'Object Repository/Plans and Products/Page_PNDS (84)/select_--- Choose one ---Aetna'  using regular expression

2018-04-17 09:39:15 - [MESSAGE][PASSED] - All options with value '0184' are selected in object 'Object Repository/Plans and Products/Page_PNDS (84)/select_--- Choose one ---Aetna'  using regular expression

2018-04-17 09:39:15 - [TEST_STEP][PASSED] - selectOptionByValue: All options with value 'chpprovider' are selected in object 'Object Repository/Plans and Products/Page_PNDS (84)/select_--- Choose One ---BlueC'  using regular expression

2018-04-17 09:39:15 - [MESSAGE][PASSED] - All options with value 'chpprovider' are selected in object 'Object Repository/Plans and Products/Page_PNDS (84)/select_--- Choose One ---BlueC'  using regular expression

2018-04-17 09:39:15 - [TEST_STEP][PASSED] - selectOptionByValue: All options with value 'bhp' are selected in object 'Object Repository/Plans and Products/Page_PNDS (84)/select_--- Choose One ---BlueC'  using regular expression

2018-04-17 09:39:16 - [MESSAGE][PASSED] - All options with value 'bhp' are selected in object 'Object Repository/Plans and Products/Page_PNDS (84)/select_--- Choose One ---BlueC'  using regular expression

2018-04-17 09:39:16 - [TEST_STEP][PASSED] - selectOptionByValue: All options with value 'indivstsilver,indivstgold,indivstplatinum,indivstbronze,indivstbronze,indivchildonlybronze,indivstsilver,indivchildonlysilver,indivnonstsilver1,indivnonstsilver1,indivnonstsilver3,indivnonstsilver3,indivstgold,indivchildonlygold,indivnonstgold1,indivnonstgold1,indivstplatinum,indivchildonlyplatinum,indivnonstplatinum1,indivnonstplatinum1,indivnonstplatinum3,indivnonstplatinum3,indivnonstbronze1,indivnonstbronze1,indivnonstgold2,indivnonstgold2,indivnonstsilver2,indivnonstsilver2,indivnonstbronze2,indivnonstbronze2,indivstbronze,indivstbronze,indivnonstplatinum2,indivnonstplatinum2' are selected in object 'Object Repository/Plans and Products/Page_PNDS (84)/select_--- Choose One ---BlueC'  using regular expression

2018-04-17 09:39:17 - [MESSAGE][PASSED] - All options with value 'indivstsilver,indivstgold,indivstplatinum,indivstbronze,indivstbronze,indivchildonlybronze,indivstsilver,indivchildonlysilver,indivnonstsilver1,indivnonstsilver1,indivnonstsilver3,indivnonstsilver3,indivstgold,indivchildonlygold,indivnonstgold1,indivnonstgold1,indivstplatinum,indivchildonlyplatinum,indivnonstplatinum1,indivnonstplatinum1,indivnonstplatinum3,indivnonstplatinum3,indivnonstbronze1,indivnonstbronze1,indivnonstgold2,indivnonstgold2,indivnonstsilver2,indivnonstsilver2,indivnonstbronze2,indivnonstbronze2,indivstbronze,indivstbronze,indivnonstplatinum2,indivnonstplatinum2' are selected in object 'Object Repository/Plans and Products/Page_PNDS (84)/select_--- Choose One ---BlueC'  using regular expression

2018-04-17 09:39:17 - [TEST_STEP][PASSED] - selectOptionByValue: All options with value 'medicaidprovider' are selected in object 'Object Repository/Plans and Products/Page_PNDS (84)/select_--- Choose One ---BlueC'  using regular expression

2018-04-17 09:39:17 - [MESSAGE][PASSED] - All options with value 'medicaidprovider' are selected in object 'Object Repository/Plans and Products/Page_PNDS (84)/select_--- Choose One ---BlueC'  using regular expression

2018-04-17 09:39:17 - [TEST_STEP][PASSED] - selectOptionByValue: All options with value 'shopstbronze,shopstbronze,shopstbronze,shopstbronze,shopstsilver,shopstsilver,shopstsilver,shopstsilver,shopstgold,shopstgold,shopstgold,shopstgold,shopstplatinum,shopstplatinum,shopstplatinum,shopstplatinum,shopstplatinum,shopstplatinum,shopstplatinum,shopstplatinum,shopstbronze,shopstbronze,shopstbronze,shopstbronze,shopstsilver,shopstsilver,shopstsilver,shopstsilver,shopstgold,shopstgold,shopstgold,shopstgold,shopstplatinum,shopstplatinum,shopstplatinum,shopstplatinum,shopstplatinum,shopstplatinum,shopstplatinum,shopstplatinum' are selected in object 'Object Repository/Plans and Products/Page_PNDS (84)/select_--- Choose One ---BlueC'  using regular expression

2018-04-17 09:39:18 - [MESSAGE][PASSED] - All options with value 'shopstbronze,shopstbronze,shopstbronze,shopstbronze,shopstsilver,shopstsilver,shopstsilver,shopstsilver,shopstgold,shopstgold,shopstgold,shopstgold,shopstplatinum,shopstplatinum,shopstplatinum,shopstplatinum,shopstplatinum,shopstplatinum,shopstplatinum,shopstplatinum,shopstbronze,shopstbronze,shopstbronze,shopstbronze,shopstsilver,shopstsilver,shopstsilver,shopstsilver,shopstgold,shopstgold,shopstgold,shopstgold,shopstplatinum,shopstplatinum,shopstplatinum,shopstplatinum,shopstplatinum,shopstplatinum,shopstplatinum,shopstplatinum' are selected in object 'Object Repository/Plans and Products/Page_PNDS (84)/select_--- Choose One ---BlueC'  using regular expression

2018-04-17 09:39:18 - [TEST_STEP][PASSED] - selectOptionByValue: All options with value 'commercialprovider' are selected in object 'Object Repository/Plans and Products/Page_PNDS (84)/select_--- Choose One ---BlueC'  using regular expression

2018-04-17 09:39:18 - [MESSAGE][PASSED] - All options with value 'commercialprovider' are selected in object 'Object Repository/Plans and Products/Page_PNDS (84)/select_--- Choose One ---BlueC'  using regular expression

2018-04-17 09:39:18 - [TEST_STEP][PASSED] - selectOptionByValue: All options with value 'indivpeddentallow,indivfamdental' are selected in object 'Object Repository/Plans and Products/Page_PNDS (84)/select_--- Choose One ---BlueC'  using regular expression

2018-04-17 09:39:19 - [MESSAGE][PASSED] - All options with value 'indivpeddentallow,indivfamdental' are selected in object 'Object Repository/Plans and Products/Page_PNDS (84)/select_--- Choose One ---BlueC'  using regular expression

2018-04-17 09:39:19 - [TEST_STEP][PASSED] - selectOptionByValue: All options with value 'shoppeddentallow,shopfamdental' are selected in object 'Object Repository/Plans and Products/Page_PNDS (84)/select_--- Choose One ---BlueC'  using regular expression

2018-04-17 09:39:20 - [MESSAGE][PASSED] - All options with value 'shoppeddentallow,shopfamdental' are selected in object 'Object Repository/Plans and Products/Page_PNDS (84)/select_--- Choose One ---BlueC'  using regular expression

2018-04-17 09:39:20 - [TEST_STEP][PASSED] - selectOptionByValue: All options with value 'shopstbronze,shopstbronze,shopstbronze,shopstbronze,shopstsilver,shopstsilver,shopstsilver,shopstsilver,shopstgold,shopstgold,shopstgold,shopstgold,shopstplatinum,shopstplatinum,shopstplatinum,shopstplatinum,shopstplatinum,shopstplatinum,shopstplatinum,shopstplatinum,shopstbronze,shopstbronze,shopstbronze,shopstbronze,shopstsilver,shopstsilver,shopstsilver,shopstsilver,shopstgold,shopstgold,shopstgold,shopstgold,shopstplatinum,shopstplatinum,shopstplatinum,shopstplatinum,shopstplatinum,shopstplatinum,shopstplatinum,shopstplatinum,skp_008' are selected in object 'Object Repository/Plans and Products/Page_PNDS (84)/select_--- Choose One ---BlueC'  using regular expression

2018-04-17 09:39:20 - [MESSAGE][PASSED] - All options with value 'shopstbronze,shopstbronze,shopstbronze,shopstbronze,shopstsilver,shopstsilver,shopstsilver,shopstsilver,shopstgold,shopstgold,shopstgold,shopstgold,shopstplatinum,shopstplatinum,shopstplatinum,shopstplatinum,shopstplatinum,shopstplatinum,shopstplatinum,shopstplatinum,shopstbronze,shopstbronze,shopstbronze,shopstbronze,shopstsilver,shopstsilver,shopstsilver,shopstsilver,shopstgold,shopstgold,shopstgold,shopstgold,shopstplatinum,shopstplatinum,shopstplatinum,shopstplatinum,shopstplatinum,shopstplatinum,shopstplatinum,shopstplatinum,skp_008' are selected in object 'Object Repository/Plans and Products/Page_PNDS (84)/select_--- Choose One ---BlueC'  using regular expression

2018-04-17 09:39:20 - [TEST_STEP][PASSED] - selectOptionByValue: All options with value 'indivstbronze,indivstbronze,indivchildonlybronze,indivstsilver,indivchildonlysilver,indivstgold,indivchildonlygold,indivstplatinum,indivchildonlyplatinum,indivnonstplatinum1,indivnonstplatinum1,indivnonstgold1,indivnonstgold1,indivnonstsilver1,indivnonstsilver1,indivstbronze,indivstbronze,indivstsilver,indivstgold,indivstplatinum' are selected in object 'Object Repository/Plans and Products/Page_PNDS (84)/select_--- Choose One ---BlueC'  using regular expression

2018-04-17 09:39:21 - [MESSAGE][PASSED] - All options with value 'indivstbronze,indivstbronze,indivchildonlybronze,indivstsilver,indivchildonlysilver,indivstgold,indivchildonlygold,indivstplatinum,indivchildonlyplatinum,indivnonstplatinum1,indivnonstplatinum1,indivnonstgold1,indivnonstgold1,indivnonstsilver1,indivnonstsilver1,indivstbronze,indivstbronze,indivstsilver,indivstgold,indivstplatinum' are selected in object 'Object Repository/Plans and Products/Page_PNDS (84)/select_--- Choose One ---BlueC'  using regular expression

2018-04-17 09:39:21 - [TEST_STEP][PASSED] - selectOptionByValue: All options with value '0147' are selected in object 'Object Repository/Plans and Products/Page_PNDS (84)/select_--- Choose one ---Aetna'  using regular expression

2018-04-17 09:39:23 - [MESSAGE][PASSED] - All options with value '0147' are selected in object 'Object Repository/Plans and Products/Page_PNDS (84)/select_--- Choose one ---Aetna'  using regular expression

2018-04-17 09:39:23 - [TEST_STEP][PASSED] - selectOptionByValue: All options with value 'commercialprovider' are selected in object 'Object Repository/Plans and Products/Page_PNDS (84)/select_--- Choose One ---Capit'  using regular expression

2018-04-17 09:39:23 - [MESSAGE][PASSED] - All options with value 'commercialprovider' are selected in object 'Object Repository/Plans and Products/Page_PNDS (84)/select_--- Choose One ---Capit'  using regular expression

2018-04-17 09:39:23 - [TEST_STEP][PASSED] - selectOptionByValue: All options with value 'chpprovider' are selected in object 'Object Repository/Plans and Products/Page_PNDS (84)/select_--- Choose One ---Capit'  using regular expression

2018-04-17 09:39:24 - [MESSAGE][PASSED] - All options with value 'chpprovider' are selected in object 'Object Repository/Plans and Products/Page_PNDS (84)/select_--- Choose One ---Capit'  using regular expression

2018-04-17 09:39:24 - [TEST_STEP][PASSED] - selectOptionByValue: All options with value 'nonmcomedical' are selected in object 'Object Repository/Plans and Products/Page_PNDS (84)/select_--- Choose One ---Capit'  using regular expression

2018-04-17 09:39:24 - [MESSAGE][PASSED] - All options with value 'nonmcomedical' are selected in object 'Object Repository/Plans and Products/Page_PNDS (84)/select_--- Choose One ---Capit'  using regular expression

2018-04-17 09:39:24 - [TEST_STEP][PASSED] - selectOptionByValue: All options with value 'harp' are selected in object 'Object Repository/Plans and Products/Page_PNDS (84)/select_--- Choose One ---Capit'  using regular expression

2018-04-17 09:39:25 - [MESSAGE][PASSED] - All options with value 'harp' are selected in object 'Object Repository/Plans and Products/Page_PNDS (84)/select_--- Choose One ---Capit'  using regular expression

2018-04-17 09:39:25 - [TEST_STEP][PASSED] - selectOptionByValue: All options with value 'indivnonstsilver1,indivnonstsilver1,indivnonstsilver2,indivnonstsilver2,indivnonstbronze1,indivnonstbronze1,indivcatastrophic,indivstplatinum,indivstgold,indivstsilver,indivstbronze,indivstplatinum,indivstgold,indivstsilver,indivstbronze,indivchildonlybronze,indivchildonlygold,indivchildonlyplatinum,indivchildonlysilver,indivnonstplatinum1,indivnonstplatinum1,indivnonstgold1,indivnonstgold1' are selected in object 'Object Repository/Plans and Products/Page_PNDS (84)/select_--- Choose One ---Capit'  using regular expression

2018-04-17 09:39:25 - [MESSAGE][PASSED] - All options with value 'indivnonstsilver1,indivnonstsilver1,indivnonstsilver2,indivnonstsilver2,indivnonstbronze1,indivnonstbronze1,indivcatastrophic,indivstplatinum,indivstgold,indivstsilver,indivstbronze,indivstplatinum,indivstgold,indivstsilver,indivstbronze,indivchildonlybronze,indivchildonlygold,indivchildonlyplatinum,indivchildonlysilver,indivnonstplatinum1,indivnonstplatinum1,indivnonstgold1,indivnonstgold1' are selected in object 'Object Repository/Plans and Products/Page_PNDS (84)/select_--- Choose One ---Capit'  using regular expression

2018-04-17 09:39:25 - [TEST_STEP][PASSED] - selectOptionByValue: All options with value 'medicaidprovider' are selected in object 'Object Repository/Plans and Products/Page_PNDS (84)/select_--- Choose One ---Capit'  using regular expression

2018-04-17 09:39:26 - [MESSAGE][PASSED] - All options with value 'medicaidprovider' are selected in object 'Object Repository/Plans and Products/Page_PNDS (84)/select_--- Choose One ---Capit'  using regular expression

2018-04-17 09:39:26 - [TEST_STEP][PASSED] - selectOptionByValue: All options with value '0016' are selected in object 'Object Repository/Plans and Products/Page_PNDS (84)/select_--- Choose one ---Aetna'  using regular expression

2018-04-17 09:39:28 - [MESSAGE][PASSED] - All options with value '0016' are selected in object 'Object Repository/Plans and Products/Page_PNDS (84)/select_--- Choose one ---Aetna'  using regular expression

2018-04-17 09:39:28 - [TEST_STEP][PASSED] - selectOptionByValue: All options with value 'pace' are selected in object 'Object Repository/Plans and Products/Page_PNDS (84)/select_--- Choose One ---Catho'  using regular expression

2018-04-17 09:39:28 - [MESSAGE][PASSED] - All options with value 'pace' are selected in object 'Object Repository/Plans and Products/Page_PNDS (84)/select_--- Choose One ---Catho'  using regular expression

2018-04-17 09:39:28 - [TEST_STEP][PASSED] - selectOptionByValue: All options with value '0020' are selected in object 'Object Repository/Plans and Products/Page_PNDS (84)/select_--- Choose one ---Aetna'  using regular expression

2018-04-17 09:39:30 - [MESSAGE][PASSED] - All options with value '0020' are selected in object 'Object Repository/Plans and Products/Page_PNDS (84)/select_--- Choose one ---Aetna'  using regular expression

2018-04-17 09:39:30 - [TEST_STEP][PASSED] - selectOptionByValue: All options with value 'pace' are selected in object 'Object Repository/Plans and Products/Page_PNDS (84)/select_--- Choose One ---Cente'  using regular expression

2018-04-17 09:39:30 - [MESSAGE][PASSED] - All options with value 'pace' are selected in object 'Object Repository/Plans and Products/Page_PNDS (84)/select_--- Choose One ---Cente'  using regular expression

2018-04-17 09:39:30 - [TEST_STEP][PASSED] - selectOptionByValue: All options with value '0096' are selected in object 'Object Repository/Plans and Products/Page_PNDS (84)/select_--- Choose one ---Aetna'  using regular expression

2018-04-17 09:39:32 - [MESSAGE][PASSED] - All options with value '0096' are selected in object 'Object Repository/Plans and Products/Page_PNDS (84)/select_--- Choose one ---Aetna'  using regular expression

2018-04-17 09:39:32 - [TEST_STEP][PASSED] - selectOptionByValue: All options with value 'fida' are selected in object 'Object Repository/Plans and Products/Page_PNDS (84)/select_--- Choose One ---Cente_1'  using regular expression

2018-04-17 09:39:33 - [MESSAGE][PASSED] - All options with value 'fida' are selected in object 'Object Repository/Plans and Products/Page_PNDS (84)/select_--- Choose One ---Cente_1'  using regular expression

2018-04-17 09:39:33 - [TEST_STEP][PASSED] - selectOptionByValue: All options with value 'partialcaps' are selected in object 'Object Repository/Plans and Products/Page_PNDS (84)/select_--- Choose One ---Cente_1'  using regular expression

2018-04-17 09:39:33 - [MESSAGE][PASSED] - All options with value 'partialcaps' are selected in object 'Object Repository/Plans and Products/Page_PNDS (84)/select_--- Choose One ---Cente_1'  using regular expression

2018-04-17 09:39:33 - [TEST_STEP][PASSED] - selectOptionByValue: All options with value '0157' are selected in object 'Object Repository/Plans and Products/Page_PNDS (84)/select_--- Choose one ---Aetna'  using regular expression

2018-04-17 09:39:35 - [MESSAGE][PASSED] - All options with value '0157' are selected in object 'Object Repository/Plans and Products/Page_PNDS (84)/select_--- Choose one ---Aetna'  using regular expression

2018-04-17 09:39:35 - [TEST_STEP][PASSED] - selectOptionByValue: All options with value 'nonmcodental' are selected in object 'Object Repository/Plans and Products/Page_PNDS (84)/select_--- Choose One ---Cigna'  using regular expression

2018-04-17 09:39:36 - [MESSAGE][PASSED] - All options with value 'nonmcodental' are selected in object 'Object Repository/Plans and Products/Page_PNDS (84)/select_--- Choose One ---Cigna'  using regular expression

2018-04-17 09:39:36 - [TEST_STEP][PASSED] - selectOptionByValue: All options with value 'nonmcovision' are selected in object 'Object Repository/Plans and Products/Page_PNDS (84)/select_--- Choose One ---Cigna'  using regular expression

2018-04-17 09:39:36 - [MESSAGE][PASSED] - All options with value 'nonmcovision' are selected in object 'Object Repository/Plans and Products/Page_PNDS (84)/select_--- Choose One ---Cigna'  using regular expression

2018-04-17 09:39:36 - [TEST_STEP][PASSED] - selectOptionByValue: All options with value 'nonmcodental,skp_002' are selected in object 'Object Repository/Plans and Products/Page_PNDS (84)/select_--- Choose One ---Cigna'  using regular expression

2018-04-17 09:39:37 - [MESSAGE][PASSED] - All options with value 'nonmcodental,skp_002' are selected in object 'Object Repository/Plans and Products/Page_PNDS (84)/select_--- Choose One ---Cigna'  using regular expression

2018-04-17 09:39:37 - [TEST_STEP][PASSED] - selectOptionByValue: All options with value 'nonmcomedical' are selected in object 'Object Repository/Plans and Products/Page_PNDS (84)/select_--- Choose One ---Cigna'  using regular expression

2018-04-17 09:39:37 - [MESSAGE][PASSED] - All options with value 'nonmcomedical' are selected in object 'Object Repository/Plans and Products/Page_PNDS (84)/select_--- Choose One ---Cigna'  using regular expression

2018-04-17 09:39:37 - [TEST_STEP][PASSED] - selectOptionByValue: All options with value 'nonmcomedical,skp_004' are selected in object 'Object Repository/Plans and Products/Page_PNDS (84)/select_--- Choose One ---Cigna'  using regular expression

2018-04-17 09:39:38 - [MESSAGE][PASSED] - All options with value 'nonmcomedical,skp_004' are selected in object 'Object Repository/Plans and Products/Page_PNDS (84)/select_--- Choose One ---Cigna'  using regular expression

2018-04-17 09:39:38 - [TEST_STEP][PASSED] - selectOptionByValue: All options with value 'nonmcomedical,skp_005' are selected in object 'Object Repository/Plans and Products/Page_PNDS (84)/select_--- Choose One ---Cigna'  using regular expression

2018-04-17 09:39:38 - [MESSAGE][PASSED] - All options with value 'nonmcomedical,skp_005' are selected in object 'Object Repository/Plans and Products/Page_PNDS (84)/select_--- Choose One ---Cigna'  using regular expression

2018-04-17 09:39:38 - [TEST_STEP][PASSED] - selectOptionByValue: All options with value '0021' are selected in object 'Object Repository/Plans and Products/Page_PNDS (84)/select_--- Choose one ---Aetna'  using regular expression

2018-04-17 09:39:40 - [MESSAGE][PASSED] - All options with value '0021' are selected in object 'Object Repository/Plans and Products/Page_PNDS (84)/select_--- Choose one ---Aetna'  using regular expression

2018-04-17 09:39:40 - [TEST_STEP][PASSED] - selectOptionByValue: All options with value 'nonmcomedical' are selected in object 'Object Repository/Plans and Products/Page_PNDS (84)/select_--- Choose One ---Comme'  using regular expression

2018-04-17 09:39:41 - [MESSAGE][PASSED] - All options with value 'nonmcomedical' are selected in object 'Object Repository/Plans and Products/Page_PNDS (84)/select_--- Choose One ---Comme'  using regular expression

2018-04-17 09:39:41 - [TEST_STEP][PASSED] - selectOptionByValue: All options with value 'nonmcomedical,skp_001' are selected in object 'Object Repository/Plans and Products/Page_PNDS (84)/select_--- Choose One ---Comme'  using regular expression

2018-04-17 09:39:41 - [MESSAGE][PASSED] - All options with value 'nonmcomedical,skp_001' are selected in object 'Object Repository/Plans and Products/Page_PNDS (84)/select_--- Choose One ---Comme'  using regular expression

2018-04-17 09:39:41 - [TEST_STEP][PASSED] - selectOptionByValue: All options with value 'nonmcomedical,skp_002' are selected in object 'Object Repository/Plans and Products/Page_PNDS (84)/select_--- Choose One ---Comme'  using regular expression

2018-04-17 09:39:42 - [MESSAGE][PASSED] - All options with value 'nonmcomedical,skp_002' are selected in object 'Object Repository/Plans and Products/Page_PNDS (84)/select_--- Choose One ---Comme'  using regular expression

2018-04-17 09:39:42 - [TEST_STEP][PASSED] - selectOptionByValue: All options with value '0022' are selected in object 'Object Repository/Plans and Products/Page_PNDS (84)/select_--- Choose one ---Aetna'  using regular expression

2018-04-17 09:39:44 - [MESSAGE][PASSED] - All options with value '0022' are selected in object 'Object Repository/Plans and Products/Page_PNDS (84)/select_--- Choose one ---Aetna'  using regular expression

2018-04-17 09:39:44 - [TEST_STEP][PASSED] - selectOptionByValue: All options with value 'pace' are selected in object 'Object Repository/Plans and Products/Page_PNDS (84)/select_--- Choose One ---Compl'  using regular expression

2018-04-17 09:39:44 - [MESSAGE][PASSED] - All options with value 'pace' are selected in object 'Object Repository/Plans and Products/Page_PNDS (84)/select_--- Choose One ---Compl'  using regular expression

2018-04-17 09:39:44 - [TEST_STEP][PASSED] - selectOptionByValue: All options with value '0168' are selected in object 'Object Repository/Plans and Products/Page_PNDS (84)/select_--- Choose one ---Aetna'  using regular expression

2018-04-17 09:39:46 - [MESSAGE][PASSED] - All options with value '0168' are selected in object 'Object Repository/Plans and Products/Page_PNDS (84)/select_--- Choose one ---Aetna'  using regular expression

2018-04-17 09:39:46 - [TEST_STEP][PASSED] - selectOptionByValue: All options with value 'nonmcomedical' are selected in object 'Object Repository/Plans and Products/Page_PNDS (84)/select_--- Choose One ---Conso'  using regular expression

2018-04-17 09:39:46 - [MESSAGE][PASSED] - All options with value 'nonmcomedical' are selected in object 'Object Repository/Plans and Products/Page_PNDS (84)/select_--- Choose One ---Conso'  using regular expression

2018-04-17 09:39:46 - [TEST_STEP][PASSED] - selectOptionByValue: All options with value 'nonmcomedical,skp_001' are selected in object 'Object Repository/Plans and Products/Page_PNDS (84)/select_--- Choose One ---Conso'  using regular expression

2018-04-17 09:39:47 - [MESSAGE][PASSED] - All options with value 'nonmcomedical,skp_001' are selected in object 'Object Repository/Plans and Products/Page_PNDS (84)/select_--- Choose One ---Conso'  using regular expression

2018-04-17 09:39:47 - [TEST_STEP][PASSED] - selectOptionByValue: All options with value 'nonmcomedical,skp_002' are selected in object 'Object Repository/Plans and Products/Page_PNDS (84)/select_--- Choose One ---Conso'  using regular expression

2018-04-17 09:39:47 - [MESSAGE][PASSED] - All options with value 'nonmcomedical,skp_002' are selected in object 'Object Repository/Plans and Products/Page_PNDS (84)/select_--- Choose One ---Conso'  using regular expression

2018-04-17 09:39:47 - [TEST_STEP][PASSED] - selectOptionByValue: All options with value '0023' are selected in object 'Object Repository/Plans and Products/Page_PNDS (84)/select_--- Choose one ---Aetna'  using regular expression

2018-04-17 09:39:49 - [MESSAGE][PASSED] - All options with value '0023' are selected in object 'Object Repository/Plans and Products/Page_PNDS (84)/select_--- Choose one ---Aetna'  using regular expression

2018-04-17 09:39:49 - [TEST_STEP][PASSED] - selectOptionByValue: All options with value 'commercialprovider' are selected in object 'Object Repository/Plans and Products/Page_PNDS (84)/select_--- Choose One ---Cryst'  using regular expression

2018-04-17 09:39:50 - [MESSAGE][PASSED] - All options with value 'commercialprovider' are selected in object 'Object Repository/Plans and Products/Page_PNDS (84)/select_--- Choose One ---Cryst'  using regular expression

2018-04-17 09:39:50 - [TEST_STEP][PASSED] - selectOptionByValue: All options with value 'bhp,bhpplus' are selected in object 'Object Repository/Plans and Products/Page_PNDS (84)/select_--- Choose One ---Cryst'  using regular expression

2018-04-17 09:39:50 - [MESSAGE][PASSED] - All options with value 'bhp,bhpplus' are selected in object 'Object Repository/Plans and Products/Page_PNDS (84)/select_--- Choose One ---Cryst'  using regular expression

2018-04-17 09:39:50 - [TEST_STEP][PASSED] - selectOptionByValue: All options with value 'medicaidprovider' are selected in object 'Object Repository/Plans and Products/Page_PNDS (84)/select_--- Choose One ---Cryst'  using regular expression

2018-04-17 09:39:51 - [MESSAGE][PASSED] - All options with value 'medicaidprovider' are selected in object 'Object Repository/Plans and Products/Page_PNDS (84)/select_--- Choose One ---Cryst'  using regular expression

2018-04-17 09:39:51 - [TEST_STEP][PASSED] - selectOptionByValue: All options with value '0159' are selected in object 'Object Repository/Plans and Products/Page_PNDS (84)/select_--- Choose one ---Aetna'  using regular expression

2018-04-17 09:39:53 - [MESSAGE][PASSED] - All options with value '0159' are selected in object 'Object Repository/Plans and Products/Page_PNDS (84)/select_--- Choose one ---Aetna'  using regular expression

2018-04-17 09:39:53 - [TEST_STEP][PASSED] - selectOptionByValue: All options with value 'nonmcomedical' are selected in object 'Object Repository/Plans and Products/Page_PNDS (84)/select_--- Choose One ---Delaw'  using regular expression

2018-04-17 09:39:53 - [MESSAGE][PASSED] - All options with value 'nonmcomedical' are selected in object 'Object Repository/Plans and Products/Page_PNDS (84)/select_--- Choose One ---Delaw'  using regular expression

2018-04-17 09:39:53 - [TEST_STEP][PASSED] - selectOptionByValue: All options with value 'nonmcomedical,skp_001' are selected in object 'Object Repository/Plans and Products/Page_PNDS (84)/select_--- Choose One ---Delaw'  using regular expression

2018-04-17 09:39:53 - [MESSAGE][PASSED] - All options with value 'nonmcomedical,skp_001' are selected in object 'Object Repository/Plans and Products/Page_PNDS (84)/select_--- Choose One ---Delaw'  using regular expression

2018-04-17 09:39:53 - [TEST_STEP][PASSED] - selectOptionByValue: All options with value 'nonmcomedical,skp_002' are selected in object 'Object Repository/Plans and Products/Page_PNDS (84)/select_--- Choose One ---Delaw'  using regular expression

2018-04-17 09:39:54 - [MESSAGE][PASSED] - All options with value 'nonmcomedical,skp_002' are selected in object 'Object Repository/Plans and Products/Page_PNDS (84)/select_--- Choose One ---Delaw'  using regular expression

2018-04-17 09:39:54 - [TEST_STEP][PASSED] - selectOptionByValue: All options with value 'nonmcomedical,skp_003' are selected in object 'Object Repository/Plans and Products/Page_PNDS (84)/select_--- Choose One ---Delaw'  using regular expression

2018-04-17 09:39:54 - [MESSAGE][PASSED] - All options with value 'nonmcomedical,skp_003' are selected in object 'Object Repository/Plans and Products/Page_PNDS (84)/select_--- Choose One ---Delaw'  using regular expression

2018-04-17 09:39:54 - [TEST_STEP][PASSED] - selectOptionByValue: All options with value '0024' are selected in object 'Object Repository/Plans and Products/Page_PNDS (84)/select_--- Choose one ---Aetna'  using regular expression

2018-04-17 09:39:56 - [MESSAGE][PASSED] - All options with value '0024' are selected in object 'Object Repository/Plans and Products/Page_PNDS (84)/select_--- Choose one ---Aetna'  using regular expression

2018-04-17 09:39:56 - [TEST_STEP][PASSED] - selectOptionByValue: All options with value 'indivpeddentalhigh,indivadultdental' are selected in object 'Object Repository/Plans and Products/Page_PNDS (84)/select_--- Choose One ---Delta'  using regular expression

2018-04-17 09:39:57 - [MESSAGE][PASSED] - All options with value 'indivpeddentalhigh,indivadultdental' are selected in object 'Object Repository/Plans and Products/Page_PNDS (84)/select_--- Choose One ---Delta'  using regular expression

2018-04-17 09:39:57 - [TEST_STEP][PASSED] - selectOptionByValue: All options with value 'indivfamdental' are selected in object 'Object Repository/Plans and Products/Page_PNDS (84)/select_--- Choose One ---Delta'  using regular expression

2018-04-17 09:39:57 - [MESSAGE][PASSED] - All options with value 'indivfamdental' are selected in object 'Object Repository/Plans and Products/Page_PNDS (84)/select_--- Choose One ---Delta'  using regular expression

2018-04-17 09:39:57 - [TEST_STEP][PASSED] - selectOptionByValue: All options with value 'shopfamdental' are selected in object 'Object Repository/Plans and Products/Page_PNDS (84)/select_--- Choose One ---Delta'  using regular expression

2018-04-17 09:39:58 - [MESSAGE][PASSED] - All options with value 'shopfamdental' are selected in object 'Object Repository/Plans and Products/Page_PNDS (84)/select_--- Choose One ---Delta'  using regular expression

2018-04-17 09:39:58 - [TEST_STEP][PASSED] - selectOptionByValue: All options with value 'shoppeddentalhigh,shopadultdental' are selected in object 'Object Repository/Plans and Products/Page_PNDS (84)/select_--- Choose One ---Delta'  using regular expression

2018-04-17 09:39:58 - [MESSAGE][PASSED] - All options with value 'shoppeddentalhigh,shopadultdental' are selected in object 'Object Repository/Plans and Products/Page_PNDS (84)/select_--- Choose One ---Delta'  using regular expression

2018-04-17 09:39:58 - [TEST_STEP][PASSED] - selectOptionByValue: All options with value 'nonmcodental' are selected in object 'Object Repository/Plans and Products/Page_PNDS (84)/select_--- Choose One ---Delta'  using regular expression

2018-04-17 09:39:59 - [MESSAGE][PASSED] - All options with value 'nonmcodental' are selected in object 'Object Repository/Plans and Products/Page_PNDS (84)/select_--- Choose One ---Delta'  using regular expression

2018-04-17 09:39:59 - [TEST_STEP][PASSED] - selectOptionByValue: All options with value '0164' are selected in object 'Object Repository/Plans and Products/Page_PNDS (84)/select_--- Choose one ---Aetna'  using regular expression

2018-04-17 09:40:01 - [MESSAGE][PASSED] - All options with value '0164' are selected in object 'Object Repository/Plans and Products/Page_PNDS (84)/select_--- Choose one ---Aetna'  using regular expression

2018-04-17 09:40:01 - [TEST_STEP][PASSED] - selectOptionByValue: All options with value 'nonmcodental' are selected in object 'Object Repository/Plans and Products/Page_PNDS (84)/select_--- Choose One ---Denta'  using regular expression

2018-04-17 09:40:01 - [MESSAGE][PASSED] - All options with value 'nonmcodental' are selected in object 'Object Repository/Plans and Products/Page_PNDS (84)/select_--- Choose One ---Denta'  using regular expression

2018-04-17 09:40:01 - [TEST_STEP][PASSED] - selectOptionByValue: All options with value '0025' are selected in object 'Object Repository/Plans and Products/Page_PNDS (84)/select_--- Choose one ---Aetna'  using regular expression

2018-04-17 09:40:03 - [MESSAGE][PASSED] - All options with value '0025' are selected in object 'Object Repository/Plans and Products/Page_PNDS (84)/select_--- Choose one ---Aetna'  using regular expression

2018-04-17 09:40:03 - [TEST_STEP][PASSED] - selectOptionByValue: All options with value 'indivpeddentalhigh,indivpeddentallow,indivadultdental,indivfamdental' are selected in object 'Object Repository/Plans and Products/Page_PNDS (84)/select_--- Choose One ---Dentc'  using regular expression

2018-04-17 09:40:04 - [MESSAGE][PASSED] - All options with value 'indivpeddentalhigh,indivpeddentallow,indivadultdental,indivfamdental' are selected in object 'Object Repository/Plans and Products/Page_PNDS (84)/select_--- Choose One ---Dentc'  using regular expression

2018-04-17 09:40:04 - [TEST_STEP][PASSED] - selectOptionByValue: All options with value 'shoppeddentalhigh,shoppeddentallow,shopadultdental,shopfamdental' are selected in object 'Object Repository/Plans and Products/Page_PNDS (84)/select_--- Choose One ---Dentc'  using regular expression

2018-04-17 09:40:04 - [MESSAGE][PASSED] - All options with value 'shoppeddentalhigh,shoppeddentallow,shopadultdental,shopfamdental' are selected in object 'Object Repository/Plans and Products/Page_PNDS (84)/select_--- Choose One ---Dentc'  using regular expression

2018-04-17 09:40:04 - [TEST_STEP][PASSED] - selectOptionByValue: All options with value '0026' are selected in object 'Object Repository/Plans and Products/Page_PNDS (84)/select_--- Choose one ---Aetna'  using regular expression

2018-04-17 09:40:06 - [MESSAGE][PASSED] - All options with value '0026' are selected in object 'Object Repository/Plans and Products/Page_PNDS (84)/select_--- Choose one ---Aetna'  using regular expression

2018-04-17 09:40:06 - [TEST_STEP][PASSED] - selectOptionByValue: All options with value 'indivpeddentallow,indivadultdental' are selected in object 'Object Repository/Plans and Products/Page_PNDS (84)/select_--- Choose One ---Dente'  using regular expression

2018-04-17 09:40:06 - [MESSAGE][PASSED] - All options with value 'indivpeddentallow,indivadultdental' are selected in object 'Object Repository/Plans and Products/Page_PNDS (84)/select_--- Choose One ---Dente'  using regular expression

2018-04-17 09:40:06 - [TEST_STEP][PASSED] - selectOptionByValue: All options with value '0027' are selected in object 'Object Repository/Plans and Products/Page_PNDS (84)/select_--- Choose one ---Aetna'  using regular expression

2018-04-17 09:40:08 - [MESSAGE][PASSED] - All options with value '0027' are selected in object 'Object Repository/Plans and Products/Page_PNDS (84)/select_--- Choose one ---Aetna'  using regular expression

2018-04-17 09:40:08 - [TEST_STEP][PASSED] - selectOptionByValue: All options with value 'nonmcovision' are selected in object 'Object Repository/Plans and Products/Page_PNDS (84)/select_--- Choose One ---Easte'  using regular expression

2018-04-17 09:40:09 - [MESSAGE][PASSED] - All options with value 'nonmcovision' are selected in object 'Object Repository/Plans and Products/Page_PNDS (84)/select_--- Choose One ---Easte'  using regular expression

2018-04-17 09:40:09 - [TEST_STEP][PASSED] - selectOptionByValue: All options with value 'nonmcovision,skp_001' are selected in object 'Object Repository/Plans and Products/Page_PNDS (84)/select_--- Choose One ---Easte'  using regular expression

2018-04-17 09:40:09 - [MESSAGE][PASSED] - All options with value 'nonmcovision,skp_001' are selected in object 'Object Repository/Plans and Products/Page_PNDS (84)/select_--- Choose One ---Easte'  using regular expression

2018-04-17 09:40:09 - [TEST_STEP][PASSED] - selectOptionByValue: All options with value '0028' are selected in object 'Object Repository/Plans and Products/Page_PNDS (84)/select_--- Choose one ---Aetna'  using regular expression

2018-04-17 09:40:11 - [MESSAGE][PASSED] - All options with value '0028' are selected in object 'Object Repository/Plans and Products/Page_PNDS (84)/select_--- Choose one ---Aetna'  using regular expression

2018-04-17 09:40:11 - [TEST_STEP][PASSED] - selectOptionByValue: All options with value 'pace' are selected in object 'Object Repository/Plans and Products/Page_PNDS (84)/select_--- Choose One ---Eddy'  using regular expression

2018-04-17 09:40:12 - [MESSAGE][PASSED] - All options with value 'pace' are selected in object 'Object Repository/Plans and Products/Page_PNDS (84)/select_--- Choose One ---Eddy'  using regular expression

2018-04-17 09:40:12 - [TEST_STEP][PASSED] - selectOptionByValue: All options with value '0029' are selected in object 'Object Repository/Plans and Products/Page_PNDS (84)/select_--- Choose one ---Aetna'  using regular expression

2018-04-17 09:40:13 - [MESSAGE][PASSED] - All options with value '0029' are selected in object 'Object Repository/Plans and Products/Page_PNDS (84)/select_--- Choose one ---Aetna'  using regular expression

2018-04-17 09:40:13 - [TEST_STEP][PASSED] - selectOptionByValue: All options with value 'partialcaps' are selected in object 'Object Repository/Plans and Products/Page_PNDS (84)/select_--- Choose One ---Elant'  using regular expression

2018-04-17 09:40:14 - [MESSAGE][PASSED] - All options with value 'partialcaps' are selected in object 'Object Repository/Plans and Products/Page_PNDS (84)/select_--- Choose One ---Elant'  using regular expression

2018-04-17 09:40:14 - [TEST_STEP][PASSED] - selectOptionByValue: All options with value '0030' are selected in object 'Object Repository/Plans and Products/Page_PNDS (84)/select_--- Choose one ---Aetna'  using regular expression

2018-04-17 09:40:16 - [MESSAGE][PASSED] - All options with value '0030' are selected in object 'Object Repository/Plans and Products/Page_PNDS (84)/select_--- Choose one ---Aetna'  using regular expression

2018-04-17 09:40:16 - [TEST_STEP][PASSED] - selectOptionByValue: All options with value 'fida' are selected in object 'Object Repository/Plans and Products/Page_PNDS (84)/select_--- Choose One ---Elder'  using regular expression

2018-04-17 09:40:16 - [MESSAGE][PASSED] - All options with value 'fida' are selected in object 'Object Repository/Plans and Products/Page_PNDS (84)/select_--- Choose One ---Elder'  using regular expression

2018-04-17 09:40:16 - [TEST_STEP][PASSED] - selectOptionByValue: All options with value 'partialcaps' are selected in object 'Object Repository/Plans and Products/Page_PNDS (84)/select_--- Choose One ---Elder'  using regular expression

2018-04-17 09:40:17 - [MESSAGE][PASSED] - All options with value 'partialcaps' are selected in object 'Object Repository/Plans and Products/Page_PNDS (84)/select_--- Choose One ---Elder'  using regular expression

2018-04-17 09:40:17 - [TEST_STEP][PASSED] - selectOptionByValue: All options with value 'map' are selected in object 'Object Repository/Plans and Products/Page_PNDS (84)/select_--- Choose One ---Elder'  using regular expression

2018-04-17 09:40:17 - [MESSAGE][PASSED] - All options with value 'map' are selected in object 'Object Repository/Plans and Products/Page_PNDS (84)/select_--- Choose One ---Elder'  using regular expression

2018-04-17 09:40:17 - [TEST_STEP][PASSED] - selectOptionByValue: All options with value '0031' are selected in object 'Object Repository/Plans and Products/Page_PNDS (84)/select_--- Choose one ---Aetna'  using regular expression

2018-04-17 09:40:19 - [MESSAGE][PASSED] - All options with value '0031' are selected in object 'Object Repository/Plans and Products/Page_PNDS (84)/select_--- Choose one ---Aetna'  using regular expression

2018-04-17 09:40:19 - [TEST_STEP][PASSED] - selectOptionByValue: All options with value 'fida' are selected in object 'Object Repository/Plans and Products/Page_PNDS (84)/select_--- Choose One ---Elder_1'  using regular expression

2018-04-17 09:40:19 - [MESSAGE][PASSED] - All options with value 'fida' are selected in object 'Object Repository/Plans and Products/Page_PNDS (84)/select_--- Choose One ---Elder_1'  using regular expression

2018-04-17 09:40:19 - [TEST_STEP][PASSED] - selectOptionByValue: All options with value 'partialcaps' are selected in object 'Object Repository/Plans and Products/Page_PNDS (84)/select_--- Choose One ---Elder_1'  using regular expression

2018-04-17 09:40:20 - [MESSAGE][PASSED] - All options with value 'partialcaps' are selected in object 'Object Repository/Plans and Products/Page_PNDS (84)/select_--- Choose One ---Elder_1'  using regular expression

2018-04-17 09:40:20 - [TEST_STEP][PASSED] - selectOptionByValue: All options with value '0050' are selected in object 'Object Repository/Plans and Products/Page_PNDS (84)/select_--- Choose one ---Aetna'  using regular expression

2018-04-17 09:40:21 - [MESSAGE][PASSED] - All options with value '0050' are selected in object 'Object Repository/Plans and Products/Page_PNDS (84)/select_--- Choose one ---Aetna'  using regular expression

2018-04-17 09:40:21 - [TEST_STEP][PASSED] - selectOptionByValue: All options with value 'chpprovider' are selected in object 'Object Repository/Plans and Products/Page_PNDS (84)/select_--- Choose One ---Emble'  using regular expression

2018-04-17 09:40:22 - [MESSAGE][PASSED] - All options with value 'chpprovider' are selected in object 'Object Repository/Plans and Products/Page_PNDS (84)/select_--- Choose One ---Emble'  using regular expression

2018-04-17 09:40:22 - [TEST_STEP][FAILED] - selectOptionByValue: Unable to select option by value '--- Choose One ---' of object 'Object Repository/Plans and Products/Page_PNDS (84)/select_--- Choose One ---Emble'  using regular expression (Root cause: No option matched.)

2018-04-17 09:40:22 - [MESSAGE][FAILED] - No option matched.

2018-04-17 09:40:22 - [MESSAGE][FAILED] - Unable to select option by value '--- Choose One ---' of object 'Object Repository/Plans and Products/Page_PNDS (84)/select_--- Choose One ---Emble'  using regular expression (Root cause: No option matched.)
[[ATTACHMENT|C:\\Users\\shawn\\Katalon Studio\\PNDS\\Reports\\Health Plans and their Products\\20180417_092326\\1523972422655.png]]]]></system-out>
         <system-err><![CDATA[2018-04-17 09:38:35 - [TEST_CASE][FAILED] - Test Cases/Health Plans and their Products/1 All Plans and Products: Test Cases/Health Plans and their Products/1 All Plans and Products FAILED because (of) Unable to select option by value '--- Choose One ---' of object 'Object Repository/Plans and Products/Page_PNDS (84)/select_--- Choose One ---Emble'  using regular expression (Root cause: No option matched.)]]></system-err>
      </testcase>
      <system-out><![CDATA[2018-04-17 09:23:28 - [TEST_SUITE][FAILED] - Health Plans and their Products: Test Cases/Health Plans and their Products/1 All Plans and Products FAILED because (of) Unable to select option by value '--- Choose One ---' of object 'Object Repository/Plans and Products/Page_PNDS (84)/select_--- Choose One ---Emble'  using regular expression (Root cause: No option matched.)]]></system-out>
      <system-err><![CDATA[2018-04-17 09:23:28 - [TEST_SUITE][FAILED] - Health Plans and their Products: Test Cases/Health Plans and their Products/1 All Plans and Products FAILED because (of) Unable to select option by value '--- Choose One ---' of object 'Object Repository/Plans and Products/Page_PNDS (84)/select_--- Choose One ---Emble'  using regular expression (Root cause: No option matched.)]]></system-err>
   </testsuite>
</testsuites>
