<?xml version="1.0" encoding="UTF-8"?>
<testsuites name="Print Pages" time="55" tests="3" failures="0" errors="0">
   <testsuite name="Print Pages" tests="3" failures="0" errors="0" time="55" timestamp="2018-04-18 11:03:53" hostname="shawn - DESKTOP-VC1MT75" id="Test Suites/Print Pages">
      <properties>
         <property name="deviceName" value=""/>
         <property name="devicePlatform" value=""/>
         <property name="logFolder" value="C:\\Users\\shawn\\Katalon Studio\\PNDS\\Reports\\Print Pages\\20180418_110349"/>
         <property name="logFiles" value="C:\\Users\\shawn\\Katalon Studio\\PNDS\\Reports\\Print Pages\\20180418_110349\\execution0.log"/>
         <property name="attachments" value=""/>
         <property name="hostName" value="shawn - DESKTOP-VC1MT75"/>
         <property name="os" value="Windows 10 64bit"/>
         <property name="katalonVersion" value="5.4.0.1"/>
         <property name="browser" value="Firefox 59.0"/>
         <property name="hostAddress" value="192.168.0.169"/>
         <property name="sessionId" value="bc84b1ad-bfde-443c-ae44-e0948fb7db23"/>
         <property name="seleniumVersion" value="3.7.1"/>
         <property name="proxyInformation" value="ProxyInformation{proxyOption=NO_PROXY, proxyServerType=HTTP, password=, proxyServerAddress=, proxyServerPort=0}"/>
         <property name="platform" value="Windows 10"/>
      </properties>
      <testcase name="Test Cases/Print Pages/Aetna" classname="Test Cases/Print Pages/Aetna" status="PASSED">
         <system-out><![CDATA[2018-04-18 11:03:54 - [TEST_CASE][PASSED] - Test Cases/Print Pages/Aetna: Test Cases/Print Pages/Aetna

2018-04-18 11:03:55 - [TEST_STEP][PASSED] - openBrowser: Browser is opened with url: ''

2018-04-18 11:04:03 - [MESSAGE][PASSED] - Browser is opened with url: ''

2018-04-18 11:04:03 - [TEST_STEP][PASSED] - navigateToUrl: Navigate to 'https://pndslookup-prod.ipro.org/' successfully

2018-04-18 11:04:05 - [MESSAGE][PASSED] - Navigate to 'https://pndslookup-prod.ipro.org/' successfully

2018-04-18 11:04:05 - [TEST_STEP][PASSED] - click: Object: 'Object Repository/Print Page/Page_PNDS (6)/a_Search by Health Plan' is clicked on

2018-04-18 11:04:05 - [MESSAGE][PASSED] - Object: 'Object Repository/Print Page/Page_PNDS (6)/a_Search by Health Plan' is clicked on

2018-04-18 11:04:05 - [TEST_STEP][PASSED] - selectOptionByValue: All options with value '0001' are selected in object 'Object Repository/Print Page/Page_PNDS (6)/select_--- Choose one ---Aetna'  using regular expression

2018-04-18 11:04:08 - [MESSAGE][PASSED] - All options with value '0001' are selected in object 'Object Repository/Print Page/Page_PNDS (6)/select_--- Choose one ---Aetna'  using regular expression

2018-04-18 11:04:08 - [TEST_STEP][PASSED] - click: Object: 'Object Repository/Print Page/Page_PNDS (6)/button_Search' is clicked on

2018-04-18 11:04:09 - [MESSAGE][PASSED] - Object: 'Object Repository/Print Page/Page_PNDS (6)/button_Search' is clicked on

2018-04-18 11:04:09 - [TEST_STEP][PASSED] - click: Object: 'Object Repository/Print Page/Page_PNDS (6)/span_Print these results' is clicked on

2018-04-18 11:04:10 - [MESSAGE][PASSED] - Object: 'Object Repository/Print Page/Page_PNDS (6)/span_Print these results' is clicked on

2018-04-18 11:04:10 - [TEST_STEP][PASSED] - click: Object: 'Object Repository/Print Page/Page_PNDS (6)/td_Information submitted to NY' is clicked on

2018-04-18 11:04:10 - [MESSAGE][PASSED] - Object: 'Object Repository/Print Page/Page_PNDS (6)/td_Information submitted to NY' is clicked on

2018-04-18 11:04:10 - [TEST_STEP][PASSED] - closeBrowser: Browser is closed

2018-04-18 11:04:10 - [MESSAGE][PASSED] - Browser is closed]]></system-out>
         <system-err><![CDATA[]]></system-err>
      </testcase>
      <testcase name="Test Cases/Print Pages/Capital District" classname="Test Cases/Print Pages/Capital District" status="PASSED">
         <system-out><![CDATA[2018-04-18 11:04:10 - [TEST_CASE][PASSED] - Test Cases/Print Pages/Capital District: Test Cases/Print Pages/Capital District

2018-04-18 11:04:10 - [TEST_STEP][PASSED] - openBrowser: Browser is opened with url: ''

2018-04-18 11:04:14 - [MESSAGE][PASSED] - Browser is opened with url: ''

2018-04-18 11:04:14 - [TEST_STEP][PASSED] - navigateToUrl: Navigate to 'https://pndslookup-prod.ipro.org/' successfully

2018-04-18 11:04:15 - [MESSAGE][PASSED] - Navigate to 'https://pndslookup-prod.ipro.org/' successfully

2018-04-18 11:04:15 - [TEST_STEP][PASSED] - click: Object: 'Object Repository/Print Page/Page_PNDS (7)/a_Search by Health Plan' is clicked on

2018-04-18 11:04:15 - [MESSAGE][PASSED] - Object: 'Object Repository/Print Page/Page_PNDS (7)/a_Search by Health Plan' is clicked on

2018-04-18 11:04:15 - [TEST_STEP][PASSED] - selectOptionByValue: All options with value '0147' are selected in object 'Object Repository/Print Page/Page_PNDS (7)/select_--- Choose one ---Aetna'  using regular expression

2018-04-18 11:04:18 - [MESSAGE][PASSED] - All options with value '0147' are selected in object 'Object Repository/Print Page/Page_PNDS (7)/select_--- Choose one ---Aetna'  using regular expression

2018-04-18 11:04:18 - [TEST_STEP][PASSED] - click: Object: 'Object Repository/Print Page/Page_PNDS (7)/button_Search' is clicked on

2018-04-18 11:04:23 - [MESSAGE][PASSED] - Object: 'Object Repository/Print Page/Page_PNDS (7)/button_Search' is clicked on

2018-04-18 11:04:23 - [TEST_STEP][PASSED] - click: Object: 'Object Repository/Print Page/Page_PNDS (7)/span_Print these results' is clicked on

2018-04-18 11:04:39 - [MESSAGE][PASSED] - Object: 'Object Repository/Print Page/Page_PNDS (7)/span_Print these results' is clicked on

2018-04-18 11:04:39 - [TEST_STEP][PASSED] - click: Object: 'Object Repository/Print Page/Page_PNDS (7)/td_Information submitted to NY' is clicked on

2018-04-18 11:04:39 - [MESSAGE][PASSED] - Object: 'Object Repository/Print Page/Page_PNDS (7)/td_Information submitted to NY' is clicked on

2018-04-18 11:04:39 - [TEST_STEP][PASSED] - closeBrowser: Browser is closed

2018-04-18 11:04:39 - [MESSAGE][PASSED] - Browser is closed]]></system-out>
         <system-err><![CDATA[]]></system-err>
      </testcase>
      <testcase name="Test Cases/Print Pages/Cigna" classname="Test Cases/Print Pages/Cigna" status="PASSED">
         <system-out><![CDATA[2018-04-18 11:04:39 - [TEST_CASE][PASSED] - Test Cases/Print Pages/Cigna: Test Cases/Print Pages/Cigna

2018-04-18 11:04:40 - [TEST_STEP][PASSED] - openBrowser: Browser is opened with url: ''

2018-04-18 11:04:43 - [MESSAGE][PASSED] - Browser is opened with url: ''

2018-04-18 11:04:43 - [TEST_STEP][PASSED] - navigateToUrl: Navigate to 'https://pndslookup-prod.ipro.org/' successfully

2018-04-18 11:04:44 - [MESSAGE][PASSED] - Navigate to 'https://pndslookup-prod.ipro.org/' successfully

2018-04-18 11:04:44 - [TEST_STEP][PASSED] - click: Object: 'Object Repository/Print Page/Page_PNDS (8)/a_Search by Health Plan' is clicked on

2018-04-18 11:04:44 - [MESSAGE][PASSED] - Object: 'Object Repository/Print Page/Page_PNDS (8)/a_Search by Health Plan' is clicked on

2018-04-18 11:04:44 - [TEST_STEP][PASSED] - selectOptionByValue: All options with value '0157' are selected in object 'Object Repository/Print Page/Page_PNDS (8)/select_--- Choose one ---Aetna'  using regular expression

2018-04-18 11:04:46 - [MESSAGE][PASSED] - All options with value '0157' are selected in object 'Object Repository/Print Page/Page_PNDS (8)/select_--- Choose one ---Aetna'  using regular expression

2018-04-18 11:04:46 - [TEST_STEP][PASSED] - click: Object: 'Object Repository/Print Page/Page_PNDS (8)/button_Search' is clicked on

2018-04-18 11:04:47 - [MESSAGE][PASSED] - Object: 'Object Repository/Print Page/Page_PNDS (8)/button_Search' is clicked on

2018-04-18 11:04:47 - [TEST_STEP][PASSED] - click: Object: 'Object Repository/Print Page/Page_PNDS (8)/span_Print these results' is clicked on

2018-04-18 11:04:47 - [MESSAGE][PASSED] - Object: 'Object Repository/Print Page/Page_PNDS (8)/span_Print these results' is clicked on

2018-04-18 11:04:47 - [TEST_STEP][PASSED] - click: Object: 'Object Repository/Print Page/Page_PNDS (8)/td_Information submitted to NY' is clicked on

2018-04-18 11:04:48 - [MESSAGE][PASSED] - Object: 'Object Repository/Print Page/Page_PNDS (8)/td_Information submitted to NY' is clicked on

2018-04-18 11:04:48 - [TEST_STEP][PASSED] - closeBrowser: Browser is closed

2018-04-18 11:04:48 - [MESSAGE][PASSED] - Browser is closed]]></system-out>
         <system-err><![CDATA[]]></system-err>
      </testcase>
      <system-out><![CDATA[2018-04-18 11:03:53 - [TEST_SUITE][PASSED] - Print Pages: Test Cases/Print Pages/Cigna]]></system-out>
      <system-err><![CDATA[]]></system-err>
   </testsuite>
</testsuites>
